2025-12-24 14:00:27.825 [INF] CTI Bridge 서비스 시작 중...
2025-12-24 14:00:27.881 [INF] 설정 파일에서 URL 로드: https://d-care-console.vercel.app
2025-12-24 14:00:27.887 [INF] CTI Bridge 서비스 실행 시작
2025-12-24 14:00:27.890 [INF] SK CTI API 초기화 중...
2025-12-24 14:00:27.929 [INF] CTI 초기화 성공
2025-12-24 14:00:27.933 [INF] Application started. Hosting environment: Production; Content root path: D:\outbound-management 250728 - 백업(여기로돌아오기) - 복사본\d-care-console\CTIBridge\publish\
2025-12-24 14:00:28.147 [INF] 서버 연결됨
2025-12-24 14:01:28.294 [INF] 로그인 2차 재시도...
2025-12-24 14:01:30.017 [INF] 로그인 완료
2025-12-24 14:01:35.275 [INF] CTI 로그인 성공
2025-12-24 14:03:06.698 [INF] 📴 통화 종료: 01067522304
2025-12-24 14:10:30.871 [INF] 📞 전화 수신: 01049024464 → 0315672278
2025-12-24 14:10:39.339 [INF] 📱 통화 연결: 01049024464
2025-12-24 14:10:55.215 [INF] 📴 통화 종료: 01049024464
2025-12-24 14:13:00.430 [INF] 📴 통화 종료: 01098657505
2025-12-24 14:13:36.165 [INF] ❌ 부재중: 0315672278
2025-12-24 14:22:18.234 [INF] 📴 통화 종료: 01089441231
2025-12-24 14:22:18.443 [INF] ❌ 부재중: 0315672278
2025-12-24 14:25:39.187 [INF] 📴 통화 종료: 01089441231
2025-12-24 14:25:39.400 [INF] ❌ 부재중: 0315672278
2025-12-24 14:30:04.139 [INF] 📴 통화 종료: 01089441231
2025-12-24 14:30:18.326 [INF] ❌ 부재중: 0315672278
2025-12-24 14:31:31.541 [INF] 📴 통화 종료: 01026072180
2025-12-24 14:31:31.752 [INF] ❌ 부재중: 0315672278
2025-12-24 14:31:51.624 [INF] 📴 통화 종료: 01049024464
2025-12-24 14:31:58.403 [INF] ❌ 부재중: 0315672278
2025-12-24 14:36:08.978 [INF] 📴 통화 종료: 01026072180
2025-12-24 14:36:09.190 [INF] ❌ 부재중: 0315672278
2025-12-24 14:39:36.803 [INF] 📞 전화 수신: 01087581131 → 0315672278
2025-12-24 14:39:39.550 [INF] 📱 통화 연결: 01087581131
2025-12-24 14:40:13.977 [INF] 📴 통화 종료: 01087581131
2025-12-24 14:40:24.762 [INF] 📴 통화 종료: 01026072180
2025-12-24 14:40:24.974 [INF] ❌ 부재중: 0315672278
2025-12-24 14:51:23.753 [INF] 📴 통화 종료: 01026072180
2025-12-24 14:51:23.962 [INF] ❌ 부재중: 0315672278
2025-12-24 15:00:55.827 [INF] 📴 통화 종료: 01026072180
2025-12-24 15:00:56.054 [INF] ❌ 부재중: 0315672278
2025-12-24 15:01:06.854 [INF] 📴 통화 종료: 01058998116
2025-12-24 15:01:07.065 [INF] ❌ 부재중: 0315672278
2025-12-24 15:05:53.587 [INF] 📴 통화 종료: 01058998116
2025-12-24 15:05:53.799 [INF] ❌ 부재중: 0315672278
2025-12-24 15:06:40.370 [INF] 📴 통화 종료: 01071007746
2025-12-24 15:08:25.754 [INF] ❌ 부재중: 0315672278
2025-12-24 15:09:49.723 [INF] 📴 통화 종료: 01058998116
2025-12-24 15:09:49.933 [INF] ❌ 부재중: 0315672278
2025-12-24 15:10:20.404 [WRN] CTI 연결 끊김 감지
2025-12-24 15:10:20.615 [WRN] CTI 재연결 시도...
2025-12-24 15:10:22.628 [INF] SK CTI API 초기화 중...
2025-12-24 15:10:22.634 [INF] CTI 초기화 성공
2025-12-24 15:10:22.993 [INF] 서버 연결됨
2025-12-24 15:11:22.927 [INF] 로그인 2차 재시도...
2025-12-24 15:11:24.654 [INF] 로그인 완료
2025-12-24 15:11:29.860 [INF] CTI 로그인 성공
2025-12-24 15:11:29.860 [INF] CTI 재연결 성공
2025-12-24 15:23:37.820 [INF] 📞 전화 수신: 01039766356 → 0315672278
2025-12-24 15:23:43.495 [INF] 📱 통화 연결: 01039766356
2025-12-24 15:24:29.546 [INF] 📴 통화 종료: 01039766356
2025-12-24 15:30:28.606 [INF] 📞 전화 수신: 01053943008 → 0315672278
2025-12-24 15:31:00.663 [INF] 📱 통화 연결: 01053943008
2025-12-24 15:31:33.588 [INF] 📴 통화 종료: 01053943008
2025-12-24 15:47:43.772 [INF] 📞 전화 수신: 01032511557 → 0315672278
2025-12-24 15:47:56.481 [INF] 📱 통화 연결: 01032511557
2025-12-24 15:48:26.735 [INF] 📴 통화 종료: 01032511557
2025-12-24 15:48:34.998 [INF] 📞 전화 수신: 01066677775 → 0315672278
2025-12-24 15:48:43.303 [INF] 📱 통화 연결: 01066677775
2025-12-24 15:50:02.314 [INF] 📴 통화 종료: 01066677775
2025-12-24 15:59:41.053 [INF] 📴 통화 종료: 01088252419
2025-12-24 15:59:41.263 [INF] ❌ 부재중: 0315672278
2025-12-24 15:59:55.810 [INF] 📴 통화 종료: 01094612680
2025-12-24 16:00:17.879 [INF] ❌ 부재중: 0315672278
2025-12-24 16:03:20.144 [WRN] CTI 연결 끊김 감지
2025-12-24 16:03:20.359 [WRN] CTI 재연결 시도...
2025-12-24 16:03:22.371 [INF] SK CTI API 초기화 중...
2025-12-24 16:03:22.372 [INF] CTI 초기화 성공
2025-12-24 16:03:22.372 [WRN] 로그인 요청 실패 (코드: 0x8014)
2025-12-24 16:03:22.372 [INF] 로그인 2차 재시도...
2025-12-24 16:03:23.873 [WRN] 로그인 요청 실패 (코드: 0x8014)
2025-12-24 16:03:23.874 [INF] 로그인 3차 재시도...
2025-12-24 16:03:25.386 [WRN] 로그인 요청 실패 (코드: 0x8014)
2025-12-24 16:03:25.386 [ERR] CTI 로그인 실패
2025-12-24 16:03:25.386 [ERR] CTI 재연결 실패 - 5초 후 재시도
2025-12-24 16:03:30.386 [WRN] CTI 재연결 시도...
2025-12-24 16:03:32.392 [INF] SK CTI API 초기화 중...
2025-12-24 16:03:32.399 [INF] CTI 초기화 성공
2025-12-24 16:03:32.766 [INF] 서버 연결됨
2025-12-24 16:04:32.714 [INF] 로그인 2차 재시도...
2025-12-24 16:04:34.436 [INF] 로그인 완료
2025-12-24 16:04:39.673 [INF] CTI 로그인 성공
2025-12-24 16:04:39.674 [INF] CTI 재연결 성공
2025-12-24 16:46:15.653 [INF] Application is shutting down...
2025-12-24 16:46:15.665 [INF] CTI Bridge 서비스 종료 중...
2025-12-24 16:46:15.694 [INF] CTI Bridge 서비스 종료됨
2025-12-24 16:49:49.993 [INF] CTI Bridge 서비스 시작 중...
2025-12-24 16:49:50.039 [INF] 설정 파일에서 URL 로드: https://d-care-console.vercel.app
2025-12-24 16:49:50.045 [INF] CTI Bridge 서비스 실행 시작
2025-12-24 16:49:50.048 [INF] SK CTI API 초기화 중...
2025-12-24 16:49:50.072 [INF] CTI 초기화 성공
2025-12-24 16:49:50.076 [INF] Application started. Hosting environment: Production; Content root path: D:\outbound-management 250728 - 백업(여기로돌아오기) - 복사본\d-care-console\CTIBridge\publish\
2025-12-24 16:49:50.288 [INF] [이벤트] Svc=30, Evt=0x101, Res=0x0, Dn1=, Dn2=, Ext=
2025-12-24 16:49:50.289 [INF] 서버 연결됨
2025-12-24 16:50:50.338 [INF] 로그인 2차 재시도...
2025-12-24 16:50:52.049 [INF] [이벤트] Svc=30, Evt=0x104, Res=0x0, Dn1=, Dn2=, Ext=
2025-12-24 16:50:52.049 [INF] 로그인 완료
2025-12-24 16:50:52.200 [INF] [이벤트] Svc=22, Evt=0x1, Res=0x0, Dn1=, Dn2=, Ext=
2025-12-24 16:50:57.303 [INF] CTI 로그인 성공
2025-12-24 17:00:51.891 [INF] [이벤트] Svc=7, Evt=0x1, Res=0x0, Dn1=01087785430, Dn2=0315672278, Ext=
2025-12-24 17:00:51.892 [INF] 📞 전화 수신: 01087785430 → 0315672278
2025-12-24 17:00:54.742 [INF] [이벤트] Svc=9, Evt=0x1, Res=0x0, Dn1=01087785430, Dn2=0315672278, Ext=20251224170054
2025-12-24 17:00:54.743 [INF] 📱 통화 연결: 01087785430
2025-12-24 17:07:58.572 [INF] [이벤트] Svc=7, Evt=0x1, Res=0x0, Dn1=01062647052, Dn2=0315672278, Ext=
2025-12-24 17:07:58.573 [INF] 📞 전화 수신: 01062647052 → 0315672278
2025-12-24 17:08:00.688 [INF] [이벤트] Svc=8, Evt=0x304, Res=0x0, Dn1=01062647052, Dn2=0315672278, Ext=
2025-12-24 17:08:00.899 [INF] [이벤트] Svc=13, Evt=0x1, Res=0x0, Dn1=01062647052, Dn2=0315672278, Ext=20251224170800
2025-12-24 17:08:01.113 [INF] [이벤트] Svc=15, Evt=0x304, Res=0x0, Dn1=0315672278, Dn2=01062647052, Ext=called
2025-12-24 17:08:01.553 [INF] 📱 통화 연결: 01062647052
2025-12-24 17:09:58.339 [INF] [이벤트] Svc=14, Evt=0x1, Res=0x0, Dn1=01062647052, Dn2=0315672278, Ext=20251224170958
2025-12-24 17:09:58.339 [INF] 📴 통화 종료: 01062647052
2025-12-24 17:15:26.420 [INF] Application is shutting down...
2025-12-24 17:15:26.422 [INF] CTI Bridge 서비스 종료 중...
2025-12-24 17:15:26.428 [INF] CTI Bridge 서비스 종료됨
2025-12-24 17:15:47.348 [INF] CTI Bridge 서비스 시작 중...
2025-12-24 17:15:47.393 [INF] 설정 파일에서 URL 로드: https://d-care-console.vercel.app
2025-12-24 17:15:47.399 [INF] CTI Bridge 서비스 실행 시작
2025-12-24 17:15:47.401 [INF] SK CTI API 초기화 중...
2025-12-24 17:15:47.422 [INF] CTI 초기화 성공
2025-12-24 17:15:47.426 [INF] Application started. Hosting environment: Production; Content root path: D:\outbound-management 250728 - 백업(여기로돌아오기) - 복사본\d-care-console\CTIBridge\publish\
2025-12-24 17:15:47.635 [INF] [이벤트] Svc=30, Evt=0x101, Res=0x0, Dn1=, Dn2=, Ext=
2025-12-24 17:15:47.636 [INF] 서버 연결됨
2025-12-24 17:16:47.729 [INF] 로그인 2차 재시도...
2025-12-24 17:16:49.454 [INF] [이벤트] Svc=30, Evt=0x104, Res=0x0, Dn1=, Dn2=, Ext=
2025-12-24 17:16:49.454 [INF] 로그인 완료
2025-12-24 17:16:49.604 [INF] [이벤트] Svc=22, Evt=0x1, Res=0x0, Dn1=, Dn2=, Ext=
2025-12-24 17:16:54.779 [INF] CTI 로그인 성공
2025-12-24 17:28:24.599 [INF] [이벤트] Svc=15, Evt=0x304, Res=0x0, Dn1=0315672278, Dn2=01037985715, Ext=calling
2025-12-24 17:28:25.229 [INF] [이벤트] Svc=11, Evt=0x1, Res=0x0, Dn1=0315672278, Dn2=01037985715, Ext=20251224172824
2025-12-24 17:28:25.230 [INF] 📴 통화 종료: 01037985715
2025-12-24 17:28:47.320 [INF] [이벤트] Svc=12, Evt=0x1, Res=0x0, Dn1=0315672278, Dn2=01037985715, Ext=20251224172846
2025-12-24 17:28:47.320 [INF] ❌ 부재중: 0315672278
2025-12-24 17:29:23.753 [INF] [이벤트] Svc=11, Evt=0x1, Res=0x0, Dn1=0315672278, Dn2=01090692211, Ext=20251224172923
2025-12-24 17:29:23.754 [INF] 📴 통화 종료: 01090692211
2025-12-24 17:29:23.965 [INF] [이벤트] Svc=15, Evt=0x304, Res=0x0, Dn1=0315672278, Dn2=01090692211, Ext=calling
2025-12-24 17:29:43.882 [INF] [이벤트] Svc=12, Evt=0x1, Res=0x0, Dn1=0315672278, Dn2=01090692211, Ext=20251224172943
2025-12-24 17:29:43.882 [INF] ❌ 부재중: 0315672278
2025-12-24 18:12:27.720 [INF] [이벤트] Svc=15, Evt=0x304, Res=0x0, Dn1=0315672278, Dn2=01024470669, Ext=calling
2025-12-24 18:12:27.934 [INF] [이벤트] Svc=11, Evt=0x1, Res=0x0, Dn1=0315672278, Dn2=01024470669, Ext=20251224181227
2025-12-24 18:12:27.934 [INF] 📴 통화 종료: 01024470669
2025-12-24 18:12:49.326 [INF] [이벤트] Svc=12, Evt=0x1, Res=0x0, Dn1=0315672278, Dn2=01024470669, Ext=20251224181249
2025-12-24 18:12:49.327 [INF] ❌ 부재중: 0315672278
2025-12-24 18:38:48.961 [INF] Application is shutting down...
2025-12-24 18:38:48.963 [INF] CTI Bridge 서비스 종료 중...
2025-12-24 18:38:48.970 [INF] CTI Bridge 서비스 종료됨
2025-12-24 20:25:48.144 [INF] CTI Bridge 서비스 시작 중...
2025-12-24 20:25:48.200 [INF] 설정 파일에서 URL 로드: https://d-care-console.vercel.app
2025-12-24 20:25:48.209 [INF] CTI Bridge 서비스 실행 시작
2025-12-24 20:25:48.212 [INF] SK CTI API 초기화 중...
2025-12-24 20:25:48.282 [INF] CTI 초기화 성공
2025-12-24 20:25:48.284 [INF] Application started. Hosting environment: Production; Content root path: D:\outbound-management 250728 - 백업(여기로돌아오기) - 복사본\d-care-console\CTIBridge\publish\
2025-12-24 20:25:48.487 [INF] [이벤트] Svc=30, Evt=0x101, Res=0x0, Dn1=, Dn2=, Ext=
2025-12-24 20:25:48.487 [INF] 서버 연결됨
2025-12-24 20:26:48.646 [INF] 로그인 2차 재시도...
2025-12-24 20:26:50.363 [INF] [이벤트] Svc=30, Evt=0x104, Res=0x0, Dn1=, Dn2=, Ext=
2025-12-24 20:26:50.363 [INF] 로그인 완료
2025-12-24 20:26:50.514 [INF] [이벤트] Svc=22, Evt=0x1, Res=0x0, Dn1=, Dn2=, Ext=
2025-12-24 20:26:55.584 [INF] CTI 로그인 성공
2025-12-24 23:25:43.838 [INF] Application is shutting down...
2025-12-24 23:25:43.840 [INF] CTI Bridge 서비스 종료 중...
2025-12-24 23:25:43.845 [INF] CTI Bridge 서비스 종료됨
