2025-12-26 11:30:47.016 [INF] CTI Bridge 서비스 시작 중...
2025-12-26 11:30:47.167 [INF] 설정 파일에서 URL 로드: https://d-care-console.vercel.app
2025-12-26 11:30:47.172 [INF] CTI Bridge 서비스 실행 시작
2025-12-26 11:30:47.175 [INF] SK CTI API 초기화 중...
2025-12-26 11:30:47.537 [INF] CTI 초기화 성공
2025-12-26 11:30:47.539 [INF] Application started. Hosting environment: Production; Content root path: D:\outbound-management 250728 - 백업(여기로돌아오기) - 복사본\d-care-console\CTIBridge\publish\
2025-12-26 11:30:47.760 [INF] [이벤트] Svc=30, Evt=0x101, Res=0x0, Dn1=, Dn2=, Ext=
2025-12-26 11:30:47.760 [INF] 서버 연결됨
2025-12-26 11:31:47.789 [INF] 로그인 2차 재시도...
2025-12-26 11:31:49.501 [INF] [이벤트] Svc=30, Evt=0x104, Res=0x0, Dn1=, Dn2=, Ext=
2025-12-26 11:31:49.501 [INF] 로그인 완료
2025-12-26 11:31:49.665 [INF] [이벤트] Svc=22, Evt=0x1, Res=0x0, Dn1=, Dn2=, Ext=
2025-12-26 11:31:54.702 [INF] CTI 로그인 성공
2025-12-26 11:33:09.897 [INF] [이벤트] Svc=7, Evt=0x1, Res=0x0, Dn1=01055643728, Dn2=0315672278, Ext=
2025-12-26 11:33:09.897 [INF] 📞 전화 수신: 01055643728 → 0315672278
2025-12-26 11:33:11.613 [INF] [이벤트] Svc=13, Evt=0x1, Res=0x0, Dn1=01055643728, Dn2=0315672278, Ext=20251226113305
2025-12-26 11:33:11.822 [INF] [이벤트] Svc=8, Evt=0x304, Res=0x0, Dn1=01055643728, Dn2=0315672278, Ext=
2025-12-26 11:33:11.823 [INF] ═══════════════════════════════════════════════════════
2025-12-26 11:33:11.823 [INF] [녹취 이벤트] Service=8, EvtType=0x304, Result=0x0
2025-12-26 11:33:11.823 [INF] [녹취 이벤트] Dn1=01055643728, Dn2=0315672278
2025-12-26 11:33:11.823 [INF] [녹취 이벤트] ExtInfo=
2025-12-26 11:33:11.823 [INF] ═══════════════════════════════════════════════════════
2025-12-26 11:33:11.823 [INF] 🎙️ 착신녹취 준비: 01055643728 → 0315672278
2025-12-26 11:33:11.823 [INF] 녹취 시작 요청 성공
2025-12-26 11:33:12.032 [INF] [이벤트] Svc=15, Evt=0x304, Res=0x0, Dn1=0315672278, Dn2=01055643728, Ext=called
2025-12-26 11:33:12.847 [INF] 📱 통화 연결: 01055643728
2025-12-26 11:33:13.055 [INF] [이벤트] Svc=8, Evt=0x307, Res=0x0, Dn1=, Dn2=, Ext=http://orec.skbroadband.com/nas_recording/ddz/bM/2
2025-12-26 11:33:13.055 [INF] ═══════════════════════════════════════════════════════
2025-12-26 11:33:13.055 [INF] [녹취 이벤트] Service=8, EvtType=0x307, Result=0x0
2025-12-26 11:33:13.055 [INF] [녹취 이벤트] Dn1=, Dn2=
2025-12-26 11:33:13.055 [INF] [녹취 이벤트] ExtInfo=http://orec.skbroadband.com/nas_recording/ddz/bM/2Pr/Wx/hbS.wav
2025-12-26 11:33:13.055 [INF] ═══════════════════════════════════════════════════════
2025-12-26 11:33:13.055 [INF] 🔴 녹취 시작!
2025-12-26 11:33:13.055 [INF]     ExtInfo(파일정보): http://orec.skbroadband.com/nas_recording/ddz/bM/2Pr/Wx/hbS.wav
2025-12-26 11:33:13.055 [INF]     ExtInfo 길이: 63
2025-12-26 11:33:13.055 [INF]     http 포함여부: true
2025-12-26 11:34:18.515 [INF] [이벤트] Svc=8, Evt=0x308, Res=0x0, Dn1=, Dn2=, Ext=http://orec.skbroadband.com/nas_recording/ddz/bM/2
2025-12-26 11:34:18.515 [INF] ═══════════════════════════════════════════════════════
2025-12-26 11:34:18.515 [INF] [녹취 이벤트] Service=8, EvtType=0x308, Result=0x0
2025-12-26 11:34:18.515 [INF] [녹취 이벤트] Dn1=, Dn2=
2025-12-26 11:34:18.515 [INF] [녹취 이벤트] ExtInfo=http://orec.skbroadband.com/nas_recording/ddz/bM/2Pr/Wx/hbS.wav
2025-12-26 11:34:18.515 [INF] ═══════════════════════════════════════════════════════
2025-12-26 11:34:18.515 [INF] ⏹️ 녹취 완료!
2025-12-26 11:34:18.515 [INF]     ExtInfo(파일정보): http://orec.skbroadband.com/nas_recording/ddz/bM/2Pr/Wx/hbS.wav
2025-12-26 11:34:18.515 [INF]     ExtInfo 길이: 63
2025-12-26 11:34:18.515 [INF]     http:// 포함: true
2025-12-26 11:34:18.515 [INF]     https:// 포함: false
2025-12-26 11:34:18.515 [INF]     통화시간: 66초
2025-12-26 11:34:18.515 [INF]     발신번호: 01055643728
2025-12-26 11:34:18.515 [INF]     수신번호: 0315672278
2025-12-26 11:34:18.516 [INF] ───────────────────────────────────────────────────────
2025-12-26 11:34:18.516 [INF] [녹취 전송] SendRecordingComplete 시작
2025-12-26 11:34:18.516 [INF]     recordingInfo 원본: http://orec.skbroadband.com/nas_recording/ddz/bM/2Pr/Wx/hbS.wav
2025-12-26 11:34:18.516 [INF]     recordingInfo 타입: String
2025-12-26 11:34:18.516 [INF]     URL 여부 판정: true
2025-12-26 11:34:18.516 [INF]     추출된 파일명: hbS.wav
2025-12-26 11:34:18.516 [INF]     추출된 URL: http://orec.skbroadband.com/nas_recording/ddz/bM/2Pr/Wx/hbS.wav
2025-12-26 11:34:18.518 [INF]     전송 JSON: {"callerNumber":"01055643728","calledNumber":"0315672278","recordingFileName":"hbS.wav","recordingUrl":"http://orec.skbroadband.com/nas_recording/ddz/bM/2Pr/Wx/hbS.wav","duration":66,"timestamp":"2025-12-26T11:34:18.516\u002B09:00"}
2025-12-26 11:34:18.518 [INF]     전송 URL: https://d-care-console.vercel.app/api/call-analysis/recording
2025-12-26 11:34:18.724 [INF] [이벤트] Svc=14, Evt=0x1, Res=0x0, Dn1=01055643728, Dn2=0315672278, Ext=20251226113412
2025-12-26 11:34:18.724 [INF] 📴 통화 종료: 01055643728
2025-12-26 11:34:18.933 [INF] [이벤트] Svc=8, Evt=0x303, Res=0x0, Dn1=, Dn2=, Ext=
2025-12-26 11:34:18.933 [INF] ═══════════════════════════════════════════════════════
2025-12-26 11:34:18.933 [INF] [녹취 이벤트] Service=8, EvtType=0x303, Result=0x0
2025-12-26 11:34:18.933 [INF] [녹취 이벤트] Dn1=, Dn2=
2025-12-26 11:34:18.933 [INF] [녹취 이벤트] ExtInfo=
2025-12-26 11:34:18.933 [INF] ═══════════════════════════════════════════════════════
2025-12-26 11:34:18.933 [INF] 녹취 서비스 종료
2025-12-26 11:34:43.599 [INF] ✅ 녹취 정보 전송 성공!
2025-12-26 11:34:43.599 [INF]     응답: {"success":true,"message":"Recording received, analysis queued","analysisId":"694df4379cb0244caa45af6e","data":{"callLogId":"694df3ed9cb0244caa45af6d","callerNumber":"010-5564-3728","calledNumber":"031-567-2278","recordingFileName":"hbS.wav","duration":66,"status":"pending","createdAt":"2025-12-26T11:34:18.516+09:00","updatedAt":"2025-12-26T02:34:18.681Z","_id":"694df4379cb0244caa45af6e"}}
2025-12-26 11:34:43.599 [INF] ───────────────────────────────────────────────────────
2025-12-26 11:36:32.185 [INF] [이벤트] Svc=7, Evt=0x1, Res=0x0, Dn1=01043245378, Dn2=0315672278, Ext=
2025-12-26 11:36:32.186 [INF] 📞 전화 수신: 01043245378 → 0315672278
2025-12-26 11:36:33.870 [INF] [이벤트] Svc=8, Evt=0x304, Res=0x0, Dn1=01043245378, Dn2=0315672278, Ext=
2025-12-26 11:36:33.870 [INF] ═══════════════════════════════════════════════════════
2025-12-26 11:36:33.870 [INF] [녹취 이벤트] Service=8, EvtType=0x304, Result=0x0
2025-12-26 11:36:33.870 [INF] [녹취 이벤트] Dn1=01043245378, Dn2=0315672278
2025-12-26 11:36:33.870 [INF] [녹취 이벤트] ExtInfo=
2025-12-26 11:36:33.870 [INF] ═══════════════════════════════════════════════════════
2025-12-26 11:36:33.870 [INF] 🎙️ 착신녹취 준비: 01043245378 → 0315672278
2025-12-26 11:36:33.870 [INF] 녹취 시작 요청 성공
2025-12-26 11:36:34.079 [INF] [이벤트] Svc=13, Evt=0x1, Res=0x0, Dn1=01043245378, Dn2=0315672278, Ext=20251226113627
2025-12-26 11:36:34.288 [INF] [이벤트] Svc=8, Evt=0x307, Res=0x0, Dn1=, Dn2=, Ext=http://orec.skbroadband.com/nas_recording/ddz/bM/2
2025-12-26 11:36:34.288 [INF] ═══════════════════════════════════════════════════════
2025-12-26 11:36:34.288 [INF] [녹취 이벤트] Service=8, EvtType=0x307, Result=0x0
2025-12-26 11:36:34.288 [INF] [녹취 이벤트] Dn1=, Dn2=
2025-12-26 11:36:34.288 [INF] [녹취 이벤트] ExtInfo=http://orec.skbroadband.com/nas_recording/ddz/bM/2Pr/kx/W1_.wav
2025-12-26 11:36:34.288 [INF] ═══════════════════════════════════════════════════════
2025-12-26 11:36:34.288 [INF] 🔴 녹취 시작!
2025-12-26 11:36:34.288 [INF]     ExtInfo(파일정보): http://orec.skbroadband.com/nas_recording/ddz/bM/2Pr/kx/W1_.wav
2025-12-26 11:36:34.288 [INF]     ExtInfo 길이: 63
2025-12-26 11:36:34.289 [INF]     http 포함여부: true
2025-12-26 11:37:33.544 [INF] [이벤트] Svc=8, Evt=0x308, Res=0x0, Dn1=, Dn2=, Ext=http://orec.skbroadband.com/nas_recording/ddz/bM/2
2025-12-26 11:37:33.544 [INF] ═══════════════════════════════════════════════════════
2025-12-26 11:37:33.544 [INF] [녹취 이벤트] Service=8, EvtType=0x308, Result=0x0
2025-12-26 11:37:33.544 [INF] [녹취 이벤트] Dn1=, Dn2=
2025-12-26 11:37:33.544 [INF] [녹취 이벤트] ExtInfo=http://orec.skbroadband.com/nas_recording/ddz/bM/2Pr/kx/W1_.wav
2025-12-26 11:37:33.544 [INF] ═══════════════════════════════════════════════════════
2025-12-26 11:37:33.544 [INF] ⏹️ 녹취 완료!
2025-12-26 11:37:33.544 [INF]     ExtInfo(파일정보): http://orec.skbroadband.com/nas_recording/ddz/bM/2Pr/kx/W1_.wav
2025-12-26 11:37:33.544 [INF]     ExtInfo 길이: 63
2025-12-26 11:37:33.544 [INF]     http:// 포함: true
2025-12-26 11:37:33.544 [INF]     https:// 포함: false
2025-12-26 11:37:33.544 [INF]     통화시간: 59초
2025-12-26 11:37:33.544 [INF]     발신번호: 01043245378
2025-12-26 11:37:33.544 [INF]     수신번호: 0315672278
2025-12-26 11:37:33.544 [INF] ───────────────────────────────────────────────────────
2025-12-26 11:37:33.544 [INF] [녹취 전송] SendRecordingComplete 시작
2025-12-26 11:37:33.544 [INF]     recordingInfo 원본: http://orec.skbroadband.com/nas_recording/ddz/bM/2Pr/kx/W1_.wav
2025-12-26 11:37:33.544 [INF]     recordingInfo 타입: String
2025-12-26 11:37:33.544 [INF]     URL 여부 판정: true
2025-12-26 11:37:33.544 [INF]     추출된 파일명: W1_.wav
2025-12-26 11:37:33.544 [INF]     추출된 URL: http://orec.skbroadband.com/nas_recording/ddz/bM/2Pr/kx/W1_.wav
2025-12-26 11:37:33.544 [INF]     전송 JSON: {"callerNumber":"01043245378","calledNumber":"0315672278","recordingFileName":"W1_.wav","recordingUrl":"http://orec.skbroadband.com/nas_recording/ddz/bM/2Pr/kx/W1_.wav","duration":59,"timestamp":"2025-12-26T11:37:33.544\u002B09:00"}
2025-12-26 11:37:33.544 [INF]     전송 URL: https://d-care-console.vercel.app/api/call-analysis/recording
2025-12-26 11:37:33.755 [INF] [이벤트] Svc=14, Evt=0x1, Res=0x0, Dn1=01043245378, Dn2=0315672278, Ext=20251226113727
2025-12-26 11:37:33.755 [INF] 📴 통화 종료: 01043245378
2025-12-26 11:37:33.968 [INF] [이벤트] Svc=8, Evt=0x303, Res=0x0, Dn1=, Dn2=, Ext=
2025-12-26 11:37:33.968 [INF] ═══════════════════════════════════════════════════════
2025-12-26 11:37:33.968 [INF] [녹취 이벤트] Service=8, EvtType=0x303, Result=0x0
2025-12-26 11:37:33.968 [INF] [녹취 이벤트] Dn1=, Dn2=
2025-12-26 11:37:33.968 [INF] [녹취 이벤트] ExtInfo=
2025-12-26 11:37:33.968 [INF] ═══════════════════════════════════════════════════════
2025-12-26 11:37:33.968 [INF] 녹취 서비스 종료
2025-12-26 11:37:57.919 [INF] ✅ 녹취 정보 전송 성공!
2025-12-26 11:37:57.919 [INF]     응답: {"success":true,"message":"Recording received, analysis queued","analysisId":"694df4f99b96feba5cc50679","data":{"callLogId":"694df4b59b96feba5cc50678","callerNumber":"010-4324-5378","calledNumber":"031-567-2278","recordingFileName":"W1_.wav","duration":59,"status":"pending","createdAt":"2025-12-26T11:37:33.544+09:00","updatedAt":"2025-12-26T02:37:33.518Z","_id":"694df4f99b96feba5cc50679"}}
2025-12-26 11:37:57.919 [INF] ───────────────────────────────────────────────────────
2025-12-26 11:39:06.068 [INF] [이벤트] Svc=7, Evt=0x1, Res=0x0, Dn1=01028952241, Dn2=0315672278, Ext=
2025-12-26 11:39:06.068 [INF] 📞 전화 수신: 01028952241 → 0315672278
2025-12-26 11:39:07.549 [INF] [이벤트] Svc=8, Evt=0x304, Res=0x0, Dn1=01028952241, Dn2=0315672278, Ext=
2025-12-26 11:39:07.549 [INF] ═══════════════════════════════════════════════════════
2025-12-26 11:39:07.549 [INF] [녹취 이벤트] Service=8, EvtType=0x304, Result=0x0
2025-12-26 11:39:07.549 [INF] [녹취 이벤트] Dn1=01028952241, Dn2=0315672278
2025-12-26 11:39:07.549 [INF] [녹취 이벤트] ExtInfo=
2025-12-26 11:39:07.549 [INF] ═══════════════════════════════════════════════════════
2025-12-26 11:39:07.549 [INF] 🎙️ 착신녹취 준비: 01028952241 → 0315672278
2025-12-26 11:39:07.549 [INF] 녹취 시작 요청 성공
2025-12-26 11:39:07.759 [INF] [이벤트] Svc=13, Evt=0x1, Res=0x0, Dn1=01028952241, Dn2=0315672278, Ext=20251226113901
2025-12-26 11:39:07.969 [INF] [이벤트] Svc=8, Evt=0x307, Res=0x0, Dn1=, Dn2=, Ext=http://orec.skbroadband.com/nas_recording/ddz/bM/2
2025-12-26 11:39:07.970 [INF] ═══════════════════════════════════════════════════════
2025-12-26 11:39:07.970 [INF] [녹취 이벤트] Service=8, EvtType=0x307, Result=0x0
2025-12-26 11:39:07.970 [INF] [녹취 이벤트] Dn1=, Dn2=
2025-12-26 11:39:07.970 [INF] [녹취 이벤트] ExtInfo=http://orec.skbroadband.com/nas_recording/ddz/bM/2Pr/4b/kby.wav
2025-12-26 11:39:07.970 [INF] ═══════════════════════════════════════════════════════
2025-12-26 11:39:07.970 [INF] 🔴 녹취 시작!
2025-12-26 11:39:07.970 [INF]     ExtInfo(파일정보): http://orec.skbroadband.com/nas_recording/ddz/bM/2Pr/4b/kby.wav
2025-12-26 11:39:07.970 [INF]     ExtInfo 길이: 63
2025-12-26 11:39:07.970 [INF]     http 포함여부: true
2025-12-26 11:45:57.622 [INF] [이벤트] Svc=8, Evt=0x308, Res=0x0, Dn1=, Dn2=, Ext=http://orec.skbroadband.com/nas_recording/ddz/bM/2
2025-12-26 11:45:57.622 [INF] ═══════════════════════════════════════════════════════
2025-12-26 11:45:57.622 [INF] [녹취 이벤트] Service=8, EvtType=0x308, Result=0x0
2025-12-26 11:45:57.622 [INF] [녹취 이벤트] Dn1=, Dn2=
2025-12-26 11:45:57.622 [INF] [녹취 이벤트] ExtInfo=http://orec.skbroadband.com/nas_recording/ddz/bM/2Pr/4b/kby.wav
2025-12-26 11:45:57.622 [INF] ═══════════════════════════════════════════════════════
2025-12-26 11:45:57.622 [INF] ⏹️ 녹취 완료!
2025-12-26 11:45:57.622 [INF]     ExtInfo(파일정보): http://orec.skbroadband.com/nas_recording/ddz/bM/2Pr/4b/kby.wav
2025-12-26 11:45:57.622 [INF]     ExtInfo 길이: 63
2025-12-26 11:45:57.622 [INF]     http:// 포함: true
2025-12-26 11:45:57.622 [INF]     https:// 포함: false
2025-12-26 11:45:57.622 [INF]     통화시간: 410초
2025-12-26 11:45:57.623 [INF]     발신번호: 01028952241
2025-12-26 11:45:57.623 [INF]     수신번호: 0315672278
2025-12-26 11:45:57.623 [INF] ───────────────────────────────────────────────────────
2025-12-26 11:45:57.623 [INF] [녹취 전송] SendRecordingComplete 시작
2025-12-26 11:45:57.623 [INF]     recordingInfo 원본: http://orec.skbroadband.com/nas_recording/ddz/bM/2Pr/4b/kby.wav
2025-12-26 11:45:57.623 [INF]     recordingInfo 타입: String
2025-12-26 11:45:57.623 [INF]     URL 여부 판정: true
2025-12-26 11:45:57.623 [INF]     추출된 파일명: kby.wav
2025-12-26 11:45:57.623 [INF]     추출된 URL: http://orec.skbroadband.com/nas_recording/ddz/bM/2Pr/4b/kby.wav
2025-12-26 11:45:57.623 [INF]     전송 JSON: {"callerNumber":"01028952241","calledNumber":"0315672278","recordingFileName":"kby.wav","recordingUrl":"http://orec.skbroadband.com/nas_recording/ddz/bM/2Pr/4b/kby.wav","duration":410,"timestamp":"2025-12-26T11:45:57.623\u002B09:00"}
2025-12-26 11:45:57.623 [INF]     전송 URL: https://d-care-console.vercel.app/api/call-analysis/recording
2025-12-26 11:45:57.833 [INF] [이벤트] Svc=14, Evt=0x1, Res=0x0, Dn1=01028952241, Dn2=0315672278, Ext=20251226114551
2025-12-26 11:45:57.833 [INF] 📴 통화 종료: 01028952241
2025-12-26 11:45:58.044 [INF] [이벤트] Svc=8, Evt=0x303, Res=0x0, Dn1=, Dn2=, Ext=
2025-12-26 11:45:58.045 [INF] ═══════════════════════════════════════════════════════
2025-12-26 11:45:58.045 [INF] [녹취 이벤트] Service=8, EvtType=0x303, Result=0x0
2025-12-26 11:45:58.045 [INF] [녹취 이벤트] Dn1=, Dn2=
2025-12-26 11:45:58.045 [INF] [녹취 이벤트] ExtInfo=
2025-12-26 11:45:58.045 [INF] ═══════════════════════════════════════════════════════
2025-12-26 11:45:58.045 [INF] 녹취 서비스 종료
2025-12-26 11:46:23.092 [INF] ✅ 녹취 정보 전송 성공!
2025-12-26 11:46:23.092 [INF]     응답: {"success":true,"message":"Recording received, analysis queued","analysisId":"694df6f26e4bd0e1e85aee1e","data":{"callLogId":"694df5509b96feba5cc5067a","callerNumber":"010-2895-2241","calledNumber":"031-567-2278","recordingFileName":"kby.wav","duration":410,"status":"pending","createdAt":"2025-12-26T11:45:57.623+09:00","updatedAt":"2025-12-26T02:45:57.804Z","_id":"694df6f26e4bd0e1e85aee1e"}}
2025-12-26 11:46:23.092 [INF] ───────────────────────────────────────────────────────
2025-12-26 12:04:25.935 [INF] Application is shutting down...
2025-12-26 12:04:25.937 [INF] CTI Bridge 서비스 종료 중...
2025-12-26 12:04:25.943 [INF] CTI Bridge 서비스 종료됨
2025-12-26 12:04:33.738 [INF] CTI Bridge 서비스 시작 중...
2025-12-26 12:04:33.781 [INF] 설정 파일에서 URL 로드: https://d-care-console.vercel.app
2025-12-26 12:04:33.787 [INF] CTI Bridge 서비스 실행 시작
2025-12-26 12:04:33.789 [INF] SK CTI API 초기화 중...
2025-12-26 12:04:33.810 [INF] CTI 초기화 성공
2025-12-26 12:04:33.812 [INF] Application started. Hosting environment: Production; Content root path: D:\outbound-management 250728 - 백업(여기로돌아오기) - 복사본\d-care-console\CTIBridge\publish\
2025-12-26 12:04:34.024 [INF] [이벤트] Svc=30, Evt=0x101, Res=0x0, Dn1=, Dn2=, Ext=
2025-12-26 12:04:34.024 [INF] 서버 연결됨
2025-12-26 12:04:59.869 [INF] Application is shutting down...
2025-12-26 12:04:59.871 [INF] CTI Bridge 서비스 종료 중...
2025-12-26 12:05:34.164 [INF] 로그인 2차 재시도...
2025-12-26 12:05:35.672 [WRN] 로그인 요청 실패 (코드: 0x8014)
2025-12-26 12:05:35.672 [INF] 로그인 3차 재시도...
2025-12-26 12:05:42.401 [INF] CTI Bridge 서비스 시작 중...
2025-12-26 12:05:42.445 [INF] 설정 파일에서 URL 로드: https://d-care-console.vercel.app
2025-12-26 12:05:42.451 [INF] CTI Bridge 서비스 실행 시작
2025-12-26 12:05:42.453 [INF] SK CTI API 초기화 중...
2025-12-26 12:05:42.473 [INF] CTI 초기화 성공
2025-12-26 12:05:42.476 [INF] Application started. Hosting environment: Production; Content root path: D:\outbound-management 250728 - 백업(여기로돌아오기) - 복사본\d-care-console\CTIBridge\publish\
2025-12-26 12:05:42.680 [INF] [이벤트] Svc=30, Evt=0x101, Res=0x0, Dn1=, Dn2=, Ext=
2025-12-26 12:05:42.681 [INF] 서버 연결됨
2025-12-26 12:06:42.847 [INF] 로그인 2차 재시도...
2025-12-26 12:06:44.563 [INF] [이벤트] Svc=30, Evt=0x104, Res=0x0, Dn1=, Dn2=, Ext=
2025-12-26 12:06:44.563 [INF] 로그인 완료
2025-12-26 12:06:44.713 [INF] [이벤트] Svc=22, Evt=0x1, Res=0x0, Dn1=, Dn2=, Ext=
2025-12-26 12:06:49.794 [INF] CTI 로그인 성공
2025-12-26 12:15:10.858 [INF] Application is shutting down...
2025-12-26 12:15:10.860 [INF] CTI Bridge 서비스 종료 중...
2025-12-26 12:15:10.865 [INF] CTI Bridge 서비스 종료됨
2025-12-26 15:31:20.415 [INF] CTI Bridge 서비스 시작 중...
2025-12-26 15:31:20.472 [INF] 설정 파일에서 URL 로드: https://d-care-console.vercel.app
2025-12-26 15:31:20.478 [INF] CTI Bridge 서비스 실행 시작
2025-12-26 15:31:20.481 [INF] SK CTI API 초기화 중...
2025-12-26 15:31:20.503 [INF] CTI 초기화 성공
2025-12-26 15:31:20.507 [INF] Application started. Press Ctrl+C to shut down.
2025-12-26 15:31:20.508 [INF] Hosting environment: Production
2025-12-26 15:31:20.508 [INF] Content root path: D:\outbound-management 250728 - 백업(여기로돌아오기) - 복사본\d-care-console\CTIBridge\publish
2025-12-26 15:31:20.721 [INF] [이벤트] Svc=30, Evt=0x101, Res=0x0, Dn1=, Dn2=, Ext=
2025-12-26 15:31:20.724 [INF] 서버 연결됨
2025-12-26 15:32:20.778 [INF] 로그인 2차 재시도...
2025-12-26 15:32:22.499 [INF] [이벤트] Svc=30, Evt=0x104, Res=0x0, Dn1=, Dn2=, Ext=
2025-12-26 15:32:22.501 [INF] 로그인 완료
2025-12-26 15:32:22.665 [INF] [이벤트] Svc=22, Evt=0x1, Res=0x0, Dn1=, Dn2=, Ext=
2025-12-26 15:32:27.774 [INF] CTI 로그인 성공
2025-12-26 15:52:47.893 [INF] [이벤트] Svc=11, Evt=0x1, Res=0x0, Dn1=0315672278, Dn2=01071381689, Ext=20251226155247
2025-12-26 15:52:47.895 [INF] 📴 통화 종료: 01071381689
2025-12-26 15:52:48.179 [INF] [이벤트] Svc=12, Evt=0x1, Res=0x0, Dn1=0315672278, Dn2=01071381689, Ext=20251226155247
2025-12-26 15:52:48.181 [INF] ❌ 부재중: 0315672278
2025-12-26 16:01:37.989 [INF] [이벤트] Svc=7, Evt=0x1, Res=0x0, Dn1=01046997146, Dn2=0315672278, Ext=
2025-12-26 16:01:37.992 [INF] 📞 전화 수신: 01046997146 → 0315672278
2025-12-26 16:01:40.732 [INF] [이벤트] Svc=9, Evt=0x1, Res=0x0, Dn1=01046997146, Dn2=0315672278, Ext=20251226160140
2025-12-26 16:01:40.734 [INF] 📱 통화 연결: 01046997146
2025-12-26 16:22:06.446 [INF] [이벤트] Svc=7, Evt=0x1, Res=0x0, Dn1=01023143202, Dn2=0315672278, Ext=
2025-12-26 16:22:06.449 [INF] 📞 전화 수신: 01023143202 → 0315672278
2025-12-26 16:22:08.978 [INF] [이벤트] Svc=9, Evt=0x1, Res=0x0, Dn1=01023143202, Dn2=0315672278, Ext=20251226162208
2025-12-26 16:22:08.980 [INF] 📱 통화 연결: 01023143202
2025-12-26 16:35:17.126 [INF] [이벤트] Svc=7, Evt=0x1, Res=0x0, Dn1=01083937677, Dn2=0315672278, Ext=
2025-12-26 16:35:17.128 [INF] 📞 전화 수신: 01083937677 → 0315672278
2025-12-26 16:35:19.445 [INF] [이벤트] Svc=13, Evt=0x1, Res=0x0, Dn1=01083937677, Dn2=0315672278, Ext=20251226163519
2025-12-26 16:35:19.656 [INF] [이벤트] Svc=15, Evt=0x304, Res=0x0, Dn1=0315672278, Dn2=01083937677, Ext=called
2025-12-26 16:35:20.087 [INF] 📱 통화 연결: 01083937677
2025-12-26 16:35:20.288 [INF] [이벤트] Svc=8, Evt=0x304, Res=0x0, Dn1=01083937677, Dn2=0315672278, Ext=
2025-12-26 16:35:20.290 [INF] ═══════════════════════════════════════════════════════
2025-12-26 16:35:20.291 [INF] [녹취 이벤트] Service=8, EvtType=0x304, Result=0x0
2025-12-26 16:35:20.292 [INF] [녹취 이벤트] Dn1=01083937677, Dn2=0315672278
2025-12-26 16:35:20.293 [INF] [녹취 이벤트] ExtInfo=
2025-12-26 16:35:20.293 [INF] ═══════════════════════════════════════════════════════
2025-12-26 16:35:20.294 [INF] 🎙️ 착신녹취 준비: 01083937677 → 0315672278
2025-12-26 16:35:20.295 [INF] 녹취 시작 요청 성공
2025-12-26 16:35:20.711 [INF] [이벤트] Svc=8, Evt=0x307, Res=0x0, Dn1=, Dn2=, Ext=http://orec.skbroadband.com/nas_recording/ddz/bM/2
2025-12-26 16:35:20.713 [INF] ═══════════════════════════════════════════════════════
2025-12-26 16:35:20.714 [INF] [녹취 이벤트] Service=8, EvtType=0x307, Result=0x0
2025-12-26 16:35:20.715 [INF] [녹취 이벤트] Dn1=, Dn2=
2025-12-26 16:35:20.716 [INF] [녹취 이벤트] ExtInfo=http://orec.skbroadband.com/nas_recording/ddz/bM/2Pr/jW/kb_.wav
2025-12-26 16:35:20.716 [INF] ═══════════════════════════════════════════════════════
2025-12-26 16:35:20.717 [INF] 🔴 녹취 시작!
2025-12-26 16:35:20.717 [INF]     ExtInfo(파일정보): http://orec.skbroadband.com/nas_recording/ddz/bM/2Pr/jW/kb_.wav
2025-12-26 16:35:20.718 [INF]     ExtInfo 길이: 63
2025-12-26 16:35:20.719 [INF]     http 포함여부: true
2025-12-26 16:35:37.636 [INF] [이벤트] Svc=8, Evt=0x308, Res=0x0, Dn1=, Dn2=, Ext=http://orec.skbroadband.com/nas_recording/ddz/bM/2
2025-12-26 16:35:37.638 [INF] ═══════════════════════════════════════════════════════
2025-12-26 16:35:37.639 [INF] [녹취 이벤트] Service=8, EvtType=0x308, Result=0x0
2025-12-26 16:35:37.640 [INF] [녹취 이벤트] Dn1=, Dn2=
2025-12-26 16:35:37.641 [INF] [녹취 이벤트] ExtInfo=http://orec.skbroadband.com/nas_recording/ddz/bM/2Pr/jW/kb_.wav
2025-12-26 16:35:37.642 [INF] ═══════════════════════════════════════════════════════
2025-12-26 16:35:37.643 [INF] ⏹️ 녹취 완료!
2025-12-26 16:35:37.643 [INF]     ExtInfo(파일정보): http://orec.skbroadband.com/nas_recording/ddz/bM/2Pr/jW/kb_.wav
2025-12-26 16:35:37.644 [INF]     ExtInfo 길이: 63
2025-12-26 16:35:37.645 [INF]     http:// 포함: true
2025-12-26 16:35:37.646 [INF]     https:// 포함: false
2025-12-26 16:35:37.646 [INF]     통화시간: 17초
2025-12-26 16:35:37.647 [INF]     발신번호: 01083937677
2025-12-26 16:35:37.648 [INF]     수신번호: 0315672278
2025-12-26 16:35:37.649 [INF] ───────────────────────────────────────────────────────
2025-12-26 16:35:37.649 [INF] [녹취 전송] SendRecordingComplete 시작
2025-12-26 16:35:37.650 [INF]     recordingInfo 원본: http://orec.skbroadband.com/nas_recording/ddz/bM/2Pr/jW/kb_.wav
2025-12-26 16:35:37.651 [INF]     recordingInfo 타입: String
2025-12-26 16:35:37.651 [INF]     URL 여부 판정: true
2025-12-26 16:35:37.654 [INF]     추출된 파일명: kb_.wav
2025-12-26 16:35:37.655 [INF]     추출된 URL: http://orec.skbroadband.com/nas_recording/ddz/bM/2Pr/jW/kb_.wav
2025-12-26 16:35:37.658 [INF]     전송 JSON: {"callerNumber":"01083937677","calledNumber":"0315672278","recordingFileName":"kb_.wav","recordingUrl":"http://orec.skbroadband.com/nas_recording/ddz/bM/2Pr/jW/kb_.wav","duration":17,"timestamp":"2025-12-26T16:35:37.655\u002B09:00"}
2025-12-26 16:35:37.659 [INF]     전송 URL: https://d-care-console.vercel.app/api/call-analysis/recording
2025-12-26 16:35:37.862 [INF] [이벤트] Svc=8, Evt=0x303, Res=0x0, Dn1=, Dn2=, Ext=
2025-12-26 16:35:37.865 [INF] ═══════════════════════════════════════════════════════
2025-12-26 16:35:37.865 [INF] [녹취 이벤트] Service=8, EvtType=0x303, Result=0x0
2025-12-26 16:35:37.866 [INF] [녹취 이벤트] Dn1=, Dn2=
2025-12-26 16:35:37.867 [INF] [녹취 이벤트] ExtInfo=
2025-12-26 16:35:37.868 [INF] ═══════════════════════════════════════════════════════
2025-12-26 16:35:37.869 [INF] 녹취 서비스 종료
2025-12-26 16:35:38.072 [INF] [이벤트] Svc=14, Evt=0x1, Res=0x0, Dn1=01083937677, Dn2=0315672278, Ext=20251226163537
2025-12-26 16:35:38.074 [INF] 📴 통화 종료: 01083937677
2025-12-26 16:36:02.911 [INF] ✅ 녹취 정보 전송 성공!
2025-12-26 16:36:02.912 [INF]     응답: {"success":true,"message":"Recording received, analysis queued","analysisId":"694e3adc0666ed6fdc7a703a","data":{"callLogId":"694e3ac30666ed6fdc7a7039","callerNumber":"010-8393-7677","calledNumber":"031-567-2278","recordingFileName":"kb_.wav","duration":17,"status":"pending","createdAt":"2025-12-26T16:35:37.655+09:00","updatedAt":"2025-12-26T07:35:43.922Z","_id":"694e3adc0666ed6fdc7a703a"}}
2025-12-26 16:36:02.914 [INF] ───────────────────────────────────────────────────────
2025-12-26 16:45:31.270 [INF] [이벤트] Svc=11, Evt=0x1, Res=0x0, Dn1=0315672278, Dn2=01039599837, Ext=20251226164530
2025-12-26 16:45:31.272 [INF] 📴 통화 종료: 01039599837
2025-12-26 16:45:31.480 [INF] [이벤트] Svc=12, Evt=0x1, Res=0x0, Dn1=0315672278, Dn2=01039599837, Ext=20251226164530
2025-12-26 16:45:31.482 [INF] ❌ 부재중: 0315672278
2025-12-26 16:46:07.470 [INF] [이벤트] Svc=7, Evt=0x1, Res=0x0, Dn1=01058206099, Dn2=0315672278, Ext=
2025-12-26 16:46:07.472 [INF] 📞 전화 수신: 01058206099 → 0315672278
2025-12-26 16:46:10.219 [INF] [이벤트] Svc=8, Evt=0x304, Res=0x0, Dn1=01058206099, Dn2=0315672278, Ext=
2025-12-26 16:46:10.221 [INF] ═══════════════════════════════════════════════════════
2025-12-26 16:46:10.222 [INF] [녹취 이벤트] Service=8, EvtType=0x304, Result=0x0
2025-12-26 16:46:10.223 [INF] [녹취 이벤트] Dn1=01058206099, Dn2=0315672278
2025-12-26 16:46:10.224 [INF] [녹취 이벤트] ExtInfo=
2025-12-26 16:46:10.224 [INF] ═══════════════════════════════════════════════════════
2025-12-26 16:46:10.225 [INF] 🎙️ 착신녹취 준비: 01058206099 → 0315672278
2025-12-26 16:46:10.226 [INF] 녹취 시작 요청 성공
2025-12-26 16:46:10.430 [INF] [이벤트] Svc=13, Evt=0x1, Res=0x0, Dn1=01058206099, Dn2=0315672278, Ext=20251226164610
2025-12-26 16:46:10.639 [INF] [이벤트] Svc=15, Evt=0x304, Res=0x0, Dn1=0315672278, Dn2=01058206099, Ext=called
2025-12-26 16:46:10.641 [INF] 📱 통화 연결: 01058206099
2025-12-26 16:46:10.849 [INF] [이벤트] Svc=8, Evt=0x307, Res=0x0, Dn1=, Dn2=, Ext=http://orec.skbroadband.com/nas_recording/ddz/bM/2
2025-12-26 16:46:10.852 [INF] ═══════════════════════════════════════════════════════
2025-12-26 16:46:10.852 [INF] [녹취 이벤트] Service=8, EvtType=0x307, Result=0x0
2025-12-26 16:46:10.853 [INF] [녹취 이벤트] Dn1=, Dn2=
2025-12-26 16:46:10.854 [INF] [녹취 이벤트] ExtInfo=http://orec.skbroadband.com/nas_recording/ddz/bM/2Pr/sf/N9S.wav
2025-12-26 16:46:10.855 [INF] ═══════════════════════════════════════════════════════
2025-12-26 16:46:10.855 [INF] 🔴 녹취 시작!
2025-12-26 16:46:10.856 [INF]     ExtInfo(파일정보): http://orec.skbroadband.com/nas_recording/ddz/bM/2Pr/sf/N9S.wav
2025-12-26 16:46:10.857 [INF]     ExtInfo 길이: 63
2025-12-26 16:46:10.857 [INF]     http 포함여부: true
2025-12-26 16:48:45.134 [INF] [이벤트] Svc=14, Evt=0x1, Res=0x0, Dn1=01058206099, Dn2=0315672278, Ext=20251226164844
2025-12-26 16:48:45.137 [INF] 📴 통화 종료: 01058206099
2025-12-26 16:48:45.347 [INF] [이벤트] Svc=8, Evt=0x308, Res=0x0, Dn1=, Dn2=, Ext=http://orec.skbroadband.com/nas_recording/ddz/bM/2
2025-12-26 16:48:45.350 [INF] ═══════════════════════════════════════════════════════
2025-12-26 16:48:45.350 [INF] [녹취 이벤트] Service=8, EvtType=0x308, Result=0x0
2025-12-26 16:48:45.351 [INF] [녹취 이벤트] Dn1=, Dn2=
2025-12-26 16:48:45.352 [INF] [녹취 이벤트] ExtInfo=http://orec.skbroadband.com/nas_recording/ddz/bM/2Pr/sf/N9S.wav
2025-12-26 16:48:45.353 [INF] ═══════════════════════════════════════════════════════
2025-12-26 16:48:45.353 [INF] ⏹️ 녹취 완료!
2025-12-26 16:48:45.354 [INF]     ExtInfo(파일정보): http://orec.skbroadband.com/nas_recording/ddz/bM/2Pr/sf/N9S.wav
2025-12-26 16:48:45.354 [INF]     ExtInfo 길이: 63
2025-12-26 16:48:45.355 [INF]     http:// 포함: true
2025-12-26 16:48:45.356 [INF]     https:// 포함: false
2025-12-26 16:48:45.356 [INF]     통화시간: 155초
2025-12-26 16:48:45.357 [INF]     발신번호: 01058206099
2025-12-26 16:48:45.358 [INF]     수신번호: 0315672278
2025-12-26 16:48:45.358 [INF] ───────────────────────────────────────────────────────
2025-12-26 16:48:45.359 [INF] [녹취 전송] SendRecordingComplete 시작
2025-12-26 16:48:45.360 [INF]     recordingInfo 원본: http://orec.skbroadband.com/nas_recording/ddz/bM/2Pr/sf/N9S.wav
2025-12-26 16:48:45.360 [INF]     recordingInfo 타입: String
2025-12-26 16:48:45.361 [INF]     URL 여부 판정: true
2025-12-26 16:48:45.362 [INF]     추출된 파일명: N9S.wav
2025-12-26 16:48:45.364 [INF]     추출된 URL: http://orec.skbroadband.com/nas_recording/ddz/bM/2Pr/sf/N9S.wav
2025-12-26 16:48:45.365 [INF]     전송 JSON: {"callerNumber":"01058206099","calledNumber":"0315672278","recordingFileName":"N9S.wav","recordingUrl":"http://orec.skbroadband.com/nas_recording/ddz/bM/2Pr/sf/N9S.wav","duration":155,"timestamp":"2025-12-26T16:48:45.365\u002B09:00"}
2025-12-26 16:48:45.366 [INF]     전송 URL: https://d-care-console.vercel.app/api/call-analysis/recording
2025-12-26 16:48:45.574 [INF] [이벤트] Svc=8, Evt=0x303, Res=0x0, Dn1=, Dn2=, Ext=
2025-12-26 16:48:45.576 [INF] ═══════════════════════════════════════════════════════
2025-12-26 16:48:45.577 [INF] [녹취 이벤트] Service=8, EvtType=0x303, Result=0x0
2025-12-26 16:48:45.578 [INF] [녹취 이벤트] Dn1=, Dn2=
2025-12-26 16:48:45.579 [INF] [녹취 이벤트] ExtInfo=
2025-12-26 16:48:45.580 [INF] ═══════════════════════════════════════════════════════
2025-12-26 16:48:45.580 [INF] 녹취 서비스 종료
2025-12-26 16:49:09.956 [INF] ✅ 녹취 정보 전송 성공!
2025-12-26 16:49:09.957 [INF]     응답: {"success":true,"message":"Recording received, analysis queued","analysisId":"694e3def14fa2345d1ce5da4","data":{"callLogId":"694e3d4d14fa2345d1ce5da3","callerNumber":"010-5820-6099","calledNumber":"031-567-2278","recordingFileName":"N9S.wav","duration":155,"status":"pending","createdAt":"2025-12-26T16:48:45.365+09:00","updatedAt":"2025-12-26T07:48:51.539Z","_id":"694e3def14fa2345d1ce5da4"}}
2025-12-26 16:49:09.959 [INF] ───────────────────────────────────────────────────────
2025-12-26 16:55:38.787 [INF] [이벤트] Svc=7, Evt=0x1, Res=0x0, Dn1=01054542866, Dn2=0315672278, Ext=
2025-12-26 16:55:38.790 [INF] 📞 전화 수신: 01054542866 → 0315672278
2025-12-26 16:55:41.952 [INF] [이벤트] Svc=9, Evt=0x1, Res=0x0, Dn1=01054542866, Dn2=0315672278, Ext=20251226165541
2025-12-26 16:55:41.954 [INF] 📱 통화 연결: 01054542866
2025-12-26 16:58:13.107 [INF] [이벤트] Svc=11, Evt=0x1, Res=0x0, Dn1=0315672278, Dn2=01058998116, Ext=20251226165812
2025-12-26 16:58:13.109 [INF] 📴 통화 종료: 01058998116
2025-12-26 16:58:13.319 [INF] [이벤트] Svc=15, Evt=0x304, Res=0x0, Dn1=0315672278, Dn2=01058998116, Ext=calling
2025-12-26 17:01:49.363 [INF] [이벤트] Svc=12, Evt=0x1, Res=0x0, Dn1=0315672278, Dn2=01058998116, Ext=20251226170149
2025-12-26 17:01:49.365 [INF] ❌ 부재중: 0315672278
2025-12-26 17:08:40.479 [INF] [이벤트] Svc=7, Evt=0x1, Res=0x0, Dn1=01050269028, Dn2=0315672278, Ext=
2025-12-26 17:08:40.481 [INF] 📞 전화 수신: 01050269028 → 0315672278
2025-12-26 17:08:42.382 [INF] [이벤트] Svc=9, Evt=0x1, Res=0x0, Dn1=01050269028, Dn2=0315672278, Ext=20251226170842
2025-12-26 17:08:42.384 [INF] 📱 통화 연결: 01050269028
2025-12-26 17:14:02.806 [INF] [이벤트] Svc=11, Evt=0x1, Res=0x0, Dn1=0315672278, Dn2=01053428785, Ext=20251226171402
2025-12-26 17:14:02.808 [INF] 📴 통화 종료: 01053428785
2025-12-26 17:14:03.019 [INF] [이벤트] Svc=15, Evt=0x304, Res=0x0, Dn1=0315672278, Dn2=01053428785, Ext=calling
2025-12-26 17:15:29.342 [INF] [이벤트] Svc=12, Evt=0x1, Res=0x0, Dn1=0315672278, Dn2=01053428785, Ext=20251226171529
2025-12-26 17:15:29.344 [INF] ❌ 부재중: 0315672278
