2026-01-29 00:02:05.270 +09:00 [INF] CTI Bridge 서비스 종료 중...
2026-01-29 00:02:05.273 +09:00 [INF] HTTP 서버 종료됨
2026-01-29 00:02:05.281 +09:00 [INF] [SendWorker] 전송 워커 종료
2026-01-29 00:02:05.281 +09:00 [INF] CTI Bridge 서비스 종료됨
2026-01-29 00:08:53.985 +09:00 [INF] CTI Bridge 서비스 시작 중...
2026-01-29 00:08:54.207 +09:00 [INF] CTI Bridge 서비스 시작 중...
2026-01-29 00:08:54.224 +09:00 [INF] 설정 파일에서 URL 로드: https://d-care-console.vercel.app
2026-01-29 00:08:54.254 +09:00 [INF] ═══════════════════════════════════════════════════════
2026-01-29 00:08:54.255 +09:00 [INF] 📡 HTTP 서버 시작: http://localhost:5080/
2026-01-29 00:08:54.256 +09:00 [INF]    발신 요청: POST /api/click-call
2026-01-29 00:08:54.256 +09:00 [INF]    상태 조회: GET /api/status
2026-01-29 00:08:54.256 +09:00 [INF] ═══════════════════════════════════════════════════════
2026-01-29 00:08:54.262 +09:00 [INF] CTI Bridge 서비스 실행 시작
2026-01-29 00:08:54.265 +09:00 [INF] SK CTI API 초기화 중...
2026-01-29 00:08:54.283 +09:00 [INF] CTI 초기화 성공
2026-01-29 00:08:54.490 +09:00 [INF] [이벤트] Svc=30, Evt=0x101, Res=0x0, Dn1=, Dn2=, Ext=
2026-01-29 00:08:54.490 +09:00 [INF] 서버 연결됨
2026-01-29 00:09:47.787 +09:00 [INF] [HTTP] GET /api/status
2026-01-29 00:09:52.770 +09:00 [INF] [HTTP] GET /api/status
2026-01-29 00:09:54.599 +09:00 [INF] 로그인 2차 재시도...
2026-01-29 00:09:56.299 +09:00 [INF] [이벤트] Svc=30, Evt=0x104, Res=0x0, Dn1=, Dn2=, Ext=
2026-01-29 00:09:56.300 +09:00 [INF] 로그인 완료
2026-01-29 00:09:56.300 +09:00 [INF] [이벤트] Svc=22, Evt=0x1, Res=0x0, Dn1=, Dn2=, Ext=
2026-01-29 00:09:57.769 +09:00 [INF] [HTTP] GET /api/status
2026-01-29 00:10:01.570 +09:00 [INF] CTI 로그인 성공
2026-01-29 00:10:01.570 +09:00 [INF] ═══════════════════════════════════════════════════════
2026-01-29 00:10:01.570 +09:00 [INF] 📋 Sub DN 목록 조회 시작 (가입자 소속 전화번호 확인)
2026-01-29 00:10:01.571 +09:00 [INF] 📋 Sub DN 목록 조회 요청 성공 - EVT_SUBS_DN_QRY(0x0107) 응답 대기
2026-01-29 00:10:01.571 +09:00 [INF] ═══════════════════════════════════════════════════════
2026-01-29 00:10:02.071 +09:00 [INF] ═══════════════════════════════════════════════════════
2026-01-29 00:10:02.071 +09:00 [INF] 📞 070 모니터링 번호 등록 시작
2026-01-29 00:10:02.071 +09:00 [INF] ✅ 070 모니터링 등록 요청 성공! (07047414202)
2026-01-29 00:10:02.071 +09:00 [INF]    → 070의 기본 사용자가 로그아웃/부재중일 때 이벤트 수신 가능
2026-01-29 00:10:02.071 +09:00 [INF] 📋 모니터링 목록 조회 요청 성공
2026-01-29 00:10:02.071 +09:00 [INF] ═══════════════════════════════════════════════════════
2026-01-29 00:10:02.072 +09:00 [INF] [이벤트] Svc=30, Evt=0x107, Res=0x0, Dn1=, Dn2=, Ext=07047414202
2026-01-29 00:10:02.072 +09:00 [INF] ═══════════════════════════════════════════════════════
2026-01-29 00:10:02.072 +09:00 [INF] 📋 [Sub DN 목록 응답] EVT_SUBS_DN_QRY (0x0107)
2026-01-29 00:10:02.072 +09:00 [INF] 📋 Result: 0x0
2026-01-29 00:10:02.072 +09:00 [INF] 📋 Dn1: 
2026-01-29 00:10:02.072 +09:00 [INF] 📋 Dn2: 
2026-01-29 00:10:02.072 +09:00 [INF] 📋 ExtInfo: 07047414202
2026-01-29 00:10:02.072 +09:00 [INF] ═══════════════════════════════════════════════════════
2026-01-29 00:10:02.072 +09:00 [INF] ✅ 070 번호가 Sub DN 목록에 포함되어 있습니다!
2026-01-29 00:10:02.076 +09:00 [INF] [SendWorker] 전송 워커 시작
2026-01-29 00:10:02.178 +09:00 [INF] [이벤트] Svc=30, Evt=0x109, Res=0x7000, Dn1=, Dn2=, Ext=07047414202
2026-01-29 00:10:02.178 +09:00 [INF] [이벤트] Svc=30, Evt=0x108, Res=0x0, Dn1=, Dn2=, Ext=07047414202
2026-01-29 00:10:02.769 +09:00 [INF] [HTTP] GET /api/status
2026-01-29 00:10:07.769 +09:00 [INF] [HTTP] GET /api/status
2026-01-29 00:10:12.769 +09:00 [INF] [HTTP] GET /api/status
2026-01-29 00:10:12.925 +09:00 [INF] [HTTP] POST /api/click-call
2026-01-29 00:10:12.930 +09:00 [INF] [ClickCall] 발신 요청: {"phoneNumber":"01030511241"}
2026-01-29 00:10:12.936 +09:00 [INF] ═══════════════════════════════════════════════════════
2026-01-29 00:10:12.936 +09:00 [INF] 📞 [ClickCall] 발신 시작
2026-01-29 00:10:12.936 +09:00 [INF]    발신자 (치과): 로그인 계정 기본번호 사용
2026-01-29 00:10:12.936 +09:00 [INF]    착신자 (환자): 01030511241
2026-01-29 00:10:12.936 +09:00 [INF] ═══════════════════════════════════════════════════════
2026-01-29 00:10:12.936 +09:00 [INF] ✅ [ClickCall] 시작 성공 - 치과 전화기가 울립니다!
2026-01-29 00:10:12.936 +09:00 [INF]    → 환자(01030511241)에게 전화를 겁니다
2026-01-29 00:10:12.972 +09:00 [INF] [이벤트] Svc=1, Evt=0x302, Res=0x0, Dn1=07047413805, Dn2=01030511241, Ext=
2026-01-29 00:10:12.972 +09:00 [INF] ═══════════════════════════════════════════════════════
2026-01-29 00:10:12.973 +09:00 [INF] [ClickCall 이벤트] Service=1, EvtType=0x302, Result=0x0
2026-01-29 00:10:12.973 +09:00 [INF] [ClickCall 이벤트] Dn1=07047413805, Dn2=01030511241
2026-01-29 00:10:12.973 +09:00 [INF] [ClickCall 이벤트] ExtInfo=
2026-01-29 00:10:12.973 +09:00 [INF] ═══════════════════════════════════════════════════════
2026-01-29 00:10:15.082 +09:00 [INF] [OutgoingCall] V2 callLogId 저장: 697a26d61e3a69f6b7cd4879
2026-01-29 00:10:15.082 +09:00 [INF] [SendWorker] 전송 성공: "OutgoingCall" 01030511241 (시도 1)
2026-01-29 00:10:17.770 +09:00 [INF] [HTTP] GET /api/status
2026-01-29 00:10:22.769 +09:00 [INF] [HTTP] GET /api/status
2026-01-29 00:10:27.770 +09:00 [INF] [HTTP] GET /api/status
2026-01-29 00:10:29.296 +09:00 [INF] [HTTP] GET /api/status
2026-01-29 00:10:34.294 +09:00 [INF] [HTTP] GET /api/status
2026-01-29 00:10:34.592 +09:00 [INF] [HTTP] GET /api/status
2026-01-29 00:10:34.801 +09:00 [INF] [HTTP] GET /api/status
2026-01-29 00:10:39.799 +09:00 [INF] [HTTP] GET /api/status
2026-01-29 00:10:44.801 +09:00 [INF] [HTTP] GET /api/status
2026-01-29 00:10:49.800 +09:00 [INF] [HTTP] GET /api/status
2026-01-29 00:10:54.800 +09:00 [INF] [HTTP] GET /api/status
2026-01-29 00:10:59.799 +09:00 [INF] [HTTP] GET /api/status
2026-01-29 00:11:04.799 +09:00 [INF] [HTTP] GET /api/status
2026-01-29 00:11:09.799 +09:00 [INF] [HTTP] GET /api/status
2026-01-29 00:11:10.547 +09:00 [INF] [HTTP] POST /api/click-call
2026-01-29 00:11:10.547 +09:00 [INF] [ClickCall] 발신 요청: {"phoneNumber":"01030511241"}
2026-01-29 00:11:14.799 +09:00 [INF] [HTTP] GET /api/status
2026-01-29 00:11:19.799 +09:00 [INF] [HTTP] GET /api/status
2026-01-29 00:11:24.801 +09:00 [INF] [HTTP] GET /api/status
2026-01-29 00:11:28.796 +09:00 [INF] [HTTP] POST /api/click-call
2026-01-29 00:11:28.796 +09:00 [INF] [ClickCall] 발신 요청: {"phoneNumber":"01076735218"}
2026-01-29 00:11:29.800 +09:00 [INF] [HTTP] GET /api/status
2026-01-29 00:11:34.800 +09:00 [INF] [HTTP] GET /api/status
2026-01-29 00:11:39.799 +09:00 [INF] [HTTP] GET /api/status
2026-01-29 00:11:44.799 +09:00 [INF] [HTTP] GET /api/status
2026-01-29 00:11:49.799 +09:00 [INF] [HTTP] GET /api/status
2026-01-29 00:11:54.800 +09:00 [INF] [HTTP] GET /api/status
2026-01-29 00:11:57.634 +09:00 [INF] [HTTP] POST /api/click-call
2026-01-29 00:11:57.634 +09:00 [INF] [ClickCall] 발신 요청: {"phoneNumber":"01076735218"}
2026-01-29 00:11:59.800 +09:00 [INF] [HTTP] GET /api/status
2026-01-29 00:12:04.800 +09:00 [INF] [HTTP] GET /api/status
2026-01-29 00:12:09.799 +09:00 [INF] [HTTP] GET /api/status
2026-01-29 00:12:13.099 +09:00 [INF] [이벤트] Svc=1, Evt=0x303, Res=0x800C, Dn1=01030511241, Dn2=, Ext=number=0315672278:status=NoAnswer^number=010305112
2026-01-29 00:12:13.099 +09:00 [INF] ═══════════════════════════════════════════════════════
2026-01-29 00:12:13.099 +09:00 [INF] [ClickCall 이벤트] Service=1, EvtType=0x303, Result=0x800C
2026-01-29 00:12:13.099 +09:00 [INF] [ClickCall 이벤트] Dn1=01030511241, Dn2=
2026-01-29 00:12:13.099 +09:00 [INF] [ClickCall 이벤트] ExtInfo=number=0315672278:status=NoAnswer^number=01030511241:status=ServiceCancel
2026-01-29 00:12:13.099 +09:00 [INF] ═══════════════════════════════════════════════════════
2026-01-29 00:12:13.663 +09:00 [INF] 📴 [ClickCall] 서비스 종료 이벤트 (EVT_STOP_SERVICE) - 상태 리셋
2026-01-29 00:12:13.663 +09:00 [INF] ✅ [ClickCall] 상태 리셋 완료 (종료 사유: service_stopped, 통화시간: 120초)
2026-01-29 00:12:13.663 +09:00 [INF] [이벤트] Svc=11, Evt=0x1, Res=0x0, Dn1=07047413805, Dn2=01030511241, Ext=20260129001213
2026-01-29 00:12:13.664 +09:00 [INF] 📱 통화 시작: 07047413805 → 01030511241 (착신번호 확정)
2026-01-29 00:12:13.664 +09:00 [INF] [이벤트] Svc=12, Evt=0x1, Res=0x0, Dn1=07047413805, Dn2=01030511241, Ext=20260129001213
2026-01-29 00:12:14.800 +09:00 [INF] [HTTP] GET /api/status
2026-01-29 00:12:15.461 +09:00 [INF] [SendWorker] 전송 성공: "CallLog" 01030511241 (시도 1)
2026-01-29 00:12:18.561 +09:00 [INF] [SendWorker] 전송 성공: "CallLog" 07047413805 (시도 1)
2026-01-29 00:12:19.800 +09:00 [INF] [HTTP] GET /api/status
2026-01-29 00:12:24.800 +09:00 [INF] [HTTP] GET /api/status
2026-01-29 00:12:29.800 +09:00 [INF] [HTTP] GET /api/status
2026-01-29 00:12:34.800 +09:00 [INF] [HTTP] GET /api/status
2026-01-29 00:12:39.799 +09:00 [INF] [HTTP] GET /api/status
2026-01-29 00:12:44.799 +09:00 [INF] [HTTP] GET /api/status
2026-01-29 00:12:49.800 +09:00 [INF] [HTTP] GET /api/status
2026-01-29 00:12:54.800 +09:00 [INF] [HTTP] GET /api/status
2026-01-29 00:12:59.800 +09:00 [INF] [HTTP] GET /api/status
2026-01-29 00:13:01.260 +09:00 [INF] [HTTP] POST /api/click-call
2026-01-29 00:13:01.260 +09:00 [INF] [ClickCall] 발신 요청: {"phoneNumber":"01076735218"}
2026-01-29 00:13:01.260 +09:00 [INF] ═══════════════════════════════════════════════════════
2026-01-29 00:13:01.260 +09:00 [INF] 📞 [ClickCall] 발신 시작
2026-01-29 00:13:01.260 +09:00 [INF]    발신자 (치과): 로그인 계정 기본번호 사용
2026-01-29 00:13:01.261 +09:00 [INF]    착신자 (환자): 01076735218
2026-01-29 00:13:01.261 +09:00 [INF] ═══════════════════════════════════════════════════════
2026-01-29 00:13:01.261 +09:00 [INF] ✅ [ClickCall] 시작 성공 - 치과 전화기가 울립니다!
2026-01-29 00:13:01.261 +09:00 [INF]    → 환자(01076735218)에게 전화를 겁니다
2026-01-29 00:13:01.288 +09:00 [INF] [이벤트] Svc=1, Evt=0x302, Res=0x0, Dn1=07047413805, Dn2=01076735218, Ext=
2026-01-29 00:13:01.288 +09:00 [INF] ═══════════════════════════════════════════════════════
2026-01-29 00:13:01.288 +09:00 [INF] [ClickCall 이벤트] Service=1, EvtType=0x302, Result=0x0
2026-01-29 00:13:01.288 +09:00 [INF] [ClickCall 이벤트] Dn1=07047413805, Dn2=01076735218
2026-01-29 00:13:01.288 +09:00 [INF] [ClickCall 이벤트] ExtInfo=
2026-01-29 00:13:01.288 +09:00 [INF] ═══════════════════════════════════════════════════════
2026-01-29 00:13:02.281 +09:00 [INF] [OutgoingCall] V2 callLogId 저장: 697a277e7618dbf512568be5
2026-01-29 00:13:02.281 +09:00 [INF] [SendWorker] 전송 성공: "OutgoingCall" 01076735218 (시도 1)
2026-01-29 00:13:04.800 +09:00 [INF] [HTTP] GET /api/status
2026-01-29 00:13:09.800 +09:00 [INF] [HTTP] GET /api/status
2026-01-29 00:13:14.799 +09:00 [INF] [HTTP] GET /api/status
2026-01-29 00:13:19.799 +09:00 [INF] [HTTP] GET /api/status
2026-01-29 00:13:24.800 +09:00 [INF] [HTTP] GET /api/status
2026-01-29 00:13:29.800 +09:00 [INF] [HTTP] GET /api/status
2026-01-29 00:13:34.800 +09:00 [INF] [HTTP] GET /api/status
2026-01-29 00:13:39.811 +09:00 [INF] [HTTP] GET /api/status
2026-01-29 00:13:44.800 +09:00 [INF] [HTTP] GET /api/status
2026-01-29 00:13:49.800 +09:00 [INF] [HTTP] GET /api/status
2026-01-29 00:13:54.801 +09:00 [INF] [HTTP] GET /api/status
2026-01-29 00:13:59.799 +09:00 [INF] [HTTP] GET /api/status
2026-01-29 00:14:04.800 +09:00 [INF] [HTTP] GET /api/status
2026-01-29 00:14:09.799 +09:00 [INF] [HTTP] GET /api/status
2026-01-29 00:14:14.800 +09:00 [INF] [HTTP] GET /api/status
2026-01-29 00:14:19.800 +09:00 [INF] [HTTP] GET /api/status
2026-01-29 00:14:24.799 +09:00 [INF] [HTTP] GET /api/status
2026-01-29 00:14:29.800 +09:00 [INF] [HTTP] GET /api/status
2026-01-29 00:14:34.799 +09:00 [INF] [HTTP] GET /api/status
2026-01-29 00:14:39.800 +09:00 [INF] [HTTP] GET /api/status
2026-01-29 00:14:44.800 +09:00 [INF] [HTTP] GET /api/status
2026-01-29 00:14:49.799 +09:00 [INF] [HTTP] GET /api/status
2026-01-29 00:14:54.800 +09:00 [INF] [HTTP] GET /api/status
2026-01-29 00:14:59.799 +09:00 [INF] [HTTP] GET /api/status
2026-01-29 00:15:01.463 +09:00 [INF] [이벤트] Svc=11, Evt=0x1, Res=0x0, Dn1=07047413805, Dn2=01076735218, Ext=20260129001501
2026-01-29 00:15:01.463 +09:00 [INF] [이벤트] Svc=1, Evt=0x303, Res=0x800C, Dn1=01076735218, Dn2=, Ext=number=0315672278:status=NoAnswer^number=010767352
2026-01-29 00:15:01.463 +09:00 [INF] ═══════════════════════════════════════════════════════
2026-01-29 00:15:01.463 +09:00 [INF] [ClickCall 이벤트] Service=1, EvtType=0x303, Result=0x800C
2026-01-29 00:15:01.463 +09:00 [INF] [ClickCall 이벤트] Dn1=01076735218, Dn2=
2026-01-29 00:15:01.464 +09:00 [INF] [ClickCall 이벤트] ExtInfo=number=0315672278:status=NoAnswer^number=01076735218:status=ServiceCancel
2026-01-29 00:15:01.464 +09:00 [INF] ═══════════════════════════════════════════════════════
2026-01-29 00:15:01.464 +09:00 [INF] 📴 [ClickCall] 서비스 종료 이벤트 (EVT_STOP_SERVICE) - 상태 리셋
2026-01-29 00:15:01.464 +09:00 [INF] ✅ [ClickCall] 상태 리셋 완료 (종료 사유: service_stopped, 통화시간: 120초)
2026-01-29 00:15:01.464 +09:00 [INF] [이벤트] Svc=12, Evt=0x1, Res=0x0, Dn1=07047413805, Dn2=01076735218, Ext=20260129001501
2026-01-29 00:15:03.015 +09:00 [INF] [SendWorker] 전송 성공: "CallLog" 01076735218 (시도 1)
2026-01-29 00:15:04.800 +09:00 [INF] [HTTP] GET /api/status
2026-01-29 00:15:09.800 +09:00 [INF] [HTTP] GET /api/status
2026-01-29 00:15:15.149 +09:00 [INF] [HTTP] GET /api/status
2026-01-29 00:15:20.150 +09:00 [INF] [HTTP] GET /api/status
2026-01-29 00:15:25.150 +09:00 [INF] [HTTP] GET /api/status
2026-01-29 00:15:30.150 +09:00 [INF] [HTTP] GET /api/status
2026-01-29 00:15:35.150 +09:00 [INF] [HTTP] GET /api/status
