2026-02-15 18:51:52.190 +09:00 [INF] CTI Bridge 서비스 시작 중...
2026-02-15 18:51:52.980 +09:00 [INF] CTI Bridge 서비스 시작 중...
2026-02-15 18:51:53.040 +09:00 [INF] 설정 파일에서 URL 로드: https://d-care-console.vercel.app
2026-02-15 18:51:53.144 +09:00 [INF] ═══════════════════════════════════════════════════════
2026-02-15 18:51:53.145 +09:00 [INF] 📡 HTTP 서버 시작: http://localhost:5080/
2026-02-15 18:51:53.146 +09:00 [INF]    발신 요청: POST /api/click-call
2026-02-15 18:51:53.146 +09:00 [INF]    상태 조회: GET /api/status
2026-02-15 18:51:53.146 +09:00 [INF] ═══════════════════════════════════════════════════════
2026-02-15 18:51:53.153 +09:00 [INF] CTI Bridge 서비스 실행 시작
2026-02-15 18:51:53.157 +09:00 [INF] SK CTI API 초기화 중...
2026-02-15 18:51:53.206 +09:00 [INF] CTI 초기화 성공
2026-02-15 18:51:53.207 +09:00 [WRN] 로그인 요청 실패 (코드: 0x8014)
2026-02-15 18:51:53.213 +09:00 [INF] 로그인 2차 재시도...
2026-02-15 18:51:54.722 +09:00 [WRN] 로그인 요청 실패 (코드: 0x8014)
2026-02-15 18:51:54.723 +09:00 [INF] 로그인 3차 재시도...
2026-02-15 18:51:56.243 +09:00 [WRN] 로그인 요청 실패 (코드: 0x8014)
2026-02-15 18:51:56.244 +09:00 [ERR] CTI 로그인 실패
2026-02-15 18:51:56.246 +09:00 [ERR] CTI 초기 연결 실패 - 자동 재연결 예정
2026-02-15 18:51:56.247 +09:00 [WRN] CTI 재연결 시도...
2026-02-15 18:51:56.251 +09:00 [INF] [SendWorker] 전송 워커 시작
2026-02-15 18:51:58.340 +09:00 [INF] SK CTI API 초기화 중...
2026-02-15 18:51:58.397 +09:00 [INF] CTI 초기화 성공
2026-02-15 18:51:59.749 +09:00 [INF] [이벤트] Svc=30, Evt=0x101, Res=0x0, Dn1=, Dn2=, Ext=
2026-02-15 18:51:59.749 +09:00 [INF] 서버 연결됨
2026-02-15 18:52:58.756 +09:00 [INF] 로그인 2차 재시도...
2026-02-15 18:53:00.457 +09:00 [INF] [이벤트] Svc=30, Evt=0x104, Res=0x0, Dn1=, Dn2=, Ext=
2026-02-15 18:53:00.457 +09:00 [INF] 로그인 완료
2026-02-15 18:53:00.457 +09:00 [INF] [이벤트] Svc=22, Evt=0x1, Res=0x0, Dn1=, Dn2=, Ext=
2026-02-15 18:53:05.737 +09:00 [INF] CTI 로그인 성공
2026-02-15 18:53:05.737 +09:00 [INF] ═══════════════════════════════════════════════════════
2026-02-15 18:53:05.737 +09:00 [INF] 📋 Sub DN 목록 조회 시작 (가입자 소속 전화번호 확인)
2026-02-15 18:53:05.737 +09:00 [INF] 📋 Sub DN 목록 조회 요청 성공 - EVT_SUBS_DN_QRY(0x0107) 응답 대기
2026-02-15 18:53:05.737 +09:00 [INF] ═══════════════════════════════════════════════════════
2026-02-15 18:53:06.238 +09:00 [INF] ═══════════════════════════════════════════════════════
2026-02-15 18:53:06.238 +09:00 [INF] 📞 070 모니터링 번호 등록 시작
2026-02-15 18:53:06.238 +09:00 [INF] ✅ 070 모니터링 등록 요청 성공! (07047414202)
2026-02-15 18:53:06.238 +09:00 [INF]    → 070의 기본 사용자가 로그아웃/부재중일 때 이벤트 수신 가능
2026-02-15 18:53:06.238 +09:00 [INF] 📋 모니터링 목록 조회 요청 성공
2026-02-15 18:53:06.238 +09:00 [INF] ═══════════════════════════════════════════════════════
2026-02-15 18:53:06.238 +09:00 [INF] CTI 재연결 성공
2026-02-15 18:53:06.238 +09:00 [INF] [이벤트] Svc=30, Evt=0x107, Res=0x0, Dn1=, Dn2=, Ext=07047414202
2026-02-15 18:53:06.238 +09:00 [INF] ═══════════════════════════════════════════════════════
2026-02-15 18:53:06.238 +09:00 [INF] 📋 [Sub DN 목록 응답] EVT_SUBS_DN_QRY (0x0107)
2026-02-15 18:53:06.238 +09:00 [INF] 📋 Result: 0x0
2026-02-15 18:53:06.238 +09:00 [INF] 📋 Dn1: 
2026-02-15 18:53:06.238 +09:00 [INF] 📋 Dn2: 
2026-02-15 18:53:06.239 +09:00 [INF] 📋 ExtInfo: 07047414202
2026-02-15 18:53:06.239 +09:00 [INF] ═══════════════════════════════════════════════════════
2026-02-15 18:53:06.239 +09:00 [INF] ✅ 070 번호가 Sub DN 목록에 포함되어 있습니다!
2026-02-15 18:53:06.344 +09:00 [INF] [이벤트] Svc=30, Evt=0x109, Res=0x7000, Dn1=, Dn2=, Ext=07047414202
2026-02-15 18:53:06.344 +09:00 [INF] [이벤트] Svc=30, Evt=0x108, Res=0x0, Dn1=, Dn2=, Ext=07047414202
2026-02-15 18:56:06.333 +09:00 [INF] [HealthCheck] 세션 정상
2026-02-15 18:56:06.434 +09:00 [INF] [이벤트] Svc=30, Evt=0x107, Res=0x0, Dn1=, Dn2=, Ext=07047414202
2026-02-15 18:56:06.434 +09:00 [INF] ═══════════════════════════════════════════════════════
2026-02-15 18:56:06.434 +09:00 [INF] 📋 [Sub DN 목록 응답] EVT_SUBS_DN_QRY (0x0107)
2026-02-15 18:56:06.434 +09:00 [INF] 📋 Result: 0x0
2026-02-15 18:56:06.434 +09:00 [INF] 📋 Dn1: 
2026-02-15 18:56:06.434 +09:00 [INF] 📋 Dn2: 
2026-02-15 18:56:06.434 +09:00 [INF] 📋 ExtInfo: 07047414202
2026-02-15 18:56:06.434 +09:00 [INF] ═══════════════════════════════════════════════════════
2026-02-15 18:56:06.434 +09:00 [INF] ✅ 070 번호가 Sub DN 목록에 포함되어 있습니다!
2026-02-15 18:59:06.411 +09:00 [INF] [HealthCheck] 세션 정상
2026-02-15 18:59:06.512 +09:00 [INF] [이벤트] Svc=30, Evt=0x107, Res=0x0, Dn1=, Dn2=, Ext=07047414202
2026-02-15 18:59:06.512 +09:00 [INF] ═══════════════════════════════════════════════════════
2026-02-15 18:59:06.512 +09:00 [INF] 📋 [Sub DN 목록 응답] EVT_SUBS_DN_QRY (0x0107)
2026-02-15 18:59:06.512 +09:00 [INF] 📋 Result: 0x0
2026-02-15 18:59:06.512 +09:00 [INF] 📋 Dn1: 
2026-02-15 18:59:06.512 +09:00 [INF] 📋 Dn2: 
2026-02-15 18:59:06.512 +09:00 [INF] 📋 ExtInfo: 07047414202
2026-02-15 18:59:06.512 +09:00 [INF] ═══════════════════════════════════════════════════════
2026-02-15 18:59:06.512 +09:00 [INF] ✅ 070 번호가 Sub DN 목록에 포함되어 있습니다!
2026-02-15 19:02:06.470 +09:00 [INF] [HealthCheck] 세션 정상
2026-02-15 19:02:06.571 +09:00 [INF] [이벤트] Svc=30, Evt=0x107, Res=0x0, Dn1=, Dn2=, Ext=07047414202
2026-02-15 19:02:06.571 +09:00 [INF] ═══════════════════════════════════════════════════════
2026-02-15 19:02:06.571 +09:00 [INF] 📋 [Sub DN 목록 응답] EVT_SUBS_DN_QRY (0x0107)
2026-02-15 19:02:06.571 +09:00 [INF] 📋 Result: 0x0
2026-02-15 19:02:06.571 +09:00 [INF] 📋 Dn1: 
2026-02-15 19:02:06.572 +09:00 [INF] 📋 Dn2: 
2026-02-15 19:02:06.572 +09:00 [INF] 📋 ExtInfo: 07047414202
2026-02-15 19:02:06.572 +09:00 [INF] ═══════════════════════════════════════════════════════
2026-02-15 19:02:06.572 +09:00 [INF] ✅ 070 번호가 Sub DN 목록에 포함되어 있습니다!
2026-02-15 19:05:06.571 +09:00 [INF] [HealthCheck] 세션 정상
2026-02-15 19:05:06.671 +09:00 [INF] [이벤트] Svc=30, Evt=0x107, Res=0x0, Dn1=, Dn2=, Ext=07047414202
2026-02-15 19:05:06.672 +09:00 [INF] ═══════════════════════════════════════════════════════
2026-02-15 19:05:06.672 +09:00 [INF] 📋 [Sub DN 목록 응답] EVT_SUBS_DN_QRY (0x0107)
2026-02-15 19:05:06.672 +09:00 [INF] 📋 Result: 0x0
2026-02-15 19:05:06.672 +09:00 [INF] 📋 Dn1: 
2026-02-15 19:05:06.672 +09:00 [INF] 📋 Dn2: 
2026-02-15 19:05:06.672 +09:00 [INF] 📋 ExtInfo: 07047414202
2026-02-15 19:05:06.672 +09:00 [INF] ═══════════════════════════════════════════════════════
2026-02-15 19:05:06.672 +09:00 [INF] ✅ 070 번호가 Sub DN 목록에 포함되어 있습니다!
2026-02-15 19:08:06.658 +09:00 [INF] [HealthCheck] 세션 정상
2026-02-15 19:08:06.759 +09:00 [INF] [이벤트] Svc=30, Evt=0x107, Res=0x0, Dn1=, Dn2=, Ext=07047414202
2026-02-15 19:08:06.759 +09:00 [INF] ═══════════════════════════════════════════════════════
2026-02-15 19:08:06.759 +09:00 [INF] 📋 [Sub DN 목록 응답] EVT_SUBS_DN_QRY (0x0107)
2026-02-15 19:08:06.759 +09:00 [INF] 📋 Result: 0x0
2026-02-15 19:08:06.759 +09:00 [INF] 📋 Dn1: 
2026-02-15 19:08:06.759 +09:00 [INF] 📋 Dn2: 
2026-02-15 19:08:06.759 +09:00 [INF] 📋 ExtInfo: 07047414202
2026-02-15 19:08:06.759 +09:00 [INF] ═══════════════════════════════════════════════════════
2026-02-15 19:08:06.759 +09:00 [INF] ✅ 070 번호가 Sub DN 목록에 포함되어 있습니다!
2026-02-15 19:11:06.731 +09:00 [INF] [HealthCheck] 세션 정상
2026-02-15 19:11:06.832 +09:00 [INF] [이벤트] Svc=30, Evt=0x107, Res=0x0, Dn1=, Dn2=, Ext=07047414202
2026-02-15 19:11:06.832 +09:00 [INF] ═══════════════════════════════════════════════════════
2026-02-15 19:11:06.832 +09:00 [INF] 📋 [Sub DN 목록 응답] EVT_SUBS_DN_QRY (0x0107)
2026-02-15 19:11:06.832 +09:00 [INF] 📋 Result: 0x0
2026-02-15 19:11:06.832 +09:00 [INF] 📋 Dn1: 
2026-02-15 19:11:06.832 +09:00 [INF] 📋 Dn2: 
2026-02-15 19:11:06.832 +09:00 [INF] 📋 ExtInfo: 07047414202
2026-02-15 19:11:06.832 +09:00 [INF] ═══════════════════════════════════════════════════════
2026-02-15 19:11:06.832 +09:00 [INF] ✅ 070 번호가 Sub DN 목록에 포함되어 있습니다!
2026-02-15 19:14:06.815 +09:00 [INF] [HealthCheck] 세션 정상
2026-02-15 19:14:06.916 +09:00 [INF] [이벤트] Svc=30, Evt=0x107, Res=0x0, Dn1=, Dn2=, Ext=07047414202
2026-02-15 19:14:06.916 +09:00 [INF] ═══════════════════════════════════════════════════════
2026-02-15 19:14:06.916 +09:00 [INF] 📋 [Sub DN 목록 응답] EVT_SUBS_DN_QRY (0x0107)
2026-02-15 19:14:06.916 +09:00 [INF] 📋 Result: 0x0
2026-02-15 19:14:06.916 +09:00 [INF] 📋 Dn1: 
2026-02-15 19:14:06.916 +09:00 [INF] 📋 Dn2: 
2026-02-15 19:14:06.916 +09:00 [INF] 📋 ExtInfo: 07047414202
2026-02-15 19:14:06.916 +09:00 [INF] ═══════════════════════════════════════════════════════
2026-02-15 19:14:06.916 +09:00 [INF] ✅ 070 번호가 Sub DN 목록에 포함되어 있습니다!
2026-02-15 19:17:06.881 +09:00 [INF] [HealthCheck] 세션 정상
2026-02-15 19:17:06.981 +09:00 [INF] [이벤트] Svc=30, Evt=0x107, Res=0x0, Dn1=, Dn2=, Ext=07047414202
2026-02-15 19:17:06.981 +09:00 [INF] ═══════════════════════════════════════════════════════
2026-02-15 19:17:06.981 +09:00 [INF] 📋 [Sub DN 목록 응답] EVT_SUBS_DN_QRY (0x0107)
2026-02-15 19:17:06.981 +09:00 [INF] 📋 Result: 0x0
2026-02-15 19:17:06.981 +09:00 [INF] 📋 Dn1: 
2026-02-15 19:17:06.981 +09:00 [INF] 📋 Dn2: 
2026-02-15 19:17:06.981 +09:00 [INF] 📋 ExtInfo: 07047414202
2026-02-15 19:17:06.982 +09:00 [INF] ═══════════════════════════════════════════════════════
2026-02-15 19:17:06.982 +09:00 [INF] ✅ 070 번호가 Sub DN 목록에 포함되어 있습니다!
2026-02-15 19:20:06.952 +09:00 [INF] [HealthCheck] 세션 정상
2026-02-15 19:20:07.054 +09:00 [INF] [이벤트] Svc=30, Evt=0x107, Res=0x0, Dn1=, Dn2=, Ext=07047414202
2026-02-15 19:20:07.054 +09:00 [INF] ═══════════════════════════════════════════════════════
2026-02-15 19:20:07.054 +09:00 [INF] 📋 [Sub DN 목록 응답] EVT_SUBS_DN_QRY (0x0107)
2026-02-15 19:20:07.054 +09:00 [INF] 📋 Result: 0x0
2026-02-15 19:20:07.054 +09:00 [INF] 📋 Dn1: 
2026-02-15 19:20:07.054 +09:00 [INF] 📋 Dn2: 
2026-02-15 19:20:07.054 +09:00 [INF] 📋 ExtInfo: 07047414202
2026-02-15 19:20:07.054 +09:00 [INF] ═══════════════════════════════════════════════════════
2026-02-15 19:20:07.054 +09:00 [INF] ✅ 070 번호가 Sub DN 목록에 포함되어 있습니다!
2026-02-15 19:23:07.032 +09:00 [INF] [HealthCheck] 세션 정상
2026-02-15 19:23:07.133 +09:00 [INF] [이벤트] Svc=30, Evt=0x107, Res=0x0, Dn1=, Dn2=, Ext=07047414202
2026-02-15 19:23:07.133 +09:00 [INF] ═══════════════════════════════════════════════════════
2026-02-15 19:23:07.133 +09:00 [INF] 📋 [Sub DN 목록 응답] EVT_SUBS_DN_QRY (0x0107)
2026-02-15 19:23:07.133 +09:00 [INF] 📋 Result: 0x0
2026-02-15 19:23:07.133 +09:00 [INF] 📋 Dn1: 
2026-02-15 19:23:07.133 +09:00 [INF] 📋 Dn2: 
2026-02-15 19:23:07.133 +09:00 [INF] 📋 ExtInfo: 07047414202
2026-02-15 19:23:07.133 +09:00 [INF] ═══════════════════════════════════════════════════════
2026-02-15 19:23:07.133 +09:00 [INF] ✅ 070 번호가 Sub DN 목록에 포함되어 있습니다!
2026-02-15 19:26:07.103 +09:00 [INF] [HealthCheck] 세션 정상
2026-02-15 19:26:07.203 +09:00 [INF] [이벤트] Svc=30, Evt=0x107, Res=0x0, Dn1=, Dn2=, Ext=07047414202
2026-02-15 19:26:07.203 +09:00 [INF] ═══════════════════════════════════════════════════════
2026-02-15 19:26:07.203 +09:00 [INF] 📋 [Sub DN 목록 응답] EVT_SUBS_DN_QRY (0x0107)
2026-02-15 19:26:07.203 +09:00 [INF] 📋 Result: 0x0
2026-02-15 19:26:07.203 +09:00 [INF] 📋 Dn1: 
2026-02-15 19:26:07.203 +09:00 [INF] 📋 Dn2: 
2026-02-15 19:26:07.203 +09:00 [INF] 📋 ExtInfo: 07047414202
2026-02-15 19:26:07.203 +09:00 [INF] ═══════════════════════════════════════════════════════
2026-02-15 19:26:07.203 +09:00 [INF] ✅ 070 번호가 Sub DN 목록에 포함되어 있습니다!
2026-02-15 19:29:07.171 +09:00 [INF] [HealthCheck] 세션 정상
2026-02-15 19:29:07.272 +09:00 [INF] [이벤트] Svc=30, Evt=0x107, Res=0x0, Dn1=, Dn2=, Ext=07047414202
2026-02-15 19:29:07.272 +09:00 [INF] ═══════════════════════════════════════════════════════
2026-02-15 19:29:07.272 +09:00 [INF] 📋 [Sub DN 목록 응답] EVT_SUBS_DN_QRY (0x0107)
2026-02-15 19:29:07.272 +09:00 [INF] 📋 Result: 0x0
2026-02-15 19:29:07.272 +09:00 [INF] 📋 Dn1: 
2026-02-15 19:29:07.272 +09:00 [INF] 📋 Dn2: 
2026-02-15 19:29:07.272 +09:00 [INF] 📋 ExtInfo: 07047414202
2026-02-15 19:29:07.272 +09:00 [INF] ═══════════════════════════════════════════════════════
2026-02-15 19:29:07.272 +09:00 [INF] ✅ 070 번호가 Sub DN 목록에 포함되어 있습니다!
2026-02-15 19:32:07.238 +09:00 [INF] [HealthCheck] 세션 정상
2026-02-15 19:32:07.340 +09:00 [INF] [이벤트] Svc=30, Evt=0x107, Res=0x0, Dn1=, Dn2=, Ext=07047414202
2026-02-15 19:32:07.340 +09:00 [INF] ═══════════════════════════════════════════════════════
2026-02-15 19:32:07.340 +09:00 [INF] 📋 [Sub DN 목록 응답] EVT_SUBS_DN_QRY (0x0107)
2026-02-15 19:32:07.340 +09:00 [INF] 📋 Result: 0x0
2026-02-15 19:32:07.340 +09:00 [INF] 📋 Dn1: 
2026-02-15 19:32:07.340 +09:00 [INF] 📋 Dn2: 
2026-02-15 19:32:07.340 +09:00 [INF] 📋 ExtInfo: 07047414202
2026-02-15 19:32:07.340 +09:00 [INF] ═══════════════════════════════════════════════════════
2026-02-15 19:32:07.340 +09:00 [INF] ✅ 070 번호가 Sub DN 목록에 포함되어 있습니다!
2026-02-15 19:35:07.278 +09:00 [INF] [HealthCheck] 세션 정상
2026-02-15 19:35:07.379 +09:00 [INF] [이벤트] Svc=30, Evt=0x107, Res=0x0, Dn1=, Dn2=, Ext=07047414202
2026-02-15 19:35:07.379 +09:00 [INF] ═══════════════════════════════════════════════════════
2026-02-15 19:35:07.379 +09:00 [INF] 📋 [Sub DN 목록 응답] EVT_SUBS_DN_QRY (0x0107)
2026-02-15 19:35:07.379 +09:00 [INF] 📋 Result: 0x0
2026-02-15 19:35:07.379 +09:00 [INF] 📋 Dn1: 
2026-02-15 19:35:07.379 +09:00 [INF] 📋 Dn2: 
2026-02-15 19:35:07.379 +09:00 [INF] 📋 ExtInfo: 07047414202
2026-02-15 19:35:07.379 +09:00 [INF] ═══════════════════════════════════════════════════════
2026-02-15 19:35:07.379 +09:00 [INF] ✅ 070 번호가 Sub DN 목록에 포함되어 있습니다!
2026-02-15 19:38:07.365 +09:00 [INF] [HealthCheck] 세션 정상
2026-02-15 19:38:07.465 +09:00 [INF] [이벤트] Svc=30, Evt=0x107, Res=0x0, Dn1=, Dn2=, Ext=07047414202
2026-02-15 19:38:07.465 +09:00 [INF] ═══════════════════════════════════════════════════════
2026-02-15 19:38:07.465 +09:00 [INF] 📋 [Sub DN 목록 응답] EVT_SUBS_DN_QRY (0x0107)
2026-02-15 19:38:07.465 +09:00 [INF] 📋 Result: 0x0
2026-02-15 19:38:07.465 +09:00 [INF] 📋 Dn1: 
2026-02-15 19:38:07.465 +09:00 [INF] 📋 Dn2: 
2026-02-15 19:38:07.465 +09:00 [INF] 📋 ExtInfo: 07047414202
2026-02-15 19:38:07.465 +09:00 [INF] ═══════════════════════════════════════════════════════
2026-02-15 19:38:07.465 +09:00 [INF] ✅ 070 번호가 Sub DN 목록에 포함되어 있습니다!
2026-02-15 19:41:07.447 +09:00 [INF] [HealthCheck] 세션 정상
2026-02-15 19:41:07.547 +09:00 [INF] [이벤트] Svc=30, Evt=0x107, Res=0x0, Dn1=, Dn2=, Ext=07047414202
2026-02-15 19:41:07.547 +09:00 [INF] ═══════════════════════════════════════════════════════
2026-02-15 19:41:07.547 +09:00 [INF] 📋 [Sub DN 목록 응답] EVT_SUBS_DN_QRY (0x0107)
2026-02-15 19:41:07.547 +09:00 [INF] 📋 Result: 0x0
2026-02-15 19:41:07.547 +09:00 [INF] 📋 Dn1: 
2026-02-15 19:41:07.547 +09:00 [INF] 📋 Dn2: 
2026-02-15 19:41:07.547 +09:00 [INF] 📋 ExtInfo: 07047414202
2026-02-15 19:41:07.547 +09:00 [INF] ═══════════════════════════════════════════════════════
2026-02-15 19:41:07.547 +09:00 [INF] ✅ 070 번호가 Sub DN 목록에 포함되어 있습니다!
2026-02-15 19:44:07.526 +09:00 [INF] [HealthCheck] 세션 정상
2026-02-15 19:44:07.627 +09:00 [INF] [이벤트] Svc=30, Evt=0x107, Res=0x0, Dn1=, Dn2=, Ext=07047414202
2026-02-15 19:44:07.627 +09:00 [INF] ═══════════════════════════════════════════════════════
2026-02-15 19:44:07.627 +09:00 [INF] 📋 [Sub DN 목록 응답] EVT_SUBS_DN_QRY (0x0107)
2026-02-15 19:44:07.627 +09:00 [INF] 📋 Result: 0x0
2026-02-15 19:44:07.627 +09:00 [INF] 📋 Dn1: 
2026-02-15 19:44:07.627 +09:00 [INF] 📋 Dn2: 
2026-02-15 19:44:07.627 +09:00 [INF] 📋 ExtInfo: 07047414202
2026-02-15 19:44:07.627 +09:00 [INF] ═══════════════════════════════════════════════════════
2026-02-15 19:44:07.627 +09:00 [INF] ✅ 070 번호가 Sub DN 목록에 포함되어 있습니다!
2026-02-15 19:47:07.589 +09:00 [INF] [HealthCheck] 세션 정상
2026-02-15 19:47:07.689 +09:00 [INF] [이벤트] Svc=30, Evt=0x107, Res=0x0, Dn1=, Dn2=, Ext=07047414202
2026-02-15 19:47:07.689 +09:00 [INF] ═══════════════════════════════════════════════════════
2026-02-15 19:47:07.689 +09:00 [INF] 📋 [Sub DN 목록 응답] EVT_SUBS_DN_QRY (0x0107)
2026-02-15 19:47:07.689 +09:00 [INF] 📋 Result: 0x0
2026-02-15 19:47:07.689 +09:00 [INF] 📋 Dn1: 
2026-02-15 19:47:07.689 +09:00 [INF] 📋 Dn2: 
2026-02-15 19:47:07.689 +09:00 [INF] 📋 ExtInfo: 07047414202
2026-02-15 19:47:07.689 +09:00 [INF] ═══════════════════════════════════════════════════════
2026-02-15 19:47:07.689 +09:00 [INF] ✅ 070 번호가 Sub DN 목록에 포함되어 있습니다!
2026-02-15 19:50:07.662 +09:00 [INF] [HealthCheck] 세션 정상
2026-02-15 19:50:07.762 +09:00 [INF] [이벤트] Svc=30, Evt=0x107, Res=0x0, Dn1=, Dn2=, Ext=07047414202
2026-02-15 19:50:07.762 +09:00 [INF] ═══════════════════════════════════════════════════════
2026-02-15 19:50:07.762 +09:00 [INF] 📋 [Sub DN 목록 응답] EVT_SUBS_DN_QRY (0x0107)
2026-02-15 19:50:07.762 +09:00 [INF] 📋 Result: 0x0
2026-02-15 19:50:07.762 +09:00 [INF] 📋 Dn1: 
2026-02-15 19:50:07.762 +09:00 [INF] 📋 Dn2: 
2026-02-15 19:50:07.763 +09:00 [INF] 📋 ExtInfo: 07047414202
2026-02-15 19:50:07.763 +09:00 [INF] ═══════════════════════════════════════════════════════
2026-02-15 19:50:07.763 +09:00 [INF] ✅ 070 번호가 Sub DN 목록에 포함되어 있습니다!
2026-02-15 19:53:07.752 +09:00 [INF] [HealthCheck] 세션 정상
2026-02-15 19:53:07.854 +09:00 [INF] [이벤트] Svc=30, Evt=0x107, Res=0x0, Dn1=, Dn2=, Ext=07047414202
2026-02-15 19:53:07.854 +09:00 [INF] ═══════════════════════════════════════════════════════
2026-02-15 19:53:07.854 +09:00 [INF] 📋 [Sub DN 목록 응답] EVT_SUBS_DN_QRY (0x0107)
2026-02-15 19:53:07.854 +09:00 [INF] 📋 Result: 0x0
2026-02-15 19:53:07.854 +09:00 [INF] 📋 Dn1: 
2026-02-15 19:53:07.854 +09:00 [INF] 📋 Dn2: 
2026-02-15 19:53:07.854 +09:00 [INF] 📋 ExtInfo: 07047414202
2026-02-15 19:53:07.854 +09:00 [INF] ═══════════════════════════════════════════════════════
2026-02-15 19:53:07.854 +09:00 [INF] ✅ 070 번호가 Sub DN 목록에 포함되어 있습니다!
2026-02-15 19:56:07.824 +09:00 [INF] [HealthCheck] 세션 정상
2026-02-15 19:56:07.925 +09:00 [INF] [이벤트] Svc=30, Evt=0x107, Res=0x0, Dn1=, Dn2=, Ext=07047414202
2026-02-15 19:56:07.925 +09:00 [INF] ═══════════════════════════════════════════════════════
2026-02-15 19:56:07.925 +09:00 [INF] 📋 [Sub DN 목록 응답] EVT_SUBS_DN_QRY (0x0107)
2026-02-15 19:56:07.925 +09:00 [INF] 📋 Result: 0x0
2026-02-15 19:56:07.925 +09:00 [INF] 📋 Dn1: 
2026-02-15 19:56:07.925 +09:00 [INF] 📋 Dn2: 
2026-02-15 19:56:07.925 +09:00 [INF] 📋 ExtInfo: 07047414202
2026-02-15 19:56:07.925 +09:00 [INF] ═══════════════════════════════════════════════════════
2026-02-15 19:56:07.925 +09:00 [INF] ✅ 070 번호가 Sub DN 목록에 포함되어 있습니다!
2026-02-15 19:59:07.908 +09:00 [INF] [HealthCheck] 세션 정상
2026-02-15 19:59:08.008 +09:00 [INF] [이벤트] Svc=30, Evt=0x107, Res=0x0, Dn1=, Dn2=, Ext=07047414202
2026-02-15 19:59:08.008 +09:00 [INF] ═══════════════════════════════════════════════════════
2026-02-15 19:59:08.008 +09:00 [INF] 📋 [Sub DN 목록 응답] EVT_SUBS_DN_QRY (0x0107)
2026-02-15 19:59:08.008 +09:00 [INF] 📋 Result: 0x0
2026-02-15 19:59:08.008 +09:00 [INF] 📋 Dn1: 
2026-02-15 19:59:08.008 +09:00 [INF] 📋 Dn2: 
2026-02-15 19:59:08.008 +09:00 [INF] 📋 ExtInfo: 07047414202
2026-02-15 19:59:08.008 +09:00 [INF] ═══════════════════════════════════════════════════════
2026-02-15 19:59:08.008 +09:00 [INF] ✅ 070 번호가 Sub DN 목록에 포함되어 있습니다!
2026-02-15 20:02:07.997 +09:00 [INF] [HealthCheck] 세션 정상
2026-02-15 20:02:08.097 +09:00 [INF] [이벤트] Svc=30, Evt=0x107, Res=0x0, Dn1=, Dn2=, Ext=07047414202
2026-02-15 20:02:08.097 +09:00 [INF] ═══════════════════════════════════════════════════════
2026-02-15 20:02:08.097 +09:00 [INF] 📋 [Sub DN 목록 응답] EVT_SUBS_DN_QRY (0x0107)
2026-02-15 20:02:08.097 +09:00 [INF] 📋 Result: 0x0
2026-02-15 20:02:08.097 +09:00 [INF] 📋 Dn1: 
2026-02-15 20:02:08.097 +09:00 [INF] 📋 Dn2: 
2026-02-15 20:02:08.098 +09:00 [INF] 📋 ExtInfo: 07047414202
2026-02-15 20:02:08.098 +09:00 [INF] ═══════════════════════════════════════════════════════
2026-02-15 20:02:08.098 +09:00 [INF] ✅ 070 번호가 Sub DN 목록에 포함되어 있습니다!
2026-02-15 20:05:08.063 +09:00 [INF] [HealthCheck] 세션 정상
2026-02-15 20:05:08.165 +09:00 [INF] [이벤트] Svc=30, Evt=0x107, Res=0x0, Dn1=, Dn2=, Ext=07047414202
2026-02-15 20:05:08.165 +09:00 [INF] ═══════════════════════════════════════════════════════
2026-02-15 20:05:08.165 +09:00 [INF] 📋 [Sub DN 목록 응답] EVT_SUBS_DN_QRY (0x0107)
2026-02-15 20:05:08.165 +09:00 [INF] 📋 Result: 0x0
2026-02-15 20:05:08.165 +09:00 [INF] 📋 Dn1: 
2026-02-15 20:05:08.165 +09:00 [INF] 📋 Dn2: 
2026-02-15 20:05:08.165 +09:00 [INF] 📋 ExtInfo: 07047414202
2026-02-15 20:05:08.165 +09:00 [INF] ═══════════════════════════════════════════════════════
2026-02-15 20:05:08.165 +09:00 [INF] ✅ 070 번호가 Sub DN 목록에 포함되어 있습니다!
2026-02-15 20:08:08.152 +09:00 [INF] [HealthCheck] 세션 정상
2026-02-15 20:08:08.253 +09:00 [INF] [이벤트] Svc=30, Evt=0x107, Res=0x0, Dn1=, Dn2=, Ext=07047414202
2026-02-15 20:08:08.253 +09:00 [INF] ═══════════════════════════════════════════════════════
2026-02-15 20:08:08.253 +09:00 [INF] 📋 [Sub DN 목록 응답] EVT_SUBS_DN_QRY (0x0107)
2026-02-15 20:08:08.253 +09:00 [INF] 📋 Result: 0x0
2026-02-15 20:08:08.253 +09:00 [INF] 📋 Dn1: 
2026-02-15 20:08:08.253 +09:00 [INF] 📋 Dn2: 
2026-02-15 20:08:08.253 +09:00 [INF] 📋 ExtInfo: 07047414202
2026-02-15 20:08:08.253 +09:00 [INF] ═══════════════════════════════════════════════════════
2026-02-15 20:08:08.253 +09:00 [INF] ✅ 070 번호가 Sub DN 목록에 포함되어 있습니다!
2026-02-15 20:11:08.234 +09:00 [INF] [HealthCheck] 세션 정상
2026-02-15 20:11:08.335 +09:00 [INF] [이벤트] Svc=30, Evt=0x107, Res=0x0, Dn1=, Dn2=, Ext=07047414202
2026-02-15 20:11:08.335 +09:00 [INF] ═══════════════════════════════════════════════════════
2026-02-15 20:11:08.335 +09:00 [INF] 📋 [Sub DN 목록 응답] EVT_SUBS_DN_QRY (0x0107)
2026-02-15 20:11:08.335 +09:00 [INF] 📋 Result: 0x0
2026-02-15 20:11:08.335 +09:00 [INF] 📋 Dn1: 
2026-02-15 20:11:08.335 +09:00 [INF] 📋 Dn2: 
2026-02-15 20:11:08.335 +09:00 [INF] 📋 ExtInfo: 07047414202
2026-02-15 20:11:08.335 +09:00 [INF] ═══════════════════════════════════════════════════════
2026-02-15 20:11:08.335 +09:00 [INF] ✅ 070 번호가 Sub DN 목록에 포함되어 있습니다!
2026-02-15 20:14:08.317 +09:00 [INF] [HealthCheck] 세션 정상
2026-02-15 20:14:08.418 +09:00 [INF] [이벤트] Svc=30, Evt=0x107, Res=0x0, Dn1=, Dn2=, Ext=07047414202
2026-02-15 20:14:08.418 +09:00 [INF] ═══════════════════════════════════════════════════════
2026-02-15 20:14:08.418 +09:00 [INF] 📋 [Sub DN 목록 응답] EVT_SUBS_DN_QRY (0x0107)
2026-02-15 20:14:08.418 +09:00 [INF] 📋 Result: 0x0
2026-02-15 20:14:08.418 +09:00 [INF] 📋 Dn1: 
2026-02-15 20:14:08.418 +09:00 [INF] 📋 Dn2: 
2026-02-15 20:14:08.418 +09:00 [INF] 📋 ExtInfo: 07047414202
2026-02-15 20:14:08.418 +09:00 [INF] ═══════════════════════════════════════════════════════
2026-02-15 20:14:08.418 +09:00 [INF] ✅ 070 번호가 Sub DN 목록에 포함되어 있습니다!
2026-02-15 20:17:08.382 +09:00 [INF] [HealthCheck] 세션 정상
2026-02-15 20:17:08.484 +09:00 [INF] [이벤트] Svc=30, Evt=0x107, Res=0x0, Dn1=, Dn2=, Ext=07047414202
2026-02-15 20:17:08.484 +09:00 [INF] ═══════════════════════════════════════════════════════
2026-02-15 20:17:08.484 +09:00 [INF] 📋 [Sub DN 목록 응답] EVT_SUBS_DN_QRY (0x0107)
2026-02-15 20:17:08.484 +09:00 [INF] 📋 Result: 0x0
2026-02-15 20:17:08.484 +09:00 [INF] 📋 Dn1: 
2026-02-15 20:17:08.484 +09:00 [INF] 📋 Dn2: 
2026-02-15 20:17:08.484 +09:00 [INF] 📋 ExtInfo: 07047414202
2026-02-15 20:17:08.484 +09:00 [INF] ═══════════════════════════════════════════════════════
2026-02-15 20:17:08.484 +09:00 [INF] ✅ 070 번호가 Sub DN 목록에 포함되어 있습니다!
2026-02-15 20:20:08.452 +09:00 [INF] [HealthCheck] 세션 정상
2026-02-15 20:20:08.552 +09:00 [INF] [이벤트] Svc=30, Evt=0x107, Res=0x0, Dn1=, Dn2=, Ext=07047414202
2026-02-15 20:20:08.552 +09:00 [INF] ═══════════════════════════════════════════════════════
2026-02-15 20:20:08.552 +09:00 [INF] 📋 [Sub DN 목록 응답] EVT_SUBS_DN_QRY (0x0107)
2026-02-15 20:20:08.552 +09:00 [INF] 📋 Result: 0x0
2026-02-15 20:20:08.552 +09:00 [INF] 📋 Dn1: 
2026-02-15 20:20:08.552 +09:00 [INF] 📋 Dn2: 
2026-02-15 20:20:08.552 +09:00 [INF] 📋 ExtInfo: 07047414202
2026-02-15 20:20:08.552 +09:00 [INF] ═══════════════════════════════════════════════════════
2026-02-15 20:20:08.552 +09:00 [INF] ✅ 070 번호가 Sub DN 목록에 포함되어 있습니다!
2026-02-15 20:23:08.525 +09:00 [INF] [HealthCheck] 세션 정상
2026-02-15 20:23:08.625 +09:00 [INF] [이벤트] Svc=30, Evt=0x107, Res=0x0, Dn1=, Dn2=, Ext=07047414202
2026-02-15 20:23:08.625 +09:00 [INF] ═══════════════════════════════════════════════════════
2026-02-15 20:23:08.625 +09:00 [INF] 📋 [Sub DN 목록 응답] EVT_SUBS_DN_QRY (0x0107)
2026-02-15 20:23:08.625 +09:00 [INF] 📋 Result: 0x0
2026-02-15 20:23:08.625 +09:00 [INF] 📋 Dn1: 
2026-02-15 20:23:08.625 +09:00 [INF] 📋 Dn2: 
2026-02-15 20:23:08.625 +09:00 [INF] 📋 ExtInfo: 07047414202
2026-02-15 20:23:08.626 +09:00 [INF] ═══════════════════════════════════════════════════════
2026-02-15 20:23:08.626 +09:00 [INF] ✅ 070 번호가 Sub DN 목록에 포함되어 있습니다!
2026-02-15 20:26:08.592 +09:00 [INF] [HealthCheck] 세션 정상
2026-02-15 20:26:08.692 +09:00 [INF] [이벤트] Svc=30, Evt=0x107, Res=0x0, Dn1=, Dn2=, Ext=07047414202
2026-02-15 20:26:08.692 +09:00 [INF] ═══════════════════════════════════════════════════════
2026-02-15 20:26:08.693 +09:00 [INF] 📋 [Sub DN 목록 응답] EVT_SUBS_DN_QRY (0x0107)
2026-02-15 20:26:08.693 +09:00 [INF] 📋 Result: 0x0
2026-02-15 20:26:08.693 +09:00 [INF] 📋 Dn1: 
2026-02-15 20:26:08.693 +09:00 [INF] 📋 Dn2: 
2026-02-15 20:26:08.693 +09:00 [INF] 📋 ExtInfo: 07047414202
2026-02-15 20:26:08.693 +09:00 [INF] ═══════════════════════════════════════════════════════
2026-02-15 20:26:08.693 +09:00 [INF] ✅ 070 번호가 Sub DN 목록에 포함되어 있습니다!
2026-02-15 20:29:08.670 +09:00 [INF] [HealthCheck] 세션 정상
2026-02-15 20:29:08.772 +09:00 [INF] [이벤트] Svc=30, Evt=0x107, Res=0x0, Dn1=, Dn2=, Ext=07047414202
2026-02-15 20:29:08.772 +09:00 [INF] ═══════════════════════════════════════════════════════
2026-02-15 20:29:08.772 +09:00 [INF] 📋 [Sub DN 목록 응답] EVT_SUBS_DN_QRY (0x0107)
2026-02-15 20:29:08.772 +09:00 [INF] 📋 Result: 0x0
2026-02-15 20:29:08.772 +09:00 [INF] 📋 Dn1: 
2026-02-15 20:29:08.772 +09:00 [INF] 📋 Dn2: 
2026-02-15 20:29:08.772 +09:00 [INF] 📋 ExtInfo: 07047414202
2026-02-15 20:29:08.772 +09:00 [INF] ═══════════════════════════════════════════════════════
2026-02-15 20:29:08.772 +09:00 [INF] ✅ 070 번호가 Sub DN 목록에 포함되어 있습니다!
2026-02-15 20:32:08.745 +09:00 [INF] [HealthCheck] 세션 정상
2026-02-15 20:32:08.846 +09:00 [INF] [이벤트] Svc=30, Evt=0x107, Res=0x0, Dn1=, Dn2=, Ext=07047414202
2026-02-15 20:32:08.846 +09:00 [INF] ═══════════════════════════════════════════════════════
2026-02-15 20:32:08.846 +09:00 [INF] 📋 [Sub DN 목록 응답] EVT_SUBS_DN_QRY (0x0107)
2026-02-15 20:32:08.846 +09:00 [INF] 📋 Result: 0x0
2026-02-15 20:32:08.846 +09:00 [INF] 📋 Dn1: 
2026-02-15 20:32:08.846 +09:00 [INF] 📋 Dn2: 
2026-02-15 20:32:08.846 +09:00 [INF] 📋 ExtInfo: 07047414202
2026-02-15 20:32:08.846 +09:00 [INF] ═══════════════════════════════════════════════════════
2026-02-15 20:32:08.846 +09:00 [INF] ✅ 070 번호가 Sub DN 목록에 포함되어 있습니다!
2026-02-15 20:35:08.831 +09:00 [INF] [HealthCheck] 세션 정상
2026-02-15 20:35:08.931 +09:00 [INF] [이벤트] Svc=30, Evt=0x107, Res=0x0, Dn1=, Dn2=, Ext=07047414202
2026-02-15 20:35:08.931 +09:00 [INF] ═══════════════════════════════════════════════════════
2026-02-15 20:35:08.931 +09:00 [INF] 📋 [Sub DN 목록 응답] EVT_SUBS_DN_QRY (0x0107)
2026-02-15 20:35:08.931 +09:00 [INF] 📋 Result: 0x0
2026-02-15 20:35:08.931 +09:00 [INF] 📋 Dn1: 
2026-02-15 20:35:08.931 +09:00 [INF] 📋 Dn2: 
2026-02-15 20:35:08.931 +09:00 [INF] 📋 ExtInfo: 07047414202
2026-02-15 20:35:08.931 +09:00 [INF] ═══════════════════════════════════════════════════════
2026-02-15 20:35:08.931 +09:00 [INF] ✅ 070 번호가 Sub DN 목록에 포함되어 있습니다!
2026-02-15 20:38:08.924 +09:00 [INF] [HealthCheck] 세션 정상
2026-02-15 20:38:09.024 +09:00 [INF] [이벤트] Svc=30, Evt=0x107, Res=0x0, Dn1=, Dn2=, Ext=07047414202
2026-02-15 20:38:09.024 +09:00 [INF] ═══════════════════════════════════════════════════════
2026-02-15 20:38:09.024 +09:00 [INF] 📋 [Sub DN 목록 응답] EVT_SUBS_DN_QRY (0x0107)
2026-02-15 20:38:09.024 +09:00 [INF] 📋 Result: 0x0
2026-02-15 20:38:09.025 +09:00 [INF] 📋 Dn1: 
2026-02-15 20:38:09.025 +09:00 [INF] 📋 Dn2: 
2026-02-15 20:38:09.025 +09:00 [INF] 📋 ExtInfo: 07047414202
2026-02-15 20:38:09.025 +09:00 [INF] ═══════════════════════════════════════════════════════
2026-02-15 20:38:09.025 +09:00 [INF] ✅ 070 번호가 Sub DN 목록에 포함되어 있습니다!
2026-02-15 20:41:08.989 +09:00 [INF] [HealthCheck] 세션 정상
2026-02-15 20:41:09.091 +09:00 [INF] [이벤트] Svc=30, Evt=0x107, Res=0x0, Dn1=, Dn2=, Ext=07047414202
2026-02-15 20:41:09.091 +09:00 [INF] ═══════════════════════════════════════════════════════
2026-02-15 20:41:09.091 +09:00 [INF] 📋 [Sub DN 목록 응답] EVT_SUBS_DN_QRY (0x0107)
2026-02-15 20:41:09.091 +09:00 [INF] 📋 Result: 0x0
2026-02-15 20:41:09.091 +09:00 [INF] 📋 Dn1: 
2026-02-15 20:41:09.091 +09:00 [INF] 📋 Dn2: 
2026-02-15 20:41:09.091 +09:00 [INF] 📋 ExtInfo: 07047414202
2026-02-15 20:41:09.091 +09:00 [INF] ═══════════════════════════════════════════════════════
2026-02-15 20:41:09.091 +09:00 [INF] ✅ 070 번호가 Sub DN 목록에 포함되어 있습니다!
2026-02-15 20:44:09.054 +09:00 [INF] [HealthCheck] 세션 정상
2026-02-15 20:44:09.155 +09:00 [INF] [이벤트] Svc=30, Evt=0x107, Res=0x0, Dn1=, Dn2=, Ext=07047414202
2026-02-15 20:44:09.155 +09:00 [INF] ═══════════════════════════════════════════════════════
2026-02-15 20:44:09.155 +09:00 [INF] 📋 [Sub DN 목록 응답] EVT_SUBS_DN_QRY (0x0107)
2026-02-15 20:44:09.155 +09:00 [INF] 📋 Result: 0x0
2026-02-15 20:44:09.155 +09:00 [INF] 📋 Dn1: 
2026-02-15 20:44:09.155 +09:00 [INF] 📋 Dn2: 
2026-02-15 20:44:09.155 +09:00 [INF] 📋 ExtInfo: 07047414202
2026-02-15 20:44:09.155 +09:00 [INF] ═══════════════════════════════════════════════════════
2026-02-15 20:44:09.155 +09:00 [INF] ✅ 070 번호가 Sub DN 목록에 포함되어 있습니다!
2026-02-15 20:47:09.130 +09:00 [INF] [HealthCheck] 세션 정상
2026-02-15 20:47:09.230 +09:00 [INF] [이벤트] Svc=30, Evt=0x107, Res=0x0, Dn1=, Dn2=, Ext=07047414202
2026-02-15 20:47:09.230 +09:00 [INF] ═══════════════════════════════════════════════════════
2026-02-15 20:47:09.230 +09:00 [INF] 📋 [Sub DN 목록 응답] EVT_SUBS_DN_QRY (0x0107)
2026-02-15 20:47:09.230 +09:00 [INF] 📋 Result: 0x0
2026-02-15 20:47:09.230 +09:00 [INF] 📋 Dn1: 
2026-02-15 20:47:09.230 +09:00 [INF] 📋 Dn2: 
2026-02-15 20:47:09.230 +09:00 [INF] 📋 ExtInfo: 07047414202
2026-02-15 20:47:09.230 +09:00 [INF] ═══════════════════════════════════════════════════════
2026-02-15 20:47:09.230 +09:00 [INF] ✅ 070 번호가 Sub DN 목록에 포함되어 있습니다!
2026-02-15 20:50:09.196 +09:00 [INF] [HealthCheck] 세션 정상
2026-02-15 20:50:09.297 +09:00 [INF] [이벤트] Svc=30, Evt=0x107, Res=0x0, Dn1=, Dn2=, Ext=07047414202
2026-02-15 20:50:09.297 +09:00 [INF] ═══════════════════════════════════════════════════════
2026-02-15 20:50:09.297 +09:00 [INF] 📋 [Sub DN 목록 응답] EVT_SUBS_DN_QRY (0x0107)
2026-02-15 20:50:09.297 +09:00 [INF] 📋 Result: 0x0
2026-02-15 20:50:09.297 +09:00 [INF] 📋 Dn1: 
2026-02-15 20:50:09.297 +09:00 [INF] 📋 Dn2: 
2026-02-15 20:50:09.297 +09:00 [INF] 📋 ExtInfo: 07047414202
2026-02-15 20:50:09.297 +09:00 [INF] ═══════════════════════════════════════════════════════
2026-02-15 20:50:09.297 +09:00 [INF] ✅ 070 번호가 Sub DN 목록에 포함되어 있습니다!
2026-02-15 20:53:09.276 +09:00 [INF] [HealthCheck] 세션 정상
2026-02-15 20:53:09.378 +09:00 [INF] [이벤트] Svc=30, Evt=0x107, Res=0x0, Dn1=, Dn2=, Ext=07047414202
2026-02-15 20:53:09.378 +09:00 [INF] ═══════════════════════════════════════════════════════
2026-02-15 20:53:09.378 +09:00 [INF] 📋 [Sub DN 목록 응답] EVT_SUBS_DN_QRY (0x0107)
2026-02-15 20:53:09.378 +09:00 [INF] 📋 Result: 0x0
2026-02-15 20:53:09.378 +09:00 [INF] 📋 Dn1: 
2026-02-15 20:53:09.378 +09:00 [INF] 📋 Dn2: 
2026-02-15 20:53:09.378 +09:00 [INF] 📋 ExtInfo: 07047414202
2026-02-15 20:53:09.378 +09:00 [INF] ═══════════════════════════════════════════════════════
2026-02-15 20:53:09.378 +09:00 [INF] ✅ 070 번호가 Sub DN 목록에 포함되어 있습니다!
2026-02-15 20:56:09.349 +09:00 [INF] [HealthCheck] 세션 정상
2026-02-15 20:56:09.450 +09:00 [INF] [이벤트] Svc=30, Evt=0x107, Res=0x0, Dn1=, Dn2=, Ext=07047414202
2026-02-15 20:56:09.450 +09:00 [INF] ═══════════════════════════════════════════════════════
2026-02-15 20:56:09.450 +09:00 [INF] 📋 [Sub DN 목록 응답] EVT_SUBS_DN_QRY (0x0107)
2026-02-15 20:56:09.450 +09:00 [INF] 📋 Result: 0x0
2026-02-15 20:56:09.450 +09:00 [INF] 📋 Dn1: 
2026-02-15 20:56:09.450 +09:00 [INF] 📋 Dn2: 
2026-02-15 20:56:09.450 +09:00 [INF] 📋 ExtInfo: 07047414202
2026-02-15 20:56:09.450 +09:00 [INF] ═══════════════════════════════════════════════════════
2026-02-15 20:56:09.450 +09:00 [INF] ✅ 070 번호가 Sub DN 목록에 포함되어 있습니다!
2026-02-15 20:59:09.399 +09:00 [INF] [HealthCheck] 세션 정상
2026-02-15 20:59:09.499 +09:00 [INF] [이벤트] Svc=30, Evt=0x107, Res=0x0, Dn1=, Dn2=, Ext=07047414202
2026-02-15 20:59:09.499 +09:00 [INF] ═══════════════════════════════════════════════════════
2026-02-15 20:59:09.499 +09:00 [INF] 📋 [Sub DN 목록 응답] EVT_SUBS_DN_QRY (0x0107)
2026-02-15 20:59:09.500 +09:00 [INF] 📋 Result: 0x0
2026-02-15 20:59:09.500 +09:00 [INF] 📋 Dn1: 
2026-02-15 20:59:09.500 +09:00 [INF] 📋 Dn2: 
2026-02-15 20:59:09.500 +09:00 [INF] 📋 ExtInfo: 07047414202
2026-02-15 20:59:09.500 +09:00 [INF] ═══════════════════════════════════════════════════════
2026-02-15 20:59:09.500 +09:00 [INF] ✅ 070 번호가 Sub DN 목록에 포함되어 있습니다!
2026-02-15 21:02:09.476 +09:00 [INF] [HealthCheck] 세션 정상
2026-02-15 21:02:09.578 +09:00 [INF] [이벤트] Svc=30, Evt=0x107, Res=0x0, Dn1=, Dn2=, Ext=07047414202
2026-02-15 21:02:09.578 +09:00 [INF] ═══════════════════════════════════════════════════════
2026-02-15 21:02:09.578 +09:00 [INF] 📋 [Sub DN 목록 응답] EVT_SUBS_DN_QRY (0x0107)
2026-02-15 21:02:09.578 +09:00 [INF] 📋 Result: 0x0
2026-02-15 21:02:09.578 +09:00 [INF] 📋 Dn1: 
2026-02-15 21:02:09.578 +09:00 [INF] 📋 Dn2: 
2026-02-15 21:02:09.578 +09:00 [INF] 📋 ExtInfo: 07047414202
2026-02-15 21:02:09.578 +09:00 [INF] ═══════════════════════════════════════════════════════
2026-02-15 21:02:09.578 +09:00 [INF] ✅ 070 번호가 Sub DN 목록에 포함되어 있습니다!
2026-02-15 21:05:09.555 +09:00 [INF] [HealthCheck] 세션 정상
2026-02-15 21:05:09.656 +09:00 [INF] [이벤트] Svc=30, Evt=0x107, Res=0x0, Dn1=, Dn2=, Ext=07047414202
2026-02-15 21:05:09.656 +09:00 [INF] ═══════════════════════════════════════════════════════
2026-02-15 21:05:09.656 +09:00 [INF] 📋 [Sub DN 목록 응답] EVT_SUBS_DN_QRY (0x0107)
2026-02-15 21:05:09.656 +09:00 [INF] 📋 Result: 0x0
2026-02-15 21:05:09.656 +09:00 [INF] 📋 Dn1: 
2026-02-15 21:05:09.656 +09:00 [INF] 📋 Dn2: 
2026-02-15 21:05:09.656 +09:00 [INF] 📋 ExtInfo: 07047414202
2026-02-15 21:05:09.656 +09:00 [INF] ═══════════════════════════════════════════════════════
2026-02-15 21:05:09.656 +09:00 [INF] ✅ 070 번호가 Sub DN 목록에 포함되어 있습니다!
2026-02-15 21:08:09.627 +09:00 [INF] [HealthCheck] 세션 정상
2026-02-15 21:08:09.727 +09:00 [INF] [이벤트] Svc=30, Evt=0x107, Res=0x0, Dn1=, Dn2=, Ext=07047414202
2026-02-15 21:08:09.727 +09:00 [INF] ═══════════════════════════════════════════════════════
2026-02-15 21:08:09.727 +09:00 [INF] 📋 [Sub DN 목록 응답] EVT_SUBS_DN_QRY (0x0107)
2026-02-15 21:08:09.727 +09:00 [INF] 📋 Result: 0x0
2026-02-15 21:08:09.727 +09:00 [INF] 📋 Dn1: 
2026-02-15 21:08:09.727 +09:00 [INF] 📋 Dn2: 
2026-02-15 21:08:09.727 +09:00 [INF] 📋 ExtInfo: 07047414202
2026-02-15 21:08:09.727 +09:00 [INF] ═══════════════════════════════════════════════════════
2026-02-15 21:08:09.727 +09:00 [INF] ✅ 070 번호가 Sub DN 목록에 포함되어 있습니다!
2026-02-15 21:11:09.705 +09:00 [INF] [HealthCheck] 세션 정상
2026-02-15 21:11:09.805 +09:00 [INF] [이벤트] Svc=30, Evt=0x107, Res=0x0, Dn1=, Dn2=, Ext=07047414202
2026-02-15 21:11:09.805 +09:00 [INF] ═══════════════════════════════════════════════════════
2026-02-15 21:11:09.805 +09:00 [INF] 📋 [Sub DN 목록 응답] EVT_SUBS_DN_QRY (0x0107)
2026-02-15 21:11:09.805 +09:00 [INF] 📋 Result: 0x0
2026-02-15 21:11:09.805 +09:00 [INF] 📋 Dn1: 
2026-02-15 21:11:09.805 +09:00 [INF] 📋 Dn2: 
2026-02-15 21:11:09.805 +09:00 [INF] 📋 ExtInfo: 07047414202
2026-02-15 21:11:09.806 +09:00 [INF] ═══════════════════════════════════════════════════════
2026-02-15 21:11:09.806 +09:00 [INF] ✅ 070 번호가 Sub DN 목록에 포함되어 있습니다!
2026-02-15 21:14:09.776 +09:00 [INF] [HealthCheck] 세션 정상
2026-02-15 21:14:09.878 +09:00 [INF] [이벤트] Svc=30, Evt=0x107, Res=0x0, Dn1=, Dn2=, Ext=07047414202
2026-02-15 21:14:09.878 +09:00 [INF] ═══════════════════════════════════════════════════════
2026-02-15 21:14:09.878 +09:00 [INF] 📋 [Sub DN 목록 응답] EVT_SUBS_DN_QRY (0x0107)
2026-02-15 21:14:09.878 +09:00 [INF] 📋 Result: 0x0
2026-02-15 21:14:09.878 +09:00 [INF] 📋 Dn1: 
2026-02-15 21:14:09.878 +09:00 [INF] 📋 Dn2: 
2026-02-15 21:14:09.878 +09:00 [INF] 📋 ExtInfo: 07047414202
2026-02-15 21:14:09.878 +09:00 [INF] ═══════════════════════════════════════════════════════
2026-02-15 21:14:09.878 +09:00 [INF] ✅ 070 번호가 Sub DN 목록에 포함되어 있습니다!
2026-02-15 21:17:09.850 +09:00 [INF] [HealthCheck] 세션 정상
2026-02-15 21:17:09.951 +09:00 [INF] [이벤트] Svc=30, Evt=0x107, Res=0x0, Dn1=, Dn2=, Ext=07047414202
2026-02-15 21:17:09.951 +09:00 [INF] ═══════════════════════════════════════════════════════
2026-02-15 21:17:09.951 +09:00 [INF] 📋 [Sub DN 목록 응답] EVT_SUBS_DN_QRY (0x0107)
2026-02-15 21:17:09.951 +09:00 [INF] 📋 Result: 0x0
2026-02-15 21:17:09.951 +09:00 [INF] 📋 Dn1: 
2026-02-15 21:17:09.951 +09:00 [INF] 📋 Dn2: 
2026-02-15 21:17:09.951 +09:00 [INF] 📋 ExtInfo: 07047414202
2026-02-15 21:17:09.951 +09:00 [INF] ═══════════════════════════════════════════════════════
2026-02-15 21:17:09.951 +09:00 [INF] ✅ 070 번호가 Sub DN 목록에 포함되어 있습니다!
2026-02-15 21:20:09.929 +09:00 [INF] [HealthCheck] 세션 정상
2026-02-15 21:20:10.029 +09:00 [INF] [이벤트] Svc=30, Evt=0x107, Res=0x0, Dn1=, Dn2=, Ext=07047414202
2026-02-15 21:20:10.029 +09:00 [INF] ═══════════════════════════════════════════════════════
2026-02-15 21:20:10.029 +09:00 [INF] 📋 [Sub DN 목록 응답] EVT_SUBS_DN_QRY (0x0107)
2026-02-15 21:20:10.029 +09:00 [INF] 📋 Result: 0x0
2026-02-15 21:20:10.029 +09:00 [INF] 📋 Dn1: 
2026-02-15 21:20:10.029 +09:00 [INF] 📋 Dn2: 
2026-02-15 21:20:10.029 +09:00 [INF] 📋 ExtInfo: 07047414202
2026-02-15 21:20:10.029 +09:00 [INF] ═══════════════════════════════════════════════════════
2026-02-15 21:20:10.029 +09:00 [INF] ✅ 070 번호가 Sub DN 목록에 포함되어 있습니다!
2026-02-15 21:23:10.008 +09:00 [INF] [HealthCheck] 세션 정상
2026-02-15 21:23:10.109 +09:00 [INF] [이벤트] Svc=30, Evt=0x107, Res=0x0, Dn1=, Dn2=, Ext=07047414202
2026-02-15 21:23:10.109 +09:00 [INF] ═══════════════════════════════════════════════════════
2026-02-15 21:23:10.109 +09:00 [INF] 📋 [Sub DN 목록 응답] EVT_SUBS_DN_QRY (0x0107)
2026-02-15 21:23:10.109 +09:00 [INF] 📋 Result: 0x0
2026-02-15 21:23:10.109 +09:00 [INF] 📋 Dn1: 
2026-02-15 21:23:10.109 +09:00 [INF] 📋 Dn2: 
2026-02-15 21:23:10.109 +09:00 [INF] 📋 ExtInfo: 07047414202
2026-02-15 21:23:10.109 +09:00 [INF] ═══════════════════════════════════════════════════════
2026-02-15 21:23:10.109 +09:00 [INF] ✅ 070 번호가 Sub DN 목록에 포함되어 있습니다!
2026-02-15 21:26:10.074 +09:00 [INF] [HealthCheck] 세션 정상
2026-02-15 21:26:10.175 +09:00 [INF] [이벤트] Svc=30, Evt=0x107, Res=0x0, Dn1=, Dn2=, Ext=07047414202
2026-02-15 21:26:10.175 +09:00 [INF] ═══════════════════════════════════════════════════════
2026-02-15 21:26:10.175 +09:00 [INF] 📋 [Sub DN 목록 응답] EVT_SUBS_DN_QRY (0x0107)
2026-02-15 21:26:10.175 +09:00 [INF] 📋 Result: 0x0
2026-02-15 21:26:10.175 +09:00 [INF] 📋 Dn1: 
2026-02-15 21:26:10.175 +09:00 [INF] 📋 Dn2: 
2026-02-15 21:26:10.175 +09:00 [INF] 📋 ExtInfo: 07047414202
2026-02-15 21:26:10.175 +09:00 [INF] ═══════════════════════════════════════════════════════
2026-02-15 21:26:10.175 +09:00 [INF] ✅ 070 번호가 Sub DN 목록에 포함되어 있습니다!
2026-02-15 21:29:10.154 +09:00 [INF] [HealthCheck] 세션 정상
2026-02-15 21:29:10.255 +09:00 [INF] [이벤트] Svc=30, Evt=0x107, Res=0x0, Dn1=, Dn2=, Ext=07047414202
2026-02-15 21:29:10.255 +09:00 [INF] ═══════════════════════════════════════════════════════
2026-02-15 21:29:10.255 +09:00 [INF] 📋 [Sub DN 목록 응답] EVT_SUBS_DN_QRY (0x0107)
2026-02-15 21:29:10.255 +09:00 [INF] 📋 Result: 0x0
2026-02-15 21:29:10.255 +09:00 [INF] 📋 Dn1: 
2026-02-15 21:29:10.255 +09:00 [INF] 📋 Dn2: 
2026-02-15 21:29:10.255 +09:00 [INF] 📋 ExtInfo: 07047414202
2026-02-15 21:29:10.255 +09:00 [INF] ═══════════════════════════════════════════════════════
2026-02-15 21:29:10.255 +09:00 [INF] ✅ 070 번호가 Sub DN 목록에 포함되어 있습니다!
2026-02-15 21:32:10.219 +09:00 [INF] [HealthCheck] 세션 정상
2026-02-15 21:32:10.319 +09:00 [INF] [이벤트] Svc=30, Evt=0x107, Res=0x0, Dn1=, Dn2=, Ext=07047414202
2026-02-15 21:32:10.319 +09:00 [INF] ═══════════════════════════════════════════════════════
2026-02-15 21:32:10.320 +09:00 [INF] 📋 [Sub DN 목록 응답] EVT_SUBS_DN_QRY (0x0107)
2026-02-15 21:32:10.320 +09:00 [INF] 📋 Result: 0x0
2026-02-15 21:32:10.320 +09:00 [INF] 📋 Dn1: 
2026-02-15 21:32:10.320 +09:00 [INF] 📋 Dn2: 
2026-02-15 21:32:10.320 +09:00 [INF] 📋 ExtInfo: 07047414202
2026-02-15 21:32:10.320 +09:00 [INF] ═══════════════════════════════════════════════════════
2026-02-15 21:32:10.320 +09:00 [INF] ✅ 070 번호가 Sub DN 목록에 포함되어 있습니다!
2026-02-15 21:35:10.288 +09:00 [INF] [HealthCheck] 세션 정상
2026-02-15 21:35:10.390 +09:00 [INF] [이벤트] Svc=30, Evt=0x107, Res=0x0, Dn1=, Dn2=, Ext=07047414202
2026-02-15 21:35:10.390 +09:00 [INF] ═══════════════════════════════════════════════════════
2026-02-15 21:35:10.390 +09:00 [INF] 📋 [Sub DN 목록 응답] EVT_SUBS_DN_QRY (0x0107)
2026-02-15 21:35:10.390 +09:00 [INF] 📋 Result: 0x0
2026-02-15 21:35:10.390 +09:00 [INF] 📋 Dn1: 
2026-02-15 21:35:10.390 +09:00 [INF] 📋 Dn2: 
2026-02-15 21:35:10.390 +09:00 [INF] 📋 ExtInfo: 07047414202
2026-02-15 21:35:10.390 +09:00 [INF] ═══════════════════════════════════════════════════════
2026-02-15 21:35:10.390 +09:00 [INF] ✅ 070 번호가 Sub DN 목록에 포함되어 있습니다!
2026-02-15 21:38:10.352 +09:00 [INF] [HealthCheck] 세션 정상
2026-02-15 21:38:10.453 +09:00 [INF] [이벤트] Svc=30, Evt=0x107, Res=0x0, Dn1=, Dn2=, Ext=07047414202
2026-02-15 21:38:10.453 +09:00 [INF] ═══════════════════════════════════════════════════════
2026-02-15 21:38:10.453 +09:00 [INF] 📋 [Sub DN 목록 응답] EVT_SUBS_DN_QRY (0x0107)
2026-02-15 21:38:10.453 +09:00 [INF] 📋 Result: 0x0
2026-02-15 21:38:10.453 +09:00 [INF] 📋 Dn1: 
2026-02-15 21:38:10.453 +09:00 [INF] 📋 Dn2: 
2026-02-15 21:38:10.453 +09:00 [INF] 📋 ExtInfo: 07047414202
2026-02-15 21:38:10.453 +09:00 [INF] ═══════════════════════════════════════════════════════
2026-02-15 21:38:10.453 +09:00 [INF] ✅ 070 번호가 Sub DN 목록에 포함되어 있습니다!
2026-02-15 21:41:10.436 +09:00 [INF] [HealthCheck] 세션 정상
2026-02-15 21:41:10.536 +09:00 [INF] [이벤트] Svc=30, Evt=0x107, Res=0x0, Dn1=, Dn2=, Ext=07047414202
2026-02-15 21:41:10.536 +09:00 [INF] ═══════════════════════════════════════════════════════
2026-02-15 21:41:10.536 +09:00 [INF] 📋 [Sub DN 목록 응답] EVT_SUBS_DN_QRY (0x0107)
2026-02-15 21:41:10.536 +09:00 [INF] 📋 Result: 0x0
2026-02-15 21:41:10.536 +09:00 [INF] 📋 Dn1: 
2026-02-15 21:41:10.536 +09:00 [INF] 📋 Dn2: 
2026-02-15 21:41:10.536 +09:00 [INF] 📋 ExtInfo: 07047414202
2026-02-15 21:41:10.536 +09:00 [INF] ═══════════════════════════════════════════════════════
2026-02-15 21:41:10.536 +09:00 [INF] ✅ 070 번호가 Sub DN 목록에 포함되어 있습니다!
2026-02-15 21:44:10.507 +09:00 [INF] [HealthCheck] 세션 정상
2026-02-15 21:44:10.608 +09:00 [INF] [이벤트] Svc=30, Evt=0x107, Res=0x0, Dn1=, Dn2=, Ext=07047414202
2026-02-15 21:44:10.608 +09:00 [INF] ═══════════════════════════════════════════════════════
2026-02-15 21:44:10.608 +09:00 [INF] 📋 [Sub DN 목록 응답] EVT_SUBS_DN_QRY (0x0107)
2026-02-15 21:44:10.608 +09:00 [INF] 📋 Result: 0x0
2026-02-15 21:44:10.608 +09:00 [INF] 📋 Dn1: 
2026-02-15 21:44:10.608 +09:00 [INF] 📋 Dn2: 
2026-02-15 21:44:10.608 +09:00 [INF] 📋 ExtInfo: 07047414202
2026-02-15 21:44:10.608 +09:00 [INF] ═══════════════════════════════════════════════════════
2026-02-15 21:44:10.608 +09:00 [INF] ✅ 070 번호가 Sub DN 목록에 포함되어 있습니다!
2026-02-15 21:47:10.592 +09:00 [INF] [HealthCheck] 세션 정상
2026-02-15 21:47:10.693 +09:00 [INF] [이벤트] Svc=30, Evt=0x107, Res=0x0, Dn1=, Dn2=, Ext=07047414202
2026-02-15 21:47:10.693 +09:00 [INF] ═══════════════════════════════════════════════════════
2026-02-15 21:47:10.693 +09:00 [INF] 📋 [Sub DN 목록 응답] EVT_SUBS_DN_QRY (0x0107)
2026-02-15 21:47:10.693 +09:00 [INF] 📋 Result: 0x0
2026-02-15 21:47:10.693 +09:00 [INF] 📋 Dn1: 
2026-02-15 21:47:10.693 +09:00 [INF] 📋 Dn2: 
2026-02-15 21:47:10.693 +09:00 [INF] 📋 ExtInfo: 07047414202
2026-02-15 21:47:10.693 +09:00 [INF] ═══════════════════════════════════════════════════════
2026-02-15 21:47:10.693 +09:00 [INF] ✅ 070 번호가 Sub DN 목록에 포함되어 있습니다!
2026-02-15 21:50:10.678 +09:00 [INF] [HealthCheck] 세션 정상
2026-02-15 21:50:10.779 +09:00 [INF] [이벤트] Svc=30, Evt=0x107, Res=0x0, Dn1=, Dn2=, Ext=07047414202
2026-02-15 21:50:10.779 +09:00 [INF] ═══════════════════════════════════════════════════════
2026-02-15 21:50:10.779 +09:00 [INF] 📋 [Sub DN 목록 응답] EVT_SUBS_DN_QRY (0x0107)
2026-02-15 21:50:10.779 +09:00 [INF] 📋 Result: 0x0
2026-02-15 21:50:10.779 +09:00 [INF] 📋 Dn1: 
2026-02-15 21:50:10.779 +09:00 [INF] 📋 Dn2: 
2026-02-15 21:50:10.779 +09:00 [INF] 📋 ExtInfo: 07047414202
2026-02-15 21:50:10.779 +09:00 [INF] ═══════════════════════════════════════════════════════
2026-02-15 21:50:10.779 +09:00 [INF] ✅ 070 번호가 Sub DN 목록에 포함되어 있습니다!
2026-02-15 21:53:10.746 +09:00 [INF] [HealthCheck] 세션 정상
2026-02-15 21:53:10.846 +09:00 [INF] [이벤트] Svc=30, Evt=0x107, Res=0x0, Dn1=, Dn2=, Ext=07047414202
2026-02-15 21:53:10.846 +09:00 [INF] ═══════════════════════════════════════════════════════
2026-02-15 21:53:10.846 +09:00 [INF] 📋 [Sub DN 목록 응답] EVT_SUBS_DN_QRY (0x0107)
2026-02-15 21:53:10.846 +09:00 [INF] 📋 Result: 0x0
2026-02-15 21:53:10.846 +09:00 [INF] 📋 Dn1: 
2026-02-15 21:53:10.846 +09:00 [INF] 📋 Dn2: 
2026-02-15 21:53:10.846 +09:00 [INF] 📋 ExtInfo: 07047414202
2026-02-15 21:53:10.846 +09:00 [INF] ═══════════════════════════════════════════════════════
2026-02-15 21:53:10.846 +09:00 [INF] ✅ 070 번호가 Sub DN 목록에 포함되어 있습니다!
2026-02-15 21:56:10.818 +09:00 [INF] [HealthCheck] 세션 정상
2026-02-15 21:56:10.919 +09:00 [INF] [이벤트] Svc=30, Evt=0x107, Res=0x0, Dn1=, Dn2=, Ext=07047414202
2026-02-15 21:56:10.919 +09:00 [INF] ═══════════════════════════════════════════════════════
2026-02-15 21:56:10.919 +09:00 [INF] 📋 [Sub DN 목록 응답] EVT_SUBS_DN_QRY (0x0107)
2026-02-15 21:56:10.919 +09:00 [INF] 📋 Result: 0x0
2026-02-15 21:56:10.919 +09:00 [INF] 📋 Dn1: 
2026-02-15 21:56:10.919 +09:00 [INF] 📋 Dn2: 
2026-02-15 21:56:10.919 +09:00 [INF] 📋 ExtInfo: 07047414202
2026-02-15 21:56:10.919 +09:00 [INF] ═══════════════════════════════════════════════════════
2026-02-15 21:56:10.919 +09:00 [INF] ✅ 070 번호가 Sub DN 목록에 포함되어 있습니다!
2026-02-15 21:59:10.881 +09:00 [INF] [HealthCheck] 세션 정상
2026-02-15 21:59:10.982 +09:00 [INF] [이벤트] Svc=30, Evt=0x107, Res=0x0, Dn1=, Dn2=, Ext=07047414202
2026-02-15 21:59:10.982 +09:00 [INF] ═══════════════════════════════════════════════════════
2026-02-15 21:59:10.982 +09:00 [INF] 📋 [Sub DN 목록 응답] EVT_SUBS_DN_QRY (0x0107)
2026-02-15 21:59:10.982 +09:00 [INF] 📋 Result: 0x0
2026-02-15 21:59:10.982 +09:00 [INF] 📋 Dn1: 
2026-02-15 21:59:10.982 +09:00 [INF] 📋 Dn2: 
2026-02-15 21:59:10.982 +09:00 [INF] 📋 ExtInfo: 07047414202
2026-02-15 21:59:10.982 +09:00 [INF] ═══════════════════════════════════════════════════════
2026-02-15 21:59:10.982 +09:00 [INF] ✅ 070 번호가 Sub DN 목록에 포함되어 있습니다!
2026-02-15 22:02:10.942 +09:00 [INF] [HealthCheck] 세션 정상
2026-02-15 22:02:11.043 +09:00 [INF] [이벤트] Svc=30, Evt=0x107, Res=0x0, Dn1=, Dn2=, Ext=07047414202
2026-02-15 22:02:11.043 +09:00 [INF] ═══════════════════════════════════════════════════════
2026-02-15 22:02:11.043 +09:00 [INF] 📋 [Sub DN 목록 응답] EVT_SUBS_DN_QRY (0x0107)
2026-02-15 22:02:11.043 +09:00 [INF] 📋 Result: 0x0
2026-02-15 22:02:11.043 +09:00 [INF] 📋 Dn1: 
2026-02-15 22:02:11.043 +09:00 [INF] 📋 Dn2: 
2026-02-15 22:02:11.043 +09:00 [INF] 📋 ExtInfo: 07047414202
2026-02-15 22:02:11.043 +09:00 [INF] ═══════════════════════════════════════════════════════
2026-02-15 22:02:11.043 +09:00 [INF] ✅ 070 번호가 Sub DN 목록에 포함되어 있습니다!
2026-02-15 22:05:04.470 +09:00 [INF] CTI Bridge 서비스 종료 중...
2026-02-15 22:05:04.476 +09:00 [INF] HTTP 서버 종료됨
2026-02-15 22:05:04.484 +09:00 [INF] [SendWorker] 전송 워커 종료
2026-02-15 22:05:04.484 +09:00 [INF] CTI Bridge 서비스 종료됨
