2025-12-27 09:06:00.750 [INF] [이벤트] Svc=7, Evt=0x1, Res=0x0, Dn1=01037985715, Dn2=0315672278, Ext=
2025-12-27 09:06:00.930 [INF] 📞 전화 수신: 01037985715 → 0315672278
2025-12-27 09:06:00.932 [INF] [CallLog] ring 이벤트 전송: 01037985715
2025-12-27 09:06:03.036 [INF] [이벤트] Svc=15, Evt=0x304, Res=0x0, Dn1=0315672278, Dn2=01037985715, Ext=called
2025-12-27 09:06:03.038 [INF] 📱 통화 연결: 01037985715
2025-12-27 09:06:03.038 [INF] [CallLog] start 이벤트 전송: 01037985715
2025-12-27 09:06:03.247 [INF] [이벤트] Svc=8, Evt=0x304, Res=0x0, Dn1=01037985715, Dn2=0315672278, Ext=
2025-12-27 09:06:03.249 [INF] ═══════════════════════════════════════════════════════
2025-12-27 09:06:03.251 [INF] [녹취 이벤트] Service=8, EvtType=0x304, Result=0x0
2025-12-27 09:06:03.252 [INF] [녹취 이벤트] Dn1=01037985715, Dn2=0315672278
2025-12-27 09:06:03.253 [INF] [녹취 이벤트] ExtInfo=
2025-12-27 09:06:03.254 [INF] ═══════════════════════════════════════════════════════
2025-12-27 09:06:03.254 [INF] 🎙️ 착신녹취 준비: 01037985715 → 0315672278
2025-12-27 09:06:03.255 [INF] 녹취 시작 요청 성공
2025-12-27 09:06:03.461 [INF] [이벤트] Svc=13, Evt=0x1, Res=0x0, Dn1=01037985715, Dn2=0315672278, Ext=20251227090602
2025-12-27 09:06:03.463 [INF] 📱 통화 응답: 01037985715
2025-12-27 09:06:03.464 [INF] [CallLog] start 이벤트 전송: 01037985715
2025-12-27 09:06:03.717 [INF] [이벤트] Svc=8, Evt=0x307, Res=0x0, Dn1=, Dn2=, Ext=http://orec.skbroadband.com/nas_recording/ddz/bM/2
2025-12-27 09:06:03.719 [INF] ═══════════════════════════════════════════════════════
2025-12-27 09:06:03.720 [INF] [녹취 이벤트] Service=8, EvtType=0x307, Result=0x0
2025-12-27 09:06:03.753 [INF] [녹취 이벤트] Dn1=, Dn2=
2025-12-27 09:06:03.784 [INF] [녹취 이벤트] ExtInfo=http://orec.skbroadband.com/nas_recording/ddz/bM/2Pr/eH/N0I.wav
2025-12-27 09:06:03.784 [INF] ═══════════════════════════════════════════════════════
2025-12-27 09:06:03.785 [INF] 🔴 녹취 시작!
2025-12-27 09:06:03.786 [INF]     ExtInfo(파일정보): http://orec.skbroadband.com/nas_recording/ddz/bM/2Pr/eH/N0I.wav
2025-12-27 09:06:03.787 [INF]     ExtInfo 길이: 63
2025-12-27 09:06:03.787 [INF]     http 포함여부: true
2025-12-27 09:06:13.700 [INF] [CallLog] ring 전송 성공
2025-12-27 09:06:16.715 [INF] [CallLog] start 전송 성공
2025-12-27 09:06:16.787 [INF] [CallLog] start 전송 성공
2025-12-27 09:06:56.455 [INF] [이벤트] Svc=8, Evt=0x308, Res=0x0, Dn1=, Dn2=, Ext=http://orec.skbroadband.com/nas_recording/ddz/bM/2
2025-12-27 09:06:56.458 [INF] ═══════════════════════════════════════════════════════
2025-12-27 09:06:56.459 [INF] [녹취 이벤트] Service=8, EvtType=0x308, Result=0x0
2025-12-27 09:06:56.484 [INF] [녹취 이벤트] Dn1=, Dn2=
2025-12-27 09:06:56.485 [INF] [녹취 이벤트] ExtInfo=http://orec.skbroadband.com/nas_recording/ddz/bM/2Pr/eH/N0I.wav
2025-12-27 09:06:56.485 [INF] ═══════════════════════════════════════════════════════
2025-12-27 09:06:56.486 [INF] ⏹️ 녹취 완료!
2025-12-27 09:06:56.487 [INF]     ExtInfo(파일정보): http://orec.skbroadband.com/nas_recording/ddz/bM/2Pr/eH/N0I.wav
2025-12-27 09:06:56.488 [INF]     ExtInfo 길이: 63
2025-12-27 09:06:56.488 [INF]     http:// 포함: true
2025-12-27 09:06:56.489 [INF]     https:// 포함: false
2025-12-27 09:06:56.507 [INF]     통화시간: 53초
2025-12-27 09:06:56.509 [INF]     발신번호: 01037985715
2025-12-27 09:06:56.510 [INF]     수신번호: 0315672278
2025-12-27 09:06:56.511 [INF] ───────────────────────────────────────────────────────
2025-12-27 09:06:56.511 [INF] [녹취 전송] SendRecordingComplete 시작
2025-12-27 09:06:56.512 [INF]     recordingInfo 원본: http://orec.skbroadband.com/nas_recording/ddz/bM/2Pr/eH/N0I.wav
2025-12-27 09:06:56.513 [INF]     녹취파일 다운로드 중...
2025-12-27 09:06:56.636 [INF]     다운로드 완료: 421804 bytes (0.40 MB)
2025-12-27 09:06:56.637 [INF]     base64 인코딩 완료: 562408 chars
2025-12-27 09:06:56.669 [INF]     전송 URL: https://d-care-console.vercel.app/api/call-analysis/recording
2025-12-27 09:06:56.671 [INF]     JSON 크기: 589216 bytes
2025-12-27 09:06:56.741 [INF] [이벤트] Svc=14, Evt=0x1, Res=0x0, Dn1=01037985715, Dn2=0315672278, Ext=20251227090655
2025-12-27 09:06:56.744 [INF] 📴 통화 종료: 01037985715
2025-12-27 09:06:56.745 [INF] [CallLog] end 이벤트 전송: 01037985715
2025-12-27 09:06:56.952 [INF] [이벤트] Svc=8, Evt=0x303, Res=0x0, Dn1=, Dn2=, Ext=
2025-12-27 09:06:56.954 [INF] ═══════════════════════════════════════════════════════
2025-12-27 09:06:56.954 [INF] [녹취 이벤트] Service=8, EvtType=0x303, Result=0x0
2025-12-27 09:06:56.955 [INF] [녹취 이벤트] Dn1=, Dn2=
2025-12-27 09:06:56.956 [INF] [녹취 이벤트] ExtInfo=
2025-12-27 09:06:56.957 [INF] ═══════════════════════════════════════════════════════
2025-12-27 09:06:56.957 [INF] 녹취 서비스 종료
2025-12-27 09:07:09.669 [INF] [CallLog] end 전송 성공
2025-12-27 09:07:23.343 [INF] ✅ 녹취 정보 전송 성공!
2025-12-27 09:07:23.357 [INF]     응답: {"success":true,"message":"Recording received, analysis queued","analysisId":"694f233467d1419f0cbecbad","data":{"callLogId":"694f22f467d1419f0cbecbac","callerNumber":"010-3798-5715","calledNumber":"031-567-2278","recordingFileName":"N0I.wav","duration":53,"status":"pending","patientId":"694a32620da4da255054af99","patientName":"신성현","createdAt":"2025-12-27T09:06:56.638+09:00","updatedAt":"2025-12-27T00:07:03.969Z","_id":"694f233467d1419f0cbecbad"}}
2025-12-27 09:07:23.369 [INF] ───────────────────────────────────────────────────────
2025-12-27 09:07:53.047 [INF] [이벤트] Svc=7, Evt=0x1, Res=0x0, Dn1=01088252419, Dn2=0315672278, Ext=
2025-12-27 09:07:53.050 [INF] 📞 전화 수신: 01088252419 → 0315672278
2025-12-27 09:07:53.051 [INF] [CallLog] ring 이벤트 전송: 01088252419
2025-12-27 09:07:55.592 [INF] [이벤트] Svc=8, Evt=0x304, Res=0x0, Dn1=01088252419, Dn2=0315672278, Ext=
2025-12-27 09:07:55.594 [INF] ═══════════════════════════════════════════════════════
2025-12-27 09:07:55.595 [INF] [녹취 이벤트] Service=8, EvtType=0x304, Result=0x0
2025-12-27 09:07:55.596 [INF] [녹취 이벤트] Dn1=01088252419, Dn2=0315672278
2025-12-27 09:07:55.597 [INF] [녹취 이벤트] ExtInfo=
2025-12-27 09:07:55.597 [INF] ═══════════════════════════════════════════════════════
2025-12-27 09:07:55.598 [INF] 🎙️ 착신녹취 준비: 01088252419 → 0315672278
2025-12-27 09:07:55.599 [INF] 녹취 시작 요청 성공
2025-12-27 09:07:55.804 [INF] [이벤트] Svc=15, Evt=0x304, Res=0x0, Dn1=0315672278, Dn2=01088252419, Ext=called
2025-12-27 09:07:55.806 [INF] 📱 통화 연결: 01088252419
2025-12-27 09:07:55.807 [INF] [CallLog] start 이벤트 전송: 01088252419
2025-12-27 09:07:56.017 [INF] [이벤트] Svc=13, Evt=0x1, Res=0x0, Dn1=01088252419, Dn2=0315672278, Ext=20251227090754
2025-12-27 09:07:56.019 [INF] 📱 통화 응답: 01088252419
2025-12-27 09:07:56.020 [INF] [CallLog] start 이벤트 전송: 01088252419
2025-12-27 09:07:56.230 [INF] [이벤트] Svc=8, Evt=0x307, Res=0x0, Dn1=, Dn2=, Ext=http://orec.skbroadband.com/nas_recording/ddz/bM/2
2025-12-27 09:07:56.232 [INF] ═══════════════════════════════════════════════════════
2025-12-27 09:07:56.233 [INF] [녹취 이벤트] Service=8, EvtType=0x307, Result=0x0
2025-12-27 09:07:56.234 [INF] [녹취 이벤트] Dn1=, Dn2=
2025-12-27 09:07:56.235 [INF] [녹취 이벤트] ExtInfo=http://orec.skbroadband.com/nas_recording/ddz/bM/2Pr/8J/1Ls.wav
2025-12-27 09:07:56.235 [INF] ═══════════════════════════════════════════════════════
2025-12-27 09:07:56.236 [INF] 🔴 녹취 시작!
2025-12-27 09:07:56.237 [INF]     ExtInfo(파일정보): http://orec.skbroadband.com/nas_recording/ddz/bM/2Pr/8J/1Ls.wav
2025-12-27 09:07:56.237 [INF]     ExtInfo 길이: 63
2025-12-27 09:07:56.238 [INF]     http 포함여부: true
2025-12-27 09:08:05.280 [INF] [CallLog] ring 전송 성공
2025-12-27 09:08:08.991 [INF] [CallLog] start 전송 성공
2025-12-27 09:08:09.112 [INF] [CallLog] start 전송 성공
2025-12-27 09:08:30.428 [INF] [이벤트] Svc=8, Evt=0x308, Res=0x0, Dn1=, Dn2=, Ext=http://orec.skbroadband.com/nas_recording/ddz/bM/2
2025-12-27 09:08:30.431 [INF] ═══════════════════════════════════════════════════════
2025-12-27 09:08:30.432 [INF] [녹취 이벤트] Service=8, EvtType=0x308, Result=0x0
2025-12-27 09:08:30.433 [INF] [녹취 이벤트] Dn1=, Dn2=
2025-12-27 09:08:30.433 [INF] [녹취 이벤트] ExtInfo=http://orec.skbroadband.com/nas_recording/ddz/bM/2Pr/8J/1Ls.wav
2025-12-27 09:08:30.434 [INF] ═══════════════════════════════════════════════════════
2025-12-27 09:08:30.435 [INF] ⏹️ 녹취 완료!
2025-12-27 09:08:30.436 [INF]     ExtInfo(파일정보): http://orec.skbroadband.com/nas_recording/ddz/bM/2Pr/8J/1Ls.wav
2025-12-27 09:08:30.436 [INF]     ExtInfo 길이: 63
2025-12-27 09:08:30.437 [INF]     http:// 포함: true
2025-12-27 09:08:30.438 [INF]     https:// 포함: false
2025-12-27 09:08:30.439 [INF]     통화시간: 34초
2025-12-27 09:08:30.440 [INF]     발신번호: 01088252419
2025-12-27 09:08:30.440 [INF]     수신번호: 0315672278
2025-12-27 09:08:30.441 [INF] ───────────────────────────────────────────────────────
2025-12-27 09:08:30.442 [INF] [녹취 전송] SendRecordingComplete 시작
2025-12-27 09:08:30.442 [INF]     recordingInfo 원본: http://orec.skbroadband.com/nas_recording/ddz/bM/2Pr/8J/1Ls.wav
2025-12-27 09:08:30.445 [INF]     녹취파일 다운로드 중...
2025-12-27 09:08:30.503 [INF]     다운로드 완료: 274924 bytes (0.26 MB)
2025-12-27 09:08:30.505 [INF]     base64 인코딩 완료: 366568 chars
2025-12-27 09:08:30.507 [INF]     전송 URL: https://d-care-console.vercel.app/api/call-analysis/recording
2025-12-27 09:08:30.507 [INF]     JSON 크기: 388796 bytes
2025-12-27 09:08:30.654 [INF] [이벤트] Svc=8, Evt=0x303, Res=0x0, Dn1=, Dn2=, Ext=
2025-12-27 09:08:30.657 [INF] ═══════════════════════════════════════════════════════
2025-12-27 09:08:30.658 [INF] [녹취 이벤트] Service=8, EvtType=0x303, Result=0x0
2025-12-27 09:08:30.659 [INF] [녹취 이벤트] Dn1=, Dn2=
2025-12-27 09:08:30.660 [INF] [녹취 이벤트] ExtInfo=
2025-12-27 09:08:30.661 [INF] ═══════════════════════════════════════════════════════
2025-12-27 09:08:30.661 [INF] 녹취 서비스 종료
2025-12-27 09:08:30.866 [INF] [이벤트] Svc=14, Evt=0x1, Res=0x0, Dn1=01088252419, Dn2=0315672278, Ext=20251227090829
2025-12-27 09:08:30.868 [INF] 📴 통화 종료: 01088252419
2025-12-27 09:08:30.869 [INF] [CallLog] end 이벤트 전송: 01088252419
2025-12-27 09:08:43.566 [INF] [CallLog] end 전송 성공
2025-12-27 09:08:55.871 [INF] ✅ 녹취 정보 전송 성공!
2025-12-27 09:08:55.873 [INF]     응답: {"success":true,"message":"Recording received, analysis queued","analysisId":"694f23906e77c70804cc0acd","data":{"callLogId":"694f236467d1419f0cbecbae","callerNumber":"010-8825-2419","calledNumber":"031-567-2278","recordingFileName":"1Ls.wav","duration":34,"status":"pending","createdAt":"2025-12-27T09:08:30.506+09:00","updatedAt":"2025-12-27T00:08:36.800Z","_id":"694f23906e77c70804cc0acd"}}
2025-12-27 09:08:55.887 [INF] ───────────────────────────────────────────────────────
2025-12-27 09:34:09.332 [INF] [이벤트] Svc=7, Evt=0x1, Res=0x0, Dn1=01090222157, Dn2=0315672278, Ext=
2025-12-27 09:34:09.334 [INF] 📞 전화 수신: 01090222157 → 0315672278
2025-12-27 09:34:09.336 [INF] [CallLog] ring 이벤트 전송: 01090222157
2025-12-27 09:34:11.248 [INF] [이벤트] Svc=15, Evt=0x304, Res=0x0, Dn1=0315672278, Dn2=01090222157, Ext=called
2025-12-27 09:34:11.251 [INF] 📱 통화 연결: 01090222157
2025-12-27 09:34:11.252 [INF] [CallLog] start 이벤트 전송: 01090222157
2025-12-27 09:34:11.458 [INF] [이벤트] Svc=8, Evt=0x304, Res=0x0, Dn1=01090222157, Dn2=0315672278, Ext=
2025-12-27 09:34:11.460 [INF] ═══════════════════════════════════════════════════════
2025-12-27 09:34:11.461 [INF] [녹취 이벤트] Service=8, EvtType=0x304, Result=0x0
2025-12-27 09:34:11.462 [INF] [녹취 이벤트] Dn1=01090222157, Dn2=0315672278
2025-12-27 09:34:11.463 [INF] [녹취 이벤트] ExtInfo=
2025-12-27 09:34:11.464 [INF] ═══════════════════════════════════════════════════════
2025-12-27 09:34:11.464 [INF] 🎙️ 착신녹취 준비: 01090222157 → 0315672278
2025-12-27 09:34:11.465 [INF] 녹취 시작 요청 성공
2025-12-27 09:34:11.671 [INF] [이벤트] Svc=13, Evt=0x1, Res=0x0, Dn1=01090222157, Dn2=0315672278, Ext=20251227093410
2025-12-27 09:34:11.673 [INF] 📱 통화 응답: 01090222157
2025-12-27 09:34:11.674 [INF] [CallLog] start 이벤트 전송: 01090222157
2025-12-27 09:34:11.884 [INF] [이벤트] Svc=8, Evt=0x307, Res=0x0, Dn1=, Dn2=, Ext=http://orec.skbroadband.com/nas_recording/ddz/bM/2
2025-12-27 09:34:11.886 [INF] ═══════════════════════════════════════════════════════
2025-12-27 09:34:11.887 [INF] [녹취 이벤트] Service=8, EvtType=0x307, Result=0x0
2025-12-27 09:34:11.896 [INF] [녹취 이벤트] Dn1=, Dn2=
2025-12-27 09:34:11.897 [INF] [녹취 이벤트] ExtInfo=http://orec.skbroadband.com/nas_recording/ddz/bM/2Pr/e1/kZV.wav
2025-12-27 09:34:11.898 [INF] ═══════════════════════════════════════════════════════
2025-12-27 09:34:11.898 [INF] 🔴 녹취 시작!
2025-12-27 09:34:11.900 [INF]     ExtInfo(파일정보): http://orec.skbroadband.com/nas_recording/ddz/bM/2Pr/e1/kZV.wav
2025-12-27 09:34:11.901 [INF]     ExtInfo 길이: 63
2025-12-27 09:34:11.901 [INF]     http 포함여부: true
2025-12-27 09:34:22.233 [INF] [CallLog] ring 전송 성공
2025-12-27 09:34:24.203 [INF] [CallLog] start 전송 성공
2025-12-27 09:34:24.384 [INF] [CallLog] start 전송 성공
2025-12-27 09:35:35.179 [INF] [이벤트] Svc=8, Evt=0x308, Res=0x0, Dn1=, Dn2=, Ext=http://orec.skbroadband.com/nas_recording/ddz/bM/2
2025-12-27 09:35:35.181 [INF] ═══════════════════════════════════════════════════════
2025-12-27 09:35:35.182 [INF] [녹취 이벤트] Service=8, EvtType=0x308, Result=0x0
2025-12-27 09:35:35.183 [INF] [녹취 이벤트] Dn1=, Dn2=
2025-12-27 09:35:35.183 [INF] [녹취 이벤트] ExtInfo=http://orec.skbroadband.com/nas_recording/ddz/bM/2Pr/e1/kZV.wav
2025-12-27 09:35:35.184 [INF] ═══════════════════════════════════════════════════════
2025-12-27 09:35:35.185 [INF] ⏹️ 녹취 완료!
2025-12-27 09:35:35.185 [INF]     ExtInfo(파일정보): http://orec.skbroadband.com/nas_recording/ddz/bM/2Pr/e1/kZV.wav
2025-12-27 09:35:35.186 [INF]     ExtInfo 길이: 63
2025-12-27 09:35:35.187 [INF]     http:// 포함: true
2025-12-27 09:35:35.188 [INF]     https:// 포함: false
2025-12-27 09:35:35.188 [INF]     통화시간: 83초
2025-12-27 09:35:35.189 [INF]     발신번호: 01090222157
2025-12-27 09:35:35.190 [INF]     수신번호: 0315672278
2025-12-27 09:35:35.191 [INF] ───────────────────────────────────────────────────────
2025-12-27 09:35:35.191 [INF] [녹취 전송] SendRecordingComplete 시작
2025-12-27 09:35:35.192 [INF]     recordingInfo 원본: http://orec.skbroadband.com/nas_recording/ddz/bM/2Pr/e1/kZV.wav
2025-12-27 09:35:35.193 [INF]     녹취파일 다운로드 중...
2025-12-27 09:35:35.250 [INF]     다운로드 완료: 667724 bytes (0.64 MB)
2025-12-27 09:35:35.252 [INF]     base64 인코딩 완료: 890300 chars
2025-12-27 09:35:35.255 [INF]     전송 URL: https://d-care-console.vercel.app/api/call-analysis/recording
2025-12-27 09:35:35.256 [INF]     JSON 크기: 932968 bytes
2025-12-27 09:35:35.407 [INF] [이벤트] Svc=14, Evt=0x1, Res=0x0, Dn1=01090222157, Dn2=0315672278, Ext=20251227093534
2025-12-27 09:35:35.409 [INF] 📴 통화 종료: 01090222157
2025-12-27 09:35:35.410 [INF] [CallLog] end 이벤트 전송: 01090222157
2025-12-27 09:35:35.620 [INF] [이벤트] Svc=8, Evt=0x303, Res=0x0, Dn1=, Dn2=, Ext=
2025-12-27 09:35:35.622 [INF] ═══════════════════════════════════════════════════════
2025-12-27 09:35:35.622 [INF] [녹취 이벤트] Service=8, EvtType=0x303, Result=0x0
2025-12-27 09:35:35.623 [INF] [녹취 이벤트] Dn1=, Dn2=
2025-12-27 09:35:35.624 [INF] [녹취 이벤트] ExtInfo=
2025-12-27 09:35:35.625 [INF] ═══════════════════════════════════════════════════════
2025-12-27 09:35:35.625 [INF] 녹취 서비스 종료
2025-12-27 09:35:48.094 [INF] [CallLog] end 전송 성공
2025-12-27 09:36:00.193 [INF] ✅ 녹취 정보 전송 성공!
2025-12-27 09:36:00.195 [INF]     응답: {"success":true,"message":"Recording received, analysis queued","analysisId":"694f29e9fff97ca10b5de227","data":{"callLogId":"694f298dfff97ca10b5de226","callerNumber":"010-9022-2157","calledNumber":"031-567-2278","recordingFileName":"kZV.wav","duration":83,"status":"pending","patientId":"692e819def63b3fc75b4a7c6","patientName":"최영인","createdAt":"2025-12-27T09:35:35.252+09:00","updatedAt":"2025-12-27T00:35:41.670Z","_id":"694f29e9fff97ca10b5de227"}}
2025-12-27 09:36:00.197 [INF] ───────────────────────────────────────────────────────
2025-12-27 09:48:08.126 [INF] [이벤트] Svc=7, Evt=0x1, Res=0x0, Dn1=01045908987, Dn2=0315672278, Ext=
2025-12-27 09:48:08.128 [INF] 📞 전화 수신: 01045908987 → 0315672278
2025-12-27 09:48:08.130 [INF] [CallLog] ring 이벤트 전송: 01045908987
2025-12-27 09:48:10.059 [INF] [이벤트] Svc=13, Evt=0x1, Res=0x0, Dn1=01045908987, Dn2=0315672278, Ext=20251227094809
2025-12-27 09:48:10.061 [INF] 📱 통화 응답: 01045908987
2025-12-27 09:48:10.062 [INF] [CallLog] start 이벤트 전송: 01045908987
2025-12-27 09:48:10.271 [INF] [이벤트] Svc=15, Evt=0x304, Res=0x0, Dn1=0315672278, Dn2=01045908987, Ext=called
2025-12-27 09:48:10.273 [INF] 📱 통화 연결: 01045908987
2025-12-27 09:48:10.274 [INF] [CallLog] start 이벤트 전송: 01045908987
2025-12-27 09:48:10.500 [INF] [이벤트] Svc=8, Evt=0x304, Res=0x0, Dn1=01045908987, Dn2=0315672278, Ext=
2025-12-27 09:48:10.503 [INF] ═══════════════════════════════════════════════════════
2025-12-27 09:48:10.503 [INF] [녹취 이벤트] Service=8, EvtType=0x304, Result=0x0
2025-12-27 09:48:10.504 [INF] [녹취 이벤트] Dn1=01045908987, Dn2=0315672278
2025-12-27 09:48:10.505 [INF] [녹취 이벤트] ExtInfo=
2025-12-27 09:48:10.505 [INF] ═══════════════════════════════════════════════════════
2025-12-27 09:48:10.506 [INF] 🎙️ 착신녹취 준비: 01045908987 → 0315672278
2025-12-27 09:48:10.507 [INF] 녹취 시작 요청 성공
2025-12-27 09:48:10.926 [INF] [이벤트] Svc=8, Evt=0x307, Res=0x0, Dn1=, Dn2=, Ext=http://orec.skbroadband.com/nas_recording/ddz/bM/2
2025-12-27 09:48:10.944 [INF] ═══════════════════════════════════════════════════════
2025-12-27 09:48:10.945 [INF] [녹취 이벤트] Service=8, EvtType=0x307, Result=0x0
2025-12-27 09:48:10.945 [INF] [녹취 이벤트] Dn1=, Dn2=
2025-12-27 09:48:10.946 [INF] [녹취 이벤트] ExtInfo=http://orec.skbroadband.com/nas_recording/ddz/bM/2Pr/kb/hLy.wav
2025-12-27 09:48:10.947 [INF] ═══════════════════════════════════════════════════════
2025-12-27 09:48:10.947 [INF] 🔴 녹취 시작!
2025-12-27 09:48:10.948 [INF]     ExtInfo(파일정보): http://orec.skbroadband.com/nas_recording/ddz/bM/2Pr/kb/hLy.wav
2025-12-27 09:48:10.949 [INF]     ExtInfo 길이: 63
2025-12-27 09:48:10.949 [INF]     http 포함여부: true
2025-12-27 09:48:22.384 [INF] [CallLog] start 전송 성공
2025-12-27 09:48:23.178 [INF] [CallLog] ring 전송 성공
2025-12-27 09:48:23.615 [INF] [CallLog] start 전송 성공
2025-12-27 09:48:52.454 [INF] [이벤트] Svc=8, Evt=0x308, Res=0x0, Dn1=, Dn2=, Ext=http://orec.skbroadband.com/nas_recording/ddz/bM/2
2025-12-27 09:48:52.456 [INF] ═══════════════════════════════════════════════════════
2025-12-27 09:48:52.457 [INF] [녹취 이벤트] Service=8, EvtType=0x308, Result=0x0
2025-12-27 09:48:52.458 [INF] [녹취 이벤트] Dn1=, Dn2=
2025-12-27 09:48:52.459 [INF] [녹취 이벤트] ExtInfo=http://orec.skbroadband.com/nas_recording/ddz/bM/2Pr/kb/hLy.wav
2025-12-27 09:48:52.459 [INF] ═══════════════════════════════════════════════════════
2025-12-27 09:48:52.460 [INF] ⏹️ 녹취 완료!
2025-12-27 09:48:52.460 [INF]     ExtInfo(파일정보): http://orec.skbroadband.com/nas_recording/ddz/bM/2Pr/kb/hLy.wav
2025-12-27 09:48:52.461 [INF]     ExtInfo 길이: 63
2025-12-27 09:48:52.462 [INF]     http:// 포함: true
2025-12-27 09:48:52.463 [INF]     https:// 포함: false
2025-12-27 09:48:52.463 [INF]     통화시간: 41초
2025-12-27 09:48:52.464 [INF]     발신번호: 01045908987
2025-12-27 09:48:52.465 [INF]     수신번호: 0315672278
2025-12-27 09:48:52.465 [INF] ───────────────────────────────────────────────────────
2025-12-27 09:48:52.466 [INF] [녹취 전송] SendRecordingComplete 시작
2025-12-27 09:48:52.467 [INF]     recordingInfo 원본: http://orec.skbroadband.com/nas_recording/ddz/bM/2Pr/kb/hLy.wav
2025-12-27 09:48:52.467 [INF]     녹취파일 다운로드 중...
2025-12-27 09:48:52.516 [INF]     다운로드 완료: 331564 bytes (0.32 MB)
2025-12-27 09:48:52.517 [INF]     base64 인코딩 완료: 442088 chars
2025-12-27 09:48:52.519 [INF]     전송 URL: https://d-care-console.vercel.app/api/call-analysis/recording
2025-12-27 09:48:52.519 [INF]     JSON 크기: 459771 bytes
2025-12-27 09:48:52.678 [INF] [이벤트] Svc=14, Evt=0x1, Res=0x0, Dn1=01045908987, Dn2=0315672278, Ext=20251227094851
2025-12-27 09:48:52.680 [INF] 📴 통화 종료: 01045908987
2025-12-27 09:48:52.681 [INF] [CallLog] end 이벤트 전송: 01045908987
2025-12-27 09:48:52.888 [INF] [이벤트] Svc=8, Evt=0x303, Res=0x0, Dn1=, Dn2=, Ext=
2025-12-27 09:48:52.890 [INF] ═══════════════════════════════════════════════════════
2025-12-27 09:48:52.891 [INF] [녹취 이벤트] Service=8, EvtType=0x303, Result=0x0
2025-12-27 09:48:52.892 [INF] [녹취 이벤트] Dn1=, Dn2=
2025-12-27 09:48:52.892 [INF] [녹취 이벤트] ExtInfo=
2025-12-27 09:48:52.893 [INF] ═══════════════════════════════════════════════════════
2025-12-27 09:48:52.894 [INF] 녹취 서비스 종료
2025-12-27 09:49:05.585 [INF] [CallLog] end 전송 성공
2025-12-27 09:49:17.213 [INF] ✅ 녹취 정보 전송 성공!
2025-12-27 09:49:17.214 [INF]     응답: {"success":true,"message":"Recording received, analysis queued","analysisId":"694f2d06fff97ca10b5de228","data":{"callLogId":"694f2cd66643b62eefb43803","callerNumber":"010-4590-8987","calledNumber":"031-567-2278","recordingFileName":"hLy.wav","duration":41,"status":"pending","createdAt":"2025-12-27T09:48:52.517+09:00","updatedAt":"2025-12-27T00:48:58.672Z","_id":"694f2d06fff97ca10b5de228"}}
2025-12-27 09:49:17.217 [INF] ───────────────────────────────────────────────────────
2025-12-27 09:58:32.595 [INF] [이벤트] Svc=7, Evt=0x1, Res=0x0, Dn1=01091459523, Dn2=0315672278, Ext=
2025-12-27 09:58:32.597 [INF] 📞 전화 수신: 01091459523 → 0315672278
2025-12-27 09:58:32.794 [INF] [CallLog] ring 이벤트 전송: 01091459523
2025-12-27 09:58:34.501 [INF] [이벤트] Svc=9, Evt=0x1, Res=0x0, Dn1=01091459523, Dn2=0315672278, Ext=20251227095833
2025-12-27 09:58:34.503 [INF] 📱 통화 연결: 01091459523
2025-12-27 09:58:34.504 [INF] [CallLog] start 이벤트 전송: 01091459523
2025-12-27 09:58:45.677 [INF] [CallLog] ring 전송 성공
2025-12-27 09:58:47.452 [INF] [CallLog] start 전송 성공
2025-12-27 09:59:56.801 [INF] [이벤트] Svc=7, Evt=0x1, Res=0x0, Dn1=01091459523, Dn2=0315672278, Ext=
2025-12-27 09:59:56.804 [INF] 📞 전화 수신: 01091459523 → 0315672278
2025-12-27 09:59:56.805 [INF] [CallLog] ring 이벤트 전송: 01091459523
2025-12-27 09:59:59.325 [INF] [이벤트] Svc=9, Evt=0x1, Res=0x0, Dn1=01091459523, Dn2=0315672278, Ext=20251227095958
2025-12-27 09:59:59.327 [INF] 📱 통화 연결: 01091459523
2025-12-27 09:59:59.328 [INF] [CallLog] start 이벤트 전송: 01091459523
2025-12-27 10:00:09.334 [INF] [CallLog] ring 전송 성공
2025-12-27 10:00:11.631 [INF] [CallLog] start 전송 성공
2025-12-27 10:00:34.001 [INF] [이벤트] Svc=11, Evt=0x1, Res=0x0, Dn1=0315672278, Dn2=0107100774, Ext=20251227100033
2025-12-27 10:00:34.002 [INF] 📴 통화 종료: 0107100774
2025-12-27 10:00:34.003 [INF] [CallLog] end 이벤트 전송: 0107100774
2025-12-27 10:00:34.212 [INF] [이벤트] Svc=12, Evt=0x1, Res=0x0, Dn1=0315672278, Dn2=0107100774, Ext=20251227100033
2025-12-27 10:00:34.214 [INF] ❌ 부재중: 0315672278
2025-12-27 10:00:34.215 [INF] [CallLog] missed 이벤트 전송: 0315672278
2025-12-27 10:00:45.942 [INF] [CallLog] end 전송 성공
2025-12-27 10:00:46.885 [INF] [CallLog] missed 전송 성공
2025-12-27 10:01:24.587 [INF] [이벤트] Svc=11, Evt=0x1, Res=0x0, Dn1=0315672278, Dn2=01071007746, Ext=20251227100123
2025-12-27 10:01:24.589 [INF] 📴 통화 종료: 01071007746
2025-12-27 10:01:24.589 [INF] [CallLog] end 이벤트 전송: 01071007746
2025-12-27 10:01:24.796 [INF] [이벤트] Svc=12, Evt=0x1, Res=0x0, Dn1=0315672278, Dn2=01071007746, Ext=20251227100123
2025-12-27 10:01:24.798 [INF] ❌ 부재중: 0315672278
2025-12-27 10:01:24.799 [INF] [CallLog] missed 이벤트 전송: 0315672278
2025-12-27 10:01:36.666 [INF] [CallLog] missed 전송 성공
2025-12-27 10:01:36.878 [INF] [CallLog] end 전송 성공
2025-12-27 10:04:58.717 [INF] [이벤트] Svc=7, Evt=0x1, Res=0x0, Dn1=01091459523, Dn2=0315672278, Ext=
2025-12-27 10:04:58.720 [INF] 📞 전화 수신: 01091459523 → 0315672278
2025-12-27 10:04:58.721 [INF] [CallLog] ring 이벤트 전송: 01091459523
2025-12-27 10:05:00.830 [INF] [이벤트] Svc=9, Evt=0x1, Res=0x0, Dn1=01091459523, Dn2=0315672278, Ext=20251227100500
2025-12-27 10:05:00.833 [INF] 📱 통화 연결: 01091459523
2025-12-27 10:05:00.833 [INF] [CallLog] start 이벤트 전송: 01091459523
2025-12-27 10:05:11.212 [INF] [CallLog] ring 전송 성공
2025-12-27 10:05:13.001 [INF] [CallLog] start 전송 성공
2025-12-27 10:07:36.720 [INF] [이벤트] Svc=11, Evt=0x1, Res=0x0, Dn1=0315672278, Dn2=01087206435, Ext=20251227100735
2025-12-27 10:07:36.722 [INF] 📴 통화 종료: 01087206435
2025-12-27 10:07:36.722 [INF] [CallLog] end 이벤트 전송: 01087206435
2025-12-27 10:07:36.929 [INF] [이벤트] Svc=15, Evt=0x304, Res=0x0, Dn1=0315672278, Dn2=01087206435, Ext=calling
2025-12-27 10:07:48.979 [INF] [CallLog] end 전송 성공
2025-12-27 10:08:01.926 [INF] [이벤트] Svc=12, Evt=0x1, Res=0x0, Dn1=0315672278, Dn2=01087206435, Ext=20251227100801
2025-12-27 10:08:01.930 [INF] ❌ 부재중: 0315672278
2025-12-27 10:08:01.930 [INF] [CallLog] missed 이벤트 전송: 0315672278
2025-12-27 10:08:14.233 [INF] [CallLog] missed 전송 성공
2025-12-27 10:09:57.731 [INF] [이벤트] Svc=11, Evt=0x1, Res=0x0, Dn1=0315672278, Dn2=01053207554, Ext=20251227100956
2025-12-27 10:09:57.733 [INF] 📴 통화 종료: 01053207554
2025-12-27 10:09:57.734 [INF] [CallLog] end 이벤트 전송: 01053207554
2025-12-27 10:09:57.940 [INF] [이벤트] Svc=12, Evt=0x1, Res=0x0, Dn1=0315672278, Dn2=01053207554, Ext=20251227100956
2025-12-27 10:09:57.952 [INF] ❌ 부재중: 0315672278
2025-12-27 10:09:57.969 [INF] [CallLog] missed 이벤트 전송: 0315672278
2025-12-27 10:10:10.329 [INF] [CallLog] missed 전송 성공
2025-12-27 10:10:10.514 [INF] [CallLog] end 전송 성공
2025-12-27 10:12:47.837 [INF] [이벤트] Svc=11, Evt=0x1, Res=0x0, Dn1=0315672278, Dn2=01056750948, Ext=20251227101247
2025-12-27 10:12:47.839 [INF] 📴 통화 종료: 01056750948
2025-12-27 10:12:47.840 [INF] [CallLog] end 이벤트 전송: 01056750948
2025-12-27 10:12:48.049 [INF] [이벤트] Svc=15, Evt=0x304, Res=0x0, Dn1=0315672278, Dn2=01056750948, Ext=calling
2025-12-27 10:13:00.379 [INF] [CallLog] end 전송 성공
2025-12-27 10:14:31.162 [INF] [이벤트] Svc=12, Evt=0x1, Res=0x0, Dn1=0315672278, Dn2=01056750948, Ext=20251227101430
2025-12-27 10:14:31.164 [INF] ❌ 부재중: 0315672278
2025-12-27 10:14:31.165 [INF] [CallLog] missed 이벤트 전송: 0315672278
2025-12-27 10:14:43.660 [INF] [CallLog] missed 전송 성공
2025-12-27 10:24:26.252 [INF] [이벤트] Svc=7, Evt=0x1, Res=0x0, Dn1=01090173792, Dn2=0315672278, Ext=
2025-12-27 10:24:26.254 [INF] 📞 전화 수신: 01090173792 → 0315672278
2025-12-27 10:24:26.256 [INF] [CallLog] ring 이벤트 전송: 01090173792
2025-12-27 10:24:28.579 [INF] [이벤트] Svc=9, Evt=0x1, Res=0x0, Dn1=01090173792, Dn2=0315672278, Ext=20251227102427
2025-12-27 10:24:28.581 [INF] 📱 통화 연결: 01090173792
2025-12-27 10:24:28.582 [INF] [CallLog] start 이벤트 전송: 01090173792
2025-12-27 10:24:38.822 [INF] [CallLog] ring 전송 성공
2025-12-27 10:24:41.072 [INF] [CallLog] start 전송 성공
2025-12-27 10:34:18.127 [INF] [이벤트] Svc=7, Evt=0x1, Res=0x0, Dn1=01071007746, Dn2=0315672278, Ext=
2025-12-27 10:34:18.129 [INF] 📞 전화 수신: 01071007746 → 0315672278
2025-12-27 10:34:18.130 [INF] [CallLog] ring 이벤트 전송: 01071007746
2025-12-27 10:34:19.613 [INF] [이벤트] Svc=9, Evt=0x1, Res=0x0, Dn1=01071007746, Dn2=0315672278, Ext=20251227103418
2025-12-27 10:34:19.616 [INF] 📱 통화 연결: 01071007746
2025-12-27 10:34:19.616 [INF] [CallLog] start 이벤트 전송: 01071007746
2025-12-27 10:34:30.287 [INF] [CallLog] ring 전송 성공
2025-12-27 10:34:33.534 [INF] [CallLog] start 전송 성공
2025-12-27 10:37:52.498 [INF] [이벤트] Svc=7, Evt=0x1, Res=0x0, Dn1=01023143202, Dn2=0315672278, Ext=
2025-12-27 10:37:52.500 [INF] 📞 전화 수신: 01023143202 → 0315672278
2025-12-27 10:37:52.502 [INF] [CallLog] ring 이벤트 전송: 01023143202
2025-12-27 10:37:59.469 [INF] [이벤트] Svc=9, Evt=0x1, Res=0x0, Dn1=01023143202, Dn2=0315672278, Ext=20251227103758
2025-12-27 10:37:59.470 [INF] 📱 통화 연결: 01023143202
2025-12-27 10:37:59.471 [INF] [CallLog] start 이벤트 전송: 01023143202
2025-12-27 10:38:05.181 [INF] [CallLog] ring 전송 성공
2025-12-27 10:38:11.745 [INF] [CallLog] start 전송 성공
2025-12-27 10:52:52.125 [INF] [이벤트] Svc=7, Evt=0x1, Res=0x0, Dn1=07047414471, Dn2=0315672278, Ext=
2025-12-27 10:52:52.128 [INF] 📞 전화 수신: 07047414471 → 0315672278
2025-12-27 10:52:52.129 [INF] [CallLog] ring 이벤트 전송: 07047414471
2025-12-27 10:52:52.365 [INF] [CallLog] ring 전송 성공
2025-12-27 10:52:54.030 [INF] [이벤트] Svc=13, Evt=0x1, Res=0x0, Dn1=07047414471, Dn2=0315672278, Ext=20251227105253
2025-12-27 10:52:54.032 [INF] 📱 통화 응답: 07047414471
2025-12-27 10:52:54.033 [INF] [CallLog] start 이벤트 전송: 07047414471
2025-12-27 10:52:54.242 [INF] [CallLog] start 전송 성공
2025-12-27 10:52:54.243 [INF] [이벤트] Svc=15, Evt=0x304, Res=0x0, Dn1=0315672278, Dn2=07047414471, Ext=called
2025-12-27 10:52:54.244 [INF] 📱 통화 연결: 07047414471
2025-12-27 10:52:54.245 [INF] [CallLog] start 이벤트 전송: 07047414471
2025-12-27 10:52:54.438 [INF] [CallLog] start 전송 성공
2025-12-27 10:52:54.455 [INF] [이벤트] Svc=8, Evt=0x304, Res=0x0, Dn1=07047414471, Dn2=0315672278, Ext=
2025-12-27 10:52:54.457 [INF] ═══════════════════════════════════════════════════════
2025-12-27 10:52:54.458 [INF] [녹취 이벤트] Service=8, EvtType=0x304, Result=0x0
2025-12-27 10:52:54.459 [INF] [녹취 이벤트] Dn1=07047414471, Dn2=0315672278
2025-12-27 10:52:54.460 [INF] [녹취 이벤트] ExtInfo=
2025-12-27 10:52:54.461 [INF] ═══════════════════════════════════════════════════════
2025-12-27 10:52:54.461 [INF] 🎙️ 착신녹취 준비: 07047414471 → 0315672278
2025-12-27 10:52:54.462 [INF] 녹취 시작 요청 성공
2025-12-27 10:52:54.878 [INF] [이벤트] Svc=8, Evt=0x307, Res=0x0, Dn1=, Dn2=, Ext=http://orec.skbroadband.com/nas_recording/ddz/bM/2
2025-12-27 10:52:54.879 [INF] ═══════════════════════════════════════════════════════
2025-12-27 10:52:54.879 [INF] [녹취 이벤트] Service=8, EvtType=0x307, Result=0x0
2025-12-27 10:52:54.880 [INF] [녹취 이벤트] Dn1=, Dn2=
2025-12-27 10:52:54.881 [INF] [녹취 이벤트] ExtInfo=http://orec.skbroadband.com/nas_recording/ddz/bM/2Pr/sH/hZm.wav
2025-12-27 10:52:54.882 [INF] ═══════════════════════════════════════════════════════
2025-12-27 10:52:54.882 [INF] 🔴 녹취 시작!
2025-12-27 10:52:54.883 [INF]     ExtInfo(파일정보): http://orec.skbroadband.com/nas_recording/ddz/bM/2Pr/sH/hZm.wav
2025-12-27 10:52:54.884 [INF]     ExtInfo 길이: 63
2025-12-27 10:52:54.884 [INF]     http 포함여부: true
2025-12-27 10:53:01.242 [INF] [이벤트] Svc=8, Evt=0x308, Res=0x0, Dn1=, Dn2=, Ext=http://orec.skbroadband.com/nas_recording/ddz/bM/2
2025-12-27 10:53:01.243 [INF] ═══════════════════════════════════════════════════════
2025-12-27 10:53:01.244 [INF] [녹취 이벤트] Service=8, EvtType=0x308, Result=0x0
2025-12-27 10:53:01.245 [INF] [녹취 이벤트] Dn1=, Dn2=
2025-12-27 10:53:01.246 [INF] [녹취 이벤트] ExtInfo=http://orec.skbroadband.com/nas_recording/ddz/bM/2Pr/sH/hZm.wav
2025-12-27 10:53:01.247 [INF] ═══════════════════════════════════════════════════════
2025-12-27 10:53:01.247 [INF] ⏹️ 녹취 완료!
2025-12-27 10:53:01.248 [INF]     ExtInfo(파일정보): http://orec.skbroadband.com/nas_recording/ddz/bM/2Pr/sH/hZm.wav
2025-12-27 10:53:01.249 [INF]     ExtInfo 길이: 63
2025-12-27 10:53:01.249 [INF]     http:// 포함: true
2025-12-27 10:53:01.250 [INF]     https:// 포함: false
2025-12-27 10:53:01.251 [INF]     통화시간: 6초
2025-12-27 10:53:01.251 [INF]     발신번호: 07047414471
2025-12-27 10:53:01.252 [INF]     수신번호: 0315672278
2025-12-27 10:53:01.253 [INF] ───────────────────────────────────────────────────────
2025-12-27 10:53:01.253 [INF] [녹취 전송] SendRecordingComplete 시작
2025-12-27 10:53:01.254 [INF]     recordingInfo 원본: http://orec.skbroadband.com/nas_recording/ddz/bM/2Pr/sH/hZm.wav
2025-12-27 10:53:01.254 [INF]     녹취파일 다운로드 중...
2025-12-27 10:53:01.297 [INF]     다운로드 완료: 50604 bytes (0.05 MB)
2025-12-27 10:53:01.299 [INF]     base64 인코딩 완료: 67472 chars
2025-12-27 10:53:01.300 [INF]     전송 URL: https://d-care-console.vercel.app/api/call-analysis/recording
2025-12-27 10:53:01.300 [INF]     JSON 크기: 71624 bytes
2025-12-27 10:53:01.468 [INF] [이벤트] Svc=8, Evt=0x303, Res=0x0, Dn1=, Dn2=, Ext=
2025-12-27 10:53:01.470 [INF] ═══════════════════════════════════════════════════════
2025-12-27 10:53:01.471 [INF] [녹취 이벤트] Service=8, EvtType=0x303, Result=0x0
2025-12-27 10:53:01.471 [INF] [녹취 이벤트] Dn1=, Dn2=
2025-12-27 10:53:01.472 [INF] [녹취 이벤트] ExtInfo=
2025-12-27 10:53:01.473 [INF] ═══════════════════════════════════════════════════════
2025-12-27 10:53:01.473 [INF] 녹취 서비스 종료
2025-12-27 10:53:01.678 [INF] [이벤트] Svc=14, Evt=0x1, Res=0x0, Dn1=07047414471, Dn2=0315672278, Ext=20251227105300
2025-12-27 10:53:01.680 [INF] 📴 통화 종료: 07047414471
2025-12-27 10:53:01.681 [INF] [CallLog] end 이벤트 전송: 07047414471
2025-12-27 10:53:01.902 [INF] [CallLog] end 전송 성공
2025-12-27 10:53:20.069 [INF] ✅ 녹취 정보 전송 성공!
2025-12-27 10:53:20.070 [INF]     응답: {"success":true,"message":"Recording received, analysis queued","analysisId":"694f3c0f894b4c99945fb2d0","data":{"callerNumber":"070-4741-4471","calledNumber":"031-567-2278","recordingFileName":"hZm.wav","duration":6,"status":"pending","createdAt":"2025-12-27T10:53:01.299+09:00","updatedAt":"2025-12-27T01:53:07.113Z","_id":"694f3c0f894b4c99945fb2d0"}}
2025-12-27 10:53:20.072 [INF] ───────────────────────────────────────────────────────
2025-12-27 10:54:08.415 [INF] [이벤트] Svc=7, Evt=0x1, Res=0x0, Dn1=01045745480, Dn2=0315672278, Ext=
2025-12-27 10:54:08.416 [INF] 📞 전화 수신: 01045745480 → 0315672278
2025-12-27 10:54:08.417 [INF] [CallLog] ring 이벤트 전송: 01045745480
2025-12-27 10:54:10.325 [INF] [이벤트] Svc=9, Evt=0x1, Res=0x0, Dn1=01045745480, Dn2=0315672278, Ext=20251227105409
2025-12-27 10:54:10.327 [INF] 📱 통화 연결: 01045745480
2025-12-27 10:54:10.328 [INF] [CallLog] start 이벤트 전송: 01045745480
2025-12-27 10:54:21.091 [INF] [CallLog] ring 전송 성공
2025-12-27 10:54:22.664 [INF] [CallLog] start 전송 성공
2025-12-27 11:09:03.314 [INF] [이벤트] Svc=11, Evt=0x1, Res=0x0, Dn1=0315672278, Dn2=01033853572, Ext=20251227110902
2025-12-27 11:09:03.316 [INF] 📴 통화 종료: 01033853572
2025-12-27 11:09:03.317 [INF] [CallLog] end 이벤트 전송: 01033853572
2025-12-27 11:09:03.525 [INF] [이벤트] Svc=12, Evt=0x1, Res=0x0, Dn1=0315672278, Dn2=01033853572, Ext=20251227110902
2025-12-27 11:09:03.528 [INF] ❌ 부재중: 0315672278
2025-12-27 11:09:03.529 [INF] [CallLog] missed 이벤트 전송: 0315672278
2025-12-27 11:09:15.553 [INF] [CallLog] end 전송 성공
2025-12-27 11:09:17.008 [INF] [CallLog] missed 전송 성공
2025-12-27 11:14:59.752 [INF] [이벤트] Svc=7, Evt=0x1, Res=0x0, Dn1=01063931003, Dn2=0315672278, Ext=
2025-12-27 11:14:59.753 [INF] 📞 전화 수신: 01063931003 → 0315672278
2025-12-27 11:14:59.755 [INF] [CallLog] ring 이벤트 전송: 01063931003
2025-12-27 11:15:08.870 [INF] [이벤트] Svc=8, Evt=0x304, Res=0x0, Dn1=01063931003, Dn2=0315672278, Ext=
2025-12-27 11:15:08.872 [INF] ═══════════════════════════════════════════════════════
2025-12-27 11:15:08.873 [INF] [녹취 이벤트] Service=8, EvtType=0x304, Result=0x0
2025-12-27 11:15:08.874 [INF] [녹취 이벤트] Dn1=01063931003, Dn2=0315672278
2025-12-27 11:15:08.874 [INF] [녹취 이벤트] ExtInfo=
2025-12-27 11:15:08.875 [INF] ═══════════════════════════════════════════════════════
2025-12-27 11:15:08.876 [INF] 🎙️ 착신녹취 준비: 01063931003 → 0315672278
2025-12-27 11:15:08.877 [INF] 녹취 시작 요청 성공
2025-12-27 11:15:09.081 [INF] [이벤트] Svc=15, Evt=0x304, Res=0x0, Dn1=0315672278, Dn2=01063931003, Ext=called
2025-12-27 11:15:09.083 [INF] 📱 통화 연결: 01063931003
2025-12-27 11:15:09.084 [INF] [CallLog] start 이벤트 전송: 01063931003
2025-12-27 11:15:09.293 [INF] [이벤트] Svc=13, Evt=0x1, Res=0x0, Dn1=01063931003, Dn2=0315672278, Ext=20251227111508
2025-12-27 11:15:09.295 [INF] 📱 통화 응답: 01063931003
2025-12-27 11:15:09.308 [INF] [CallLog] start 이벤트 전송: 01063931003
2025-12-27 11:15:09.520 [INF] [이벤트] Svc=8, Evt=0x307, Res=0x0, Dn1=, Dn2=, Ext=http://orec.skbroadband.com/nas_recording/ddz/bM/2
2025-12-27 11:15:09.523 [INF] ═══════════════════════════════════════════════════════
2025-12-27 11:15:09.524 [INF] [녹취 이벤트] Service=8, EvtType=0x307, Result=0x0
2025-12-27 11:15:09.524 [INF] [녹취 이벤트] Dn1=, Dn2=
2025-12-27 11:15:09.525 [INF] [녹취 이벤트] ExtInfo=http://orec.skbroadband.com/nas_recording/ddz/bM/2Pr/4x/E0y.wav
2025-12-27 11:15:09.526 [INF] ═══════════════════════════════════════════════════════
2025-12-27 11:15:09.527 [INF] 🔴 녹취 시작!
2025-12-27 11:15:09.527 [INF]     ExtInfo(파일정보): http://orec.skbroadband.com/nas_recording/ddz/bM/2Pr/4x/E0y.wav
2025-12-27 11:15:09.528 [INF]     ExtInfo 길이: 63
2025-12-27 11:15:09.529 [INF]     http 포함여부: true
2025-12-27 11:15:12.550 [INF] [CallLog] ring 전송 성공
2025-12-27 11:15:21.963 [INF] [CallLog] start 전송 성공
2025-12-27 11:15:22.115 [INF] [CallLog] start 전송 성공
2025-12-27 11:15:54.015 [INF] [이벤트] Svc=8, Evt=0x308, Res=0x0, Dn1=, Dn2=, Ext=http://orec.skbroadband.com/nas_recording/ddz/bM/2
2025-12-27 11:15:54.017 [INF] ═══════════════════════════════════════════════════════
2025-12-27 11:15:54.018 [INF] [녹취 이벤트] Service=8, EvtType=0x308, Result=0x0
2025-12-27 11:15:54.019 [INF] [녹취 이벤트] Dn1=, Dn2=
2025-12-27 11:15:54.020 [INF] [녹취 이벤트] ExtInfo=http://orec.skbroadband.com/nas_recording/ddz/bM/2Pr/4x/E0y.wav
2025-12-27 11:15:54.020 [INF] ═══════════════════════════════════════════════════════
2025-12-27 11:15:54.021 [INF] ⏹️ 녹취 완료!
2025-12-27 11:15:54.022 [INF]     ExtInfo(파일정보): http://orec.skbroadband.com/nas_recording/ddz/bM/2Pr/4x/E0y.wav
2025-12-27 11:15:54.022 [INF]     ExtInfo 길이: 63
2025-12-27 11:15:54.023 [INF]     http:// 포함: true
2025-12-27 11:15:54.024 [INF]     https:// 포함: false
2025-12-27 11:15:54.024 [INF]     통화시간: 45초
2025-12-27 11:15:54.025 [INF]     발신번호: 01063931003
2025-12-27 11:15:54.026 [INF]     수신번호: 0315672278
2025-12-27 11:15:54.026 [INF] ───────────────────────────────────────────────────────
2025-12-27 11:15:54.027 [INF] [녹취 전송] SendRecordingComplete 시작
2025-12-27 11:15:54.028 [INF]     recordingInfo 원본: http://orec.skbroadband.com/nas_recording/ddz/bM/2Pr/4x/E0y.wav
2025-12-27 11:15:54.028 [INF]     녹취파일 다운로드 중...
2025-12-27 11:15:54.063 [INF]     다운로드 완료: 358284 bytes (0.34 MB)
2025-12-27 11:15:54.064 [INF]     base64 인코딩 완료: 477712 chars
2025-12-27 11:15:54.066 [INF]     전송 URL: https://d-care-console.vercel.app/api/call-analysis/recording
2025-12-27 11:15:54.067 [INF]     JSON 크기: 506030 bytes
2025-12-27 11:15:54.242 [INF] [이벤트] Svc=14, Evt=0x1, Res=0x0, Dn1=01063931003, Dn2=0315672278, Ext=20251227111553
2025-12-27 11:15:54.244 [INF] 📴 통화 종료: 01063931003
2025-12-27 11:15:54.245 [INF] [CallLog] end 이벤트 전송: 01063931003
2025-12-27 11:15:54.455 [INF] [이벤트] Svc=8, Evt=0x303, Res=0x0, Dn1=, Dn2=, Ext=
2025-12-27 11:15:54.457 [INF] ═══════════════════════════════════════════════════════
2025-12-27 11:15:54.458 [INF] [녹취 이벤트] Service=8, EvtType=0x303, Result=0x0
2025-12-27 11:15:54.459 [INF] [녹취 이벤트] Dn1=, Dn2=
2025-12-27 11:15:54.460 [INF] [녹취 이벤트] ExtInfo=
2025-12-27 11:15:54.460 [INF] ═══════════════════════════════════════════════════════
2025-12-27 11:15:54.461 [INF] 녹취 서비스 종료
2025-12-27 11:15:56.154 [INF] [이벤트] Svc=7, Evt=0x1, Res=0x0, Dn1=01090173792, Dn2=0315672278, Ext=
2025-12-27 11:15:56.156 [INF] 📞 전화 수신: 01090173792 → 0315672278
2025-12-27 11:15:56.157 [INF] [CallLog] ring 이벤트 전송: 01090173792
2025-12-27 11:15:56.791 [INF] [이벤트] Svc=8, Evt=0x304, Res=0x0, Dn1=01090173792, Dn2=0315672278, Ext=
2025-12-27 11:15:56.793 [INF] ═══════════════════════════════════════════════════════
2025-12-27 11:15:56.795 [INF] [녹취 이벤트] Service=8, EvtType=0x304, Result=0x0
2025-12-27 11:15:56.796 [INF] [녹취 이벤트] Dn1=01090173792, Dn2=0315672278
2025-12-27 11:15:56.797 [INF] [녹취 이벤트] ExtInfo=
2025-12-27 11:15:56.797 [INF] ═══════════════════════════════════════════════════════
2025-12-27 11:15:56.798 [INF] 🎙️ 착신녹취 준비: 01090173792 → 0315672278
2025-12-27 11:15:56.799 [INF] 녹취 시작 요청 성공
2025-12-27 11:15:57.001 [INF] [이벤트] Svc=11, Evt=0x1, Res=0x0, Dn1=0315672278, Dn2=01090173792, Ext=20251227111555
2025-12-27 11:15:57.004 [INF] 📴 통화 종료: 01090173792
2025-12-27 11:15:57.004 [INF] [CallLog] end 이벤트 전송: 01090173792
2025-12-27 11:15:57.212 [INF] [이벤트] Svc=15, Evt=0x304, Res=0x0, Dn1=0315672278, Dn2=01090173792, Ext=calling
2025-12-27 11:15:57.423 [INF] [이벤트] Svc=8, Evt=0x307, Res=0x0, Dn1=, Dn2=, Ext=http://orec.skbroadband.com/nas_recording/ddz/bM/2
2025-12-27 11:15:57.426 [INF] ═══════════════════════════════════════════════════════
2025-12-27 11:15:57.426 [INF] [녹취 이벤트] Service=8, EvtType=0x307, Result=0x0
2025-12-27 11:15:57.427 [INF] [녹취 이벤트] Dn1=, Dn2=
2025-12-27 11:15:57.428 [INF] [녹취 이벤트] ExtInfo=http://orec.skbroadband.com/nas_recording/ddz/bM/2Pr/43/qTS.wav
2025-12-27 11:15:57.429 [INF] ═══════════════════════════════════════════════════════
2025-12-27 11:15:57.430 [INF] 🔴 녹취 시작!
2025-12-27 11:15:57.430 [INF]     ExtInfo(파일정보): http://orec.skbroadband.com/nas_recording/ddz/bM/2Pr/43/qTS.wav
2025-12-27 11:15:57.431 [INF]     ExtInfo 길이: 63
2025-12-27 11:15:57.432 [INF]     http 포함여부: true
2025-12-27 11:16:06.461 [INF] [CallLog] end 전송 성공
2025-12-27 11:16:08.728 [INF] [CallLog] ring 전송 성공
2025-12-27 11:16:09.701 [INF] [CallLog] end 전송 성공
2025-12-27 11:16:19.572 [INF] ✅ 녹취 정보 전송 성공!
2025-12-27 11:16:19.573 [INF]     응답: {"success":true,"message":"Recording received, analysis queued","analysisId":"694f416c19a0c66d9ba3f6d9","data":{"callLogId":"694f412f19a0c66d9ba3f6d7","callerNumber":"010-6393-1003","calledNumber":"031-567-2278","recordingFileName":"E0y.wav","duration":45,"status":"pending","createdAt":"2025-12-27T11:15:54.065+09:00","updatedAt":"2025-12-27T02:16:00.385Z","_id":"694f416c19a0c66d9ba3f6d9"}}
2025-12-27 11:16:19.575 [INF] ───────────────────────────────────────────────────────
2025-12-27 11:16:32.389 [INF] [이벤트] Svc=8, Evt=0x308, Res=0x0, Dn1=, Dn2=, Ext=http://orec.skbroadband.com/nas_recording/ddz/bM/2
2025-12-27 11:16:32.391 [INF] ═══════════════════════════════════════════════════════
2025-12-27 11:16:32.392 [INF] [녹취 이벤트] Service=8, EvtType=0x308, Result=0x0
2025-12-27 11:16:32.393 [INF] [녹취 이벤트] Dn1=, Dn2=
2025-12-27 11:16:32.393 [INF] [녹취 이벤트] ExtInfo=http://orec.skbroadband.com/nas_recording/ddz/bM/2Pr/43/qTS.wav
2025-12-27 11:16:32.394 [INF] ═══════════════════════════════════════════════════════
2025-12-27 11:16:32.395 [INF] ⏹️ 녹취 완료!
2025-12-27 11:16:32.395 [INF]     ExtInfo(파일정보): http://orec.skbroadband.com/nas_recording/ddz/bM/2Pr/43/qTS.wav
2025-12-27 11:16:32.396 [INF]     ExtInfo 길이: 63
2025-12-27 11:16:32.397 [INF]     http:// 포함: true
2025-12-27 11:16:32.398 [INF]     https:// 포함: false
2025-12-27 11:16:32.398 [INF]     통화시간: 35초
2025-12-27 11:16:32.399 [INF]     발신번호: 01090173792
2025-12-27 11:16:32.400 [INF]     수신번호: 0315672278
2025-12-27 11:16:32.400 [INF] ───────────────────────────────────────────────────────
2025-12-27 11:16:32.401 [INF] [녹취 전송] SendRecordingComplete 시작
2025-12-27 11:16:32.402 [INF]     recordingInfo 원본: http://orec.skbroadband.com/nas_recording/ddz/bM/2Pr/43/qTS.wav
2025-12-27 11:16:32.402 [INF]     녹취파일 다운로드 중...
2025-12-27 11:16:32.439 [INF]     다운로드 완료: 281484 bytes (0.27 MB)
2025-12-27 11:16:32.441 [INF]     base64 인코딩 완료: 375312 chars
2025-12-27 11:16:32.442 [INF]     전송 URL: https://d-care-console.vercel.app/api/call-analysis/recording
2025-12-27 11:16:32.443 [INF]     JSON 크기: 396460 bytes
2025-12-27 11:16:32.617 [INF] [이벤트] Svc=12, Evt=0x1, Res=0x0, Dn1=0315672278, Dn2=01090173792, Ext=20251227111631
2025-12-27 11:16:32.620 [INF] ❌ 부재중: 0315672278
2025-12-27 11:16:32.620 [INF] [CallLog] missed 이벤트 전송: 0315672278
2025-12-27 11:16:32.828 [INF] [이벤트] Svc=8, Evt=0x303, Res=0x0, Dn1=, Dn2=, Ext=
2025-12-27 11:16:32.829 [INF] ═══════════════════════════════════════════════════════
2025-12-27 11:16:32.830 [INF] [녹취 이벤트] Service=8, EvtType=0x303, Result=0x0
2025-12-27 11:16:32.831 [INF] [녹취 이벤트] Dn1=, Dn2=
2025-12-27 11:16:32.832 [INF] [녹취 이벤트] ExtInfo=
2025-12-27 11:16:32.833 [INF] ═══════════════════════════════════════════════════════
2025-12-27 11:16:32.834 [INF] 녹취 서비스 종료
2025-12-27 11:16:45.013 [INF] [CallLog] missed 전송 성공
2025-12-27 11:16:58.385 [INF] ✅ 녹취 정보 전송 성공!
2025-12-27 11:16:58.387 [INF]     응답: {"success":true,"message":"Recording received, analysis queued","analysisId":"694f41933ea23e7a5aa068f9","data":{"callLogId":"694f416719a0c66d9ba3f6d8","callerNumber":"010-9017-3792","calledNumber":"031-567-2278","recordingFileName":"qTS.wav","duration":35,"status":"pending","createdAt":"2025-12-27T11:16:32.441+09:00","updatedAt":"2025-12-27T02:16:39.401Z","_id":"694f41933ea23e7a5aa068f9"}}
2025-12-27 11:16:58.388 [INF] ───────────────────────────────────────────────────────
2025-12-27 11:30:10.538 [INF] [이벤트] Svc=7, Evt=0x1, Res=0x0, Dn1=01080047974, Dn2=0315672278, Ext=
2025-12-27 11:30:10.554 [INF] 📞 전화 수신: 01080047974 → 0315672278
2025-12-27 11:30:10.555 [INF] [CallLog] ring 이벤트 전송: 01080047974
2025-12-27 11:30:12.246 [INF] [이벤트] Svc=8, Evt=0x304, Res=0x0, Dn1=01080047974, Dn2=0315672278, Ext=
2025-12-27 11:30:12.248 [INF] ═══════════════════════════════════════════════════════
2025-12-27 11:30:12.249 [INF] [녹취 이벤트] Service=8, EvtType=0x304, Result=0x0
2025-12-27 11:30:12.250 [INF] [녹취 이벤트] Dn1=01080047974, Dn2=0315672278
2025-12-27 11:30:12.250 [INF] [녹취 이벤트] ExtInfo=
2025-12-27 11:30:12.251 [INF] ═══════════════════════════════════════════════════════
2025-12-27 11:30:12.252 [INF] 🎙️ 착신녹취 준비: 01080047974 → 0315672278
2025-12-27 11:30:12.252 [INF] 녹취 시작 요청 성공
2025-12-27 11:30:12.457 [INF] [이벤트] Svc=15, Evt=0x304, Res=0x0, Dn1=0315672278, Dn2=01080047974, Ext=called
2025-12-27 11:30:12.459 [INF] 📱 통화 연결: 01080047974
2025-12-27 11:30:12.460 [INF] [CallLog] start 이벤트 전송: 01080047974
2025-12-27 11:30:12.667 [INF] [이벤트] Svc=13, Evt=0x1, Res=0x0, Dn1=01080047974, Dn2=0315672278, Ext=20251227113011
2025-12-27 11:30:12.669 [INF] 📱 통화 응답: 01080047974
2025-12-27 11:30:12.670 [INF] [CallLog] start 이벤트 전송: 01080047974
2025-12-27 11:30:12.878 [INF] [이벤트] Svc=8, Evt=0x307, Res=0x0, Dn1=, Dn2=, Ext=http://orec.skbroadband.com/nas_recording/ddz/bM/2
2025-12-27 11:30:12.880 [INF] ═══════════════════════════════════════════════════════
2025-12-27 11:30:12.880 [INF] [녹취 이벤트] Service=8, EvtType=0x307, Result=0x0
2025-12-27 11:30:12.881 [INF] [녹취 이벤트] Dn1=, Dn2=
2025-12-27 11:30:12.882 [INF] [녹취 이벤트] ExtInfo=http://orec.skbroadband.com/nas_recording/ddz/bM/2Pr/8x/NZQ.wav
2025-12-27 11:30:12.883 [INF] ═══════════════════════════════════════════════════════
2025-12-27 11:30:12.883 [INF] 🔴 녹취 시작!
2025-12-27 11:30:12.884 [INF]     ExtInfo(파일정보): http://orec.skbroadband.com/nas_recording/ddz/bM/2Pr/8x/NZQ.wav
2025-12-27 11:30:12.885 [INF]     ExtInfo 길이: 63
2025-12-27 11:30:12.885 [INF]     http 포함여부: true
2025-12-27 11:30:23.072 [INF] [CallLog] ring 전송 성공
2025-12-27 11:30:26.845 [INF] [CallLog] start 전송 성공
2025-12-27 11:30:27.025 [INF] [CallLog] start 전송 성공
2025-12-27 11:31:09.244 [INF] [이벤트] Svc=8, Evt=0x308, Res=0x0, Dn1=, Dn2=, Ext=http://orec.skbroadband.com/nas_recording/ddz/bM/2
2025-12-27 11:31:09.247 [INF] ═══════════════════════════════════════════════════════
2025-12-27 11:31:09.247 [INF] [녹취 이벤트] Service=8, EvtType=0x308, Result=0x0
2025-12-27 11:31:09.248 [INF] [녹취 이벤트] Dn1=, Dn2=
2025-12-27 11:31:09.249 [INF] [녹취 이벤트] ExtInfo=http://orec.skbroadband.com/nas_recording/ddz/bM/2Pr/8x/NZQ.wav
2025-12-27 11:31:09.250 [INF] ═══════════════════════════════════════════════════════
2025-12-27 11:31:09.251 [INF] ⏹️ 녹취 완료!
2025-12-27 11:31:09.251 [INF]     ExtInfo(파일정보): http://orec.skbroadband.com/nas_recording/ddz/bM/2Pr/8x/NZQ.wav
2025-12-27 11:31:09.252 [INF]     ExtInfo 길이: 63
2025-12-27 11:31:09.253 [INF]     http:// 포함: true
2025-12-27 11:31:09.254 [INF]     https:// 포함: false
2025-12-27 11:31:09.254 [INF]     통화시간: 56초
2025-12-27 11:31:09.255 [INF]     발신번호: 01080047974
2025-12-27 11:31:09.256 [INF]     수신번호: 0315672278
2025-12-27 11:31:09.257 [INF] ───────────────────────────────────────────────────────
2025-12-27 11:31:09.257 [INF] [녹취 전송] SendRecordingComplete 시작
2025-12-27 11:31:09.258 [INF]     recordingInfo 원본: http://orec.skbroadband.com/nas_recording/ddz/bM/2Pr/8x/NZQ.wav
2025-12-27 11:31:09.258 [INF]     녹취파일 다운로드 중...
2025-12-27 11:31:09.319 [INF]     다운로드 완료: 453004 bytes (0.43 MB)
2025-12-27 11:31:09.320 [INF]     base64 인코딩 완료: 604008 chars
2025-12-27 11:31:09.323 [INF]     전송 URL: https://d-care-console.vercel.app/api/call-analysis/recording
2025-12-27 11:31:09.324 [INF]     JSON 크기: 634541 bytes
2025-12-27 11:31:09.469 [INF] [이벤트] Svc=8, Evt=0x303, Res=0x0, Dn1=, Dn2=, Ext=
2025-12-27 11:31:09.470 [INF] ═══════════════════════════════════════════════════════
2025-12-27 11:31:09.471 [INF] [녹취 이벤트] Service=8, EvtType=0x303, Result=0x0
2025-12-27 11:31:09.472 [INF] [녹취 이벤트] Dn1=, Dn2=
2025-12-27 11:31:09.473 [INF] [녹취 이벤트] ExtInfo=
2025-12-27 11:31:09.473 [INF] ═══════════════════════════════════════════════════════
2025-12-27 11:31:09.474 [INF] 녹취 서비스 종료
2025-12-27 11:31:09.681 [INF] [이벤트] Svc=14, Evt=0x1, Res=0x0, Dn1=01080047974, Dn2=0315672278, Ext=20251227113108
2025-12-27 11:31:09.683 [INF] 📴 통화 종료: 01080047974
2025-12-27 11:31:09.684 [INF] [CallLog] end 이벤트 전송: 01080047974
2025-12-27 11:31:22.140 [INF] [CallLog] end 전송 성공
2025-12-27 11:31:33.925 [INF] ✅ 녹취 정보 전송 성공!
2025-12-27 11:31:33.926 [INF]     응답: {"success":true,"message":"Recording received, analysis queued","analysisId":"694f44ff70b55a67a61b1eaf","data":{"callLogId":"694f44be19a0c66d9ba3f6da","callerNumber":"010-8004-7974","calledNumber":"031-567-2278","recordingFileName":"NZQ.wav","duration":56,"status":"pending","createdAt":"2025-12-27T11:31:09.321+09:00","updatedAt":"2025-12-27T02:31:15.271Z","_id":"694f44ff70b55a67a61b1eaf"}}
2025-12-27 11:31:33.928 [INF] ───────────────────────────────────────────────────────
2025-12-27 12:08:40.161 [INF] [이벤트] Svc=7, Evt=0x1, Res=0x0, Dn1=01037965309, Dn2=0315672278, Ext=
2025-12-27 12:08:40.163 [INF] 📞 전화 수신: 01037965309 → 0315672278
2025-12-27 12:08:40.165 [INF] [CallLog] ring 이벤트 전송: 01037965309
2025-12-27 12:08:42.064 [INF] [이벤트] Svc=13, Evt=0x1, Res=0x0, Dn1=01037965309, Dn2=0315672278, Ext=20251227120841
2025-12-27 12:08:42.066 [INF] 📱 통화 응답: 01037965309
2025-12-27 12:08:42.066 [INF] [CallLog] start 이벤트 전송: 01037965309
2025-12-27 12:08:42.275 [INF] [이벤트] Svc=8, Evt=0x304, Res=0x0, Dn1=01037965309, Dn2=0315672278, Ext=
2025-12-27 12:08:42.277 [INF] ═══════════════════════════════════════════════════════
2025-12-27 12:08:42.278 [INF] [녹취 이벤트] Service=8, EvtType=0x304, Result=0x0
2025-12-27 12:08:42.279 [INF] [녹취 이벤트] Dn1=01037965309, Dn2=0315672278
2025-12-27 12:08:42.280 [INF] [녹취 이벤트] ExtInfo=
2025-12-27 12:08:42.294 [INF] ═══════════════════════════════════════════════════════
2025-12-27 12:08:42.303 [INF] 🎙️ 착신녹취 준비: 01037965309 → 0315672278
2025-12-27 12:08:42.305 [INF] 녹취 시작 요청 성공
2025-12-27 12:08:42.518 [INF] [이벤트] Svc=15, Evt=0x304, Res=0x0, Dn1=0315672278, Dn2=01037965309, Ext=called
2025-12-27 12:08:42.520 [INF] 📱 통화 연결: 01037965309
2025-12-27 12:08:42.521 [INF] [CallLog] start 이벤트 전송: 01037965309
2025-12-27 12:08:42.731 [INF] [이벤트] Svc=8, Evt=0x307, Res=0x0, Dn1=, Dn2=, Ext=http://orec.skbroadband.com/nas_recording/ddz/bM/2
2025-12-27 12:08:42.732 [INF] ═══════════════════════════════════════════════════════
2025-12-27 12:08:42.733 [INF] [녹취 이벤트] Service=8, EvtType=0x307, Result=0x0
2025-12-27 12:08:42.734 [INF] [녹취 이벤트] Dn1=, Dn2=
2025-12-27 12:08:42.735 [INF] [녹취 이벤트] ExtInfo=http://orec.skbroadband.com/nas_recording/ddz/bM/2Pr/WH/x1_.wav
2025-12-27 12:08:42.735 [INF] ═══════════════════════════════════════════════════════
2025-12-27 12:08:42.736 [INF] 🔴 녹취 시작!
2025-12-27 12:08:42.737 [INF]     ExtInfo(파일정보): http://orec.skbroadband.com/nas_recording/ddz/bM/2Pr/WH/x1_.wav
2025-12-27 12:08:42.737 [INF]     ExtInfo 길이: 63
2025-12-27 12:08:42.738 [INF]     http 포함여부: true
2025-12-27 12:08:54.596 [INF] [CallLog] start 전송 성공
2025-12-27 12:08:54.811 [INF] [CallLog] start 전송 성공
2025-12-27 12:08:55.429 [INF] [CallLog] ring 전송 성공
2025-12-27 12:10:30.614 [INF] [이벤트] Svc=14, Evt=0x1, Res=0x0, Dn1=01037965309, Dn2=0315672278, Ext=20251227121029
2025-12-27 12:10:30.616 [INF] 📴 통화 종료: 01037965309
2025-12-27 12:10:30.617 [INF] [CallLog] end 이벤트 전송: 01037965309
2025-12-27 12:10:30.826 [INF] [이벤트] Svc=8, Evt=0x308, Res=0x0, Dn1=, Dn2=, Ext=http://orec.skbroadband.com/nas_recording/ddz/bM/2
2025-12-27 12:10:30.828 [INF] ═══════════════════════════════════════════════════════
2025-12-27 12:10:30.828 [INF] [녹취 이벤트] Service=8, EvtType=0x308, Result=0x0
2025-12-27 12:10:30.829 [INF] [녹취 이벤트] Dn1=, Dn2=
2025-12-27 12:10:30.830 [INF] [녹취 이벤트] ExtInfo=http://orec.skbroadband.com/nas_recording/ddz/bM/2Pr/WH/x1_.wav
2025-12-27 12:10:30.831 [INF] ═══════════════════════════════════════════════════════
2025-12-27 12:10:30.831 [INF] ⏹️ 녹취 완료!
2025-12-27 12:10:30.832 [INF]     ExtInfo(파일정보): http://orec.skbroadband.com/nas_recording/ddz/bM/2Pr/WH/x1_.wav
2025-12-27 12:10:30.833 [INF]     ExtInfo 길이: 63
2025-12-27 12:10:30.833 [INF]     http:// 포함: true
2025-12-27 12:10:30.834 [INF]     https:// 포함: false
2025-12-27 12:10:30.835 [INF]     통화시간: 108초
2025-12-27 12:10:30.835 [INF]     발신번호: 01037965309
2025-12-27 12:10:30.836 [INF]     수신번호: 0315672278
2025-12-27 12:10:30.837 [INF] ───────────────────────────────────────────────────────
2025-12-27 12:10:30.837 [INF] [녹취 전송] SendRecordingComplete 시작
2025-12-27 12:10:30.838 [INF]     recordingInfo 원본: http://orec.skbroadband.com/nas_recording/ddz/bM/2Pr/WH/x1_.wav
2025-12-27 12:10:30.839 [INF]     녹취파일 다운로드 중...
2025-12-27 12:10:30.925 [INF]     다운로드 완료: 862924 bytes (0.82 MB)
2025-12-27 12:10:30.954 [INF]     base64 인코딩 완료: 1150568 chars
2025-12-27 12:10:30.959 [INF]     전송 URL: https://d-care-console.vercel.app/api/call-analysis/recording
2025-12-27 12:10:30.959 [INF]     JSON 크기: 1207442 bytes
2025-12-27 12:10:31.039 [INF] [이벤트] Svc=8, Evt=0x303, Res=0x0, Dn1=, Dn2=, Ext=
2025-12-27 12:10:31.041 [INF] ═══════════════════════════════════════════════════════
2025-12-27 12:10:31.042 [INF] [녹취 이벤트] Service=8, EvtType=0x303, Result=0x0
2025-12-27 12:10:31.043 [INF] [녹취 이벤트] Dn1=, Dn2=
2025-12-27 12:10:31.043 [INF] [녹취 이벤트] ExtInfo=
2025-12-27 12:10:31.044 [INF] ═══════════════════════════════════════════════════════
2025-12-27 12:10:31.044 [INF] 녹취 서비스 종료
2025-12-27 12:10:43.336 [INF] [CallLog] end 전송 성공
2025-12-27 12:10:55.880 [INF] ✅ 녹취 정보 전송 성공!
2025-12-27 12:10:55.881 [INF]     응답: {"success":true,"message":"Recording received, analysis queued","analysisId":"694f4e3919a0c66d9ba3f6db","data":{"callLogId":"694f4dc67b1d41823ecd56f9","callerNumber":"010-3796-5309","calledNumber":"031-567-2278","recordingFileName":"x1_.wav","duration":108,"status":"pending","createdAt":"2025-12-27T12:10:30.955+09:00","updatedAt":"2025-12-27T03:10:37.282Z","_id":"694f4e3919a0c66d9ba3f6db"}}
2025-12-27 12:10:55.882 [INF] ───────────────────────────────────────────────────────
2025-12-27 12:11:49.654 [INF] [이벤트] Svc=7, Evt=0x1, Res=0x0, Dn1=01090385455, Dn2=0315672278, Ext=
2025-12-27 12:11:49.656 [INF] 📞 전화 수신: 01090385455 → 0315672278
2025-12-27 12:11:49.657 [INF] [CallLog] ring 이벤트 전송: 01090385455
2025-12-27 12:11:51.353 [INF] [이벤트] Svc=13, Evt=0x1, Res=0x0, Dn1=01090385455, Dn2=0315672278, Ext=20251227121150
2025-12-27 12:11:51.355 [INF] 📱 통화 응답: 01090385455
2025-12-27 12:11:51.356 [INF] [CallLog] start 이벤트 전송: 01090385455
2025-12-27 12:11:51.564 [INF] [이벤트] Svc=15, Evt=0x304, Res=0x0, Dn1=0315672278, Dn2=01090385455, Ext=called
2025-12-27 12:11:51.566 [INF] 📱 통화 연결: 01090385455
2025-12-27 12:11:51.567 [INF] [CallLog] start 이벤트 전송: 01090385455
2025-12-27 12:11:51.776 [INF] [이벤트] Svc=8, Evt=0x304, Res=0x0, Dn1=01090385455, Dn2=0315672278, Ext=
2025-12-27 12:11:51.777 [INF] ═══════════════════════════════════════════════════════
2025-12-27 12:11:51.777 [INF] [녹취 이벤트] Service=8, EvtType=0x304, Result=0x0
2025-12-27 12:11:51.778 [INF] [녹취 이벤트] Dn1=01090385455, Dn2=0315672278
2025-12-27 12:11:51.779 [INF] [녹취 이벤트] ExtInfo=
2025-12-27 12:11:51.780 [INF] ═══════════════════════════════════════════════════════
2025-12-27 12:11:51.781 [INF] 🎙️ 착신녹취 준비: 01090385455 → 0315672278
2025-12-27 12:11:51.782 [INF] 녹취 시작 요청 성공
2025-12-27 12:11:52.198 [INF] [이벤트] Svc=8, Evt=0x307, Res=0x0, Dn1=, Dn2=, Ext=http://orec.skbroadband.com/nas_recording/ddz/bM/2
2025-12-27 12:11:52.200 [INF] ═══════════════════════════════════════════════════════
2025-12-27 12:11:52.201 [INF] [녹취 이벤트] Service=8, EvtType=0x307, Result=0x0
2025-12-27 12:11:52.202 [INF] [녹취 이벤트] Dn1=, Dn2=
2025-12-27 12:11:52.203 [INF] [녹취 이벤트] ExtInfo=http://orec.skbroadband.com/nas_recording/ddz/bM/2Pr/sv/2Tm.wav
2025-12-27 12:11:52.204 [INF] ═══════════════════════════════════════════════════════
2025-12-27 12:11:52.204 [INF] 🔴 녹취 시작!
2025-12-27 12:11:52.205 [INF]     ExtInfo(파일정보): http://orec.skbroadband.com/nas_recording/ddz/bM/2Pr/sv/2Tm.wav
2025-12-27 12:11:52.206 [INF]     ExtInfo 길이: 63
2025-12-27 12:11:52.206 [INF]     http 포함여부: true
2025-12-27 12:12:01.790 [INF] [CallLog] ring 전송 성공
2025-12-27 12:12:04.117 [INF] [CallLog] start 전송 성공
2025-12-27 12:12:04.137 [INF] [CallLog] start 전송 성공
2025-12-27 12:13:46.165 [INF] [이벤트] Svc=8, Evt=0x308, Res=0x0, Dn1=, Dn2=, Ext=http://orec.skbroadband.com/nas_recording/ddz/bM/2
2025-12-27 12:13:46.167 [INF] ═══════════════════════════════════════════════════════
2025-12-27 12:13:46.168 [INF] [녹취 이벤트] Service=8, EvtType=0x308, Result=0x0
2025-12-27 12:13:46.169 [INF] [녹취 이벤트] Dn1=, Dn2=
2025-12-27 12:13:46.169 [INF] [녹취 이벤트] ExtInfo=http://orec.skbroadband.com/nas_recording/ddz/bM/2Pr/sv/2Tm.wav
2025-12-27 12:13:46.170 [INF] ═══════════════════════════════════════════════════════
2025-12-27 12:13:46.171 [INF] ⏹️ 녹취 완료!
2025-12-27 12:13:46.171 [INF]     ExtInfo(파일정보): http://orec.skbroadband.com/nas_recording/ddz/bM/2Pr/sv/2Tm.wav
2025-12-27 12:13:46.172 [INF]     ExtInfo 길이: 63
2025-12-27 12:13:46.173 [INF]     http:// 포함: true
2025-12-27 12:13:46.173 [INF]     https:// 포함: false
2025-12-27 12:13:46.174 [INF]     통화시간: 114초
2025-12-27 12:13:46.175 [INF]     발신번호: 01090385455
2025-12-27 12:13:46.175 [INF]     수신번호: 0315672278
2025-12-27 12:13:46.176 [INF] ───────────────────────────────────────────────────────
2025-12-27 12:13:46.177 [INF] [녹취 전송] SendRecordingComplete 시작
2025-12-27 12:13:46.177 [INF]     recordingInfo 원본: http://orec.skbroadband.com/nas_recording/ddz/bM/2Pr/sv/2Tm.wav
2025-12-27 12:13:46.178 [INF]     녹취파일 다운로드 중...
2025-12-27 12:13:46.241 [INF]     다운로드 완료: 911564 bytes (0.87 MB)
2025-12-27 12:13:46.242 [INF]     base64 인코딩 완료: 1215420 chars
2025-12-27 12:13:46.247 [INF]     전송 URL: https://d-care-console.vercel.app/api/call-analysis/recording
2025-12-27 12:13:46.248 [INF]     JSON 크기: 1275499 bytes
2025-12-27 12:13:46.451 [INF] [이벤트] Svc=14, Evt=0x1, Res=0x0, Dn1=01090385455, Dn2=0315672278, Ext=20251227121345
2025-12-27 12:13:46.453 [INF] 📴 통화 종료: 01090385455
2025-12-27 12:13:46.454 [INF] [CallLog] end 이벤트 전송: 01090385455
2025-12-27 12:13:46.662 [INF] [이벤트] Svc=8, Evt=0x303, Res=0x0, Dn1=, Dn2=, Ext=
2025-12-27 12:13:46.664 [INF] ═══════════════════════════════════════════════════════
2025-12-27 12:13:46.665 [INF] [녹취 이벤트] Service=8, EvtType=0x303, Result=0x0
2025-12-27 12:13:46.666 [INF] [녹취 이벤트] Dn1=, Dn2=
2025-12-27 12:13:46.666 [INF] [녹취 이벤트] ExtInfo=
2025-12-27 12:13:46.667 [INF] ═══════════════════════════════════════════════════════
2025-12-27 12:13:46.668 [INF] 녹취 서비스 종료
2025-12-27 12:13:58.955 [INF] [CallLog] end 전송 성공
2025-12-27 12:14:11.372 [INF] ✅ 녹취 정보 전송 성공!
2025-12-27 12:14:11.373 [INF]     응답: {"success":true,"message":"Recording received, analysis queued","analysisId":"694f4efc19a0c66d9ba3f6dc","data":{"callLogId":"694f4e807b1d41823ecd56fa","callerNumber":"010-9038-5455","calledNumber":"031-567-2278","recordingFileName":"2Tm.wav","duration":114,"status":"pending","createdAt":"2025-12-27T12:13:46.243+09:00","updatedAt":"2025-12-27T03:13:52.629Z","_id":"694f4efc19a0c66d9ba3f6dc"}}
2025-12-27 12:14:11.375 [INF] ───────────────────────────────────────────────────────
2025-12-27 12:15:16.328 [INF] [이벤트] Svc=15, Evt=0x304, Res=0x0, Dn1=0315672278, Dn2=01068707762, Ext=calling
2025-12-27 12:15:16.540 [INF] [이벤트] Svc=11, Evt=0x1, Res=0x0, Dn1=0315672278, Dn2=01068707762, Ext=20251227121515
2025-12-27 12:15:16.542 [INF] 📴 통화 종료: 01068707762
2025-12-27 12:15:16.543 [INF] [CallLog] end 이벤트 전송: 01068707762
2025-12-27 12:15:28.903 [INF] [CallLog] end 전송 성공
2025-12-27 12:15:44.051 [INF] [이벤트] Svc=12, Evt=0x1, Res=0x0, Dn1=0315672278, Dn2=01068707762, Ext=20251227121543
2025-12-27 12:15:44.053 [INF] ❌ 부재중: 0315672278
2025-12-27 12:15:44.054 [INF] [CallLog] missed 이벤트 전송: 0315672278
2025-12-27 12:15:56.242 [INF] [CallLog] missed 전송 성공
2025-12-27 12:46:22.809 [INF] [이벤트] Svc=7, Evt=0x1, Res=0x0, Dn1=01052251905, Dn2=0315672278, Ext=
2025-12-27 12:46:22.819 [INF] 📞 전화 수신: 01052251905 → 0315672278
2025-12-27 12:46:22.821 [INF] [CallLog] ring 이벤트 전송: 01052251905
2025-12-27 12:46:24.510 [INF] [이벤트] Svc=9, Evt=0x1, Res=0x0, Dn1=01052251905, Dn2=0315672278, Ext=20251227124623
2025-12-27 12:46:24.512 [INF] 📱 통화 연결: 01052251905
2025-12-27 12:46:24.513 [INF] [CallLog] start 이벤트 전송: 01052251905
2025-12-27 12:46:34.864 [INF] [이벤트] Svc=7, Evt=0x1, Res=0x0, Dn1=01052251905, Dn2=0315672278, Ext=
2025-12-27 12:46:34.865 [INF] 📞 전화 수신: 01052251905 → 0315672278
2025-12-27 12:46:34.866 [INF] [CallLog] ring 이벤트 전송: 01052251905
2025-12-27 12:46:35.074 [INF] [이벤트] Svc=19, Evt=0x1, Res=0x0, Dn1=01052251905, Dn2=0315672278, Ext=Busy
2025-12-27 12:46:36.522 [INF] [CallLog] start 전송 성공
2025-12-27 12:46:37.615 [INF] [CallLog] ring 전송 성공
2025-12-27 12:46:46.925 [INF] [CallLog] ring 전송 성공
2025-12-27 12:52:14.272 [INF] [이벤트] Svc=7, Evt=0x1, Res=0x0, Dn1=01093281810, Dn2=0315672278, Ext=
2025-12-27 12:52:14.274 [INF] 📞 전화 수신: 01093281810 → 0315672278
2025-12-27 12:52:14.277 [INF] [CallLog] ring 이벤트 전송: 01093281810
2025-12-27 12:52:16.564 [INF] [이벤트] Svc=15, Evt=0x304, Res=0x0, Dn1=0315672278, Dn2=01093281810, Ext=called
2025-12-27 12:52:16.565 [INF] 📱 통화 연결: 01093281810
2025-12-27 12:52:16.567 [INF] [CallLog] start 이벤트 전송: 01093281810
2025-12-27 12:52:16.774 [INF] [이벤트] Svc=13, Evt=0x1, Res=0x0, Dn1=01093281810, Dn2=0315672278, Ext=20251227125215
2025-12-27 12:52:16.776 [INF] 📱 통화 응답: 01093281810
2025-12-27 12:52:16.776 [INF] [CallLog] start 이벤트 전송: 01093281810
2025-12-27 12:52:16.983 [INF] [이벤트] Svc=8, Evt=0x304, Res=0x0, Dn1=01093281810, Dn2=0315672278, Ext=
2025-12-27 12:52:16.985 [INF] ═══════════════════════════════════════════════════════
2025-12-27 12:52:16.986 [INF] [녹취 이벤트] Service=8, EvtType=0x304, Result=0x0
2025-12-27 12:52:16.987 [INF] [녹취 이벤트] Dn1=01093281810, Dn2=0315672278
2025-12-27 12:52:16.988 [INF] [녹취 이벤트] ExtInfo=
2025-12-27 12:52:16.989 [INF] ═══════════════════════════════════════════════════════
2025-12-27 12:52:16.989 [INF] 🎙️ 착신녹취 준비: 01093281810 → 0315672278
2025-12-27 12:52:16.990 [INF] 녹취 시작 요청 성공
2025-12-27 12:52:17.404 [INF] [이벤트] Svc=8, Evt=0x307, Res=0x0, Dn1=, Dn2=, Ext=http://orec.skbroadband.com/nas_recording/ddz/bM/2
2025-12-27 12:52:17.405 [INF] ═══════════════════════════════════════════════════════
2025-12-27 12:52:17.406 [INF] [녹취 이벤트] Service=8, EvtType=0x307, Result=0x0
2025-12-27 12:52:17.407 [INF] [녹취 이벤트] Dn1=, Dn2=
2025-12-27 12:52:17.408 [INF] [녹취 이벤트] ExtInfo=http://orec.skbroadband.com/nas_recording/ddz/bM/2Pr/yb/kLQ.wav
2025-12-27 12:52:17.409 [INF] ═══════════════════════════════════════════════════════
2025-12-27 12:52:17.410 [INF] 🔴 녹취 시작!
2025-12-27 12:52:17.411 [INF]     ExtInfo(파일정보): http://orec.skbroadband.com/nas_recording/ddz/bM/2Pr/yb/kLQ.wav
2025-12-27 12:52:17.411 [INF]     ExtInfo 길이: 63
2025-12-27 12:52:17.412 [INF]     http 포함여부: true
2025-12-27 12:52:26.914 [INF] [CallLog] ring 전송 성공
2025-12-27 12:52:29.135 [INF] [CallLog] start 전송 성공
2025-12-27 12:52:29.655 [INF] [CallLog] start 전송 성공
2025-12-27 12:53:05.758 [INF] [이벤트] Svc=8, Evt=0x308, Res=0x0, Dn1=, Dn2=, Ext=http://orec.skbroadband.com/nas_recording/ddz/bM/2
2025-12-27 12:53:05.759 [INF] ═══════════════════════════════════════════════════════
2025-12-27 12:53:05.760 [INF] [녹취 이벤트] Service=8, EvtType=0x308, Result=0x0
2025-12-27 12:53:05.762 [INF] [녹취 이벤트] Dn1=, Dn2=
2025-12-27 12:53:05.763 [INF] [녹취 이벤트] ExtInfo=http://orec.skbroadband.com/nas_recording/ddz/bM/2Pr/yb/kLQ.wav
2025-12-27 12:53:05.763 [INF] ═══════════════════════════════════════════════════════
2025-12-27 12:53:05.764 [INF] ⏹️ 녹취 완료!
2025-12-27 12:53:05.765 [INF]     ExtInfo(파일정보): http://orec.skbroadband.com/nas_recording/ddz/bM/2Pr/yb/kLQ.wav
2025-12-27 12:53:05.766 [INF]     ExtInfo 길이: 63
2025-12-27 12:53:05.767 [INF]     http:// 포함: true
2025-12-27 12:53:05.767 [INF]     https:// 포함: false
2025-12-27 12:53:05.768 [INF]     통화시간: 48초
2025-12-27 12:53:05.769 [INF]     발신번호: 01093281810
2025-12-27 12:53:05.797 [INF]     수신번호: 0315672278
2025-12-27 12:53:05.799 [INF] ───────────────────────────────────────────────────────
2025-12-27 12:53:05.800 [INF] [녹취 전송] SendRecordingComplete 시작
2025-12-27 12:53:05.800 [INF]     recordingInfo 원본: http://orec.skbroadband.com/nas_recording/ddz/bM/2Pr/yb/kLQ.wav
2025-12-27 12:53:05.801 [INF]     녹취파일 다운로드 중...
2025-12-27 12:53:05.850 [INF]     다운로드 완료: 387084 bytes (0.37 MB)
2025-12-27 12:53:05.852 [INF]     base64 인코딩 완료: 516112 chars
2025-12-27 12:53:05.855 [INF]     전송 URL: https://d-care-console.vercel.app/api/call-analysis/recording
2025-12-27 12:53:05.855 [INF]     JSON 크기: 542875 bytes
2025-12-27 12:53:06.015 [INF] [이벤트] Svc=8, Evt=0x303, Res=0x0, Dn1=, Dn2=, Ext=
2025-12-27 12:53:06.017 [INF] ═══════════════════════════════════════════════════════
2025-12-27 12:53:06.018 [INF] [녹취 이벤트] Service=8, EvtType=0x303, Result=0x0
2025-12-27 12:53:06.019 [INF] [녹취 이벤트] Dn1=, Dn2=
2025-12-27 12:53:06.020 [INF] [녹취 이벤트] ExtInfo=
2025-12-27 12:53:06.021 [INF] ═══════════════════════════════════════════════════════
2025-12-27 12:53:06.021 [INF] 녹취 서비스 종료
2025-12-27 12:53:06.228 [INF] [이벤트] Svc=14, Evt=0x1, Res=0x0, Dn1=01093281810, Dn2=0315672278, Ext=20251227125304
2025-12-27 12:53:06.230 [INF] 📴 통화 종료: 01093281810
2025-12-27 12:53:06.231 [INF] [CallLog] end 이벤트 전송: 01093281810
2025-12-27 12:53:18.900 [INF] [CallLog] end 전송 성공
2025-12-27 12:53:30.554 [INF] ✅ 녹취 정보 전송 성공!
2025-12-27 12:53:30.555 [INF]     응답: {"success":true,"message":"Recording received, analysis queued","analysisId":"694f58339352054d1f93836a","data":{"callLogId":"694f57f99352054d1f938369","callerNumber":"010-9328-1810","calledNumber":"031-567-2278","recordingFileName":"kLQ.wav","duration":48,"status":"pending","createdAt":"2025-12-27T12:53:05.853+09:00","updatedAt":"2025-12-27T03:53:11.885Z","_id":"694f58339352054d1f93836a"}}
2025-12-27 12:53:30.556 [INF] ───────────────────────────────────────────────────────
2025-12-27 12:55:00.340 [INF] [이벤트] Svc=7, Evt=0x1, Res=0x0, Dn1=01067522304, Dn2=0315672278, Ext=
2025-12-27 12:55:00.342 [INF] 📞 전화 수신: 01067522304 → 0315672278
2025-12-27 12:55:00.344 [INF] [CallLog] ring 이벤트 전송: 01067522304
2025-12-27 12:55:01.828 [INF] [이벤트] Svc=8, Evt=0x304, Res=0x0, Dn1=01067522304, Dn2=0315672278, Ext=
2025-12-27 12:55:01.830 [INF] ═══════════════════════════════════════════════════════
2025-12-27 12:55:01.831 [INF] [녹취 이벤트] Service=8, EvtType=0x304, Result=0x0
2025-12-27 12:55:01.832 [INF] [녹취 이벤트] Dn1=01067522304, Dn2=0315672278
2025-12-27 12:55:01.833 [INF] [녹취 이벤트] ExtInfo=
2025-12-27 12:55:01.833 [INF] ═══════════════════════════════════════════════════════
2025-12-27 12:55:01.834 [INF] 🎙️ 착신녹취 준비: 01067522304 → 0315672278
2025-12-27 12:55:01.835 [INF] 녹취 시작 요청 성공
2025-12-27 12:55:02.039 [INF] [이벤트] Svc=13, Evt=0x1, Res=0x0, Dn1=01067522304, Dn2=0315672278, Ext=20251227125501
2025-12-27 12:55:02.041 [INF] 📱 통화 응답: 01067522304
2025-12-27 12:55:02.041 [INF] [CallLog] start 이벤트 전송: 01067522304
2025-12-27 12:55:02.248 [INF] [이벤트] Svc=8, Evt=0x307, Res=0x0, Dn1=, Dn2=, Ext=http://orec.skbroadband.com/nas_recording/ddz/bM/2
2025-12-27 12:55:02.250 [INF] ═══════════════════════════════════════════════════════
2025-12-27 12:55:02.251 [INF] [녹취 이벤트] Service=8, EvtType=0x307, Result=0x0
2025-12-27 12:55:02.252 [INF] [녹취 이벤트] Dn1=, Dn2=
2025-12-27 12:55:02.252 [INF] [녹취 이벤트] ExtInfo=http://orec.skbroadband.com/nas_recording/ddz/bM/2Pr/2f/WZe.wav
2025-12-27 12:55:02.253 [INF] ═══════════════════════════════════════════════════════
2025-12-27 12:55:02.254 [INF] 🔴 녹취 시작!
2025-12-27 12:55:02.255 [INF]     ExtInfo(파일정보): http://orec.skbroadband.com/nas_recording/ddz/bM/2Pr/2f/WZe.wav
2025-12-27 12:55:02.256 [INF]     ExtInfo 길이: 63
2025-12-27 12:55:02.256 [INF]     http 포함여부: true
2025-12-27 12:55:12.319 [INF] [CallLog] ring 전송 성공
2025-12-27 12:55:14.932 [INF] [CallLog] start 전송 성공
2025-12-27 12:58:09.192 [INF] [이벤트] Svc=8, Evt=0x308, Res=0x0, Dn1=, Dn2=, Ext=http://orec.skbroadband.com/nas_recording/ddz/bM/2
2025-12-27 12:58:09.194 [INF] ═══════════════════════════════════════════════════════
2025-12-27 12:58:09.195 [INF] [녹취 이벤트] Service=8, EvtType=0x308, Result=0x0
2025-12-27 12:58:09.196 [INF] [녹취 이벤트] Dn1=, Dn2=
2025-12-27 12:58:09.197 [INF] [녹취 이벤트] ExtInfo=http://orec.skbroadband.com/nas_recording/ddz/bM/2Pr/2f/WZe.wav
2025-12-27 12:58:09.198 [INF] ═══════════════════════════════════════════════════════
2025-12-27 12:58:09.198 [INF] ⏹️ 녹취 완료!
2025-12-27 12:58:09.199 [INF]     ExtInfo(파일정보): http://orec.skbroadband.com/nas_recording/ddz/bM/2Pr/2f/WZe.wav
2025-12-27 12:58:09.199 [INF]     ExtInfo 길이: 63
2025-12-27 12:58:09.220 [INF]     http:// 포함: true
2025-12-27 12:58:09.222 [INF]     https:// 포함: false
2025-12-27 12:58:09.223 [INF]     통화시간: 187초
2025-12-27 12:58:09.223 [INF]     발신번호: 01067522304
2025-12-27 12:58:09.224 [INF]     수신번호: 0315672278
2025-12-27 12:58:09.225 [INF] ───────────────────────────────────────────────────────
2025-12-27 12:58:09.225 [INF] [녹취 전송] SendRecordingComplete 시작
2025-12-27 12:58:09.226 [INF]     recordingInfo 원본: http://orec.skbroadband.com/nas_recording/ddz/bM/2Pr/2f/WZe.wav
2025-12-27 12:58:09.227 [INF]     녹취파일 다운로드 중...
2025-12-27 12:58:09.323 [INF]     다운로드 완료: 1495884 bytes (1.43 MB)
2025-12-27 12:58:09.326 [INF]     base64 인코딩 완료: 1994512 chars
2025-12-27 12:58:09.333 [INF]     전송 URL: https://d-care-console.vercel.app/api/call-analysis/recording
2025-12-27 12:58:09.334 [INF]     JSON 크기: 2089466 bytes
2025-12-27 12:58:09.433 [INF] [이벤트] Svc=14, Evt=0x1, Res=0x0, Dn1=01067522304, Dn2=0315672278, Ext=20251227125808
2025-12-27 12:58:09.449 [INF] 📴 통화 종료: 01067522304
2025-12-27 12:58:09.450 [INF] [CallLog] end 이벤트 전송: 01067522304
2025-12-27 12:58:09.660 [INF] [이벤트] Svc=8, Evt=0x303, Res=0x0, Dn1=, Dn2=, Ext=
2025-12-27 12:58:09.662 [INF] ═══════════════════════════════════════════════════════
2025-12-27 12:58:09.663 [INF] [녹취 이벤트] Service=8, EvtType=0x303, Result=0x0
2025-12-27 12:58:09.664 [INF] [녹취 이벤트] Dn1=, Dn2=
2025-12-27 12:58:09.665 [INF] [녹취 이벤트] ExtInfo=
2025-12-27 12:58:09.665 [INF] ═══════════════════════════════════════════════════════
2025-12-27 12:58:09.666 [INF] 녹취 서비스 종료
2025-12-27 12:58:21.898 [INF] [CallLog] end 전송 성공
2025-12-27 12:58:35.541 [INF] ✅ 녹취 정보 전송 성공!
2025-12-27 12:58:35.542 [INF]     응답: {"success":true,"message":"Recording received, analysis queued","analysisId":"694f59649352054d1f93836c","data":{"callLogId":"694f589f9352054d1f93836b","callerNumber":"010-6752-2304","calledNumber":"031-567-2278","recordingFileName":"WZe.wav","duration":187,"status":"pending","createdAt":"2025-12-27T12:58:09.326+09:00","updatedAt":"2025-12-27T03:58:16.193Z","_id":"694f59649352054d1f93836c"}}
2025-12-27 12:58:35.544 [INF] ───────────────────────────────────────────────────────
2025-12-27 12:59:59.409 [INF] [이벤트] Svc=11, Evt=0x1, Res=0x0, Dn1=0315672278, Dn2=01097516421, Ext=20251227125958
2025-12-27 12:59:59.412 [INF] 📴 통화 종료: 01097516421
2025-12-27 12:59:59.413 [INF] [CallLog] end 이벤트 전송: 01097516421
2025-12-27 12:59:59.622 [INF] [이벤트] Svc=15, Evt=0x304, Res=0x0, Dn1=0315672278, Dn2=01097516421, Ext=calling
2025-12-27 13:00:01.733 [INF] [이벤트] Svc=12, Evt=0x1, Res=0x0, Dn1=0315672278, Dn2=01097516421, Ext=20251227130000
2025-12-27 13:00:01.735 [INF] ❌ 부재중: 0315672278
2025-12-27 13:00:01.735 [INF] [CallLog] missed 이벤트 전송: 0315672278
2025-12-27 13:00:12.133 [INF] [CallLog] end 전송 성공
2025-12-27 13:00:14.440 [INF] [CallLog] missed 전송 성공
2025-12-27 13:01:25.315 [INF] [이벤트] Svc=15, Evt=0x304, Res=0x0, Dn1=0315672278, Dn2=01097516421, Ext=calling
2025-12-27 13:01:25.526 [INF] [이벤트] Svc=11, Evt=0x1, Res=0x0, Dn1=0315672278, Dn2=01097516421, Ext=20251227130124
2025-12-27 13:01:25.527 [INF] 📴 통화 종료: 01097516421
2025-12-27 13:01:25.528 [INF] [CallLog] end 이벤트 전송: 01097516421
2025-12-27 13:01:27.852 [INF] [이벤트] Svc=12, Evt=0x1, Res=0x0, Dn1=0315672278, Dn2=01097516421, Ext=20251227130126
2025-12-27 13:01:27.854 [INF] ❌ 부재중: 0315672278
2025-12-27 13:01:27.855 [INF] [CallLog] missed 이벤트 전송: 0315672278
2025-12-27 13:01:38.231 [INF] [CallLog] end 전송 성공
2025-12-27 13:01:40.455 [INF] [CallLog] missed 전송 성공
2025-12-27 13:30:18.489 [INF] [이벤트] Svc=7, Evt=0x1, Res=0x0, Dn1=07047414471, Dn2=0315672278, Ext=
2025-12-27 13:30:18.490 [INF] 📞 전화 수신: 07047414471 → 0315672278
2025-12-27 13:30:18.492 [INF] [CallLog] ring 이벤트 전송: 07047414471
2025-12-27 13:30:18.747 [INF] [CallLog] ring 전송 성공
2025-12-27 13:30:20.396 [INF] [이벤트] Svc=9, Evt=0x1, Res=0x0, Dn1=07047414471, Dn2=0315672278, Ext=20251227133019
2025-12-27 13:30:20.398 [INF] 📱 통화 연결: 07047414471
2025-12-27 13:30:20.399 [INF] [CallLog] start 이벤트 전송: 07047414471
2025-12-27 13:30:20.607 [INF] [CallLog] start 전송 성공
2025-12-27 13:51:05.992 [INF] [이벤트] Svc=7, Evt=0x1, Res=0x0, Dn1=01094612680, Dn2=0315672278, Ext=
2025-12-27 13:51:05.994 [INF] 📞 전화 수신: 01094612680 → 0315672278
2025-12-27 13:51:05.996 [INF] [CallLog] ring 이벤트 전송: 01094612680
2025-12-27 13:51:16.150 [INF] [이벤트] Svc=9, Evt=0x1, Res=0x0, Dn1=01094612680, Dn2=0315672278, Ext=20251227135115
2025-12-27 13:51:16.152 [INF] 📱 통화 연결: 01094612680
2025-12-27 13:51:16.153 [INF] [CallLog] start 이벤트 전송: 01094612680
2025-12-27 13:51:21.420 [INF] [CallLog] ring 전송 성공
2025-12-27 13:51:29.462 [INF] [CallLog] start 전송 성공
2025-12-27 14:33:05.014 [INF] [이벤트] Svc=7, Evt=0x1, Res=0x0, Dn1=01023180874, Dn2=0315672278, Ext=
2025-12-27 14:33:05.016 [INF] 📞 전화 수신: 01023180874 → 0315672278
2025-12-27 14:33:05.018 [INF] [CallLog] ring 이벤트 전송: 01023180874
2025-12-27 14:33:12.609 [INF] [이벤트] Svc=9, Evt=0x1, Res=0x0, Dn1=01023180874, Dn2=0315672278, Ext=20251227143311
2025-12-27 14:33:12.611 [INF] 📱 통화 연결: 01023180874
2025-12-27 14:33:12.612 [INF] [CallLog] start 이벤트 전송: 01023180874
2025-12-27 14:33:20.179 [INF] [CallLog] ring 전송 성공
2025-12-27 14:33:25.952 [INF] [CallLog] start 전송 성공
