2026-01-04 09:47:29.557 +09:00 [INF] CTI Bridge 서비스 시작 중...
2026-01-04 09:47:30.689 +09:00 [INF] CTI Bridge 서비스 시작 중...
2026-01-04 09:47:30.697 +09:00 [INF] 설정 파일에서 URL 로드: https://d-care-console.vercel.app
2026-01-04 09:47:30.704 +09:00 [INF] CTI Bridge 서비스 실행 시작
2026-01-04 09:47:30.707 +09:00 [INF] SK CTI API 초기화 중...
2026-01-04 09:47:31.172 +09:00 [INF] CTI 초기화 성공
2026-01-04 09:47:31.381 +09:00 [INF] [이벤트] Svc=30, Evt=0x101, Res=0x0, Dn1=, Dn2=, Ext=
2026-01-04 09:47:31.382 +09:00 [INF] 서버 연결됨
2026-01-04 09:48:31.495 +09:00 [INF] 로그인 2차 재시도...
2026-01-04 09:48:33.216 +09:00 [INF] [이벤트] Svc=30, Evt=0x104, Res=0x0, Dn1=, Dn2=, Ext=
2026-01-04 09:48:33.216 +09:00 [INF] 로그인 완료
2026-01-04 09:48:33.216 +09:00 [INF] [이벤트] Svc=22, Evt=0x1, Res=0x0, Dn1=, Dn2=, Ext=
2026-01-04 09:48:38.455 +09:00 [INF] CTI 로그인 성공
2026-01-04 09:48:38.459 +09:00 [INF] [SendWorker] 전송 워커 시작
2026-01-04 15:18:55.420 +09:00 [INF] [이벤트] Svc=7, Evt=0x1, Res=0x0, Dn1=01055045987, Dn2=0315672278, Ext=
2026-01-04 15:18:55.420 +09:00 [INF] 📞 전화 수신: 01055045987 → 0315672278
2026-01-04 15:18:58.022 +09:00 [INF] [SendWorker] 전송 성공: "IncomingCall" 01055045987 (시도 1)
2026-01-04 15:18:59.187 +09:00 [INF] [SendWorker] 전송 성공: "CallLog" 01055045987 (시도 1)
2026-01-04 15:19:26.575 +09:00 [INF] [이벤트] Svc=9, Evt=0x1, Res=0x0, Dn1=01055045987, Dn2=0315672278, Ext=20260104151921
2026-01-04 15:19:26.575 +09:00 [INF] 📱 통화 연결: 01055045987
2026-01-04 15:19:28.331 +09:00 [INF] [SendWorker] 전송 성공: "CallLog" 01055045987 (시도 1)
2026-01-04 22:17:14.739 +09:00 [INF] CTI Bridge 서비스 종료 중...
2026-01-04 22:17:15.142 +09:00 [INF] [SendWorker] 전송 워커 종료
2026-01-04 22:17:15.142 +09:00 [INF] CTI Bridge 서비스 종료됨
