2026-01-01 10:19:18.741 +09:00 [INF] CTI Bridge 서비스 시작 중...
2026-01-01 10:19:19.820 +09:00 [INF] CTI Bridge 서비스 시작 중...
2026-01-01 10:19:19.827 +09:00 [INF] 설정 파일에서 URL 로드: https://d-care-console.vercel.app
2026-01-01 10:19:19.833 +09:00 [INF] CTI Bridge 서비스 실행 시작
2026-01-01 10:19:19.836 +09:00 [INF] SK CTI API 초기화 중...
2026-01-01 10:19:20.193 +09:00 [INF] CTI 초기화 성공
2026-01-01 10:19:20.407 +09:00 [INF] [이벤트] Svc=30, Evt=0x101, Res=0x0, Dn1=, Dn2=, Ext=
2026-01-01 10:19:20.408 +09:00 [INF] 서버 연결됨
2026-01-01 10:20:20.556 +09:00 [INF] 로그인 2차 재시도...
2026-01-01 10:20:22.276 +09:00 [INF] [이벤트] Svc=30, Evt=0x104, Res=0x0, Dn1=, Dn2=, Ext=
2026-01-01 10:20:22.277 +09:00 [INF] 로그인 완료
2026-01-01 10:20:22.441 +09:00 [INF] [이벤트] Svc=22, Evt=0x1, Res=0x0, Dn1=, Dn2=, Ext=
2026-01-01 10:20:27.527 +09:00 [INF] CTI 로그인 성공
2026-01-01 10:31:10.919 +09:00 [INF] [이벤트] Svc=7, Evt=0x1, Res=0x0, Dn1=01035533963, Dn2=0315672278, Ext=
2026-01-01 10:31:10.919 +09:00 [INF] 📞 전화 수신: 01035533963 → 0315672278
2026-01-01 10:31:11.227 +09:00 [INF] [CallLog] ring 이벤트 전송: 01035533963
2026-01-01 10:31:13.735 +09:00 [INF] [CallLog] ring 전송 성공
2026-01-01 10:31:48.476 +09:00 [INF] [이벤트] Svc=9, Evt=0x1, Res=0x0, Dn1=01035533963, Dn2=0315672278, Ext=20260101103145
2026-01-01 10:31:48.476 +09:00 [INF] 📱 통화 연결: 01035533963
2026-01-01 10:31:48.476 +09:00 [INF] [CallLog] start 이벤트 전송: 01035533963
2026-01-01 10:31:49.695 +09:00 [INF] [CallLog] start 전송 성공
2026-01-01 10:31:53.977 +09:00 [INF] [이벤트] Svc=7, Evt=0x1, Res=0x0, Dn1=01035533963, Dn2=0315672278, Ext=
2026-01-01 10:31:53.978 +09:00 [INF] 📞 전화 수신: 01035533963 → 0315672278
2026-01-01 10:31:53.978 +09:00 [INF] [CallLog] ring 이벤트 전송: 01035533963
2026-01-01 10:31:55.171 +09:00 [INF] [CallLog] ring 전송 성공
2026-01-01 10:32:12.449 +09:00 [INF] [이벤트] Svc=9, Evt=0x1, Res=0x0, Dn1=01035533963, Dn2=0315672278, Ext=20260101103209
2026-01-01 10:32:12.449 +09:00 [INF] 📱 통화 연결: 01035533963
2026-01-01 10:32:12.449 +09:00 [INF] [CallLog] start 이벤트 전송: 01035533963
2026-01-01 10:32:13.685 +09:00 [INF] [CallLog] start 전송 성공
2026-01-01 10:35:38.156 +09:00 [INF] [이벤트] Svc=7, Evt=0x1, Res=0x0, Dn1=01042004225, Dn2=0315672278, Ext=
2026-01-01 10:35:38.156 +09:00 [INF] 📞 전화 수신: 01042004225 → 0315672278
2026-01-01 10:35:38.157 +09:00 [INF] [CallLog] ring 이벤트 전송: 01042004225
2026-01-01 10:35:39.878 +09:00 [INF] [CallLog] ring 전송 성공
2026-01-01 10:36:08.452 +09:00 [INF] [이벤트] Svc=9, Evt=0x1, Res=0x0, Dn1=01042004225, Dn2=0315672278, Ext=20260101103605
2026-01-01 10:36:08.452 +09:00 [INF] 📱 통화 연결: 01042004225
2026-01-01 10:36:08.452 +09:00 [INF] [CallLog] start 이벤트 전송: 01042004225
2026-01-01 10:36:09.675 +09:00 [INF] [CallLog] start 전송 성공
2026-01-01 10:36:54.388 +09:00 [INF] [이벤트] Svc=7, Evt=0x1, Res=0x0, Dn1=01075647240, Dn2=0315672278, Ext=
2026-01-01 10:36:54.388 +09:00 [INF] 📞 전화 수신: 01075647240 → 0315672278
2026-01-01 10:36:54.388 +09:00 [INF] [CallLog] ring 이벤트 전송: 01075647240
2026-01-01 10:36:56.077 +09:00 [INF] [CallLog] ring 전송 성공
2026-01-01 10:37:31.672 +09:00 [INF] [이벤트] Svc=9, Evt=0x1, Res=0x0, Dn1=01075647240, Dn2=0315672278, Ext=20260101103728
2026-01-01 10:37:31.672 +09:00 [INF] 📱 통화 연결: 01075647240
2026-01-01 10:37:31.672 +09:00 [INF] [CallLog] start 이벤트 전송: 01075647240
2026-01-01 10:37:32.927 +09:00 [INF] [CallLog] start 전송 성공
2026-01-01 11:03:18.449 +09:00 [INF] [이벤트] Svc=7, Evt=0x1, Res=0x0, Dn1=01037758623, Dn2=0315672278, Ext=
2026-01-01 11:03:18.449 +09:00 [INF] 📞 전화 수신: 01037758623 → 0315672278
2026-01-01 11:03:18.450 +09:00 [INF] [CallLog] ring 이벤트 전송: 01037758623
2026-01-01 11:03:20.813 +09:00 [INF] [CallLog] ring 전송 성공
2026-01-01 11:03:49.178 +09:00 [INF] [이벤트] Svc=9, Evt=0x1, Res=0x0, Dn1=01037758623, Dn2=0315672278, Ext=20260101110346
2026-01-01 11:03:49.178 +09:00 [INF] 📱 통화 연결: 01037758623
2026-01-01 11:03:49.178 +09:00 [INF] [CallLog] start 이벤트 전송: 01037758623
2026-01-01 11:03:50.425 +09:00 [INF] [CallLog] start 전송 성공
2026-01-01 11:28:54.997 +09:00 [INF] [이벤트] Svc=7, Evt=0x1, Res=0x0, Dn1=01056623672, Dn2=0315672278, Ext=
2026-01-01 11:28:54.997 +09:00 [INF] 📞 전화 수신: 01056623672 → 0315672278
2026-01-01 11:28:54.998 +09:00 [INF] [CallLog] ring 이벤트 전송: 01056623672
2026-01-01 11:28:56.384 +09:00 [INF] [CallLog] ring 전송 성공
2026-01-01 11:29:32.096 +09:00 [INF] [이벤트] Svc=9, Evt=0x1, Res=0x0, Dn1=01056623672, Dn2=0315672278, Ext=20260101112928
2026-01-01 11:29:32.096 +09:00 [INF] 📱 통화 연결: 01056623672
2026-01-01 11:29:32.096 +09:00 [INF] [CallLog] start 이벤트 전송: 01056623672
2026-01-01 11:29:33.329 +09:00 [INF] [CallLog] start 전송 성공
2026-01-01 11:40:06.719 +09:00 [INF] [이벤트] Svc=7, Evt=0x1, Res=0x0, Dn1=01024529606, Dn2=0315672278, Ext=
2026-01-01 11:40:06.719 +09:00 [INF] 📞 전화 수신: 01024529606 → 0315672278
2026-01-01 11:40:06.720 +09:00 [INF] [CallLog] ring 이벤트 전송: 01024529606
2026-01-01 11:40:09.130 +09:00 [INF] [CallLog] ring 전송 성공
2026-01-01 11:40:44.457 +09:00 [INF] [이벤트] Svc=9, Evt=0x1, Res=0x0, Dn1=01024529606, Dn2=0315672278, Ext=20260101114041
2026-01-01 11:40:44.458 +09:00 [INF] 📱 통화 연결: 01024529606
2026-01-01 11:40:44.458 +09:00 [INF] [CallLog] start 이벤트 전송: 01024529606
2026-01-01 11:40:45.730 +09:00 [INF] [CallLog] start 전송 성공
2026-01-01 11:40:58.026 +09:00 [INF] [이벤트] Svc=7, Evt=0x1, Res=0x0, Dn1=01024529606, Dn2=0315672278, Ext=
2026-01-01 11:40:58.026 +09:00 [INF] 📞 전화 수신: 01024529606 → 0315672278
2026-01-01 11:40:58.027 +09:00 [INF] [CallLog] ring 이벤트 전송: 01024529606
2026-01-01 11:40:59.443 +09:00 [INF] [CallLog] ring 전송 성공
2026-01-01 11:41:35.345 +09:00 [INF] [이벤트] Svc=9, Evt=0x1, Res=0x0, Dn1=01024529606, Dn2=0315672278, Ext=20260101114132
2026-01-01 11:41:35.345 +09:00 [INF] 📱 통화 연결: 01024529606
2026-01-01 11:41:35.345 +09:00 [INF] [CallLog] start 이벤트 전송: 01024529606
2026-01-01 11:41:36.565 +09:00 [INF] [CallLog] start 전송 성공
2026-01-01 12:28:22.370 +09:00 [INF] [이벤트] Svc=7, Evt=0x1, Res=0x0, Dn1=01052775345, Dn2=0315672278, Ext=
2026-01-01 12:28:22.370 +09:00 [INF] 📞 전화 수신: 01052775345 → 0315672278
2026-01-01 12:28:22.371 +09:00 [INF] [CallLog] ring 이벤트 전송: 01052775345
2026-01-01 12:28:24.891 +09:00 [INF] [CallLog] ring 전송 성공
2026-01-01 12:28:59.392 +09:00 [INF] [이벤트] Svc=9, Evt=0x1, Res=0x0, Dn1=01052775345, Dn2=0315672278, Ext=20260101122856
2026-01-01 12:28:59.392 +09:00 [INF] 📱 통화 연결: 01052775345
2026-01-01 12:28:59.392 +09:00 [INF] [CallLog] start 이벤트 전송: 01052775345
2026-01-01 12:29:00.597 +09:00 [INF] [CallLog] start 전송 성공
2026-01-01 12:32:48.164 +09:00 [INF] [이벤트] Svc=7, Evt=0x1, Res=0x0, Dn1=01056623672, Dn2=0315672278, Ext=
2026-01-01 12:32:48.165 +09:00 [INF] 📞 전화 수신: 01056623672 → 0315672278
2026-01-01 12:32:48.166 +09:00 [INF] [CallLog] ring 이벤트 전송: 01056623672
2026-01-01 12:32:50.301 +09:00 [INF] [CallLog] ring 전송 성공
2026-01-01 12:33:22.245 +09:00 [INF] [이벤트] Svc=9, Evt=0x1, Res=0x0, Dn1=01056623672, Dn2=0315672278, Ext=20260101123319
2026-01-01 12:33:22.246 +09:00 [INF] 📱 통화 연결: 01056623672
2026-01-01 12:33:22.246 +09:00 [INF] [CallLog] start 이벤트 전송: 01056623672
2026-01-01 12:33:23.496 +09:00 [INF] [CallLog] start 전송 성공
