2025-12-31 00:07:43.515 +09:00 [INF] CTI Bridge 서비스 종료 중...
2025-12-31 00:07:43.692 +09:00 [INF] CTI Bridge 서비스 종료됨
2025-12-31 10:08:37.805 +09:00 [INF] CTI Bridge 서비스 시작 중...
2025-12-31 10:08:39.016 +09:00 [INF] CTI Bridge 서비스 시작 중...
2025-12-31 10:08:39.024 +09:00 [INF] 설정 파일에서 URL 로드: https://d-care-console.vercel.app
2025-12-31 10:08:39.031 +09:00 [INF] CTI Bridge 서비스 실행 시작
2025-12-31 10:08:39.033 +09:00 [INF] SK CTI API 초기화 중...
2025-12-31 10:08:39.431 +09:00 [INF] CTI 초기화 성공
2025-12-31 10:08:39.649 +09:00 [INF] [이벤트] Svc=30, Evt=0x101, Res=0x0, Dn1=, Dn2=, Ext=
2025-12-31 10:08:39.651 +09:00 [INF] 서버 연결됨
2025-12-31 10:09:39.686 +09:00 [INF] 로그인 2차 재시도...
2025-12-31 10:09:41.406 +09:00 [INF] [이벤트] Svc=30, Evt=0x104, Res=0x0, Dn1=, Dn2=, Ext=
2025-12-31 10:09:41.406 +09:00 [INF] 로그인 완료
2025-12-31 10:09:41.570 +09:00 [INF] [이벤트] Svc=22, Evt=0x1, Res=0x0, Dn1=, Dn2=, Ext=
2025-12-31 10:09:46.587 +09:00 [INF] CTI 로그인 성공
2025-12-31 10:22:41.640 +09:00 [INF] [이벤트] Svc=7, Evt=0x1, Res=0x0, Dn1=01056750948, Dn2=0315672278, Ext=
2025-12-31 10:22:41.641 +09:00 [INF] 📞 전화 수신: 01056750948 → 0315672278
2025-12-31 10:22:41.937 +09:00 [INF] [CallLog] ring 이벤트 전송: 01056750948
2025-12-31 10:22:44.445 +09:00 [INF] [CallLog] ring 전송 성공
2025-12-31 10:22:45.116 +09:00 [INF] [이벤트] Svc=8, Evt=0x304, Res=0x0, Dn1=01056750948, Dn2=0315672278, Ext=
2025-12-31 10:22:45.116 +09:00 [INF] ═══════════════════════════════════════════════════════
2025-12-31 10:22:45.117 +09:00 [INF] [녹취 이벤트] Service=8, EvtType=0x304, Result=0x0
2025-12-31 10:22:45.117 +09:00 [INF] [녹취 이벤트] Dn1=01056750948, Dn2=0315672278
2025-12-31 10:22:45.117 +09:00 [INF] [녹취 이벤트] ExtInfo=
2025-12-31 10:22:45.117 +09:00 [INF] ═══════════════════════════════════════════════════════
2025-12-31 10:22:45.117 +09:00 [INF] 🎙️ 착신녹취 준비: 01056750948 → 0315672278
2025-12-31 10:22:45.117 +09:00 [INF] 녹취 시작 요청 성공
2025-12-31 10:22:45.328 +09:00 [INF] [이벤트] Svc=15, Evt=0x304, Res=0x0, Dn1=0315672278, Dn2=01056750948, Ext=called
2025-12-31 10:22:45.748 +09:00 [INF] 📱 통화 연결: 01056750948
2025-12-31 10:22:45.748 +09:00 [INF] [CallLog] start 이벤트 전송: 01056750948
2025-12-31 10:22:45.958 +09:00 [INF] [이벤트] Svc=13, Evt=0x1, Res=0x0, Dn1=01056750948, Dn2=0315672278, Ext=20251231102243
2025-12-31 10:22:45.958 +09:00 [INF] 📱 통화 응답: 01056750948
2025-12-31 10:22:45.958 +09:00 [INF] [CallLog] start 이벤트 전송: 01056750948
2025-12-31 10:22:46.170 +09:00 [INF] [이벤트] Svc=8, Evt=0x307, Res=0x0, Dn1=, Dn2=, Ext=http://orec.skbroadband.com/nas_recording/ddz/bM/2
2025-12-31 10:22:46.170 +09:00 [INF] ═══════════════════════════════════════════════════════
2025-12-31 10:22:46.170 +09:00 [INF] [녹취 이벤트] Service=8, EvtType=0x307, Result=0x0
2025-12-31 10:22:46.170 +09:00 [INF] [녹취 이벤트] Dn1=, Dn2=
2025-12-31 10:22:46.170 +09:00 [INF] [녹취 이벤트] ExtInfo=http://orec.skbroadband.com/nas_recording/ddz/bM/2Pr/jb/hq_.wav
2025-12-31 10:22:46.170 +09:00 [INF] ═══════════════════════════════════════════════════════
2025-12-31 10:22:46.170 +09:00 [INF] 🔴 녹취 시작!
2025-12-31 10:22:46.170 +09:00 [INF]     ExtInfo(파일정보): http://orec.skbroadband.com/nas_recording/ddz/bM/2Pr/jb/hq_.wav
2025-12-31 10:22:46.170 +09:00 [INF]     ExtInfo 길이: 63
2025-12-31 10:22:46.170 +09:00 [INF]     http 포함여부: true
2025-12-31 10:22:49.275 +09:00 [INF] [CallLog] start 전송 성공
2025-12-31 10:22:50.356 +09:00 [INF] [CallLog] start 전송 성공
2025-12-31 10:23:06.366 +09:00 [INF] [이벤트] Svc=8, Evt=0x308, Res=0x0, Dn1=, Dn2=, Ext=http://orec.skbroadband.com/nas_recording/ddz/bM/2
2025-12-31 10:23:06.366 +09:00 [INF] ═══════════════════════════════════════════════════════
2025-12-31 10:23:06.366 +09:00 [INF] [녹취 이벤트] Service=8, EvtType=0x308, Result=0x0
2025-12-31 10:23:06.366 +09:00 [INF] [녹취 이벤트] Dn1=, Dn2=
2025-12-31 10:23:06.366 +09:00 [INF] [녹취 이벤트] ExtInfo=http://orec.skbroadband.com/nas_recording/ddz/bM/2Pr/jb/hq_.wav
2025-12-31 10:23:06.366 +09:00 [INF] ═══════════════════════════════════════════════════════
2025-12-31 10:23:06.366 +09:00 [INF] ⏹️ 녹취 완료!
2025-12-31 10:23:06.366 +09:00 [INF]     ExtInfo(파일정보): http://orec.skbroadband.com/nas_recording/ddz/bM/2Pr/jb/hq_.wav
2025-12-31 10:23:06.366 +09:00 [INF]     ExtInfo 길이: 63
2025-12-31 10:23:06.366 +09:00 [INF]     http:// 포함: true
2025-12-31 10:23:06.366 +09:00 [INF]     https:// 포함: false
2025-12-31 10:23:06.366 +09:00 [INF]     통화시간: 21초
2025-12-31 10:23:06.366 +09:00 [INF]     발신번호: 01056750948
2025-12-31 10:23:06.366 +09:00 [INF]     수신번호: 0315672278
2025-12-31 10:23:06.367 +09:00 [INF] ───────────────────────────────────────────────────────
2025-12-31 10:23:06.367 +09:00 [INF] [녹취 전송] SendRecordingComplete 시작
2025-12-31 10:23:06.367 +09:00 [INF]     recordingInfo 원본: http://orec.skbroadband.com/nas_recording/ddz/bM/2Pr/jb/hq_.wav
2025-12-31 10:23:06.367 +09:00 [INF]     녹취파일 다운로드 중...
2025-12-31 10:23:06.400 +09:00 [INF]     다운로드 완료: 166124 bytes (0.16 MB)
2025-12-31 10:23:06.409 +09:00 [INF]     base64 인코딩 완료: 221500 chars
2025-12-31 10:23:06.417 +09:00 [INF]     전송 URL: https://d-care-console.vercel.app/api/call-analysis/recording
2025-12-31 10:23:06.417 +09:00 [INF]     JSON 크기: 232033 bytes
2025-12-31 10:23:06.576 +09:00 [INF] [이벤트] Svc=14, Evt=0x1, Res=0x0, Dn1=01056750948, Dn2=0315672278, Ext=20251231102304
2025-12-31 10:23:06.576 +09:00 [INF] 📴 통화 종료: 01056750948
2025-12-31 10:23:06.576 +09:00 [INF] [CallLog] end 이벤트 전송: 01056750948
2025-12-31 10:23:06.787 +09:00 [INF] [이벤트] Svc=8, Evt=0x303, Res=0x0, Dn1=, Dn2=, Ext=
2025-12-31 10:23:06.787 +09:00 [INF] ═══════════════════════════════════════════════════════
2025-12-31 10:23:06.787 +09:00 [INF] [녹취 이벤트] Service=8, EvtType=0x303, Result=0x0
2025-12-31 10:23:06.787 +09:00 [INF] [녹취 이벤트] Dn1=, Dn2=
2025-12-31 10:23:06.787 +09:00 [INF] [녹취 이벤트] ExtInfo=
2025-12-31 10:23:06.787 +09:00 [INF] ═══════════════════════════════════════════════════════
2025-12-31 10:23:06.787 +09:00 [INF] 녹취 서비스 종료
2025-12-31 10:23:08.744 +09:00 [INF] [CallLog] end 전송 성공
2025-12-31 10:23:10.261 +09:00 [INF] ✅ 녹취 정보 전송 성공!
2025-12-31 10:23:10.262 +09:00 [INF]     응답: {"success":true,"message":"Recording received, analysis queued","analysisId":"69547afca6b5cf2af0fbc084","data":{"callLogId":"69547ae2a6b5cf2af0fbc082","callerNumber":"010-5675-0948","calledNumber":"031-567-2278","recordingFileName":"hq_.wav","duration":21,"status":"pending","patientId":"68b6b9e3c9dc39bf26a66b46","patientName":"유라미","createdAt":"2025-12-31T10:23:06.409+09:00","updatedAt":"2025-12-31T01:23:05.987Z","_id":"69547afca6b5cf2af0fbc084"}}
2025-12-31 10:23:10.262 +09:00 [INF] ───────────────────────────────────────────────────────
2025-12-31 10:29:23.166 +09:00 [INF] [이벤트] Svc=7, Evt=0x1, Res=0x0, Dn1=01092584659, Dn2=0315672278, Ext=
2025-12-31 10:29:23.166 +09:00 [INF] 📞 전화 수신: 01092584659 → 0315672278
2025-12-31 10:29:23.167 +09:00 [INF] [CallLog] ring 이벤트 전송: 01092584659
2025-12-31 10:29:25.716 +09:00 [INF] [이벤트] Svc=15, Evt=0x304, Res=0x0, Dn1=0315672278, Dn2=01092584659, Ext=called
2025-12-31 10:29:25.716 +09:00 [INF] 📱 통화 연결: 01092584659
2025-12-31 10:29:25.716 +09:00 [INF] [CallLog] start 이벤트 전송: 01092584659
2025-12-31 10:29:25.784 +09:00 [INF] [CallLog] ring 전송 성공
2025-12-31 10:29:25.928 +09:00 [INF] [이벤트] Svc=8, Evt=0x304, Res=0x0, Dn1=01092584659, Dn2=0315672278, Ext=
2025-12-31 10:29:25.928 +09:00 [INF] ═══════════════════════════════════════════════════════
2025-12-31 10:29:25.928 +09:00 [INF] [녹취 이벤트] Service=8, EvtType=0x304, Result=0x0
2025-12-31 10:29:25.928 +09:00 [INF] [녹취 이벤트] Dn1=01092584659, Dn2=0315672278
2025-12-31 10:29:25.928 +09:00 [INF] [녹취 이벤트] ExtInfo=
2025-12-31 10:29:25.928 +09:00 [INF] ═══════════════════════════════════════════════════════
2025-12-31 10:29:25.928 +09:00 [INF] 🎙️ 착신녹취 준비: 01092584659 → 0315672278
2025-12-31 10:29:25.928 +09:00 [INF] 녹취 시작 요청 성공
2025-12-31 10:29:26.139 +09:00 [INF] [이벤트] Svc=13, Evt=0x1, Res=0x0, Dn1=01092584659, Dn2=0315672278, Ext=20251231102923
2025-12-31 10:29:26.139 +09:00 [INF] 📱 통화 응답: 01092584659
2025-12-31 10:29:26.139 +09:00 [INF] [CallLog] start 이벤트 전송: 01092584659
2025-12-31 10:29:26.353 +09:00 [INF] [이벤트] Svc=8, Evt=0x307, Res=0x0, Dn1=, Dn2=, Ext=http://orec.skbroadband.com/nas_recording/ddz/bM/2
2025-12-31 10:29:26.353 +09:00 [INF] ═══════════════════════════════════════════════════════
2025-12-31 10:29:26.353 +09:00 [INF] [녹취 이벤트] Service=8, EvtType=0x307, Result=0x0
2025-12-31 10:29:26.353 +09:00 [INF] [녹취 이벤트] Dn1=, Dn2=
2025-12-31 10:29:26.353 +09:00 [INF] [녹취 이벤트] ExtInfo=http://orec.skbroadband.com/nas_recording/ddz/bM/2Pr/W1/Nry.wav
2025-12-31 10:29:26.353 +09:00 [INF] ═══════════════════════════════════════════════════════
2025-12-31 10:29:26.353 +09:00 [INF] 🔴 녹취 시작!
2025-12-31 10:29:26.353 +09:00 [INF]     ExtInfo(파일정보): http://orec.skbroadband.com/nas_recording/ddz/bM/2Pr/W1/Nry.wav
2025-12-31 10:29:26.353 +09:00 [INF]     ExtInfo 길이: 63
2025-12-31 10:29:26.353 +09:00 [INF]     http 포함여부: true
2025-12-31 10:29:27.046 +09:00 [INF] [CallLog] start 전송 성공
2025-12-31 10:29:27.407 +09:00 [INF] [CallLog] start 전송 성공
2025-12-31 10:30:03.038 +09:00 [INF] [이벤트] Svc=8, Evt=0x308, Res=0x0, Dn1=, Dn2=, Ext=http://orec.skbroadband.com/nas_recording/ddz/bM/2
2025-12-31 10:30:03.038 +09:00 [INF] ═══════════════════════════════════════════════════════
2025-12-31 10:30:03.039 +09:00 [INF] [녹취 이벤트] Service=8, EvtType=0x308, Result=0x0
2025-12-31 10:30:03.039 +09:00 [INF] [녹취 이벤트] Dn1=, Dn2=
2025-12-31 10:30:03.039 +09:00 [INF] [녹취 이벤트] ExtInfo=http://orec.skbroadband.com/nas_recording/ddz/bM/2Pr/W1/Nry.wav
2025-12-31 10:30:03.039 +09:00 [INF] ═══════════════════════════════════════════════════════
2025-12-31 10:30:03.039 +09:00 [INF] ⏹️ 녹취 완료!
2025-12-31 10:30:03.039 +09:00 [INF]     ExtInfo(파일정보): http://orec.skbroadband.com/nas_recording/ddz/bM/2Pr/W1/Nry.wav
2025-12-31 10:30:03.039 +09:00 [INF]     ExtInfo 길이: 63
2025-12-31 10:30:03.039 +09:00 [INF]     http:// 포함: true
2025-12-31 10:30:03.039 +09:00 [INF]     https:// 포함: false
2025-12-31 10:30:03.039 +09:00 [INF]     통화시간: 37초
2025-12-31 10:30:03.039 +09:00 [INF]     발신번호: 01092584659
2025-12-31 10:30:03.039 +09:00 [INF]     수신번호: 0315672278
2025-12-31 10:30:03.039 +09:00 [INF] ───────────────────────────────────────────────────────
2025-12-31 10:30:03.039 +09:00 [INF] [녹취 전송] SendRecordingComplete 시작
2025-12-31 10:30:03.039 +09:00 [INF]     recordingInfo 원본: http://orec.skbroadband.com/nas_recording/ddz/bM/2Pr/W1/Nry.wav
2025-12-31 10:30:03.039 +09:00 [INF]     녹취파일 다운로드 중...
2025-12-31 10:30:03.083 +09:00 [INF]     다운로드 완료: 293484 bytes (0.28 MB)
2025-12-31 10:30:03.083 +09:00 [INF]     base64 인코딩 완료: 391312 chars
2025-12-31 10:30:03.085 +09:00 [INF]     전송 URL: https://d-care-console.vercel.app/api/call-analysis/recording
2025-12-31 10:30:03.085 +09:00 [INF]     JSON 크기: 405235 bytes
2025-12-31 10:30:03.251 +09:00 [INF] [이벤트] Svc=14, Evt=0x1, Res=0x0, Dn1=01092584659, Dn2=0315672278, Ext=20251231103001
2025-12-31 10:30:03.251 +09:00 [INF] 📴 통화 종료: 01092584659
2025-12-31 10:30:03.251 +09:00 [INF] [CallLog] end 이벤트 전송: 01092584659
2025-12-31 10:30:03.464 +09:00 [INF] [이벤트] Svc=8, Evt=0x303, Res=0x0, Dn1=, Dn2=, Ext=
2025-12-31 10:30:03.464 +09:00 [INF] ═══════════════════════════════════════════════════════
2025-12-31 10:30:03.464 +09:00 [INF] [녹취 이벤트] Service=8, EvtType=0x303, Result=0x0
2025-12-31 10:30:03.464 +09:00 [INF] [녹취 이벤트] Dn1=, Dn2=
2025-12-31 10:30:03.464 +09:00 [INF] [녹취 이벤트] ExtInfo=
2025-12-31 10:30:03.464 +09:00 [INF] ═══════════════════════════════════════════════════════
2025-12-31 10:30:03.464 +09:00 [INF] 녹취 서비스 종료
2025-12-31 10:30:05.445 +09:00 [INF] [CallLog] end 전송 성공
2025-12-31 10:30:06.816 +09:00 [INF] ✅ 녹취 정보 전송 성공!
2025-12-31 10:30:06.817 +09:00 [INF]     응답: {"success":true,"message":"Recording received, analysis queued","analysisId":"69547c9ce88d814017eada3b","data":{"callLogId":"69547c74e88d814017eada39","callerNumber":"010-9258-4659","calledNumber":"031-567-2278","recordingFileName":"Nry.wav","duration":37,"status":"pending","createdAt":"2025-12-31T10:30:03.083+09:00","updatedAt":"2025-12-31T01:30:02.489Z","_id":"69547c9ce88d814017eada3b"}}
2025-12-31 10:30:06.817 +09:00 [INF] ───────────────────────────────────────────────────────
2025-12-31 10:30:19.781 +09:00 [INF] [이벤트] Svc=15, Evt=0x304, Res=0x0, Dn1=0315672278, Dn2=01098008261, Ext=calling
2025-12-31 10:30:19.993 +09:00 [INF] [이벤트] Svc=11, Evt=0x1, Res=0x0, Dn1=0315672278, Dn2=01098008261, Ext=20251231103017
2025-12-31 10:30:19.993 +09:00 [INF] 📴 통화 종료: 01098008261
2025-12-31 10:30:19.993 +09:00 [INF] [CallLog] end 이벤트 전송: 01098008261
2025-12-31 10:30:21.187 +09:00 [INF] [CallLog] end 전송 성공
2025-12-31 10:30:32.289 +09:00 [INF] [이벤트] Svc=12, Evt=0x1, Res=0x0, Dn1=0315672278, Dn2=01098008261, Ext=20251231103030
2025-12-31 10:30:32.289 +09:00 [INF] ❌ 부재중: 0315672278
2025-12-31 10:30:32.289 +09:00 [INF] [CallLog] missed 이벤트 전송: 0315672278
2025-12-31 10:30:33.188 +09:00 [INF] [CallLog] missed 전송 성공
2025-12-31 10:35:18.911 +09:00 [INF] [이벤트] Svc=7, Evt=0x1, Res=0x0, Dn1=01095798230, Dn2=0315672278, Ext=
2025-12-31 10:35:18.912 +09:00 [INF] 📞 전화 수신: 01095798230 → 0315672278
2025-12-31 10:35:18.913 +09:00 [INF] [CallLog] ring 이벤트 전송: 01095798230
2025-12-31 10:35:20.514 +09:00 [INF] [CallLog] ring 전송 성공
2025-12-31 10:35:22.938 +09:00 [INF] [이벤트] Svc=15, Evt=0x304, Res=0x0, Dn1=0315672278, Dn2=01095798230, Ext=called
2025-12-31 10:35:22.938 +09:00 [INF] 📱 통화 연결: 01095798230
2025-12-31 10:35:22.938 +09:00 [INF] [CallLog] start 이벤트 전송: 01095798230
2025-12-31 10:35:23.149 +09:00 [INF] [이벤트] Svc=13, Evt=0x1, Res=0x0, Dn1=01095798230, Dn2=0315672278, Ext=20251231103521
2025-12-31 10:35:23.149 +09:00 [INF] 📱 통화 응답: 01095798230
2025-12-31 10:35:23.149 +09:00 [INF] [CallLog] start 이벤트 전송: 01095798230
2025-12-31 10:35:23.360 +09:00 [INF] [이벤트] Svc=8, Evt=0x304, Res=0x0, Dn1=01095798230, Dn2=0315672278, Ext=
2025-12-31 10:35:23.361 +09:00 [INF] ═══════════════════════════════════════════════════════
2025-12-31 10:35:23.361 +09:00 [INF] [녹취 이벤트] Service=8, EvtType=0x304, Result=0x0
2025-12-31 10:35:23.361 +09:00 [INF] [녹취 이벤트] Dn1=01095798230, Dn2=0315672278
2025-12-31 10:35:23.361 +09:00 [INF] [녹취 이벤트] ExtInfo=
2025-12-31 10:35:23.361 +09:00 [INF] ═══════════════════════════════════════════════════════
2025-12-31 10:35:23.361 +09:00 [INF] 🎙️ 착신녹취 준비: 01095798230 → 0315672278
2025-12-31 10:35:23.361 +09:00 [INF] 녹취 시작 요청 성공
2025-12-31 10:35:23.785 +09:00 [INF] [이벤트] Svc=8, Evt=0x307, Res=0x0, Dn1=, Dn2=, Ext=http://orec.skbroadband.com/nas_recording/ddz/bM/2
2025-12-31 10:35:23.785 +09:00 [INF] ═══════════════════════════════════════════════════════
2025-12-31 10:35:23.785 +09:00 [INF] [녹취 이벤트] Service=8, EvtType=0x307, Result=0x0
2025-12-31 10:35:23.785 +09:00 [INF] [녹취 이벤트] Dn1=, Dn2=
2025-12-31 10:35:23.785 +09:00 [INF] [녹취 이벤트] ExtInfo=http://orec.skbroadband.com/nas_recording/ddz/bM/2Pr/jv/2rS.wav
2025-12-31 10:35:23.785 +09:00 [INF] ═══════════════════════════════════════════════════════
2025-12-31 10:35:23.785 +09:00 [INF] 🔴 녹취 시작!
2025-12-31 10:35:23.785 +09:00 [INF]     ExtInfo(파일정보): http://orec.skbroadband.com/nas_recording/ddz/bM/2Pr/jv/2rS.wav
2025-12-31 10:35:23.785 +09:00 [INF]     ExtInfo 길이: 63
2025-12-31 10:35:23.785 +09:00 [INF]     http 포함여부: true
2025-12-31 10:35:24.330 +09:00 [INF] [CallLog] start 전송 성공
2025-12-31 10:35:25.010 +09:00 [INF] [CallLog] start 전송 성공
2025-12-31 10:36:40.273 +09:00 [INF] [이벤트] Svc=8, Evt=0x308, Res=0x0, Dn1=, Dn2=, Ext=http://orec.skbroadband.com/nas_recording/ddz/bM/2
2025-12-31 10:36:40.273 +09:00 [INF] ═══════════════════════════════════════════════════════
2025-12-31 10:36:40.273 +09:00 [INF] [녹취 이벤트] Service=8, EvtType=0x308, Result=0x0
2025-12-31 10:36:40.273 +09:00 [INF] [녹취 이벤트] Dn1=, Dn2=
2025-12-31 10:36:40.273 +09:00 [INF] [녹취 이벤트] ExtInfo=http://orec.skbroadband.com/nas_recording/ddz/bM/2Pr/jv/2rS.wav
2025-12-31 10:36:40.273 +09:00 [INF] ═══════════════════════════════════════════════════════
2025-12-31 10:36:40.273 +09:00 [INF] ⏹️ 녹취 완료!
2025-12-31 10:36:40.273 +09:00 [INF]     ExtInfo(파일정보): http://orec.skbroadband.com/nas_recording/ddz/bM/2Pr/jv/2rS.wav
2025-12-31 10:36:40.273 +09:00 [INF]     ExtInfo 길이: 63
2025-12-31 10:36:40.273 +09:00 [INF]     http:// 포함: true
2025-12-31 10:36:40.273 +09:00 [INF]     https:// 포함: false
2025-12-31 10:36:40.273 +09:00 [INF]     통화시간: 76초
2025-12-31 10:36:40.274 +09:00 [INF]     발신번호: 01095798230
2025-12-31 10:36:40.274 +09:00 [INF]     수신번호: 0315672278
2025-12-31 10:36:40.274 +09:00 [INF] ───────────────────────────────────────────────────────
2025-12-31 10:36:40.274 +09:00 [INF] [녹취 전송] SendRecordingComplete 시작
2025-12-31 10:36:40.274 +09:00 [INF]     recordingInfo 원본: http://orec.skbroadband.com/nas_recording/ddz/bM/2Pr/jv/2rS.wav
2025-12-31 10:36:40.274 +09:00 [INF]     녹취파일 다운로드 중...
2025-12-31 10:36:40.346 +09:00 [INF]     다운로드 완료: 612684 bytes (0.58 MB)
2025-12-31 10:36:40.347 +09:00 [INF]     base64 인코딩 완료: 816912 chars
2025-12-31 10:36:40.417 +09:00 [INF]     전송 URL: https://d-care-console.vercel.app/api/call-analysis/recording
2025-12-31 10:36:40.418 +09:00 [INF]     JSON 크기: 852320 bytes
2025-12-31 10:36:40.484 +09:00 [INF] [이벤트] Svc=14, Evt=0x1, Res=0x0, Dn1=01095798230, Dn2=0315672278, Ext=20251231103638
2025-12-31 10:36:40.484 +09:00 [INF] 📴 통화 종료: 01095798230
2025-12-31 10:36:40.484 +09:00 [INF] [CallLog] end 이벤트 전송: 01095798230
2025-12-31 10:36:40.696 +09:00 [INF] [이벤트] Svc=8, Evt=0x303, Res=0x0, Dn1=, Dn2=, Ext=
2025-12-31 10:36:40.696 +09:00 [INF] ═══════════════════════════════════════════════════════
2025-12-31 10:36:40.696 +09:00 [INF] [녹취 이벤트] Service=8, EvtType=0x303, Result=0x0
2025-12-31 10:36:40.696 +09:00 [INF] [녹취 이벤트] Dn1=, Dn2=
2025-12-31 10:36:40.696 +09:00 [INF] [녹취 이벤트] ExtInfo=
2025-12-31 10:36:40.697 +09:00 [INF] ═══════════════════════════════════════════════════════
2025-12-31 10:36:40.697 +09:00 [INF] 녹취 서비스 종료
2025-12-31 10:36:42.697 +09:00 [INF] [CallLog] end 전송 성공
2025-12-31 10:36:44.262 +09:00 [INF] ✅ 녹취 정보 전송 성공!
2025-12-31 10:36:44.262 +09:00 [INF]     응답: {"success":true,"message":"Recording received, analysis queued","analysisId":"69547e29f9054af9d140bf89","data":{"callLogId":"69547dd6e88d814017eada3c","callerNumber":"010-9579-8230","calledNumber":"031-567-2278","recordingFileName":"2rS.wav","duration":76,"status":"pending","createdAt":"2025-12-31T10:36:40.347+09:00","updatedAt":"2025-12-31T01:36:39.923Z","_id":"69547e29f9054af9d140bf89"}}
2025-12-31 10:36:44.262 +09:00 [INF] ───────────────────────────────────────────────────────
2025-12-31 10:50:00.546 +09:00 [INF] [이벤트] Svc=7, Evt=0x1, Res=0x0, Dn1=01066328983, Dn2=0315672278, Ext=
2025-12-31 10:50:00.546 +09:00 [INF] 📞 전화 수신: 01066328983 → 0315672278
2025-12-31 10:50:00.547 +09:00 [INF] [CallLog] ring 이벤트 전송: 01066328983
2025-12-31 10:50:02.777 +09:00 [INF] [CallLog] ring 전송 성공
2025-12-31 10:50:03.724 +09:00 [INF] [이벤트] Svc=13, Evt=0x1, Res=0x0, Dn1=01066328983, Dn2=0315672278, Ext=20251231105001
2025-12-31 10:50:03.724 +09:00 [INF] 📱 통화 응답: 01066328983
2025-12-31 10:50:03.724 +09:00 [INF] [CallLog] start 이벤트 전송: 01066328983
2025-12-31 10:50:03.935 +09:00 [INF] [이벤트] Svc=15, Evt=0x304, Res=0x0, Dn1=0315672278, Dn2=01066328983, Ext=called
2025-12-31 10:50:03.935 +09:00 [INF] 📱 통화 연결: 01066328983
2025-12-31 10:50:03.935 +09:00 [INF] [CallLog] start 이벤트 전송: 01066328983
2025-12-31 10:50:04.147 +09:00 [INF] [이벤트] Svc=8, Evt=0x304, Res=0x0, Dn1=01066328983, Dn2=0315672278, Ext=
2025-12-31 10:50:04.147 +09:00 [INF] ═══════════════════════════════════════════════════════
2025-12-31 10:50:04.147 +09:00 [INF] [녹취 이벤트] Service=8, EvtType=0x304, Result=0x0
2025-12-31 10:50:04.147 +09:00 [INF] [녹취 이벤트] Dn1=01066328983, Dn2=0315672278
2025-12-31 10:50:04.147 +09:00 [INF] [녹취 이벤트] ExtInfo=
2025-12-31 10:50:04.147 +09:00 [INF] ═══════════════════════════════════════════════════════
2025-12-31 10:50:04.147 +09:00 [INF] 🎙️ 착신녹취 준비: 01066328983 → 0315672278
2025-12-31 10:50:04.147 +09:00 [INF] 녹취 시작 요청 성공
2025-12-31 10:50:04.569 +09:00 [INF] [이벤트] Svc=8, Evt=0x307, Res=0x0, Dn1=, Dn2=, Ext=http://orec.skbroadband.com/nas_recording/ddz/bM/2
2025-12-31 10:50:04.569 +09:00 [INF] ═══════════════════════════════════════════════════════
2025-12-31 10:50:04.569 +09:00 [INF] [녹취 이벤트] Service=8, EvtType=0x307, Result=0x0
2025-12-31 10:50:04.569 +09:00 [INF] [녹취 이벤트] Dn1=, Dn2=
2025-12-31 10:50:04.569 +09:00 [INF] [녹취 이벤트] ExtInfo=http://orec.skbroadband.com/nas_recording/ddz/bM/2Pr/kv/ibu.wav
2025-12-31 10:50:04.569 +09:00 [INF] ═══════════════════════════════════════════════════════
2025-12-31 10:50:04.569 +09:00 [INF] 🔴 녹취 시작!
2025-12-31 10:50:04.569 +09:00 [INF]     ExtInfo(파일정보): http://orec.skbroadband.com/nas_recording/ddz/bM/2Pr/kv/ibu.wav
2025-12-31 10:50:04.569 +09:00 [INF]     ExtInfo 길이: 63
2025-12-31 10:50:04.570 +09:00 [INF]     http 포함여부: true
2025-12-31 10:50:06.014 +09:00 [INF] [CallLog] start 전송 성공
2025-12-31 10:50:07.102 +09:00 [INF] [CallLog] start 전송 성공
2025-12-31 10:52:56.128 +09:00 [INF] [이벤트] Svc=8, Evt=0x308, Res=0x0, Dn1=, Dn2=, Ext=http://orec.skbroadband.com/nas_recording/ddz/bM/2
2025-12-31 10:52:56.128 +09:00 [INF] ═══════════════════════════════════════════════════════
2025-12-31 10:52:56.128 +09:00 [INF] [녹취 이벤트] Service=8, EvtType=0x308, Result=0x0
2025-12-31 10:52:56.128 +09:00 [INF] [녹취 이벤트] Dn1=, Dn2=
2025-12-31 10:52:56.128 +09:00 [INF] [녹취 이벤트] ExtInfo=http://orec.skbroadband.com/nas_recording/ddz/bM/2Pr/kv/ibu.wav
2025-12-31 10:52:56.128 +09:00 [INF] ═══════════════════════════════════════════════════════
2025-12-31 10:52:56.128 +09:00 [INF] ⏹️ 녹취 완료!
2025-12-31 10:52:56.128 +09:00 [INF]     ExtInfo(파일정보): http://orec.skbroadband.com/nas_recording/ddz/bM/2Pr/kv/ibu.wav
2025-12-31 10:52:56.128 +09:00 [INF]     ExtInfo 길이: 63
2025-12-31 10:52:56.128 +09:00 [INF]     http:// 포함: true
2025-12-31 10:52:56.128 +09:00 [INF]     https:// 포함: false
2025-12-31 10:52:56.128 +09:00 [INF]     통화시간: 171초
2025-12-31 10:52:56.128 +09:00 [INF]     발신번호: 01066328983
2025-12-31 10:52:56.128 +09:00 [INF]     수신번호: 0315672278
2025-12-31 10:52:56.128 +09:00 [INF] ───────────────────────────────────────────────────────
2025-12-31 10:52:56.128 +09:00 [INF] [녹취 전송] SendRecordingComplete 시작
2025-12-31 10:52:56.128 +09:00 [INF]     recordingInfo 원본: http://orec.skbroadband.com/nas_recording/ddz/bM/2Pr/kv/ibu.wav
2025-12-31 10:52:56.128 +09:00 [INF]     녹취파일 다운로드 중...
2025-12-31 10:52:56.233 +09:00 [INF]     다운로드 완료: 1373324 bytes (1.31 MB)
2025-12-31 10:52:56.234 +09:00 [INF]     base64 인코딩 완료: 1831100 chars
2025-12-31 10:52:56.244 +09:00 [INF]     전송 URL: https://d-care-console.vercel.app/api/call-analysis/recording
2025-12-31 10:52:56.244 +09:00 [INF]     JSON 크기: 1908239 bytes
2025-12-31 10:52:56.340 +09:00 [INF] [이벤트] Svc=14, Evt=0x1, Res=0x0, Dn1=01066328983, Dn2=0315672278, Ext=20251231105254
2025-12-31 10:52:56.340 +09:00 [INF] 📴 통화 종료: 01066328983
2025-12-31 10:52:56.340 +09:00 [INF] [CallLog] end 이벤트 전송: 01066328983
2025-12-31 10:52:56.551 +09:00 [INF] [이벤트] Svc=8, Evt=0x303, Res=0x0, Dn1=, Dn2=, Ext=
2025-12-31 10:52:56.551 +09:00 [INF] ═══════════════════════════════════════════════════════
2025-12-31 10:52:56.552 +09:00 [INF] [녹취 이벤트] Service=8, EvtType=0x303, Result=0x0
2025-12-31 10:52:56.552 +09:00 [INF] [녹취 이벤트] Dn1=, Dn2=
2025-12-31 10:52:56.552 +09:00 [INF] [녹취 이벤트] ExtInfo=
2025-12-31 10:52:56.552 +09:00 [INF] ═══════════════════════════════════════════════════════
2025-12-31 10:52:56.552 +09:00 [INF] 녹취 서비스 종료
2025-12-31 10:52:58.606 +09:00 [INF] [CallLog] end 전송 성공
2025-12-31 10:52:59.668 +09:00 [INF] ✅ 녹취 정보 전송 성공!
2025-12-31 10:52:59.668 +09:00 [INF]     응답: {"success":true,"message":"Recording received, analysis queued","analysisId":"695481f9f9054af9d140bf8d","data":{"callLogId":"6954814826646c4edd64a132","callerNumber":"010-6632-8983","calledNumber":"031-567-2278","recordingFileName":"ibu.wav","duration":171,"status":"pending","createdAt":"2025-12-31T10:52:56.234+09:00","updatedAt":"2025-12-31T01:52:55.788Z","_id":"695481f9f9054af9d140bf8d"}}
2025-12-31 10:52:59.669 +09:00 [INF] ───────────────────────────────────────────────────────
2025-12-31 11:11:26.233 +09:00 [INF] [이벤트] Svc=7, Evt=0x1, Res=0x0, Dn1=01093087903, Dn2=0315672278, Ext=
2025-12-31 11:11:26.233 +09:00 [INF] 📞 전화 수신: 01093087903 → 0315672278
2025-12-31 11:11:26.234 +09:00 [INF] [CallLog] ring 이벤트 전송: 01093087903
2025-12-31 11:11:27.486 +09:00 [INF] [CallLog] ring 전송 성공
2025-12-31 11:12:03.768 +09:00 [INF] [이벤트] Svc=9, Evt=0x1, Res=0x0, Dn1=01093087903, Dn2=0315672278, Ext=20251231111201
2025-12-31 11:12:03.768 +09:00 [INF] 📱 통화 연결: 01093087903
2025-12-31 11:12:03.768 +09:00 [INF] [CallLog] start 이벤트 전송: 01093087903
2025-12-31 11:12:05.006 +09:00 [INF] [CallLog] start 전송 성공
2025-12-31 13:25:20.934 +09:00 [WRN] CTI 연결 끊김 감지
2025-12-31 13:25:26.509 +09:00 [WRN] CTI 재연결 시도...
2025-12-31 13:25:28.519 +09:00 [INF] SK CTI API 초기화 중...
2025-12-31 13:25:28.521 +09:00 [INF] CTI 초기화 성공
2025-12-31 13:25:28.521 +09:00 [WRN] 로그인 요청 실패 (코드: 0x8014)
2025-12-31 13:25:28.538 +09:00 [INF] 로그인 2차 재시도...
2025-12-31 13:25:30.046 +09:00 [WRN] 로그인 요청 실패 (코드: 0x8014)
2025-12-31 13:25:30.047 +09:00 [INF] 로그인 3차 재시도...
2025-12-31 13:25:31.550 +09:00 [WRN] 로그인 요청 실패 (코드: 0x8014)
2025-12-31 13:25:31.550 +09:00 [ERR] CTI 로그인 실패
2025-12-31 13:25:31.551 +09:00 [ERR] CTI 재연결 실패 - 5초 후 재시도
2025-12-31 13:25:36.565 +09:00 [WRN] CTI 재연결 시도...
2025-12-31 13:25:38.565 +09:00 [INF] SK CTI API 초기화 중...
2025-12-31 13:25:38.571 +09:00 [INF] CTI 초기화 성공
2025-12-31 13:25:38.939 +09:00 [INF] [이벤트] Svc=30, Evt=0x101, Res=0x0, Dn1=, Dn2=, Ext=
2025-12-31 13:25:38.939 +09:00 [INF] 서버 연결됨
2025-12-31 13:26:36.329 +09:00 [INF] 로그인 2차 재시도...
2025-12-31 13:26:38.052 +09:00 [INF] [이벤트] Svc=30, Evt=0x104, Res=0x0, Dn1=, Dn2=, Ext=
2025-12-31 13:26:38.052 +09:00 [INF] 로그인 완료
2025-12-31 13:26:38.217 +09:00 [INF] [이벤트] Svc=22, Evt=0x1, Res=0x0, Dn1=, Dn2=, Ext=
2025-12-31 13:26:43.249 +09:00 [INF] CTI 로그인 성공
2025-12-31 13:26:43.249 +09:00 [INF] CTI 재연결 성공
2025-12-31 13:31:15.254 +09:00 [INF] [이벤트] Svc=7, Evt=0x1, Res=0x0, Dn1=01041081080, Dn2=0315672278, Ext=
2025-12-31 13:31:15.254 +09:00 [INF] 📞 전화 수신: 01041081080 → 0315672278
2025-12-31 13:31:15.255 +09:00 [INF] [CallLog] ring 이벤트 전송: 01041081080
2025-12-31 13:31:16.346 +09:00 [INF] [CallLog] ring 전송 성공
2025-12-31 13:31:33.509 +09:00 [INF] [이벤트] Svc=9, Evt=0x1, Res=0x0, Dn1=01041081080, Dn2=0315672278, Ext=20251231133133
2025-12-31 13:31:33.510 +09:00 [INF] 📱 통화 연결: 01041081080
2025-12-31 13:31:33.510 +09:00 [INF] [CallLog] start 이벤트 전송: 01041081080
2025-12-31 13:31:34.807 +09:00 [INF] [CallLog] start 전송 성공
2025-12-31 13:39:09.000 +09:00 [INF] [이벤트] Svc=7, Evt=0x1, Res=0x0, Dn1=01046759428, Dn2=0315672278, Ext=
2025-12-31 13:39:09.000 +09:00 [INF] 📞 전화 수신: 01046759428 → 0315672278
2025-12-31 13:39:09.001 +09:00 [INF] [CallLog] ring 이벤트 전송: 01046759428
2025-12-31 13:39:12.100 +09:00 [INF] [CallLog] ring 전송 성공
2025-12-31 13:39:21.168 +09:00 [INF] [이벤트] Svc=9, Evt=0x1, Res=0x0, Dn1=01046759428, Dn2=0315672278, Ext=20251231133920
2025-12-31 13:39:21.168 +09:00 [INF] 📱 통화 연결: 01046759428
2025-12-31 13:39:21.168 +09:00 [INF] [CallLog] start 이벤트 전송: 01046759428
2025-12-31 13:39:22.439 +09:00 [INF] [CallLog] start 전송 성공
2025-12-31 13:46:37.751 +09:00 [INF] [이벤트] Svc=7, Evt=0x1, Res=0x0, Dn1=01049293718, Dn2=0315672278, Ext=
2025-12-31 13:46:37.751 +09:00 [INF] 📞 전화 수신: 01049293718 → 0315672278
2025-12-31 13:46:37.752 +09:00 [INF] [CallLog] ring 이벤트 전송: 01049293718
2025-12-31 13:46:39.835 +09:00 [INF] [CallLog] ring 전송 성공
2025-12-31 13:47:14.475 +09:00 [INF] [이벤트] Svc=9, Evt=0x1, Res=0x0, Dn1=01049293718, Dn2=0315672278, Ext=20251231134714
2025-12-31 13:47:14.475 +09:00 [INF] 📱 통화 연결: 01049293718
2025-12-31 13:47:14.475 +09:00 [INF] [CallLog] start 이벤트 전송: 01049293718
2025-12-31 13:47:15.785 +09:00 [INF] [CallLog] start 전송 성공
2025-12-31 13:51:32.971 +09:00 [INF] [이벤트] Svc=7, Evt=0x1, Res=0x0, Dn1=01074478706, Dn2=0315672278, Ext=
2025-12-31 13:51:32.971 +09:00 [INF] 📞 전화 수신: 01074478706 → 0315672278
2025-12-31 13:51:32.972 +09:00 [INF] [CallLog] ring 이벤트 전송: 01074478706
2025-12-31 13:51:35.074 +09:00 [INF] [CallLog] ring 전송 성공
2025-12-31 13:51:46.812 +09:00 [INF] [이벤트] Svc=9, Evt=0x1, Res=0x0, Dn1=01074478706, Dn2=0315672278, Ext=20251231135146
2025-12-31 13:51:46.812 +09:00 [INF] 📱 통화 연결: 01074478706
2025-12-31 13:51:46.812 +09:00 [INF] [CallLog] start 이벤트 전송: 01074478706
2025-12-31 13:51:48.009 +09:00 [INF] [CallLog] start 전송 성공
2025-12-31 14:01:00.955 +09:00 [INF] [이벤트] Svc=11, Evt=0x1, Res=0x0, Dn1=0315672278, Dn2=01046759428, Ext=20251231140100
2025-12-31 14:01:00.955 +09:00 [INF] 📴 통화 종료: 01046759428
2025-12-31 14:01:00.955 +09:00 [INF] [CallLog] end 이벤트 전송: 01046759428
2025-12-31 14:01:01.165 +09:00 [INF] [이벤트] Svc=15, Evt=0x304, Res=0x0, Dn1=0315672278, Dn2=01046759428, Ext=calling
2025-12-31 14:01:02.205 +09:00 [INF] [CallLog] end 전송 성공
2025-12-31 14:01:16.473 +09:00 [INF] [이벤트] Svc=12, Evt=0x1, Res=0x0, Dn1=0315672278, Dn2=01046759428, Ext=20251231140116
2025-12-31 14:01:16.474 +09:00 [INF] ❌ 부재중: 0315672278
2025-12-31 14:01:16.474 +09:00 [INF] [CallLog] missed 이벤트 전송: 0315672278
2025-12-31 14:01:17.711 +09:00 [INF] [CallLog] missed 전송 성공
2025-12-31 14:02:12.153 +09:00 [INF] [이벤트] Svc=11, Evt=0x1, Res=0x0, Dn1=0315672278, Dn2=01023158446, Ext=20251231140211
2025-12-31 14:02:12.153 +09:00 [INF] 📴 통화 종료: 01023158446
2025-12-31 14:02:12.154 +09:00 [INF] [CallLog] end 이벤트 전송: 01023158446
2025-12-31 14:02:12.363 +09:00 [INF] [이벤트] Svc=12, Evt=0x1, Res=0x0, Dn1=0315672278, Dn2=01023158446, Ext=20251231140211
2025-12-31 14:02:12.363 +09:00 [INF] ❌ 부재중: 0315672278
2025-12-31 14:02:12.363 +09:00 [INF] [CallLog] missed 이벤트 전송: 0315672278
2025-12-31 14:02:14.256 +09:00 [INF] [CallLog] end 전송 성공
2025-12-31 14:02:14.478 +09:00 [INF] [CallLog] missed 전송 성공
2025-12-31 14:02:47.054 +09:00 [INF] [이벤트] Svc=11, Evt=0x1, Res=0x0, Dn1=0315672278, Dn2=01090911003, Ext=20251231140246
2025-12-31 14:02:47.054 +09:00 [INF] 📴 통화 종료: 01090911003
2025-12-31 14:02:47.054 +09:00 [INF] [CallLog] end 이벤트 전송: 01090911003
2025-12-31 14:02:47.264 +09:00 [INF] [이벤트] Svc=12, Evt=0x1, Res=0x0, Dn1=0315672278, Dn2=01090911003, Ext=20251231140246
2025-12-31 14:02:47.264 +09:00 [INF] ❌ 부재중: 0315672278
2025-12-31 14:02:47.264 +09:00 [INF] [CallLog] missed 이벤트 전송: 0315672278
2025-12-31 14:02:49.168 +09:00 [INF] [CallLog] end 전송 성공
2025-12-31 14:02:49.316 +09:00 [INF] [CallLog] missed 전송 성공
2025-12-31 14:04:49.840 +09:00 [INF] [이벤트] Svc=7, Evt=0x1, Res=0x0, Dn1=01074478706, Dn2=0315672278, Ext=
2025-12-31 14:04:49.840 +09:00 [INF] 📞 전화 수신: 01074478706 → 0315672278
2025-12-31 14:04:49.841 +09:00 [INF] [CallLog] ring 이벤트 전송: 01074478706
2025-12-31 14:04:52.869 +09:00 [INF] [CallLog] ring 전송 성공
2025-12-31 14:04:58.719 +09:00 [INF] [이벤트] Svc=9, Evt=0x1, Res=0x0, Dn1=01074478706, Dn2=0315672278, Ext=20251231140458
2025-12-31 14:04:58.719 +09:00 [INF] 📱 통화 연결: 01074478706
2025-12-31 14:04:58.719 +09:00 [INF] [CallLog] start 이벤트 전송: 01074478706
2025-12-31 14:05:05.067 +09:00 [INF] [CallLog] start 전송 성공
2025-12-31 14:06:48.517 +09:00 [INF] [이벤트] Svc=7, Evt=0x1, Res=0x0, Dn1=01074478706, Dn2=0315672278, Ext=
2025-12-31 14:06:48.517 +09:00 [INF] 📞 전화 수신: 01074478706 → 0315672278
2025-12-31 14:06:48.517 +09:00 [INF] [CallLog] ring 이벤트 전송: 01074478706
2025-12-31 14:06:50.948 +09:00 [INF] [CallLog] ring 전송 성공
2025-12-31 14:06:52.288 +09:00 [INF] [이벤트] Svc=9, Evt=0x1, Res=0x0, Dn1=01074478706, Dn2=0315672278, Ext=20251231140652
2025-12-31 14:06:52.288 +09:00 [INF] 📱 통화 연결: 01074478706
2025-12-31 14:06:52.288 +09:00 [INF] [CallLog] start 이벤트 전송: 01074478706
2025-12-31 14:06:53.581 +09:00 [INF] [CallLog] start 전송 성공
2025-12-31 14:09:34.829 +09:00 [INF] [이벤트] Svc=11, Evt=0x1, Res=0x0, Dn1=0315672278, Dn2=01041081080, Ext=20251231140934
2025-12-31 14:09:34.829 +09:00 [INF] 📴 통화 종료: 01041081080
2025-12-31 14:09:34.829 +09:00 [INF] [CallLog] end 이벤트 전송: 01041081080
2025-12-31 14:09:35.041 +09:00 [INF] [이벤트] Svc=12, Evt=0x1, Res=0x0, Dn1=0315672278, Dn2=01041081080, Ext=20251231140934
2025-12-31 14:09:35.041 +09:00 [INF] ❌ 부재중: 0315672278
2025-12-31 14:09:35.041 +09:00 [INF] [CallLog] missed 이벤트 전송: 0315672278
2025-12-31 14:09:37.138 +09:00 [INF] [CallLog] end 전송 성공
2025-12-31 14:09:38.004 +09:00 [INF] [CallLog] missed 전송 성공
2025-12-31 14:11:40.210 +09:00 [INF] [이벤트] Svc=11, Evt=0x1, Res=0x0, Dn1=0315672278, Dn2=01093522109, Ext=20251231141140
2025-12-31 14:11:40.210 +09:00 [INF] 📴 통화 종료: 01093522109
2025-12-31 14:11:40.210 +09:00 [INF] [CallLog] end 이벤트 전송: 01093522109
2025-12-31 14:11:40.423 +09:00 [INF] [이벤트] Svc=15, Evt=0x304, Res=0x0, Dn1=0315672278, Dn2=01093522109, Ext=calling
2025-12-31 14:11:41.619 +09:00 [INF] [CallLog] end 전송 성공
2025-12-31 14:11:56.964 +09:00 [INF] [이벤트] Svc=12, Evt=0x1, Res=0x0, Dn1=0315672278, Dn2=01093522109, Ext=20251231141156
2025-12-31 14:11:56.964 +09:00 [INF] ❌ 부재중: 0315672278
2025-12-31 14:11:56.964 +09:00 [INF] [CallLog] missed 이벤트 전송: 0315672278
2025-12-31 14:11:57.988 +09:00 [INF] [CallLog] missed 전송 성공
2025-12-31 14:18:38.185 +09:00 [INF] [이벤트] Svc=11, Evt=0x1, Res=0x0, Dn1=0315672278, Dn2=01090911003, Ext=20251231141838
2025-12-31 14:18:38.185 +09:00 [INF] 📴 통화 종료: 01090911003
2025-12-31 14:18:38.185 +09:00 [INF] [CallLog] end 이벤트 전송: 01090911003
2025-12-31 14:18:38.395 +09:00 [INF] [이벤트] Svc=12, Evt=0x1, Res=0x0, Dn1=0315672278, Dn2=01090911003, Ext=20251231141838
2025-12-31 14:18:38.395 +09:00 [INF] ❌ 부재중: 0315672278
2025-12-31 14:18:38.395 +09:00 [INF] [CallLog] missed 이벤트 전송: 0315672278
2025-12-31 14:18:40.360 +09:00 [INF] [CallLog] end 전송 성공
2025-12-31 14:18:40.599 +09:00 [INF] [CallLog] missed 전송 성공
2025-12-31 14:27:12.266 +09:00 [INF] [이벤트] Svc=7, Evt=0x1, Res=0x0, Dn1=01047810550, Dn2=0315672278, Ext=
2025-12-31 14:27:12.266 +09:00 [INF] 📞 전화 수신: 01047810550 → 0315672278
2025-12-31 14:27:12.267 +09:00 [INF] [CallLog] ring 이벤트 전송: 01047810550
2025-12-31 14:27:14.156 +09:00 [INF] [이벤트] Svc=8, Evt=0x304, Res=0x0, Dn1=01047810550, Dn2=0315672278, Ext=
2025-12-31 14:27:14.156 +09:00 [INF] ═══════════════════════════════════════════════════════
2025-12-31 14:27:14.156 +09:00 [INF] [녹취 이벤트] Service=8, EvtType=0x304, Result=0x0
2025-12-31 14:27:14.156 +09:00 [INF] [녹취 이벤트] Dn1=01047810550, Dn2=0315672278
2025-12-31 14:27:14.156 +09:00 [INF] [녹취 이벤트] ExtInfo=
2025-12-31 14:27:14.156 +09:00 [INF] ═══════════════════════════════════════════════════════
2025-12-31 14:27:14.156 +09:00 [INF] 🎙️ 착신녹취 준비: 01047810550 → 0315672278
2025-12-31 14:27:14.156 +09:00 [INF] 녹취 시작 요청 성공
2025-12-31 14:27:14.342 +09:00 [INF] [CallLog] ring 전송 성공
2025-12-31 14:27:14.366 +09:00 [INF] [이벤트] Svc=13, Evt=0x1, Res=0x0, Dn1=01047810550, Dn2=0315672278, Ext=20251231142714
2025-12-31 14:27:14.366 +09:00 [INF] 📱 통화 응답: 01047810550
2025-12-31 14:27:14.366 +09:00 [INF] [CallLog] start 이벤트 전송: 01047810550
2025-12-31 14:27:14.575 +09:00 [INF] [이벤트] Svc=15, Evt=0x304, Res=0x0, Dn1=0315672278, Dn2=01047810550, Ext=called
2025-12-31 14:27:14.575 +09:00 [INF] 📱 통화 연결: 01047810550
2025-12-31 14:27:14.575 +09:00 [INF] [CallLog] start 이벤트 전송: 01047810550
2025-12-31 14:27:14.785 +09:00 [INF] [이벤트] Svc=8, Evt=0x307, Res=0x0, Dn1=, Dn2=, Ext=http://orec.skbroadband.com/nas_recording/ddz/bM/2
2025-12-31 14:27:14.785 +09:00 [INF] ═══════════════════════════════════════════════════════
2025-12-31 14:27:14.785 +09:00 [INF] [녹취 이벤트] Service=8, EvtType=0x307, Result=0x0
2025-12-31 14:27:14.785 +09:00 [INF] [녹취 이벤트] Dn1=, Dn2=
2025-12-31 14:27:14.785 +09:00 [INF] [녹취 이벤트] ExtInfo=http://orec.skbroadband.com/nas_recording/ddz/bM/2Pr/22/10V.wav
2025-12-31 14:27:14.785 +09:00 [INF] ═══════════════════════════════════════════════════════
2025-12-31 14:27:14.785 +09:00 [INF] 🔴 녹취 시작!
2025-12-31 14:27:14.785 +09:00 [INF]     ExtInfo(파일정보): http://orec.skbroadband.com/nas_recording/ddz/bM/2Pr/22/10V.wav
2025-12-31 14:27:14.785 +09:00 [INF]     ExtInfo 길이: 63
2025-12-31 14:27:14.785 +09:00 [INF]     http 포함여부: true
2025-12-31 14:27:15.506 +09:00 [INF] [CallLog] start 전송 성공
2025-12-31 14:27:15.682 +09:00 [INF] [CallLog] start 전송 성공
2025-12-31 14:27:16.253 +09:00 [INF] [이벤트] Svc=8, Evt=0x308, Res=0x0, Dn1=, Dn2=, Ext=http://orec.skbroadband.com/nas_recording/ddz/bM/2
2025-12-31 14:27:16.253 +09:00 [INF] ═══════════════════════════════════════════════════════
2025-12-31 14:27:16.253 +09:00 [INF] [녹취 이벤트] Service=8, EvtType=0x308, Result=0x0
2025-12-31 14:27:16.253 +09:00 [INF] [녹취 이벤트] Dn1=, Dn2=
2025-12-31 14:27:16.253 +09:00 [INF] [녹취 이벤트] ExtInfo=http://orec.skbroadband.com/nas_recording/ddz/bM/2Pr/22/10V.wav
2025-12-31 14:27:16.253 +09:00 [INF] ═══════════════════════════════════════════════════════
2025-12-31 14:27:16.253 +09:00 [INF] ⏹️ 녹취 완료!
2025-12-31 14:27:16.253 +09:00 [INF]     ExtInfo(파일정보): http://orec.skbroadband.com/nas_recording/ddz/bM/2Pr/22/10V.wav
2025-12-31 14:27:16.253 +09:00 [INF]     ExtInfo 길이: 63
2025-12-31 14:27:16.253 +09:00 [INF]     http:// 포함: true
2025-12-31 14:27:16.253 +09:00 [INF]     https:// 포함: false
2025-12-31 14:27:16.253 +09:00 [INF]     통화시간: 2초
2025-12-31 14:27:16.253 +09:00 [INF]     발신번호: 01047810550
2025-12-31 14:27:16.253 +09:00 [INF]     수신번호: 0315672278
2025-12-31 14:27:16.253 +09:00 [INF] ───────────────────────────────────────────────────────
2025-12-31 14:27:16.253 +09:00 [INF] [녹취 전송] SendRecordingComplete 시작
2025-12-31 14:27:16.253 +09:00 [INF]     recordingInfo 원본: http://orec.skbroadband.com/nas_recording/ddz/bM/2Pr/22/10V.wav
2025-12-31 14:27:16.253 +09:00 [INF]     녹취파일 다운로드 중...
2025-12-31 14:27:16.319 +09:00 [INF]     다운로드 완료: 14284 bytes (0.01 MB)
2025-12-31 14:27:16.319 +09:00 [INF]     base64 인코딩 완료: 19048 chars
2025-12-31 14:27:16.319 +09:00 [INF]     전송 URL: https://d-care-console.vercel.app/api/call-analysis/recording
2025-12-31 14:27:16.319 +09:00 [INF]     JSON 크기: 20125 bytes
2025-12-31 14:27:16.464 +09:00 [INF] [이벤트] Svc=14, Evt=0x1, Res=0x0, Dn1=01047810550, Dn2=0315672278, Ext=20251231142716
2025-12-31 14:27:16.464 +09:00 [INF] 📴 통화 종료: 01047810550
2025-12-31 14:27:16.464 +09:00 [INF] [CallLog] end 이벤트 전송: 01047810550
2025-12-31 14:27:16.674 +09:00 [INF] [이벤트] Svc=8, Evt=0x303, Res=0x0, Dn1=, Dn2=, Ext=
2025-12-31 14:27:16.674 +09:00 [INF] ═══════════════════════════════════════════════════════
2025-12-31 14:27:16.674 +09:00 [INF] [녹취 이벤트] Service=8, EvtType=0x303, Result=0x0
2025-12-31 14:27:16.674 +09:00 [INF] [녹취 이벤트] Dn1=, Dn2=
2025-12-31 14:27:16.674 +09:00 [INF] [녹취 이벤트] ExtInfo=
2025-12-31 14:27:16.674 +09:00 [INF] ═══════════════════════════════════════════════════════
2025-12-31 14:27:16.674 +09:00 [INF] 녹취 서비스 종료
2025-12-31 14:27:19.406 +09:00 [INF] [CallLog] end 전송 성공
2025-12-31 14:27:21.181 +09:00 [INF] ✅ 녹취 정보 전송 성공!
2025-12-31 14:27:21.181 +09:00 [INF]     응답: {"success":true,"message":"Recording received, analysis queued","analysisId":"6954b43777af80ffcc22cfd1","data":{"callLogId":"6954b43177af80ffcc22cfcf","callerNumber":"010-4781-0550","calledNumber":"031-567-2278","recordingFileName":"10V.wav","duration":2,"status":"pending","createdAt":"2025-12-31T14:27:16.319+09:00","updatedAt":"2025-12-31T05:27:16.841Z","_id":"6954b43777af80ffcc22cfd1"}}
2025-12-31 14:27:21.181 +09:00 [INF] ───────────────────────────────────────────────────────
2025-12-31 14:27:35.764 +09:00 [INF] [이벤트] Svc=11, Evt=0x1, Res=0x0, Dn1=0315672278, Dn2=01047810550, Ext=20251231142735
2025-12-31 14:27:35.764 +09:00 [INF] 📴 통화 종료: 01047810550
2025-12-31 14:27:35.764 +09:00 [INF] [CallLog] end 이벤트 전송: 01047810550
2025-12-31 14:27:35.975 +09:00 [INF] [이벤트] Svc=15, Evt=0x304, Res=0x0, Dn1=0315672278, Dn2=01047810550, Ext=calling
2025-12-31 14:27:37.043 +09:00 [INF] [CallLog] end 전송 성공
2025-12-31 14:29:14.764 +09:00 [INF] [이벤트] Svc=12, Evt=0x1, Res=0x0, Dn1=0315672278, Dn2=01047810550, Ext=20251231142914
2025-12-31 14:29:14.764 +09:00 [INF] ❌ 부재중: 0315672278
2025-12-31 14:29:14.764 +09:00 [INF] [CallLog] missed 이벤트 전송: 0315672278
2025-12-31 14:29:16.014 +09:00 [INF] [CallLog] missed 전송 성공
2025-12-31 14:41:50.653 +09:00 [INF] [이벤트] Svc=9, Evt=0x1, Res=0x0, Dn1=0, Dn2=0315672278, Ext=20251231144150
2025-12-31 14:41:50.653 +09:00 [INF] 📱 통화 연결: 0
2025-12-31 14:41:50.653 +09:00 [INF] [CallLog] start 이벤트 전송: 0
2025-12-31 14:41:51.902 +09:00 [INF] [CallLog] start 전송 성공
2025-12-31 14:53:30.074 +09:00 [INF] [이벤트] Svc=7, Evt=0x1, Res=0x0, Dn1=01088139294, Dn2=0315672278, Ext=
2025-12-31 14:53:30.074 +09:00 [INF] 📞 전화 수신: 01088139294 → 0315672278
2025-12-31 14:53:30.075 +09:00 [INF] [CallLog] ring 이벤트 전송: 01088139294
2025-12-31 14:53:31.357 +09:00 [INF] [CallLog] ring 전송 성공
2025-12-31 14:53:53.181 +09:00 [INF] [이벤트] Svc=9, Evt=0x1, Res=0x0, Dn1=01088139294, Dn2=0315672278, Ext=20251231145353
2025-12-31 14:53:53.181 +09:00 [INF] 📱 통화 연결: 01088139294
2025-12-31 14:53:53.181 +09:00 [INF] [CallLog] start 이벤트 전송: 01088139294
2025-12-31 14:53:54.190 +09:00 [INF] [CallLog] start 전송 성공
2025-12-31 14:54:25.917 +09:00 [INF] [이벤트] Svc=7, Evt=0x1, Res=0x0, Dn1=01041270730, Dn2=0315672278, Ext=
2025-12-31 14:54:25.917 +09:00 [INF] 📞 전화 수신: 01041270730 → 0315672278
2025-12-31 14:54:25.917 +09:00 [INF] [CallLog] ring 이벤트 전송: 01041270730
2025-12-31 14:54:26.126 +09:00 [INF] [이벤트] Svc=19, Evt=0x1, Res=0x0, Dn1=01041270730, Dn2=0315672278, Ext=Busy
2025-12-31 14:54:27.999 +09:00 [INF] [CallLog] ring 전송 성공
2025-12-31 14:54:29.483 +09:00 [INF] [이벤트] Svc=7, Evt=0x1, Res=0x0, Dn1=01041270730, Dn2=0315672278, Ext=
2025-12-31 14:54:29.483 +09:00 [INF] 📞 전화 수신: 01041270730 → 0315672278
2025-12-31 14:54:29.483 +09:00 [INF] [CallLog] ring 이벤트 전송: 01041270730
2025-12-31 14:54:29.903 +09:00 [INF] [이벤트] Svc=15, Evt=0x304, Res=0x0, Dn1=0315672278, Dn2=01041270730, Ext=calling
2025-12-31 14:54:30.113 +09:00 [INF] [이벤트] Svc=8, Evt=0x304, Res=0x0, Dn1=01041270730, Dn2=0315672278, Ext=
2025-12-31 14:54:30.113 +09:00 [INF] ═══════════════════════════════════════════════════════
2025-12-31 14:54:30.113 +09:00 [INF] [녹취 이벤트] Service=8, EvtType=0x304, Result=0x0
2025-12-31 14:54:30.113 +09:00 [INF] [녹취 이벤트] Dn1=01041270730, Dn2=0315672278
2025-12-31 14:54:30.113 +09:00 [INF] [녹취 이벤트] ExtInfo=
2025-12-31 14:54:30.113 +09:00 [INF] ═══════════════════════════════════════════════════════
2025-12-31 14:54:30.113 +09:00 [INF] 🎙️ 착신녹취 준비: 01041270730 → 0315672278
2025-12-31 14:54:30.113 +09:00 [INF] 녹취 시작 요청 성공
2025-12-31 14:54:30.322 +09:00 [INF] [이벤트] Svc=11, Evt=0x1, Res=0x0, Dn1=0315672278, Dn2=01041270730, Ext=20251231145429
2025-12-31 14:54:30.322 +09:00 [INF] 📴 통화 종료: 01041270730
2025-12-31 14:54:30.322 +09:00 [INF] [CallLog] end 이벤트 전송: 01041270730
2025-12-31 14:54:30.532 +09:00 [INF] [이벤트] Svc=8, Evt=0x307, Res=0x0, Dn1=, Dn2=, Ext=http://orec.skbroadband.com/nas_recording/ddz/bM/2
2025-12-31 14:54:30.532 +09:00 [INF] ═══════════════════════════════════════════════════════
2025-12-31 14:54:30.532 +09:00 [INF] [녹취 이벤트] Service=8, EvtType=0x307, Result=0x0
2025-12-31 14:54:30.532 +09:00 [INF] [녹취 이벤트] Dn1=, Dn2=
2025-12-31 14:54:30.532 +09:00 [INF] [녹취 이벤트] ExtInfo=http://orec.skbroadband.com/nas_recording/ddz/bM/2Pr/jJ/q0S.wav
2025-12-31 14:54:30.532 +09:00 [INF] ═══════════════════════════════════════════════════════
2025-12-31 14:54:30.532 +09:00 [INF] 🔴 녹취 시작!
2025-12-31 14:54:30.532 +09:00 [INF]     ExtInfo(파일정보): http://orec.skbroadband.com/nas_recording/ddz/bM/2Pr/jJ/q0S.wav
2025-12-31 14:54:30.532 +09:00 [INF]     ExtInfo 길이: 63
2025-12-31 14:54:30.532 +09:00 [INF]     http 포함여부: true
2025-12-31 14:54:32.643 +09:00 [INF] [CallLog] ring 전송 성공
2025-12-31 14:54:32.953 +09:00 [INF] [CallLog] end 전송 성공
2025-12-31 14:54:58.889 +09:00 [INF] [이벤트] Svc=8, Evt=0x308, Res=0x0, Dn1=, Dn2=, Ext=http://orec.skbroadband.com/nas_recording/ddz/bM/2
2025-12-31 14:54:58.889 +09:00 [INF] ═══════════════════════════════════════════════════════
2025-12-31 14:54:58.889 +09:00 [INF] [녹취 이벤트] Service=8, EvtType=0x308, Result=0x0
2025-12-31 14:54:58.889 +09:00 [INF] [녹취 이벤트] Dn1=, Dn2=
2025-12-31 14:54:58.889 +09:00 [INF] [녹취 이벤트] ExtInfo=http://orec.skbroadband.com/nas_recording/ddz/bM/2Pr/jJ/q0S.wav
2025-12-31 14:54:58.889 +09:00 [INF] ═══════════════════════════════════════════════════════
2025-12-31 14:54:58.889 +09:00 [INF] ⏹️ 녹취 완료!
2025-12-31 14:54:58.889 +09:00 [INF]     ExtInfo(파일정보): http://orec.skbroadband.com/nas_recording/ddz/bM/2Pr/jJ/q0S.wav
2025-12-31 14:54:58.890 +09:00 [INF]     ExtInfo 길이: 63
2025-12-31 14:54:58.890 +09:00 [INF]     http:// 포함: true
2025-12-31 14:54:58.890 +09:00 [INF]     https:// 포함: false
2025-12-31 14:54:58.890 +09:00 [INF]     통화시간: 28초
2025-12-31 14:54:58.890 +09:00 [INF]     발신번호: 01041270730
2025-12-31 14:54:58.890 +09:00 [INF]     수신번호: 0315672278
2025-12-31 14:54:58.890 +09:00 [INF] ───────────────────────────────────────────────────────
2025-12-31 14:54:58.890 +09:00 [INF] [녹취 전송] SendRecordingComplete 시작
2025-12-31 14:54:58.890 +09:00 [INF]     recordingInfo 원본: http://orec.skbroadband.com/nas_recording/ddz/bM/2Pr/jJ/q0S.wav
2025-12-31 14:54:58.890 +09:00 [INF]     녹취파일 다운로드 중...
2025-12-31 14:54:58.933 +09:00 [INF]     다운로드 완료: 227564 bytes (0.22 MB)
2025-12-31 14:54:58.933 +09:00 [INF]     base64 인코딩 완료: 303420 chars
2025-12-31 14:54:58.934 +09:00 [INF]     전송 URL: https://d-care-console.vercel.app/api/call-analysis/recording
2025-12-31 14:54:58.934 +09:00 [INF]     JSON 크기: 319568 bytes
2025-12-31 14:54:59.100 +09:00 [INF] [이벤트] Svc=8, Evt=0x303, Res=0x0, Dn1=, Dn2=, Ext=
2025-12-31 14:54:59.100 +09:00 [INF] ═══════════════════════════════════════════════════════
2025-12-31 14:54:59.100 +09:00 [INF] [녹취 이벤트] Service=8, EvtType=0x303, Result=0x0
2025-12-31 14:54:59.100 +09:00 [INF] [녹취 이벤트] Dn1=, Dn2=
2025-12-31 14:54:59.100 +09:00 [INF] [녹취 이벤트] ExtInfo=
2025-12-31 14:54:59.100 +09:00 [INF] ═══════════════════════════════════════════════════════
2025-12-31 14:54:59.100 +09:00 [INF] 녹취 서비스 종료
2025-12-31 14:54:59.310 +09:00 [INF] [이벤트] Svc=12, Evt=0x1, Res=0x0, Dn1=0315672278, Dn2=01041270730, Ext=20251231145458
2025-12-31 14:54:59.310 +09:00 [INF] ❌ 부재중: 0315672278
2025-12-31 14:54:59.310 +09:00 [INF] [CallLog] missed 이벤트 전송: 0315672278
2025-12-31 14:55:01.277 +09:00 [INF] [CallLog] missed 전송 성공
2025-12-31 14:55:01.975 +09:00 [INF] ✅ 녹취 정보 전송 성공!
2025-12-31 14:55:01.975 +09:00 [INF]     응답: {"success":true,"message":"Recording received, analysis queued","analysisId":"6954bab525f0d8bb6e3edeb4","data":{"callLogId":"6954ba98e2a76c1a77dbf331","callerNumber":"010-4127-0730","calledNumber":"031-567-2278","recordingFileName":"q0S.wav","duration":28,"status":"pending","createdAt":"2025-12-31T14:54:58.933+09:00","updatedAt":"2025-12-31T05:54:59.445Z","_id":"6954bab525f0d8bb6e3edeb4"}}
2025-12-31 14:55:01.975 +09:00 [INF] ───────────────────────────────────────────────────────
2025-12-31 15:06:33.989 +09:00 [INF] [이벤트] Svc=15, Evt=0x304, Res=0x0, Dn1=0315672278, Dn2=024532275, Ext=calling
2025-12-31 15:06:34.200 +09:00 [INF] [이벤트] Svc=11, Evt=0x1, Res=0x0, Dn1=0315672278, Dn2=024532275, Ext=20251231150633
2025-12-31 15:06:34.201 +09:00 [INF] 📴 통화 종료: 024532275
2025-12-31 15:06:34.201 +09:00 [INF] [CallLog] end 이벤트 전송: 024532275
2025-12-31 15:06:35.658 +09:00 [INF] [CallLog] end 전송 성공
2025-12-31 15:08:09.401 +09:00 [INF] [이벤트] Svc=12, Evt=0x1, Res=0x0, Dn1=0315672278, Dn2=024532275, Ext=20251231150809
2025-12-31 15:08:09.402 +09:00 [INF] ❌ 부재중: 0315672278
2025-12-31 15:08:09.402 +09:00 [INF] [CallLog] missed 이벤트 전송: 0315672278
2025-12-31 15:08:10.687 +09:00 [INF] [CallLog] missed 전송 성공
2025-12-31 15:09:14.867 +09:00 [INF] [이벤트] Svc=11, Evt=0x1, Res=0x0, Dn1=0315672278, Dn2=01043661260, Ext=20251231150914
2025-12-31 15:09:14.867 +09:00 [INF] 📴 통화 종료: 01043661260
2025-12-31 15:09:14.867 +09:00 [INF] [CallLog] end 이벤트 전송: 01043661260
2025-12-31 15:09:15.077 +09:00 [INF] [이벤트] Svc=12, Evt=0x1, Res=0x0, Dn1=0315672278, Dn2=01043661260, Ext=20251231150914
2025-12-31 15:09:15.077 +09:00 [INF] ❌ 부재중: 0315672278
2025-12-31 15:09:15.077 +09:00 [INF] [CallLog] missed 이벤트 전송: 0315672278
2025-12-31 15:09:16.263 +09:00 [INF] [CallLog] end 전송 성공
2025-12-31 15:09:17.297 +09:00 [INF] [CallLog] missed 전송 성공
2025-12-31 15:21:17.450 +09:00 [INF] [이벤트] Svc=7, Evt=0x1, Res=0x0, Dn1=01088139294, Dn2=0315672278, Ext=
2025-12-31 15:21:17.450 +09:00 [INF] 📞 전화 수신: 01088139294 → 0315672278
2025-12-31 15:21:17.451 +09:00 [INF] [CallLog] ring 이벤트 전송: 01088139294
2025-12-31 15:21:19.738 +09:00 [INF] [CallLog] ring 전송 성공
2025-12-31 15:21:20.174 +09:00 [INF] [이벤트] Svc=8, Evt=0x304, Res=0x0, Dn1=01088139294, Dn2=0315672278, Ext=
2025-12-31 15:21:20.174 +09:00 [INF] ═══════════════════════════════════════════════════════
2025-12-31 15:21:20.174 +09:00 [INF] [녹취 이벤트] Service=8, EvtType=0x304, Result=0x0
2025-12-31 15:21:20.174 +09:00 [INF] [녹취 이벤트] Dn1=01088139294, Dn2=0315672278
2025-12-31 15:21:20.174 +09:00 [INF] [녹취 이벤트] ExtInfo=
2025-12-31 15:21:20.174 +09:00 [INF] ═══════════════════════════════════════════════════════
2025-12-31 15:21:20.174 +09:00 [INF] 🎙️ 착신녹취 준비: 01088139294 → 0315672278
2025-12-31 15:21:20.174 +09:00 [INF] 녹취 시작 요청 성공
2025-12-31 15:21:20.383 +09:00 [INF] [이벤트] Svc=13, Evt=0x1, Res=0x0, Dn1=01088139294, Dn2=0315672278, Ext=20251231152120
2025-12-31 15:21:20.384 +09:00 [INF] 📱 통화 응답: 01088139294
2025-12-31 15:21:20.384 +09:00 [INF] [CallLog] start 이벤트 전송: 01088139294
2025-12-31 15:21:20.593 +09:00 [INF] [이벤트] Svc=8, Evt=0x307, Res=0x0, Dn1=, Dn2=, Ext=http://orec.skbroadband.com/nas_recording/ddz/bM/2
2025-12-31 15:21:20.593 +09:00 [INF] ═══════════════════════════════════════════════════════
2025-12-31 15:21:20.593 +09:00 [INF] [녹취 이벤트] Service=8, EvtType=0x307, Result=0x0
2025-12-31 15:21:20.593 +09:00 [INF] [녹취 이벤트] Dn1=, Dn2=
2025-12-31 15:21:20.593 +09:00 [INF] [녹취 이벤트] ExtInfo=http://orec.skbroadband.com/nas_recording/ddz/bM/2Pr/sv/NFI.wav
2025-12-31 15:21:20.593 +09:00 [INF] ═══════════════════════════════════════════════════════
2025-12-31 15:21:20.593 +09:00 [INF] 🔴 녹취 시작!
2025-12-31 15:21:20.593 +09:00 [INF]     ExtInfo(파일정보): http://orec.skbroadband.com/nas_recording/ddz/bM/2Pr/sv/NFI.wav
2025-12-31 15:21:20.593 +09:00 [INF]     ExtInfo 길이: 63
2025-12-31 15:21:20.593 +09:00 [INF]     http 포함여부: true
2025-12-31 15:21:21.430 +09:00 [INF] [CallLog] start 전송 성공
2025-12-31 15:21:49.121 +09:00 [INF] [이벤트] Svc=8, Evt=0x308, Res=0x0, Dn1=, Dn2=, Ext=http://orec.skbroadband.com/nas_recording/ddz/bM/2
2025-12-31 15:21:49.121 +09:00 [INF] ═══════════════════════════════════════════════════════
2025-12-31 15:21:49.121 +09:00 [INF] [녹취 이벤트] Service=8, EvtType=0x308, Result=0x0
2025-12-31 15:21:49.121 +09:00 [INF] [녹취 이벤트] Dn1=, Dn2=
2025-12-31 15:21:49.121 +09:00 [INF] [녹취 이벤트] ExtInfo=http://orec.skbroadband.com/nas_recording/ddz/bM/2Pr/sv/NFI.wav
2025-12-31 15:21:49.121 +09:00 [INF] ═══════════════════════════════════════════════════════
2025-12-31 15:21:49.121 +09:00 [INF] ⏹️ 녹취 완료!
2025-12-31 15:21:49.121 +09:00 [INF]     ExtInfo(파일정보): http://orec.skbroadband.com/nas_recording/ddz/bM/2Pr/sv/NFI.wav
2025-12-31 15:21:49.121 +09:00 [INF]     ExtInfo 길이: 63
2025-12-31 15:21:49.121 +09:00 [INF]     http:// 포함: true
2025-12-31 15:21:49.121 +09:00 [INF]     https:// 포함: false
2025-12-31 15:21:49.121 +09:00 [INF]     통화시간: 28초
2025-12-31 15:21:49.121 +09:00 [INF]     발신번호: 01088139294
2025-12-31 15:21:49.121 +09:00 [INF]     수신번호: 0315672278
2025-12-31 15:21:49.121 +09:00 [INF] ───────────────────────────────────────────────────────
2025-12-31 15:21:49.121 +09:00 [INF] [녹취 전송] SendRecordingComplete 시작
2025-12-31 15:21:49.121 +09:00 [INF]     recordingInfo 원본: http://orec.skbroadband.com/nas_recording/ddz/bM/2Pr/sv/NFI.wav
2025-12-31 15:21:49.121 +09:00 [INF]     녹취파일 다운로드 중...
2025-12-31 15:21:49.175 +09:00 [INF]     다운로드 완료: 227084 bytes (0.22 MB)
2025-12-31 15:21:49.175 +09:00 [INF]     base64 인코딩 완료: 302780 chars
2025-12-31 15:21:49.176 +09:00 [INF]     전송 URL: https://d-care-console.vercel.app/api/call-analysis/recording
2025-12-31 15:21:49.176 +09:00 [INF]     JSON 크기: 318988 bytes
2025-12-31 15:21:49.331 +09:00 [INF] [이벤트] Svc=8, Evt=0x303, Res=0x0, Dn1=, Dn2=, Ext=
2025-12-31 15:21:49.331 +09:00 [INF] ═══════════════════════════════════════════════════════
2025-12-31 15:21:49.331 +09:00 [INF] [녹취 이벤트] Service=8, EvtType=0x303, Result=0x0
2025-12-31 15:21:49.331 +09:00 [INF] [녹취 이벤트] Dn1=, Dn2=
2025-12-31 15:21:49.331 +09:00 [INF] [녹취 이벤트] ExtInfo=
2025-12-31 15:21:49.331 +09:00 [INF] ═══════════════════════════════════════════════════════
2025-12-31 15:21:49.331 +09:00 [INF] 녹취 서비스 종료
2025-12-31 15:21:49.541 +09:00 [INF] [이벤트] Svc=14, Evt=0x1, Res=0x0, Dn1=01088139294, Dn2=0315672278, Ext=20251231152148
2025-12-31 15:21:49.541 +09:00 [INF] 📴 통화 종료: 01088139294
2025-12-31 15:21:49.541 +09:00 [INF] [CallLog] end 이벤트 전송: 01088139294
2025-12-31 15:21:51.792 +09:00 [INF] [CallLog] end 전송 성공
2025-12-31 15:21:53.142 +09:00 [INF] ✅ 녹취 정보 전송 성공!
2025-12-31 15:21:53.142 +09:00 [INF]     응답: {"success":true,"message":"Recording received, analysis queued","analysisId":"6954c100bbd0918f6ee6bcd5","data":{"callLogId":"6954c0dfbbd0918f6ee6bcd3","callerNumber":"010-8813-9294","calledNumber":"031-567-2278","recordingFileName":"NFI.wav","duration":28,"status":"pending","patientId":"6879c319017dea4568713a44","patientName":"이영희E","createdAt":"2025-12-31T15:21:49.175+09:00","updatedAt":"2025-12-31T06:21:50.537Z","_id":"6954c100bbd0918f6ee6bcd5"}}
2025-12-31 15:21:53.142 +09:00 [INF] ───────────────────────────────────────────────────────
2025-12-31 15:24:41.798 +09:00 [INF] [이벤트] Svc=7, Evt=0x1, Res=0x0, Dn1=01099044568, Dn2=0315672278, Ext=
2025-12-31 15:24:41.798 +09:00 [INF] 📞 전화 수신: 01099044568 → 0315672278
2025-12-31 15:24:41.799 +09:00 [INF] [CallLog] ring 이벤트 전송: 01099044568
2025-12-31 15:24:43.501 +09:00 [INF] [CallLog] ring 전송 성공
2025-12-31 15:25:18.532 +09:00 [INF] [이벤트] Svc=9, Evt=0x1, Res=0x0, Dn1=01099044568, Dn2=0315672278, Ext=20251231152518
2025-12-31 15:25:18.532 +09:00 [INF] 📱 통화 연결: 01099044568
2025-12-31 15:25:18.532 +09:00 [INF] [CallLog] start 이벤트 전송: 01099044568
2025-12-31 15:25:19.762 +09:00 [INF] [CallLog] start 전송 성공
2025-12-31 15:49:44.821 +09:00 [INF] [이벤트] Svc=11, Evt=0x1, Res=0x0, Dn1=0315672278, Dn2=01083118962, Ext=20251231154944
2025-12-31 15:49:44.821 +09:00 [INF] 📴 통화 종료: 01083118962
2025-12-31 15:49:44.821 +09:00 [INF] [CallLog] end 이벤트 전송: 01083118962
2025-12-31 15:49:45.105 +09:00 [INF] [이벤트] Svc=15, Evt=0x304, Res=0x0, Dn1=0315672278, Dn2=01083118962, Ext=calling
2025-12-31 15:49:46.176 +09:00 [INF] [CallLog] end 전송 성공
2025-12-31 15:49:47.204 +09:00 [INF] [이벤트] Svc=12, Evt=0x1, Res=0x0, Dn1=0315672278, Dn2=01083118962, Ext=20251231154947
2025-12-31 15:49:47.204 +09:00 [INF] ❌ 부재중: 0315672278
2025-12-31 15:49:47.204 +09:00 [INF] [CallLog] missed 이벤트 전송: 0315672278
2025-12-31 15:49:48.414 +09:00 [INF] [CallLog] missed 전송 성공
2025-12-31 16:01:00.306 +09:00 [INF] [이벤트] Svc=7, Evt=0x1, Res=0x0, Dn1=01059174330, Dn2=0315672278, Ext=
2025-12-31 16:01:00.306 +09:00 [INF] 📞 전화 수신: 01059174330 → 0315672278
2025-12-31 16:01:00.307 +09:00 [INF] [CallLog] ring 이벤트 전송: 01059174330
2025-12-31 16:01:01.762 +09:00 [INF] [CallLog] ring 전송 성공
2025-12-31 16:01:07.651 +09:00 [INF] [이벤트] Svc=13, Evt=0x1, Res=0x0, Dn1=01059174330, Dn2=0315672278, Ext=20251231160107
2025-12-31 16:01:07.651 +09:00 [INF] 📱 통화 응답: 01059174330
2025-12-31 16:01:07.651 +09:00 [INF] [CallLog] start 이벤트 전송: 01059174330
2025-12-31 16:01:07.861 +09:00 [INF] [이벤트] Svc=15, Evt=0x304, Res=0x0, Dn1=0315672278, Dn2=01059174330, Ext=called
2025-12-31 16:01:07.861 +09:00 [INF] 📱 통화 연결: 01059174330
2025-12-31 16:01:07.861 +09:00 [INF] [CallLog] start 이벤트 전송: 01059174330
2025-12-31 16:01:08.071 +09:00 [INF] [이벤트] Svc=8, Evt=0x304, Res=0x0, Dn1=01059174330, Dn2=0315672278, Ext=
2025-12-31 16:01:08.071 +09:00 [INF] ═══════════════════════════════════════════════════════
2025-12-31 16:01:08.071 +09:00 [INF] [녹취 이벤트] Service=8, EvtType=0x304, Result=0x0
2025-12-31 16:01:08.071 +09:00 [INF] [녹취 이벤트] Dn1=01059174330, Dn2=0315672278
2025-12-31 16:01:08.071 +09:00 [INF] [녹취 이벤트] ExtInfo=
2025-12-31 16:01:08.071 +09:00 [INF] ═══════════════════════════════════════════════════════
2025-12-31 16:01:08.071 +09:00 [INF] 🎙️ 착신녹취 준비: 01059174330 → 0315672278
2025-12-31 16:01:08.072 +09:00 [INF] 녹취 시작 요청 성공
2025-12-31 16:01:08.491 +09:00 [INF] [이벤트] Svc=8, Evt=0x307, Res=0x0, Dn1=, Dn2=, Ext=http://orec.skbroadband.com/nas_recording/ddz/bM/2
2025-12-31 16:01:08.491 +09:00 [INF] ═══════════════════════════════════════════════════════
2025-12-31 16:01:08.491 +09:00 [INF] [녹취 이벤트] Service=8, EvtType=0x307, Result=0x0
2025-12-31 16:01:08.491 +09:00 [INF] [녹취 이벤트] Dn1=, Dn2=
2025-12-31 16:01:08.491 +09:00 [INF] [녹취 이벤트] ExtInfo=http://orec.skbroadband.com/nas_recording/ddz/bM/2Pr/k1/iLy.wav
2025-12-31 16:01:08.491 +09:00 [INF] ═══════════════════════════════════════════════════════
2025-12-31 16:01:08.491 +09:00 [INF] 🔴 녹취 시작!
2025-12-31 16:01:08.491 +09:00 [INF]     ExtInfo(파일정보): http://orec.skbroadband.com/nas_recording/ddz/bM/2Pr/k1/iLy.wav
2025-12-31 16:01:08.491 +09:00 [INF]     ExtInfo 길이: 63
2025-12-31 16:01:08.491 +09:00 [INF]     http 포함여부: true
2025-12-31 16:01:10.348 +09:00 [INF] [CallLog] start 전송 성공
2025-12-31 16:01:10.376 +09:00 [INF] [CallLog] start 전송 성공
2025-12-31 16:01:50.050 +09:00 [INF] [이벤트] Svc=8, Evt=0x308, Res=0x0, Dn1=, Dn2=, Ext=http://orec.skbroadband.com/nas_recording/ddz/bM/2
2025-12-31 16:01:50.050 +09:00 [INF] ═══════════════════════════════════════════════════════
2025-12-31 16:01:50.050 +09:00 [INF] [녹취 이벤트] Service=8, EvtType=0x308, Result=0x0
2025-12-31 16:01:50.050 +09:00 [INF] [녹취 이벤트] Dn1=, Dn2=
2025-12-31 16:01:50.050 +09:00 [INF] [녹취 이벤트] ExtInfo=http://orec.skbroadband.com/nas_recording/ddz/bM/2Pr/k1/iLy.wav
2025-12-31 16:01:50.050 +09:00 [INF] ═══════════════════════════════════════════════════════
2025-12-31 16:01:50.050 +09:00 [INF] ⏹️ 녹취 완료!
2025-12-31 16:01:50.050 +09:00 [INF]     ExtInfo(파일정보): http://orec.skbroadband.com/nas_recording/ddz/bM/2Pr/k1/iLy.wav
2025-12-31 16:01:50.050 +09:00 [INF]     ExtInfo 길이: 63
2025-12-31 16:01:50.050 +09:00 [INF]     http:// 포함: true
2025-12-31 16:01:50.050 +09:00 [INF]     https:// 포함: false
2025-12-31 16:01:50.050 +09:00 [INF]     통화시간: 41초
2025-12-31 16:01:50.050 +09:00 [INF]     발신번호: 01059174330
2025-12-31 16:01:50.050 +09:00 [INF]     수신번호: 0315672278
2025-12-31 16:01:50.050 +09:00 [INF] ───────────────────────────────────────────────────────
2025-12-31 16:01:50.050 +09:00 [INF] [녹취 전송] SendRecordingComplete 시작
2025-12-31 16:01:50.050 +09:00 [INF]     recordingInfo 원본: http://orec.skbroadband.com/nas_recording/ddz/bM/2Pr/k1/iLy.wav
2025-12-31 16:01:50.050 +09:00 [INF]     녹취파일 다운로드 중...
2025-12-31 16:01:50.137 +09:00 [INF]     다운로드 완료: 332684 bytes (0.32 MB)
2025-12-31 16:01:50.137 +09:00 [INF]     base64 인코딩 완료: 443580 chars
2025-12-31 16:01:50.156 +09:00 [INF]     전송 URL: https://d-care-console.vercel.app/api/call-analysis/recording
2025-12-31 16:01:50.156 +09:00 [INF]     JSON 크기: 467018 bytes
2025-12-31 16:01:50.260 +09:00 [INF] [이벤트] Svc=8, Evt=0x303, Res=0x0, Dn1=, Dn2=, Ext=
2025-12-31 16:01:50.260 +09:00 [INF] ═══════════════════════════════════════════════════════
2025-12-31 16:01:50.260 +09:00 [INF] [녹취 이벤트] Service=8, EvtType=0x303, Result=0x0
2025-12-31 16:01:50.260 +09:00 [INF] [녹취 이벤트] Dn1=, Dn2=
2025-12-31 16:01:50.260 +09:00 [INF] [녹취 이벤트] ExtInfo=
2025-12-31 16:01:50.260 +09:00 [INF] ═══════════════════════════════════════════════════════
2025-12-31 16:01:50.260 +09:00 [INF] 녹취 서비스 종료
2025-12-31 16:01:50.469 +09:00 [INF] [이벤트] Svc=14, Evt=0x1, Res=0x0, Dn1=01059174330, Dn2=0315672278, Ext=20251231160149
2025-12-31 16:01:50.470 +09:00 [INF] 📴 통화 종료: 01059174330
2025-12-31 16:01:50.470 +09:00 [INF] [CallLog] end 이벤트 전송: 01059174330
2025-12-31 16:01:52.619 +09:00 [INF] [CallLog] end 전송 성공
2025-12-31 16:01:53.498 +09:00 [INF] ✅ 녹취 정보 전송 성공!
2025-12-31 16:01:53.498 +09:00 [INF]     응답: {"success":true,"message":"Recording received, analysis queued","analysisId":"6954ca6011b185dbd5965ae8","data":{"callLogId":"6954ca2dbbd0918f6ee6bcd7","callerNumber":"010-5917-4330","calledNumber":"031-567-2278","recordingFileName":"iLy.wav","duration":41,"status":"pending","createdAt":"2025-12-31T16:01:50.137+09:00","updatedAt":"2025-12-31T07:01:51.249Z","_id":"6954ca6011b185dbd5965ae8"}}
2025-12-31 16:01:53.498 +09:00 [INF] ───────────────────────────────────────────────────────
2025-12-31 16:03:47.415 +09:00 [INF] [이벤트] Svc=11, Evt=0x1, Res=0x0, Dn1=0315672278, Dn2=01081546015, Ext=20251231160347
2025-12-31 16:03:47.415 +09:00 [INF] 📴 통화 종료: 01081546015
2025-12-31 16:03:47.415 +09:00 [INF] [CallLog] end 이벤트 전송: 01081546015
2025-12-31 16:03:47.625 +09:00 [INF] [이벤트] Svc=15, Evt=0x304, Res=0x0, Dn1=0315672278, Dn2=01081546015, Ext=calling
2025-12-31 16:03:48.718 +09:00 [INF] [CallLog] end 전송 성공
2025-12-31 16:04:35.055 +09:00 [INF] [이벤트] Svc=12, Evt=0x1, Res=0x0, Dn1=0315672278, Dn2=01081546015, Ext=20251231160434
2025-12-31 16:04:35.055 +09:00 [INF] ❌ 부재중: 0315672278
2025-12-31 16:04:35.055 +09:00 [INF] [CallLog] missed 이벤트 전송: 0315672278
2025-12-31 16:04:36.276 +09:00 [INF] [CallLog] missed 전송 성공
2025-12-31 16:05:31.015 +09:00 [INF] CTI Bridge 서비스 종료 중...
2025-12-31 16:05:31.066 +09:00 [INF] CTI Bridge 서비스 종료됨
2025-12-31 16:05:39.398 +09:00 [INF] CTI Bridge 서비스 시작 중...
2025-12-31 16:05:40.031 +09:00 [INF] CTI Bridge 서비스 시작 중...
2025-12-31 16:05:40.038 +09:00 [INF] 설정 파일에서 URL 로드: https://d-care-console.vercel.app
2025-12-31 16:05:40.044 +09:00 [INF] CTI Bridge 서비스 실행 시작
2025-12-31 16:05:40.047 +09:00 [INF] SK CTI API 초기화 중...
2025-12-31 16:05:40.097 +09:00 [INF] CTI 초기화 성공
2025-12-31 16:05:40.310 +09:00 [INF] [이벤트] Svc=30, Evt=0x101, Res=0x0, Dn1=, Dn2=, Ext=
2025-12-31 16:05:40.312 +09:00 [INF] 서버 연결됨
2025-12-31 16:06:40.437 +09:00 [INF] 로그인 2차 재시도...
2025-12-31 16:06:42.147 +09:00 [INF] [이벤트] Svc=30, Evt=0x104, Res=0x0, Dn1=, Dn2=, Ext=
2025-12-31 16:06:42.147 +09:00 [INF] 로그인 완료
2025-12-31 16:06:42.311 +09:00 [INF] [이벤트] Svc=22, Evt=0x1, Res=0x0, Dn1=, Dn2=, Ext=
2025-12-31 16:06:47.365 +09:00 [INF] CTI 로그인 성공
2025-12-31 16:10:29.473 +09:00 [INF] CTI Bridge 서비스 종료 중...
2025-12-31 16:10:29.479 +09:00 [INF] CTI Bridge 서비스 종료됨
2025-12-31 16:12:34.365 +09:00 [INF] CTI Bridge 서비스 시작 중...
2025-12-31 16:12:34.580 +09:00 [INF] CTI Bridge 서비스 시작 중...
2025-12-31 16:12:34.588 +09:00 [INF] 설정 파일에서 URL 로드: https://d-care-console.vercel.app
2025-12-31 16:12:34.594 +09:00 [INF] CTI Bridge 서비스 실행 시작
2025-12-31 16:12:34.597 +09:00 [INF] SK CTI API 초기화 중...
2025-12-31 16:12:34.617 +09:00 [INF] CTI 초기화 성공
2025-12-31 16:12:34.824 +09:00 [INF] [이벤트] Svc=30, Evt=0x101, Res=0x0, Dn1=, Dn2=, Ext=
2025-12-31 16:12:34.825 +09:00 [INF] 서버 연결됨
2025-12-31 16:13:34.855 +09:00 [INF] 로그인 2차 재시도...
2025-12-31 16:13:36.577 +09:00 [INF] [이벤트] Svc=30, Evt=0x104, Res=0x0, Dn1=, Dn2=, Ext=
2025-12-31 16:13:36.577 +09:00 [INF] 로그인 완료
2025-12-31 16:13:36.742 +09:00 [INF] [이벤트] Svc=22, Evt=0x1, Res=0x0, Dn1=, Dn2=, Ext=
2025-12-31 16:13:41.909 +09:00 [INF] CTI 로그인 성공
2025-12-31 16:16:05.844 +09:00 [INF] [이벤트] Svc=7, Evt=0x1, Res=0x0, Dn1=01083118962, Dn2=0315672278, Ext=
2025-12-31 16:16:05.845 +09:00 [INF] 📞 전화 수신: 01083118962 → 0315672278
2025-12-31 16:16:05.986 +09:00 [INF] [CallLog] ring 이벤트 전송: 01083118962
2025-12-31 16:16:09.105 +09:00 [INF] [CallLog] ring 전송 성공
2025-12-31 16:16:09.622 +09:00 [INF] [이벤트] Svc=15, Evt=0x304, Res=0x0, Dn1=0315672278, Dn2=01083118962, Ext=called
2025-12-31 16:16:10.063 +09:00 [INF] 📱 통화 연결: 01083118962
2025-12-31 16:16:10.063 +09:00 [INF] [CallLog] start 이벤트 전송: 01083118962
2025-12-31 16:16:10.266 +09:00 [INF] [이벤트] Svc=13, Evt=0x1, Res=0x0, Dn1=01083118962, Dn2=0315672278, Ext=20251231161609
2025-12-31 16:16:10.267 +09:00 [INF] 📱 통화 응답: 01083118962
2025-12-31 16:16:10.267 +09:00 [INF] [CallLog] start 이벤트 전송: 01083118962
2025-12-31 16:16:10.476 +09:00 [INF] [이벤트] Svc=8, Evt=0x304, Res=0x0, Dn1=01083118962, Dn2=0315672278, Ext=
2025-12-31 16:16:10.477 +09:00 [INF] ═══════════════════════════════════════════════════════
2025-12-31 16:16:10.477 +09:00 [INF] [녹취 이벤트] Service=8, EvtType=0x304, Result=0x0
2025-12-31 16:16:10.477 +09:00 [INF] [녹취 이벤트] Dn1=01083118962, Dn2=0315672278
2025-12-31 16:16:10.477 +09:00 [INF] [녹취 이벤트] ExtInfo=
2025-12-31 16:16:10.477 +09:00 [INF] ═══════════════════════════════════════════════════════
2025-12-31 16:16:10.477 +09:00 [INF] 🎙️ 착신녹취 준비: 01083118962 → 0315672278
2025-12-31 16:16:10.477 +09:00 [INF] 녹취 시작 요청 성공
2025-12-31 16:16:10.895 +09:00 [INF] [이벤트] Svc=8, Evt=0x307, Res=0x0, Dn1=, Dn2=, Ext=http://orec.skbroadband.com/nas_recording/ddz/bM/2
2025-12-31 16:16:10.896 +09:00 [INF] ═══════════════════════════════════════════════════════
2025-12-31 16:16:10.896 +09:00 [INF] [녹취 이벤트] Service=8, EvtType=0x307, Result=0x0
2025-12-31 16:16:10.896 +09:00 [INF] [녹취 이벤트] Dn1=, Dn2=
2025-12-31 16:16:10.896 +09:00 [INF] [녹취 이벤트] ExtInfo=http://orec.skbroadband.com/nas_recording/ddz/bM/2Pr/s1/hrI.wav
2025-12-31 16:16:10.896 +09:00 [INF] ═══════════════════════════════════════════════════════
2025-12-31 16:16:10.896 +09:00 [INF] 🔴 녹취 시작!
2025-12-31 16:16:10.896 +09:00 [INF]     ExtInfo(파일정보): http://orec.skbroadband.com/nas_recording/ddz/bM/2Pr/s1/hrI.wav
2025-12-31 16:16:10.896 +09:00 [INF]     ExtInfo 길이: 63
2025-12-31 16:16:10.896 +09:00 [INF]     http 포함여부: true
2025-12-31 16:16:12.489 +09:00 [INF] [CallLog] start 전송 성공
2025-12-31 16:16:12.660 +09:00 [INF] [CallLog] start 전송 성공
2025-12-31 16:17:02.124 +09:00 [INF] [이벤트] Svc=14, Evt=0x1, Res=0x0, Dn1=01083118962, Dn2=0315672278, Ext=20251231161701
2025-12-31 16:17:02.125 +09:00 [INF] 📴 통화 종료: 01083118962
2025-12-31 16:17:02.125 +09:00 [INF] [CallLog] end 이벤트 전송: 01083118962
2025-12-31 16:17:02.334 +09:00 [INF] [이벤트] Svc=8, Evt=0x308, Res=0x0, Dn1=, Dn2=, Ext=http://orec.skbroadband.com/nas_recording/ddz/bM/2
2025-12-31 16:17:02.334 +09:00 [INF] ═══════════════════════════════════════════════════════
2025-12-31 16:17:02.334 +09:00 [INF] [녹취 이벤트] Service=8, EvtType=0x308, Result=0x0
2025-12-31 16:17:02.334 +09:00 [INF] [녹취 이벤트] Dn1=, Dn2=
2025-12-31 16:17:02.334 +09:00 [INF] [녹취 이벤트] ExtInfo=http://orec.skbroadband.com/nas_recording/ddz/bM/2Pr/s1/hrI.wav
2025-12-31 16:17:02.334 +09:00 [INF] ═══════════════════════════════════════════════════════
2025-12-31 16:17:02.334 +09:00 [INF] ⏹️ 녹취 완료!
2025-12-31 16:17:02.334 +09:00 [INF]     ExtInfo(파일정보): http://orec.skbroadband.com/nas_recording/ddz/bM/2Pr/s1/hrI.wav
2025-12-31 16:17:02.334 +09:00 [INF]     ExtInfo 길이: 63
2025-12-31 16:17:02.334 +09:00 [INF]     http:// 포함: true
2025-12-31 16:17:02.334 +09:00 [INF]     https:// 포함: false
2025-12-31 16:17:02.334 +09:00 [INF]     통화시간: 51초
2025-12-31 16:17:02.334 +09:00 [INF]     발신번호: 01083118962
2025-12-31 16:17:02.334 +09:00 [INF]     수신번호: 0315672278
2025-12-31 16:17:02.335 +09:00 [INF] ───────────────────────────────────────────────────────
2025-12-31 16:17:02.335 +09:00 [INF] [녹취 전송] SendRecordingComplete 시작
2025-12-31 16:17:02.335 +09:00 [INF]     recordingInfo 원본: http://orec.skbroadband.com/nas_recording/ddz/bM/2Pr/s1/hrI.wav
2025-12-31 16:17:02.335 +09:00 [INF]     녹취파일 다운로드 중...
2025-12-31 16:17:02.401 +09:00 [INF]     다운로드 완료: 410444 bytes (0.39 MB)
2025-12-31 16:17:02.409 +09:00 [INF]     base64 인코딩 완료: 547260 chars
2025-12-31 16:17:02.421 +09:00 [INF]     전송 URL: https://d-care-console.vercel.app/api/call-analysis/recording
2025-12-31 16:17:02.421 +09:00 [INF]     JSON 크기: 577208 bytes
2025-12-31 16:17:02.543 +09:00 [INF] [이벤트] Svc=8, Evt=0x303, Res=0x0, Dn1=, Dn2=, Ext=
2025-12-31 16:17:02.543 +09:00 [INF] ═══════════════════════════════════════════════════════
2025-12-31 16:17:02.544 +09:00 [INF] [녹취 이벤트] Service=8, EvtType=0x303, Result=0x0
2025-12-31 16:17:02.544 +09:00 [INF] [녹취 이벤트] Dn1=, Dn2=
2025-12-31 16:17:02.544 +09:00 [INF] [녹취 이벤트] ExtInfo=
2025-12-31 16:17:02.544 +09:00 [INF] ═══════════════════════════════════════════════════════
2025-12-31 16:17:02.544 +09:00 [INF] 녹취 서비스 종료
2025-12-31 16:17:04.219 +09:00 [INF] [CallLog] end 전송 성공
2025-12-31 16:17:05.882 +09:00 [INF] ✅ 녹취 정보 전송 성공!
2025-12-31 16:17:05.882 +09:00 [INF]     응답: {"success":true,"message":"Recording received, analysis queued","analysisId":"6954cdf156542bfa0ea0245a","data":{"callLogId":"6954cdb956542bfa0ea02458","callerNumber":"010-8311-8962","calledNumber":"031-567-2278","recordingFileName":"hrI.wav","duration":51,"status":"pending","createdAt":"2025-12-31T16:17:02.409+09:00","updatedAt":"2025-12-31T07:17:03.314Z","_id":"6954cdf156542bfa0ea0245a"}}
2025-12-31 16:17:05.882 +09:00 [INF] ───────────────────────────────────────────────────────
2025-12-31 16:17:37.587 +09:00 [INF] [이벤트] Svc=11, Evt=0x1, Res=0x0, Dn1=0315672278, Dn2=01063294019, Ext=20251231161737
2025-12-31 16:17:37.587 +09:00 [INF] 📴 통화 종료: 01063294019
2025-12-31 16:17:37.587 +09:00 [INF] [CallLog] end 이벤트 전송: 01063294019
2025-12-31 16:17:37.797 +09:00 [INF] [이벤트] Svc=15, Evt=0x304, Res=0x0, Dn1=0315672278, Dn2=01063294019, Ext=calling
2025-12-31 16:17:37.797 +09:00 [INF] 📱 발신 시작 (via status): 0315672278 → 01063294019
2025-12-31 16:17:37.797 +09:00 [INF] [발신] 환자 조회/등록 요청: 01063294019
2025-12-31 16:17:38.839 +09:00 [INF] [CallLog] end 전송 성공
2025-12-31 16:17:39.041 +09:00 [INF] [발신] 환자 조회/등록 성공: {"success":true,"message":"Existing patient found","patient":{"_id":"68f9c6d4bddee3441dda97b4","name":"오형조","phoneNumber":"010-6329-4019","status":"예약확정","interestedServices":["단일 임플란트"],"memo":"","callInDate":"2025-10-20","age":39,"region":{"province":"경기","city":"남양주시"},"consultationType":"returning","referralSource":"","patientId":"PT-251023007","createdAt":"2025-10-23T06:10:28.794Z","updatedAt":"2025-12-22T10:57:04.227Z","lastConsultation":"","reminderStatus":"초기","visitConfirmed":true,"createdBy":"6848f97bcdc7f528bdccb49b","createdByName":"김현주","lastModifiedBy":"6848f97bcdc7f528bdccb49b","lastModifiedByName":"김현주","lastModifiedAt":"2025-10-23T06:10:28.794Z","callbackHistory":[{"id":"callback-1761199858220-jsco7mvek","date":"2025-10-23","status":"완료","notes":"예약완료","type":"1차","time":null,"customerResponse":"positive","nextStep":"예약_확정","actualCompletedDate":"2025-10-23","actualCompletedTime":"06:10","isDirectVisitCompletion":true,"firstConsultationResult":{"status":"예약완료","reservationDate":"2025-10-20","reservationTime":"16:00","consultationContent":"예약완료","createdAt":"2025-10-23T06:10:58.220Z","updatedAt":"2025-10-23T06:10:58.220Z"},"createdAt":"2025-10-23T06:10:58.220Z"},{"id":"cb-visit-1762480900132","type":"내원1차","date":"2025-11-28","status":"부재중","time":null,"notes":"수술예약 다시잡기","isVisitManagementCallback":true,"visitManagementReason":"","createdAt":"2025-11-07T02:01:40.132Z","createdBy":"temp-user-001","createdByName":"임시 관리자","completedAt":"2025-11-28T02:50:17.757Z","actualCompletedDate":"2025-11-28","actualCompletedTime":"11:50","updatedAt":"2025-11-28T02:50:22.388Z"},{"id":"cb-visit-1764298256771","type":"내원2차","date":"2025-12-22","status":"부재중","time":null,"notes":"수술일정확인","isVisitManagementCallback":true,"visitManagementReason":"","createdAt":"2025-11-28T02:50:56.771Z","createdBy":"temp-user-001","createdByName":"임시 관리자","completedAt":"2025-12-22T10:56:57.929Z","actualCompletedDate":"2025-12-22","actualCompletedTime":"19:56","updatedAt":"2025-12-22T10:57:04.226Z"}],"reservationCompletedAt":"2025-10-23","reservationDate":"2025-10-20","reservationTime":"16:00","visitConfirmedAt":"2025-10-23","visitDate":"2025-10-20","postVisitConsultation":{"firstVisitConsultationContent":"c.c) 40번대 임플란트 상담 \nTx)\n#48,47 ext + #47 IM OP + BG \n\n근무 유동적이라 치과치료예약 자주 변경하심. 확인필요 ","estimateInfo":{"discountPrice":1390000,"regularPrice":0,"discountEvent":"","patientReaction":""},"nextCallbackDate":"2025-12-22","nextConsultationPlan":"수술예약확인"},"postVisitNotes":"c.c) 40번대 임플란트 상담 \nTx)\n#48,47 ext + #47 IM OP + BG \n\n근무 유동적이라 치과치료예약 자주 변경하심. 확인필요 ","postVisitStatus":"재콜백필요","nextCallbackDate":"2025-12-22","id":"68f9c6d4bddee3441dda97b4"},"callLog":{"callId":"call-1767165458785-ztr9xy3bs","callDirection":"outbound","phoneNumber":"010-6329-4019","callerNumber":"0315672278","calledNumber":"01063294019","callStatus":"answered","callStartTime":"2025-12-31T16:17:37.797+09:00","patientId":"68f9c6d4bddee3441dda97b4","patientName":"오형조","isNewPatient":false,"createdAt":"2025-12-31T07:17:38.785Z","updatedAt":"2025-12-31T07:17:38.785Z","_id":"6954ce1256542bfa0ea0245b"},"isNewPatient":false}
2025-12-31 16:18:04.237 +09:00 [INF] [이벤트] Svc=12, Evt=0x1, Res=0x0, Dn1=0315672278, Dn2=01063294019, Ext=20251231161803
2025-12-31 16:18:04.237 +09:00 [INF] ❌ 부재중: 0315672278
2025-12-31 16:18:04.237 +09:00 [INF] [CallLog] missed 이벤트 전송: 0315672278
2025-12-31 16:18:05.333 +09:00 [INF] [CallLog] missed 전송 성공
2025-12-31 16:35:19.455 +09:00 [INF] [이벤트] Svc=11, Evt=0x1, Res=0x0, Dn1=0315672278, Dn2=01067648724, Ext=20251231163519
2025-12-31 16:35:19.455 +09:00 [INF] 📴 통화 종료: 01067648724
2025-12-31 16:35:19.455 +09:00 [INF] [CallLog] end 이벤트 전송: 01067648724
2025-12-31 16:35:19.665 +09:00 [INF] [이벤트] Svc=15, Evt=0x304, Res=0x0, Dn1=0315672278, Dn2=01067648724, Ext=calling
2025-12-31 16:35:19.665 +09:00 [INF] 📱 발신 시작 (via status): 0315672278 → 01067648724
2025-12-31 16:35:19.665 +09:00 [INF] [발신] 환자 조회/등록 요청: 01067648724
2025-12-31 16:35:20.935 +09:00 [INF] [발신] 환자 조회/등록 성공: {"success":true,"message":"New patient created","patient":{"patientId":"OB-251231386","name":"발신_8724","phoneNumber":"010-6764-8724","consultationType":"outbound","status":"잠재고객","interestedServices":[],"callInDate":"2025-12-31","reminderStatus":"초기","visitConfirmed":false,"callbackHistory":[],"createdBy":"system","createdByName":"자동등록(발신)","createdAt":"2025-12-31T07:35:20.700Z","updatedAt":"2025-12-31T07:35:20.700Z","_id":"6954d238bbd0918f6ee6bcd8","id":"6954d238bbd0918f6ee6bcd8"},"callLog":{"callId":"call-1767166520714-0s1jdj6ol","callDirection":"outbound","phoneNumber":"010-6764-8724","callerNumber":"0315672278","calledNumber":"01067648724","callStatus":"answered","callStartTime":"2025-12-31T16:35:19.665+09:00","patientId":"6954d238bbd0918f6ee6bcd8","patientName":"발신_8724","isNewPatient":true,"createdAt":"2025-12-31T07:35:20.714Z","updatedAt":"2025-12-31T07:35:20.714Z","_id":"6954d238bbd0918f6ee6bcd9"},"isNewPatient":true}
2025-12-31 16:35:21.181 +09:00 [INF] [CallLog] end 전송 성공
2025-12-31 16:35:42.986 +09:00 [INF] [이벤트] Svc=12, Evt=0x1, Res=0x0, Dn1=0315672278, Dn2=01067648724, Ext=20251231163542
2025-12-31 16:35:42.986 +09:00 [INF] ❌ 부재중: 0315672278
2025-12-31 16:35:42.986 +09:00 [INF] [CallLog] missed 이벤트 전송: 0315672278
2025-12-31 16:35:44.024 +09:00 [INF] [CallLog] missed 전송 성공
2025-12-31 17:09:17.493 +09:00 [INF] [이벤트] Svc=7, Evt=0x1, Res=0x0, Dn1=01045347560, Dn2=0315672278, Ext=
2025-12-31 17:09:17.493 +09:00 [INF] 📞 전화 수신: 01045347560 → 0315672278
2025-12-31 17:09:17.494 +09:00 [INF] [CallLog] ring 이벤트 전송: 01045347560
2025-12-31 17:09:20.274 +09:00 [INF] [CallLog] ring 전송 성공
2025-12-31 17:09:22.108 +09:00 [INF] [이벤트] Svc=8, Evt=0x304, Res=0x0, Dn1=01045347560, Dn2=0315672278, Ext=
2025-12-31 17:09:22.108 +09:00 [INF] ═══════════════════════════════════════════════════════
2025-12-31 17:09:22.108 +09:00 [INF] [녹취 이벤트] Service=8, EvtType=0x304, Result=0x0
2025-12-31 17:09:22.108 +09:00 [INF] [녹취 이벤트] Dn1=01045347560, Dn2=0315672278
2025-12-31 17:09:22.108 +09:00 [INF] [녹취 이벤트] ExtInfo=
2025-12-31 17:09:22.108 +09:00 [INF] ═══════════════════════════════════════════════════════
2025-12-31 17:09:22.108 +09:00 [INF] 🎙️ 착신녹취 준비: 01045347560 → 0315672278
2025-12-31 17:09:22.108 +09:00 [INF] 녹취 시작 요청 성공
2025-12-31 17:09:22.318 +09:00 [INF] [이벤트] Svc=15, Evt=0x304, Res=0x0, Dn1=0315672278, Dn2=01045347560, Ext=called
2025-12-31 17:09:22.318 +09:00 [INF] 📱 통화 연결: 01045347560
2025-12-31 17:09:22.318 +09:00 [INF] [CallLog] start 이벤트 전송: 01045347560
2025-12-31 17:09:22.528 +09:00 [INF] [이벤트] Svc=13, Evt=0x1, Res=0x0, Dn1=01045347560, Dn2=0315672278, Ext=20251231170921
2025-12-31 17:09:22.528 +09:00 [INF] 📱 통화 응답: 01045347560
2025-12-31 17:09:22.528 +09:00 [INF] [CallLog] start 이벤트 전송: 01045347560
2025-12-31 17:09:22.738 +09:00 [INF] [이벤트] Svc=8, Evt=0x307, Res=0x0, Dn1=, Dn2=, Ext=http://orec.skbroadband.com/nas_recording/ddz/bM/2
2025-12-31 17:09:22.738 +09:00 [INF] ═══════════════════════════════════════════════════════
2025-12-31 17:09:22.738 +09:00 [INF] [녹취 이벤트] Service=8, EvtType=0x307, Result=0x0
2025-12-31 17:09:22.738 +09:00 [INF] [녹취 이벤트] Dn1=, Dn2=
2025-12-31 17:09:22.738 +09:00 [INF] [녹취 이벤트] ExtInfo=http://orec.skbroadband.com/nas_recording/ddz/bM/2Pr/Wx/hqQ.wav
2025-12-31 17:09:22.738 +09:00 [INF] ═══════════════════════════════════════════════════════
2025-12-31 17:09:22.738 +09:00 [INF] 🔴 녹취 시작!
2025-12-31 17:09:22.738 +09:00 [INF]     ExtInfo(파일정보): http://orec.skbroadband.com/nas_recording/ddz/bM/2Pr/Wx/hqQ.wav
2025-12-31 17:09:22.738 +09:00 [INF]     ExtInfo 길이: 63
2025-12-31 17:09:22.738 +09:00 [INF]     http 포함여부: true
2025-12-31 17:09:24.667 +09:00 [INF] [CallLog] start 전송 성공
2025-12-31 17:09:24.850 +09:00 [INF] [CallLog] start 전송 성공
2025-12-31 17:10:05.755 +09:00 [INF] [이벤트] Svc=8, Evt=0x308, Res=0x0, Dn1=, Dn2=, Ext=http://orec.skbroadband.com/nas_recording/ddz/bM/2
2025-12-31 17:10:05.755 +09:00 [INF] ═══════════════════════════════════════════════════════
2025-12-31 17:10:05.755 +09:00 [INF] [녹취 이벤트] Service=8, EvtType=0x308, Result=0x0
2025-12-31 17:10:05.755 +09:00 [INF] [녹취 이벤트] Dn1=, Dn2=
2025-12-31 17:10:05.756 +09:00 [INF] [녹취 이벤트] ExtInfo=http://orec.skbroadband.com/nas_recording/ddz/bM/2Pr/Wx/hqQ.wav
2025-12-31 17:10:05.756 +09:00 [INF] ═══════════════════════════════════════════════════════
2025-12-31 17:10:05.756 +09:00 [INF] ⏹️ 녹취 완료!
2025-12-31 17:10:05.756 +09:00 [INF]     ExtInfo(파일정보): http://orec.skbroadband.com/nas_recording/ddz/bM/2Pr/Wx/hqQ.wav
2025-12-31 17:10:05.756 +09:00 [INF]     ExtInfo 길이: 63
2025-12-31 17:10:05.756 +09:00 [INF]     http:// 포함: true
2025-12-31 17:10:05.756 +09:00 [INF]     https:// 포함: false
2025-12-31 17:10:05.756 +09:00 [INF]     통화시간: 43초
2025-12-31 17:10:05.756 +09:00 [INF]     발신번호: 01045347560
2025-12-31 17:10:05.756 +09:00 [INF]     수신번호: 0315672278
2025-12-31 17:10:05.756 +09:00 [INF] ───────────────────────────────────────────────────────
2025-12-31 17:10:05.756 +09:00 [INF] [녹취 전송] SendRecordingComplete 시작
2025-12-31 17:10:05.756 +09:00 [INF]     recordingInfo 원본: http://orec.skbroadband.com/nas_recording/ddz/bM/2Pr/Wx/hqQ.wav
2025-12-31 17:10:05.756 +09:00 [INF]     녹취파일 다운로드 중...
2025-12-31 17:10:05.807 +09:00 [INF]     다운로드 완료: 345644 bytes (0.33 MB)
2025-12-31 17:10:05.807 +09:00 [INF]     base64 인코딩 완료: 460860 chars
2025-12-31 17:10:05.810 +09:00 [INF]     전송 URL: https://d-care-console.vercel.app/api/call-analysis/recording
2025-12-31 17:10:05.810 +09:00 [INF]     JSON 크기: 485493 bytes
2025-12-31 17:10:05.965 +09:00 [INF] [이벤트] Svc=8, Evt=0x303, Res=0x0, Dn1=, Dn2=, Ext=
2025-12-31 17:10:05.965 +09:00 [INF] ═══════════════════════════════════════════════════════
2025-12-31 17:10:05.965 +09:00 [INF] [녹취 이벤트] Service=8, EvtType=0x303, Result=0x0
2025-12-31 17:10:05.965 +09:00 [INF] [녹취 이벤트] Dn1=, Dn2=
2025-12-31 17:10:05.965 +09:00 [INF] [녹취 이벤트] ExtInfo=
2025-12-31 17:10:05.965 +09:00 [INF] ═══════════════════════════════════════════════════════
2025-12-31 17:10:05.965 +09:00 [INF] 녹취 서비스 종료
2025-12-31 17:10:06.175 +09:00 [INF] [이벤트] Svc=14, Evt=0x1, Res=0x0, Dn1=01045347560, Dn2=0315672278, Ext=20251231171005
2025-12-31 17:10:06.175 +09:00 [INF] 📴 통화 종료: 01045347560
2025-12-31 17:10:06.175 +09:00 [INF] [CallLog] end 이벤트 전송: 01045347560
2025-12-31 17:10:09.338 +09:00 [INF] ✅ 녹취 정보 전송 성공!
2025-12-31 17:10:09.338 +09:00 [INF]     응답: {"success":true,"message":"Recording received, analysis queued","analysisId":"6954da61d3f9bbcadbbb1f97","data":{"callerNumber":"010-4534-7560","calledNumber":"031-567-2278","recordingFileName":"hqQ.wav","duration":43,"status":"pending","createdAt":"2025-12-31T17:10:05.807+09:00","updatedAt":"2025-12-31T08:10:06.793Z","_id":"6954da61d3f9bbcadbbb1f97"}}
2025-12-31 17:10:09.338 +09:00 [INF] ───────────────────────────────────────────────────────
2025-12-31 17:10:09.496 +09:00 [INF] [CallLog] end 전송 성공
2025-12-31 17:24:30.709 +09:00 [INF] [이벤트] Svc=7, Evt=0x1, Res=0x0, Dn1=01095108332, Dn2=0315672278, Ext=
2025-12-31 17:24:30.709 +09:00 [INF] 📞 전화 수신: 01095108332 → 0315672278
2025-12-31 17:24:30.710 +09:00 [INF] [CallLog] ring 이벤트 전송: 01095108332
2025-12-31 17:24:32.012 +09:00 [INF] [CallLog] ring 전송 성공
2025-12-31 17:25:44.359 +09:00 [INF] [이벤트] Svc=9, Evt=0x1, Res=0x0, Dn1=01095108332, Dn2=0315672278, Ext=20251231172544
2025-12-31 17:25:44.359 +09:00 [INF] 📱 통화 연결: 01095108332
2025-12-31 17:25:44.359 +09:00 [INF] [CallLog] start 이벤트 전송: 01095108332
2025-12-31 17:25:45.599 +09:00 [INF] [CallLog] start 전송 성공
2025-12-31 18:07:19.837 +09:00 [INF] [이벤트] Svc=7, Evt=0x1, Res=0x0, Dn1=01048109914, Dn2=0315672278, Ext=
2025-12-31 18:07:19.837 +09:00 [INF] 📞 전화 수신: 01048109914 → 0315672278
2025-12-31 18:07:19.838 +09:00 [INF] [CallLog] ring 이벤트 전송: 01048109914
2025-12-31 18:07:23.151 +09:00 [INF] [CallLog] ring 전송 성공
2025-12-31 18:07:47.322 +09:00 [INF] [이벤트] Svc=8, Evt=0x304, Res=0x0, Dn1=01048109914, Dn2=0315672278, Ext=
2025-12-31 18:07:47.322 +09:00 [INF] ═══════════════════════════════════════════════════════
2025-12-31 18:07:47.323 +09:00 [INF] [녹취 이벤트] Service=8, EvtType=0x304, Result=0x0
2025-12-31 18:07:47.323 +09:00 [INF] [녹취 이벤트] Dn1=01048109914, Dn2=0315672278
2025-12-31 18:07:47.323 +09:00 [INF] [녹취 이벤트] ExtInfo=
2025-12-31 18:07:47.323 +09:00 [INF] ═══════════════════════════════════════════════════════
2025-12-31 18:07:47.323 +09:00 [INF] 🎙️ 착신녹취 준비: 01048109914 → 0315672278
2025-12-31 18:07:47.323 +09:00 [INF] 녹취 시작 요청 성공
2025-12-31 18:07:47.533 +09:00 [INF] [이벤트] Svc=13, Evt=0x1, Res=0x0, Dn1=01048109914, Dn2=0315672278, Ext=20251231180747
2025-12-31 18:07:47.533 +09:00 [INF] 📱 통화 응답: 01048109914
2025-12-31 18:07:47.533 +09:00 [INF] [CallLog] start 이벤트 전송: 01048109914
2025-12-31 18:07:47.743 +09:00 [INF] [이벤트] Svc=15, Evt=0x304, Res=0x0, Dn1=0315672278, Dn2=01048109914, Ext=called
2025-12-31 18:07:47.743 +09:00 [INF] 📱 통화 연결: 01048109914
2025-12-31 18:07:47.743 +09:00 [INF] [CallLog] start 이벤트 전송: 01048109914
2025-12-31 18:07:47.953 +09:00 [INF] [이벤트] Svc=8, Evt=0x307, Res=0x0, Dn1=, Dn2=, Ext=http://orec.skbroadband.com/nas_recording/ddz/bM/2
2025-12-31 18:07:47.953 +09:00 [INF] ═══════════════════════════════════════════════════════
2025-12-31 18:07:47.953 +09:00 [INF] [녹취 이벤트] Service=8, EvtType=0x307, Result=0x0
2025-12-31 18:07:47.953 +09:00 [INF] [녹취 이벤트] Dn1=, Dn2=
2025-12-31 18:07:47.953 +09:00 [INF] [녹취 이벤트] ExtInfo=http://orec.skbroadband.com/nas_recording/ddz/bM/2Pr/8W/W1u.wav
2025-12-31 18:07:47.953 +09:00 [INF] ═══════════════════════════════════════════════════════
2025-12-31 18:07:47.953 +09:00 [INF] 🔴 녹취 시작!
2025-12-31 18:07:47.953 +09:00 [INF]     ExtInfo(파일정보): http://orec.skbroadband.com/nas_recording/ddz/bM/2Pr/8W/W1u.wav
2025-12-31 18:07:47.953 +09:00 [INF]     ExtInfo 길이: 63
2025-12-31 18:07:47.953 +09:00 [INF]     http 포함여부: true
2025-12-31 18:07:49.682 +09:00 [INF] [CallLog] start 전송 성공
2025-12-31 18:07:49.854 +09:00 [INF] [CallLog] start 전송 성공
2025-12-31 18:08:28.889 +09:00 [INF] [이벤트] Svc=8, Evt=0x308, Res=0x0, Dn1=, Dn2=, Ext=http://orec.skbroadband.com/nas_recording/ddz/bM/2
2025-12-31 18:08:28.889 +09:00 [INF] ═══════════════════════════════════════════════════════
2025-12-31 18:08:28.889 +09:00 [INF] [녹취 이벤트] Service=8, EvtType=0x308, Result=0x0
2025-12-31 18:08:28.889 +09:00 [INF] [녹취 이벤트] Dn1=, Dn2=
2025-12-31 18:08:28.889 +09:00 [INF] [녹취 이벤트] ExtInfo=http://orec.skbroadband.com/nas_recording/ddz/bM/2Pr/8W/W1u.wav
2025-12-31 18:08:28.889 +09:00 [INF] ═══════════════════════════════════════════════════════
2025-12-31 18:08:28.889 +09:00 [INF] ⏹️ 녹취 완료!
2025-12-31 18:08:28.889 +09:00 [INF]     ExtInfo(파일정보): http://orec.skbroadband.com/nas_recording/ddz/bM/2Pr/8W/W1u.wav
2025-12-31 18:08:28.889 +09:00 [INF]     ExtInfo 길이: 63
2025-12-31 18:08:28.889 +09:00 [INF]     http:// 포함: true
2025-12-31 18:08:28.889 +09:00 [INF]     https:// 포함: false
2025-12-31 18:08:28.889 +09:00 [INF]     통화시간: 41초
2025-12-31 18:08:28.889 +09:00 [INF]     발신번호: 01048109914
2025-12-31 18:08:28.889 +09:00 [INF]     수신번호: 0315672278
2025-12-31 18:08:28.889 +09:00 [INF] ───────────────────────────────────────────────────────
2025-12-31 18:08:28.889 +09:00 [INF] [녹취 전송] SendRecordingComplete 시작
2025-12-31 18:08:28.889 +09:00 [INF]     recordingInfo 원본: http://orec.skbroadband.com/nas_recording/ddz/bM/2Pr/8W/W1u.wav
2025-12-31 18:08:28.889 +09:00 [INF]     녹취파일 다운로드 중...
2025-12-31 18:08:28.933 +09:00 [INF]     다운로드 완료: 329164 bytes (0.31 MB)
2025-12-31 18:08:28.933 +09:00 [INF]     base64 인코딩 완료: 438888 chars
2025-12-31 18:08:28.935 +09:00 [INF]     전송 URL: https://d-care-console.vercel.app/api/call-analysis/recording
2025-12-31 18:08:28.935 +09:00 [INF]     JSON 크기: 459936 bytes
2025-12-31 18:08:29.098 +09:00 [INF] [이벤트] Svc=8, Evt=0x303, Res=0x0, Dn1=, Dn2=, Ext=
2025-12-31 18:08:29.098 +09:00 [INF] ═══════════════════════════════════════════════════════
2025-12-31 18:08:29.099 +09:00 [INF] [녹취 이벤트] Service=8, EvtType=0x303, Result=0x0
2025-12-31 18:08:29.099 +09:00 [INF] [녹취 이벤트] Dn1=, Dn2=
2025-12-31 18:08:29.099 +09:00 [INF] [녹취 이벤트] ExtInfo=
2025-12-31 18:08:29.099 +09:00 [INF] ═══════════════════════════════════════════════════════
2025-12-31 18:08:29.099 +09:00 [INF] 녹취 서비스 종료
2025-12-31 18:08:29.308 +09:00 [INF] [이벤트] Svc=14, Evt=0x1, Res=0x0, Dn1=01048109914, Dn2=0315672278, Ext=20251231180828
2025-12-31 18:08:29.308 +09:00 [INF] 📴 통화 종료: 01048109914
2025-12-31 18:08:29.308 +09:00 [INF] [CallLog] end 이벤트 전송: 01048109914
2025-12-31 18:08:31.363 +09:00 [INF] [CallLog] end 전송 성공
2025-12-31 18:08:32.715 +09:00 [INF] ✅ 녹취 정보 전송 성공!
2025-12-31 18:08:32.715 +09:00 [INF]     응답: {"success":true,"message":"Recording received, analysis queued","analysisId":"6954e81016c938a6a14c6fd8","data":{"callLogId":"6954e7cad6e48cdb79356adb","callerNumber":"010-4810-9914","calledNumber":"031-567-2278","recordingFileName":"W1u.wav","duration":41,"status":"pending","patientId":"685e066510917f4bfa62b8ac","patientName":"김나연","createdAt":"2025-12-31T18:08:28.933+09:00","updatedAt":"2025-12-31T09:08:29.389Z","_id":"6954e81016c938a6a14c6fd8"}}
2025-12-31 18:08:32.715 +09:00 [INF] ───────────────────────────────────────────────────────
2025-12-31 18:13:27.047 +09:00 [INF] [이벤트] Svc=7, Evt=0x1, Res=0x0, Dn1=01074478706, Dn2=0315672278, Ext=
2025-12-31 18:13:27.047 +09:00 [INF] 📞 전화 수신: 01074478706 → 0315672278
2025-12-31 18:13:27.048 +09:00 [INF] [CallLog] ring 이벤트 전송: 01074478706
2025-12-31 18:13:28.747 +09:00 [INF] [CallLog] ring 전송 성공
2025-12-31 18:14:15.730 +09:00 [INF] [이벤트] Svc=9, Evt=0x1, Res=0x0, Dn1=01074478706, Dn2=0315672278, Ext=20251231181415
2025-12-31 18:14:15.730 +09:00 [INF] 📱 통화 연결: 01074478706
2025-12-31 18:14:15.730 +09:00 [INF] [CallLog] start 이벤트 전송: 01074478706
2025-12-31 18:14:16.933 +09:00 [INF] [CallLog] start 전송 성공
2025-12-31 18:15:34.640 +09:00 [INF] [이벤트] Svc=7, Evt=0x1, Res=0x0, Dn1=01074478706, Dn2=0315672278, Ext=
2025-12-31 18:15:34.640 +09:00 [INF] 📞 전화 수신: 01074478706 → 0315672278
2025-12-31 18:15:34.641 +09:00 [INF] [CallLog] ring 이벤트 전송: 01074478706
2025-12-31 18:15:36.318 +09:00 [INF] [CallLog] ring 전송 성공
2025-12-31 18:16:02.127 +09:00 [INF] [이벤트] Svc=9, Evt=0x1, Res=0x0, Dn1=01074478706, Dn2=0315672278, Ext=20251231181601
2025-12-31 18:16:02.127 +09:00 [INF] 📱 통화 연결: 01074478706
2025-12-31 18:16:02.127 +09:00 [INF] [CallLog] start 이벤트 전송: 01074478706
2025-12-31 18:16:03.383 +09:00 [INF] [CallLog] start 전송 성공
2025-12-31 18:16:05.487 +09:00 [INF] [이벤트] Svc=7, Evt=0x1, Res=0x0, Dn1=01074478706, Dn2=0315672278, Ext=
2025-12-31 18:16:05.487 +09:00 [INF] 📞 전화 수신: 01074478706 → 0315672278
2025-12-31 18:16:05.487 +09:00 [INF] [CallLog] ring 이벤트 전송: 01074478706
2025-12-31 18:16:07.135 +09:00 [INF] [CallLog] ring 전송 성공
2025-12-31 18:16:13.885 +09:00 [INF] [이벤트] Svc=8, Evt=0x304, Res=0x0, Dn1=01074478706, Dn2=0315672278, Ext=
2025-12-31 18:16:13.885 +09:00 [INF] ═══════════════════════════════════════════════════════
2025-12-31 18:16:13.885 +09:00 [INF] [녹취 이벤트] Service=8, EvtType=0x304, Result=0x0
2025-12-31 18:16:13.885 +09:00 [INF] [녹취 이벤트] Dn1=01074478706, Dn2=0315672278
2025-12-31 18:16:13.885 +09:00 [INF] [녹취 이벤트] ExtInfo=
2025-12-31 18:16:13.885 +09:00 [INF] ═══════════════════════════════════════════════════════
2025-12-31 18:16:13.885 +09:00 [INF] 🎙️ 착신녹취 준비: 01074478706 → 0315672278
2025-12-31 18:16:13.885 +09:00 [INF] 녹취 시작 요청 성공
2025-12-31 18:16:14.094 +09:00 [INF] [이벤트] Svc=13, Evt=0x1, Res=0x0, Dn1=01074478706, Dn2=0315672278, Ext=20251231181613
2025-12-31 18:16:14.094 +09:00 [INF] 📱 통화 응답: 01074478706
2025-12-31 18:16:14.094 +09:00 [INF] [CallLog] start 이벤트 전송: 01074478706
2025-12-31 18:16:14.304 +09:00 [INF] [이벤트] Svc=8, Evt=0x307, Res=0x0, Dn1=, Dn2=, Ext=http://orec.skbroadband.com/nas_recording/ddz/bM/2
2025-12-31 18:16:14.304 +09:00 [INF] ═══════════════════════════════════════════════════════
2025-12-31 18:16:14.304 +09:00 [INF] [녹취 이벤트] Service=8, EvtType=0x307, Result=0x0
2025-12-31 18:16:14.304 +09:00 [INF] [녹취 이벤트] Dn1=, Dn2=
2025-12-31 18:16:14.304 +09:00 [INF] [녹취 이벤트] ExtInfo=http://orec.skbroadband.com/nas_recording/ddz/bM/2Pr/42/krI.wav
2025-12-31 18:16:14.304 +09:00 [INF] ═══════════════════════════════════════════════════════
2025-12-31 18:16:14.304 +09:00 [INF] 🔴 녹취 시작!
2025-12-31 18:16:14.304 +09:00 [INF]     ExtInfo(파일정보): http://orec.skbroadband.com/nas_recording/ddz/bM/2Pr/42/krI.wav
2025-12-31 18:16:14.304 +09:00 [INF]     ExtInfo 길이: 63
2025-12-31 18:16:14.304 +09:00 [INF]     http 포함여부: true
2025-12-31 18:16:15.307 +09:00 [INF] [CallLog] start 전송 성공
2025-12-31 18:16:56.278 +09:00 [INF] [이벤트] Svc=8, Evt=0x308, Res=0x0, Dn1=, Dn2=, Ext=http://orec.skbroadband.com/nas_recording/ddz/bM/2
2025-12-31 18:16:56.278 +09:00 [INF] ═══════════════════════════════════════════════════════
2025-12-31 18:16:56.278 +09:00 [INF] [녹취 이벤트] Service=8, EvtType=0x308, Result=0x0
2025-12-31 18:16:56.278 +09:00 [INF] [녹취 이벤트] Dn1=, Dn2=
2025-12-31 18:16:56.278 +09:00 [INF] [녹취 이벤트] ExtInfo=http://orec.skbroadband.com/nas_recording/ddz/bM/2Pr/42/krI.wav
2025-12-31 18:16:56.278 +09:00 [INF] ═══════════════════════════════════════════════════════
2025-12-31 18:16:56.278 +09:00 [INF] ⏹️ 녹취 완료!
2025-12-31 18:16:56.278 +09:00 [INF]     ExtInfo(파일정보): http://orec.skbroadband.com/nas_recording/ddz/bM/2Pr/42/krI.wav
2025-12-31 18:16:56.279 +09:00 [INF]     ExtInfo 길이: 63
2025-12-31 18:16:56.279 +09:00 [INF]     http:// 포함: true
2025-12-31 18:16:56.279 +09:00 [INF]     https:// 포함: false
2025-12-31 18:16:56.279 +09:00 [INF]     통화시간: 42초
2025-12-31 18:16:56.279 +09:00 [INF]     발신번호: 01074478706
2025-12-31 18:16:56.279 +09:00 [INF]     수신번호: 0315672278
2025-12-31 18:16:56.279 +09:00 [INF] ───────────────────────────────────────────────────────
2025-12-31 18:16:56.279 +09:00 [INF] [녹취 전송] SendRecordingComplete 시작
2025-12-31 18:16:56.279 +09:00 [INF]     recordingInfo 원본: http://orec.skbroadband.com/nas_recording/ddz/bM/2Pr/42/krI.wav
2025-12-31 18:16:56.279 +09:00 [INF]     녹취파일 다운로드 중...
2025-12-31 18:16:56.327 +09:00 [INF]     다운로드 완료: 334764 bytes (0.32 MB)
2025-12-31 18:16:56.327 +09:00 [INF]     base64 인코딩 완료: 446352 chars
2025-12-31 18:16:56.330 +09:00 [INF]     전송 URL: https://d-care-console.vercel.app/api/call-analysis/recording
2025-12-31 18:16:56.330 +09:00 [INF]     JSON 크기: 467840 bytes
2025-12-31 18:16:56.487 +09:00 [INF] [이벤트] Svc=14, Evt=0x1, Res=0x0, Dn1=01074478706, Dn2=0315672278, Ext=20251231181655
2025-12-31 18:16:56.488 +09:00 [INF] 📴 통화 종료: 01074478706
2025-12-31 18:16:56.488 +09:00 [INF] [CallLog] end 이벤트 전송: 01074478706
2025-12-31 18:16:56.697 +09:00 [INF] [이벤트] Svc=8, Evt=0x303, Res=0x0, Dn1=, Dn2=, Ext=
2025-12-31 18:16:56.697 +09:00 [INF] ═══════════════════════════════════════════════════════
2025-12-31 18:16:56.697 +09:00 [INF] [녹취 이벤트] Service=8, EvtType=0x303, Result=0x0
2025-12-31 18:16:56.697 +09:00 [INF] [녹취 이벤트] Dn1=, Dn2=
2025-12-31 18:16:56.697 +09:00 [INF] [녹취 이벤트] ExtInfo=
2025-12-31 18:16:56.697 +09:00 [INF] ═══════════════════════════════════════════════════════
2025-12-31 18:16:56.697 +09:00 [INF] 녹취 서비스 종료
2025-12-31 18:16:58.640 +09:00 [INF] [CallLog] end 전송 성공
2025-12-31 18:16:59.546 +09:00 [INF] ✅ 녹취 정보 전송 성공!
2025-12-31 18:16:59.546 +09:00 [INF]     응답: {"success":true,"message":"Recording received, analysis queued","analysisId":"6954ea0a40e4b3b3072bc134","data":{"callLogId":"6954e9d640e4b3b3072bc132","callerNumber":"010-7447-8706","calledNumber":"031-567-2278","recordingFileName":"krI.wav","duration":42,"status":"pending","createdAt":"2025-12-31T18:16:56.327+09:00","updatedAt":"2025-12-31T09:16:57.333Z","_id":"6954ea0a40e4b3b3072bc134"}}
2025-12-31 18:16:59.546 +09:00 [INF] ───────────────────────────────────────────────────────
2025-12-31 18:26:46.558 +09:00 [INF] [이벤트] Svc=11, Evt=0x1, Res=0x0, Dn1=0315672278, Dn2=0104366129, Ext=20251231182646
2025-12-31 18:26:46.558 +09:00 [INF] 📴 통화 종료: 0104366129
2025-12-31 18:26:46.558 +09:00 [INF] [CallLog] end 이벤트 전송: 0104366129
2025-12-31 18:26:46.768 +09:00 [INF] [이벤트] Svc=12, Evt=0x1, Res=0x0, Dn1=0315672278, Dn2=0104366129, Ext=20251231182646
2025-12-31 18:26:46.768 +09:00 [INF] ❌ 부재중: 0315672278
2025-12-31 18:26:46.768 +09:00 [INF] [CallLog] missed 이벤트 전송: 0315672278
2025-12-31 18:26:48.729 +09:00 [INF] [CallLog] end 전송 성공
2025-12-31 18:26:48.841 +09:00 [INF] [CallLog] missed 전송 성공
2025-12-31 18:27:52.868 +09:00 [INF] [이벤트] Svc=11, Evt=0x1, Res=0x0, Dn1=0315672278, Dn2=01043661260, Ext=20251231182752
2025-12-31 18:27:52.869 +09:00 [INF] 📴 통화 종료: 01043661260
2025-12-31 18:27:52.869 +09:00 [INF] [CallLog] end 이벤트 전송: 01043661260
2025-12-31 18:27:53.078 +09:00 [INF] [이벤트] Svc=12, Evt=0x1, Res=0x0, Dn1=0315672278, Dn2=01043661260, Ext=20251231182752
2025-12-31 18:27:53.078 +09:00 [INF] ❌ 부재중: 0315672278
2025-12-31 18:27:53.078 +09:00 [INF] [CallLog] missed 이벤트 전송: 0315672278
2025-12-31 18:27:55.070 +09:00 [INF] [CallLog] end 전송 성공
2025-12-31 18:27:55.224 +09:00 [INF] [CallLog] missed 전송 성공
2025-12-31 23:41:55.748 +09:00 [INF] CTI Bridge 서비스 종료 중...
2025-12-31 23:41:55.797 +09:00 [INF] [이벤트] Svc=30, Evt=0x105, Res=0x0, Dn1=, Dn2=, Ext=
2025-12-31 23:41:56.146 +09:00 [INF] CTI Bridge 서비스 종료됨
