2025-12-29 22:41:00.406 +09:00 [INF] CTI Bridge 서비스 시작 중...
2025-12-29 22:41:01.066 +09:00 [INF] CTI Bridge 서비스 시작 중...
2025-12-29 22:41:01.076 +09:00 [INF] 설정 파일에서 URL 로드: https://d-care-console.vercel.app
2025-12-29 22:41:01.083 +09:00 [INF] CTI Bridge 서비스 실행 시작
2025-12-29 22:41:01.086 +09:00 [INF] SK CTI API 초기화 중...
2025-12-29 22:41:01.112 +09:00 [INF] CTI 초기화 성공
2025-12-29 22:41:01.330 +09:00 [INF] [이벤트] Svc=30, Evt=0x101, Res=0x0, Dn1=, Dn2=, Ext=
2025-12-29 22:41:01.331 +09:00 [INF] 서버 연결됨
2025-12-29 22:42:01.353 +09:00 [INF] 로그인 2차 재시도...
2025-12-29 22:42:03.074 +09:00 [INF] [이벤트] Svc=30, Evt=0x104, Res=0x0, Dn1=, Dn2=, Ext=
2025-12-29 22:42:03.075 +09:00 [INF] 로그인 완료
2025-12-29 22:42:03.226 +09:00 [INF] [이벤트] Svc=22, Evt=0x1, Res=0x0, Dn1=, Dn2=, Ext=
2025-12-29 22:42:08.312 +09:00 [INF] CTI 로그인 성공
2025-12-29 22:52:20.934 +09:00 [INF] [이벤트] Svc=7, Evt=0x1, Res=0x0, Dn1=01030511241, Dn2=0315672278, Ext=
2025-12-29 22:52:20.934 +09:00 [INF] 📞 전화 수신: 01030511241 → 0315672278
2025-12-29 22:52:21.170 +09:00 [INF] [CallLog] ring 이벤트 전송: 01030511241
2025-12-29 22:52:32.390 +09:00 [INF] [이벤트] Svc=9, Evt=0x1, Res=0x0, Dn1=01030511241, Dn2=0315672278, Ext=20251229225230
2025-12-29 22:52:32.391 +09:00 [INF] 📱 통화 연결: 01030511241
2025-12-29 22:52:32.391 +09:00 [INF] [CallLog] start 이벤트 전송: 01030511241
2025-12-29 22:52:33.919 +09:00 [INF] [CallLog] ring 전송 성공
2025-12-29 22:52:44.867 +09:00 [INF] [CallLog] start 전송 성공
2025-12-29 23:46:10.397 +09:00 [INF] CTI Bridge 서비스 종료 중...
2025-12-29 23:46:10.554 +09:00 [INF] CTI Bridge 서비스 종료됨
