2026-02-02 09:24:31.722 +09:00 [INF] [이벤트] Svc=7, Evt=0x1, Res=0x0, Dn1=01072730316, Dn2=07047414202, Ext=
2026-02-02 09:24:31.865 +09:00 [INF] 📞 전화 수신: 01072730316 → 07047414202
2026-02-02 09:24:31.898 +09:00 [INF] 📞 [신규 수신] ring 이벤트 생성: 01072730316 → 07047414202
2026-02-02 09:24:31.898 +09:00 [INF] [이벤트] Svc=7, Evt=0x1, Res=0x0, Dn1=01072730316, Dn2=0315672278, Ext=
2026-02-02 09:24:31.898 +09:00 [INF] 📞 전화 수신: 01072730316 → 0315672278
2026-02-02 09:24:34.440 +09:00 [INF] [SendWorker] 전송 성공: "IncomingCall" 01072730316 (시도 1)
2026-02-02 09:24:36.243 +09:00 [INF] [SendWorker] 전송 성공: "CallLog" 01072730316 (시도 1)
2026-02-02 09:24:37.817 +09:00 [INF] [SendWorker] 전송 성공: "IncomingCall" 01072730316 (시도 1)
2026-02-02 09:24:46.921 +09:00 [INF] [이벤트] Svc=9, Evt=0x1, Res=0x0, Dn1=01072730316, Dn2=0315672278, Ext=20260202092446
2026-02-02 09:24:46.921 +09:00 [INF] 📱 통화 연결: 01072730316 → 0315672278 (착신번호 확정)
2026-02-02 09:24:46.921 +09:00 [INF] [이벤트] Svc=9, Evt=0x1, Res=0x0, Dn1=01072730316, Dn2=07047414202, Ext=20260202092446
2026-02-02 09:24:49.058 +09:00 [INF] [SendWorker] 전송 성공: "CallLog" 01072730316 (시도 1)
2026-02-02 09:26:26.614 +09:00 [INF] [이벤트] Svc=7, Evt=0x1, Res=0x0, Dn1=01053571261, Dn2=0315672278, Ext=
2026-02-02 09:26:26.614 +09:00 [INF] 📞 전화 수신: 01053571261 → 0315672278
2026-02-02 09:26:26.614 +09:00 [INF] 📞 [신규 수신] ring 이벤트 생성: 01053571261 → 0315672278
2026-02-02 09:26:26.721 +09:00 [INF] [이벤트] Svc=7, Evt=0x1, Res=0x0, Dn1=01053571261, Dn2=07047414202, Ext=
2026-02-02 09:26:26.721 +09:00 [INF] 📞 전화 수신: 01053571261 → 07047414202
2026-02-02 09:26:28.477 +09:00 [INF] [SendWorker] 전송 성공: "IncomingCall" 01053571261 (시도 1)
2026-02-02 09:26:29.950 +09:00 [INF] [SendWorker] 전송 성공: "CallLog" 01053571261 (시도 1)
2026-02-02 09:26:31.508 +09:00 [INF] [SendWorker] 전송 성공: "IncomingCall" 01053571261 (시도 1)
2026-02-02 09:26:52.901 +09:00 [INF] [이벤트] Svc=9, Evt=0x1, Res=0x0, Dn1=01053571261, Dn2=07047414202, Ext=20260202092652
2026-02-02 09:26:52.901 +09:00 [INF] 📱 통화 연결: 01053571261 → 07047414202 (착신번호 확정)
2026-02-02 09:26:53.006 +09:00 [INF] [이벤트] Svc=15, Evt=0x304, Res=0x0, Dn1=0315672278, Dn2=01053571261, Ext=called
2026-02-02 09:26:53.423 +09:00 [INF] [이벤트] Svc=13, Evt=0x1, Res=0x0, Dn1=01053571261, Dn2=0315672278, Ext=20260202092652
2026-02-02 09:26:53.423 +09:00 [INF] [이벤트] Svc=8, Evt=0x304, Res=0x0, Dn1=01053571261, Dn2=0315672278, Ext=
2026-02-02 09:26:53.424 +09:00 [INF] ═══════════════════════════════════════════════════════
2026-02-02 09:26:53.424 +09:00 [INF] [녹취 이벤트] Service=8, EvtType=0x304, Result=0x0
2026-02-02 09:26:53.424 +09:00 [INF] [녹취 이벤트] Dn1=01053571261, Dn2=0315672278
2026-02-02 09:26:53.424 +09:00 [INF] [녹취 이벤트] ExtInfo=
2026-02-02 09:26:53.424 +09:00 [INF] ═══════════════════════════════════════════════════════
2026-02-02 09:26:53.424 +09:00 [INF] 🎙️ 착신녹취 준비: 01053571261 → 0315672278
2026-02-02 09:26:53.424 +09:00 [INF] 녹취 시작 요청 성공
2026-02-02 09:26:53.855 +09:00 [INF] [이벤트] Svc=8, Evt=0x307, Res=0x0, Dn1=, Dn2=, Ext=http://orec.skbroadband.com/nas_recording/ddz/bM/2
2026-02-02 09:26:53.855 +09:00 [INF] ═══════════════════════════════════════════════════════
2026-02-02 09:26:53.855 +09:00 [INF] [녹취 이벤트] Service=8, EvtType=0x307, Result=0x0
2026-02-02 09:26:53.855 +09:00 [INF] [녹취 이벤트] Dn1=, Dn2=
2026-02-02 09:26:53.855 +09:00 [INF] [녹취 이벤트] ExtInfo=http://orec.skbroadband.com/nas_recording/ddz/bM/2PM/jf/2r_.wav
2026-02-02 09:26:53.855 +09:00 [INF] ═══════════════════════════════════════════════════════
2026-02-02 09:26:53.855 +09:00 [INF] 🔴 녹취 시작!
2026-02-02 09:26:55.082 +09:00 [INF] [SendWorker] 전송 성공: "CallLog" 01053571261 (시도 1)
2026-02-02 09:28:23.285 +09:00 [INF] [이벤트] Svc=14, Evt=0x1, Res=0x0, Dn1=01053571261, Dn2=0315672278, Ext=20260202092822
2026-02-02 09:28:23.286 +09:00 [INF] [이벤트] Svc=8, Evt=0x308, Res=0x0, Dn1=, Dn2=, Ext=http://orec.skbroadband.com/nas_recording/ddz/bM/2
2026-02-02 09:28:23.286 +09:00 [INF] ═══════════════════════════════════════════════════════
2026-02-02 09:28:23.286 +09:00 [INF] [녹취 이벤트] Service=8, EvtType=0x308, Result=0x0
2026-02-02 09:28:23.286 +09:00 [INF] [녹취 이벤트] Dn1=, Dn2=
2026-02-02 09:28:23.286 +09:00 [INF] [녹취 이벤트] ExtInfo=http://orec.skbroadband.com/nas_recording/ddz/bM/2PM/jf/2r_.wav
2026-02-02 09:28:23.286 +09:00 [INF] ═══════════════════════════════════════════════════════
2026-02-02 09:28:23.286 +09:00 [INF] ⏹️ 녹취 완료! 통화시간: 89초
2026-02-02 09:28:23.286 +09:00 [INF] [이벤트] Svc=8, Evt=0x303, Res=0x0, Dn1=, Dn2=, Ext=
2026-02-02 09:28:23.286 +09:00 [INF] ═══════════════════════════════════════════════════════
2026-02-02 09:28:23.286 +09:00 [INF] [녹취 이벤트] Service=8, EvtType=0x303, Result=0x0
2026-02-02 09:28:23.286 +09:00 [INF] [녹취 이벤트] Dn1=, Dn2=
2026-02-02 09:28:23.286 +09:00 [INF] [녹취 이벤트] ExtInfo=
2026-02-02 09:28:23.286 +09:00 [INF] ═══════════════════════════════════════════════════════
2026-02-02 09:28:23.286 +09:00 [INF] 녹취 서비스 종료
2026-02-02 09:28:23.347 +09:00 [INF] [Recording] 녹취 전송 시작: 01053571261
2026-02-02 09:28:23.455 +09:00 [INF] [Recording] 다운로드 완료: 715884 bytes
2026-02-02 09:28:23.457 +09:00 [INF] [Recording] Base64 변환: 715884 bytes → 954512 chars
2026-02-02 09:28:28.116 +09:00 [INF] [Recording] 전송 성공!
2026-02-02 09:28:28.116 +09:00 [INF] [SendWorker] 전송 성공: "Recording" 01053571261 (시도 1)
2026-02-02 09:36:57.671 +09:00 [INF] [HTTP] GET /api/status
2026-02-02 09:37:02.673 +09:00 [INF] [HTTP] GET /api/status
2026-02-02 09:37:07.675 +09:00 [INF] [HTTP] GET /api/status
2026-02-02 09:37:12.681 +09:00 [INF] [HTTP] GET /api/status
2026-02-02 09:37:17.673 +09:00 [INF] [HTTP] GET /api/status
2026-02-02 09:37:22.676 +09:00 [INF] [HTTP] GET /api/status
2026-02-02 09:37:27.681 +09:00 [INF] [HTTP] GET /api/status
2026-02-02 09:37:32.679 +09:00 [INF] [HTTP] GET /api/status
2026-02-02 09:37:37.681 +09:00 [INF] [HTTP] GET /api/status
2026-02-02 09:37:42.677 +09:00 [INF] [HTTP] GET /api/status
2026-02-02 09:37:43.587 +09:00 [INF] CTI Bridge 서비스 종료 중...
2026-02-02 09:37:43.612 +09:00 [INF] HTTP 서버 종료됨
2026-02-02 09:37:43.618 +09:00 [INF] [SendWorker] 전송 워커 종료
2026-02-02 09:37:43.618 +09:00 [INF] CTI Bridge 서비스 종료됨
