2026-01-18 08:45:09.507 +09:00 [INF] CTI Bridge 서비스 시작 중...
2026-01-18 08:45:11.326 +09:00 [INF] CTI Bridge 서비스 시작 중...
2026-01-18 08:45:11.333 +09:00 [INF] 설정 파일에서 URL 로드: https://d-care-console.vercel.app
2026-01-18 08:45:11.709 +09:00 [INF] ═══════════════════════════════════════════════════════
2026-01-18 08:45:11.709 +09:00 [INF] 📡 HTTP 서버 시작: http://localhost:5080/
2026-01-18 08:45:11.710 +09:00 [INF]    발신 요청: POST /api/click-call
2026-01-18 08:45:11.710 +09:00 [INF]    상태 조회: GET /api/status
2026-01-18 08:45:11.710 +09:00 [INF] ═══════════════════════════════════════════════════════
2026-01-18 08:45:11.716 +09:00 [INF] CTI Bridge 서비스 실행 시작
2026-01-18 08:45:11.720 +09:00 [INF] SK CTI API 초기화 중...
2026-01-18 08:45:11.921 +09:00 [INF] CTI 초기화 성공
2026-01-18 08:45:12.146 +09:00 [INF] [이벤트] Svc=30, Evt=0x101, Res=0x0, Dn1=, Dn2=, Ext=
2026-01-18 08:45:12.146 +09:00 [INF] 서버 연결됨
2026-01-18 08:46:12.196 +09:00 [INF] 로그인 2차 재시도...
2026-01-18 08:46:13.912 +09:00 [INF] [이벤트] Svc=30, Evt=0x104, Res=0x0, Dn1=, Dn2=, Ext=
2026-01-18 08:46:13.912 +09:00 [INF] 로그인 완료
2026-01-18 08:46:13.912 +09:00 [INF] [이벤트] Svc=22, Evt=0x1, Res=0x0, Dn1=, Dn2=, Ext=
2026-01-18 08:46:19.194 +09:00 [INF] CTI 로그인 성공
2026-01-18 08:46:19.195 +09:00 [INF] ═══════════════════════════════════════════════════════
2026-01-18 08:46:19.195 +09:00 [INF] 📋 Sub DN 목록 조회 시작 (가입자 소속 전화번호 확인)
2026-01-18 08:46:19.195 +09:00 [INF] 📋 Sub DN 목록 조회 요청 성공 - EVT_SUBS_DN_QRY(0x0107) 응답 대기
2026-01-18 08:46:19.195 +09:00 [INF] ═══════════════════════════════════════════════════════
2026-01-18 08:46:19.704 +09:00 [INF] ═══════════════════════════════════════════════════════
2026-01-18 08:46:19.704 +09:00 [INF] 📞 070 모니터링 번호 등록 시작
2026-01-18 08:46:19.704 +09:00 [INF] ✅ 070 모니터링 등록 요청 성공! (07047414202)
2026-01-18 08:46:19.704 +09:00 [INF]    → 070의 기본 사용자가 로그아웃/부재중일 때 이벤트 수신 가능
2026-01-18 08:46:19.704 +09:00 [INF] 📋 모니터링 목록 조회 요청 성공
2026-01-18 08:46:19.704 +09:00 [INF] ═══════════════════════════════════════════════════════
2026-01-18 08:46:19.705 +09:00 [INF] [이벤트] Svc=30, Evt=0x107, Res=0x0, Dn1=, Dn2=, Ext=07047414202
2026-01-18 08:46:19.705 +09:00 [INF] ═══════════════════════════════════════════════════════
2026-01-18 08:46:19.705 +09:00 [INF] 📋 [Sub DN 목록 응답] EVT_SUBS_DN_QRY (0x0107)
2026-01-18 08:46:19.705 +09:00 [INF] 📋 Result: 0x0
2026-01-18 08:46:19.705 +09:00 [INF] 📋 Dn1: 
2026-01-18 08:46:19.705 +09:00 [INF] 📋 Dn2: 
2026-01-18 08:46:19.705 +09:00 [INF] 📋 ExtInfo: 07047414202
2026-01-18 08:46:19.705 +09:00 [INF] ═══════════════════════════════════════════════════════
2026-01-18 08:46:19.706 +09:00 [INF] ✅ 070 번호가 Sub DN 목록에 포함되어 있습니다!
2026-01-18 08:46:19.708 +09:00 [INF] [SendWorker] 전송 워커 시작
2026-01-18 08:46:19.869 +09:00 [INF] [이벤트] Svc=30, Evt=0x109, Res=0x7000, Dn1=, Dn2=, Ext=07047414202
2026-01-18 08:46:19.869 +09:00 [INF] [이벤트] Svc=30, Evt=0x108, Res=0x0, Dn1=, Dn2=, Ext=07047414202
2026-01-18 10:34:58.824 +09:00 [INF] [HTTP] GET /api/status
2026-01-18 10:35:03.670 +09:00 [INF] [HTTP] GET /api/status
2026-01-18 10:35:08.682 +09:00 [INF] [HTTP] GET /api/status
2026-01-18 10:35:13.533 +09:00 [INF] [HTTP] POST /api/click-call
2026-01-18 10:35:13.580 +09:00 [INF] [ClickCall] 발신 요청: {"phoneNumber":"01030511241"}
2026-01-18 10:35:13.617 +09:00 [INF] ═══════════════════════════════════════════════════════
2026-01-18 10:35:13.617 +09:00 [INF] 📞 [ClickCall] 발신 시작
2026-01-18 10:35:13.617 +09:00 [INF]    발신자 (치과): 로그인 계정 기본번호 사용
2026-01-18 10:35:13.617 +09:00 [INF]    착신자 (환자): 01030511241
2026-01-18 10:35:13.617 +09:00 [INF] ═══════════════════════════════════════════════════════
2026-01-18 10:35:13.622 +09:00 [INF] ✅ [ClickCall] 시작 성공 - 치과 전화기가 울립니다!
2026-01-18 10:35:13.622 +09:00 [INF]    → 환자(01030511241)에게 전화를 겁니다
2026-01-18 10:35:13.670 +09:00 [INF] [HTTP] GET /api/status
2026-01-18 10:35:13.684 +09:00 [INF] [이벤트] Svc=1, Evt=0x302, Res=0x0, Dn1=07047413805, Dn2=01030511241, Ext=
2026-01-18 10:35:13.685 +09:00 [INF] ═══════════════════════════════════════════════════════
2026-01-18 10:35:13.685 +09:00 [INF] [ClickCall 이벤트] Service=1, EvtType=0x302, Result=0x0
2026-01-18 10:35:13.685 +09:00 [INF] [ClickCall 이벤트] Dn1=07047413805, Dn2=01030511241
2026-01-18 10:35:13.685 +09:00 [INF] [ClickCall 이벤트] ExtInfo=
2026-01-18 10:35:13.685 +09:00 [INF] ═══════════════════════════════════════════════════════
2026-01-18 10:35:18.683 +09:00 [INF] [HTTP] GET /api/status
2026-01-18 10:35:20.104 +09:00 [INF] [SendWorker] 전송 성공: "OutgoingCall" 01030511241 (시도 1)
2026-01-18 10:35:23.758 +09:00 [INF] [HTTP] GET /api/status
2026-01-18 10:35:28.755 +09:00 [INF] [HTTP] GET /api/status
2026-01-18 10:35:33.744 +09:00 [INF] [HTTP] GET /api/status
2026-01-18 10:35:38.755 +09:00 [INF] [HTTP] GET /api/status
2026-01-18 10:35:43.826 +09:00 [INF] [HTTP] GET /api/status
2026-01-18 10:35:48.827 +09:00 [INF] [HTTP] GET /api/status
2026-01-18 10:35:53.821 +09:00 [INF] [HTTP] GET /api/status
2026-01-18 10:35:58.817 +09:00 [INF] [HTTP] GET /api/status
2026-01-18 10:36:03.819 +09:00 [INF] [HTTP] GET /api/status
2026-01-18 10:36:08.849 +09:00 [INF] [HTTP] GET /api/status
2026-01-18 10:36:13.828 +09:00 [INF] [HTTP] GET /api/status
2026-01-18 10:36:18.820 +09:00 [INF] [HTTP] GET /api/status
2026-01-18 10:36:23.829 +09:00 [INF] [HTTP] GET /api/status
2026-01-18 10:36:28.819 +09:00 [INF] [HTTP] GET /api/status
2026-01-18 10:36:33.824 +09:00 [INF] [HTTP] GET /api/status
2026-01-18 10:36:38.821 +09:00 [INF] [HTTP] GET /api/status
2026-01-18 10:36:43.817 +09:00 [INF] [HTTP] GET /api/status
2026-01-18 10:36:48.820 +09:00 [INF] [HTTP] GET /api/status
2026-01-18 10:36:53.818 +09:00 [INF] [HTTP] GET /api/status
2026-01-18 10:36:58.818 +09:00 [INF] [HTTP] GET /api/status
2026-01-18 10:37:03.820 +09:00 [INF] [HTTP] GET /api/status
2026-01-18 10:37:08.818 +09:00 [INF] [HTTP] GET /api/status
2026-01-18 10:37:13.762 +09:00 [INF] [이벤트] Svc=11, Evt=0x1, Res=0x0, Dn1=07047413805, Dn2=01030511241, Ext=20260118103713
2026-01-18 10:37:13.763 +09:00 [INF] 📱 통화 시작: 07047413805 → 01030511241 (착신번호 확정)
2026-01-18 10:37:13.763 +09:00 [INF] [이벤트] Svc=1, Evt=0x303, Res=0x800C, Dn1=01030511241, Dn2=, Ext=number=0315672278:status=NoAnswer^number=010305112
2026-01-18 10:37:13.763 +09:00 [INF] ═══════════════════════════════════════════════════════
2026-01-18 10:37:13.763 +09:00 [INF] [ClickCall 이벤트] Service=1, EvtType=0x303, Result=0x800C
2026-01-18 10:37:13.763 +09:00 [INF] [ClickCall 이벤트] Dn1=01030511241, Dn2=
2026-01-18 10:37:13.763 +09:00 [INF] [ClickCall 이벤트] ExtInfo=number=0315672278:status=NoAnswer^number=01030511241:status=ServiceCancel
2026-01-18 10:37:13.763 +09:00 [INF] ═══════════════════════════════════════════════════════
2026-01-18 10:37:13.824 +09:00 [INF] [HTTP] GET /api/status
2026-01-18 10:37:14.202 +09:00 [INF] 📴 [ClickCall] 서비스 종료 이벤트 (EVT_STOP_SERVICE) - 상태 리셋
2026-01-18 10:37:14.202 +09:00 [INF] ✅ [ClickCall] 상태 리셋 완료 (종료 사유: service_stopped, 통화시간: 120초)
2026-01-18 10:37:14.203 +09:00 [INF] [이벤트] Svc=12, Evt=0x1, Res=0x0, Dn1=07047413805, Dn2=01030511241, Ext=20260118103713
2026-01-18 10:37:16.843 +09:00 [INF] [SendWorker] 전송 성공: "CallLog" 07047413805 (시도 1)
2026-01-18 10:37:18.208 +09:00 [INF] [SendWorker] 전송 성공: "CallLog" 01030511241 (시도 1)
2026-01-18 10:37:18.829 +09:00 [INF] [HTTP] GET /api/status
2026-01-18 10:37:23.825 +09:00 [INF] [HTTP] GET /api/status
2026-01-18 10:37:49.845 +09:00 [INF] [HTTP] GET /api/status
2026-01-18 10:38:49.818 +09:00 [INF] [HTTP] GET /api/status
2026-01-18 10:39:49.828 +09:00 [INF] [HTTP] GET /api/status
2026-01-18 10:40:49.829 +09:00 [INF] [HTTP] GET /api/status
2026-01-18 10:41:49.819 +09:00 [INF] [HTTP] GET /api/status
2026-01-18 10:42:49.820 +09:00 [INF] [HTTP] GET /api/status
2026-01-18 10:43:49.820 +09:00 [INF] [HTTP] GET /api/status
2026-01-18 10:44:49.828 +09:00 [INF] [HTTP] GET /api/status
2026-01-18 10:45:49.820 +09:00 [INF] [HTTP] GET /api/status
2026-01-18 10:46:49.819 +09:00 [INF] [HTTP] GET /api/status
2026-01-18 10:47:49.826 +09:00 [INF] [HTTP] GET /api/status
2026-01-18 10:48:49.822 +09:00 [INF] [HTTP] GET /api/status
2026-01-18 10:49:49.827 +09:00 [INF] [HTTP] GET /api/status
2026-01-18 10:50:49.826 +09:00 [INF] [HTTP] GET /api/status
2026-01-18 10:51:49.818 +09:00 [INF] [HTTP] GET /api/status
2026-01-18 10:52:49.824 +09:00 [INF] [HTTP] GET /api/status
2026-01-18 10:53:49.831 +09:00 [INF] [HTTP] GET /api/status
2026-01-18 10:54:49.831 +09:00 [INF] [HTTP] GET /api/status
2026-01-18 10:55:49.827 +09:00 [INF] [HTTP] GET /api/status
2026-01-18 10:56:49.817 +09:00 [INF] [HTTP] GET /api/status
2026-01-18 10:57:49.818 +09:00 [INF] [HTTP] GET /api/status
2026-01-18 10:58:49.832 +09:00 [INF] [HTTP] GET /api/status
2026-01-18 10:59:49.821 +09:00 [INF] [HTTP] GET /api/status
2026-01-18 11:00:49.818 +09:00 [INF] [HTTP] GET /api/status
2026-01-18 11:01:49.820 +09:00 [INF] [HTTP] GET /api/status
2026-01-18 11:02:49.824 +09:00 [INF] [HTTP] GET /api/status
2026-01-18 11:03:49.829 +09:00 [INF] [HTTP] GET /api/status
2026-01-18 11:04:49.825 +09:00 [INF] [HTTP] GET /api/status
2026-01-18 11:05:49.828 +09:00 [INF] [HTTP] GET /api/status
2026-01-18 11:06:49.821 +09:00 [INF] [HTTP] GET /api/status
2026-01-18 11:07:49.822 +09:00 [INF] [HTTP] GET /api/status
2026-01-18 11:08:49.818 +09:00 [INF] [HTTP] GET /api/status
2026-01-18 11:09:49.828 +09:00 [INF] [HTTP] GET /api/status
2026-01-18 11:10:49.832 +09:00 [INF] [HTTP] GET /api/status
2026-01-18 11:11:49.819 +09:00 [INF] [HTTP] GET /api/status
2026-01-18 11:12:49.822 +09:00 [INF] [HTTP] GET /api/status
2026-01-18 11:13:49.829 +09:00 [INF] [HTTP] GET /api/status
2026-01-18 11:14:49.827 +09:00 [INF] [HTTP] GET /api/status
2026-01-18 11:15:49.827 +09:00 [INF] [HTTP] GET /api/status
2026-01-18 11:16:49.821 +09:00 [INF] [HTTP] GET /api/status
2026-01-18 11:17:49.828 +09:00 [INF] [HTTP] GET /api/status
2026-01-18 11:18:49.823 +09:00 [INF] [HTTP] GET /api/status
2026-01-18 11:19:49.829 +09:00 [INF] [HTTP] GET /api/status
2026-01-18 11:20:49.817 +09:00 [INF] [HTTP] GET /api/status
2026-01-18 11:21:49.829 +09:00 [INF] [HTTP] GET /api/status
2026-01-18 11:22:49.831 +09:00 [INF] [HTTP] GET /api/status
2026-01-18 11:23:49.828 +09:00 [INF] [HTTP] GET /api/status
2026-01-18 11:24:49.819 +09:00 [INF] [HTTP] GET /api/status
2026-01-18 11:25:49.819 +09:00 [INF] [HTTP] GET /api/status
2026-01-18 11:26:49.820 +09:00 [INF] [HTTP] GET /api/status
2026-01-18 11:27:49.818 +09:00 [INF] [HTTP] GET /api/status
2026-01-18 11:28:49.825 +09:00 [INF] [HTTP] GET /api/status
2026-01-18 11:29:49.823 +09:00 [INF] [HTTP] GET /api/status
2026-01-18 11:30:49.818 +09:00 [INF] [HTTP] GET /api/status
2026-01-18 11:31:49.817 +09:00 [INF] [HTTP] GET /api/status
2026-01-18 11:32:49.826 +09:00 [INF] [HTTP] GET /api/status
2026-01-18 11:33:49.827 +09:00 [INF] [HTTP] GET /api/status
2026-01-18 11:34:49.824 +09:00 [INF] [HTTP] GET /api/status
2026-01-18 11:35:49.821 +09:00 [INF] [HTTP] GET /api/status
2026-01-18 11:36:49.824 +09:00 [INF] [HTTP] GET /api/status
2026-01-18 11:37:49.819 +09:00 [INF] [HTTP] GET /api/status
2026-01-18 11:38:49.829 +09:00 [INF] [HTTP] GET /api/status
2026-01-18 11:39:49.819 +09:00 [INF] [HTTP] GET /api/status
2026-01-18 11:40:49.828 +09:00 [INF] [HTTP] GET /api/status
2026-01-18 11:41:49.822 +09:00 [INF] [HTTP] GET /api/status
2026-01-18 11:42:49.831 +09:00 [INF] [HTTP] GET /api/status
2026-01-18 11:43:49.823 +09:00 [INF] [HTTP] GET /api/status
2026-01-18 11:44:49.820 +09:00 [INF] [HTTP] GET /api/status
2026-01-18 11:45:49.821 +09:00 [INF] [HTTP] GET /api/status
2026-01-18 11:46:49.819 +09:00 [INF] [HTTP] GET /api/status
2026-01-18 11:47:49.824 +09:00 [INF] [HTTP] GET /api/status
2026-01-18 11:48:49.832 +09:00 [INF] [HTTP] GET /api/status
2026-01-18 11:49:49.831 +09:00 [INF] [HTTP] GET /api/status
2026-01-18 11:50:49.825 +09:00 [INF] [HTTP] GET /api/status
2026-01-18 11:51:49.828 +09:00 [INF] [HTTP] GET /api/status
2026-01-18 11:52:49.820 +09:00 [INF] [HTTP] GET /api/status
2026-01-18 11:53:49.829 +09:00 [INF] [HTTP] GET /api/status
2026-01-18 11:54:49.817 +09:00 [INF] [HTTP] GET /api/status
2026-01-18 11:55:49.831 +09:00 [INF] [HTTP] GET /api/status
2026-01-18 11:56:49.824 +09:00 [INF] [HTTP] GET /api/status
2026-01-18 11:57:49.821 +09:00 [INF] [HTTP] GET /api/status
2026-01-18 11:58:49.827 +09:00 [INF] [HTTP] GET /api/status
2026-01-18 11:59:49.823 +09:00 [INF] [HTTP] GET /api/status
2026-01-18 12:00:49.817 +09:00 [INF] [HTTP] GET /api/status
2026-01-18 12:01:49.829 +09:00 [INF] [HTTP] GET /api/status
2026-01-18 12:02:49.826 +09:00 [INF] [HTTP] GET /api/status
2026-01-18 12:03:49.826 +09:00 [INF] [HTTP] GET /api/status
2026-01-18 12:04:49.830 +09:00 [INF] [HTTP] GET /api/status
2026-01-18 12:05:49.829 +09:00 [INF] [HTTP] GET /api/status
2026-01-18 12:06:49.831 +09:00 [INF] [HTTP] GET /api/status
2026-01-18 12:07:49.820 +09:00 [INF] [HTTP] GET /api/status
2026-01-18 12:08:49.820 +09:00 [INF] [HTTP] GET /api/status
2026-01-18 12:09:49.820 +09:00 [INF] [HTTP] GET /api/status
2026-01-18 12:10:49.827 +09:00 [INF] [HTTP] GET /api/status
2026-01-18 12:11:49.826 +09:00 [INF] [HTTP] GET /api/status
2026-01-18 12:12:49.827 +09:00 [INF] [HTTP] GET /api/status
2026-01-18 12:13:49.820 +09:00 [INF] [HTTP] GET /api/status
2026-01-18 12:14:49.820 +09:00 [INF] [HTTP] GET /api/status
2026-01-18 12:15:49.824 +09:00 [INF] [HTTP] GET /api/status
2026-01-18 12:16:49.822 +09:00 [INF] [HTTP] GET /api/status
2026-01-18 12:17:49.819 +09:00 [INF] [HTTP] GET /api/status
2026-01-18 12:18:49.829 +09:00 [INF] [HTTP] GET /api/status
2026-01-18 12:19:49.823 +09:00 [INF] [HTTP] GET /api/status
2026-01-18 12:20:49.817 +09:00 [INF] [HTTP] GET /api/status
2026-01-18 12:21:49.823 +09:00 [INF] [HTTP] GET /api/status
2026-01-18 12:22:49.821 +09:00 [INF] [HTTP] GET /api/status
2026-01-18 12:23:49.830 +09:00 [INF] [HTTP] GET /api/status
2026-01-18 12:24:49.824 +09:00 [INF] [HTTP] GET /api/status
2026-01-18 12:25:49.827 +09:00 [INF] [HTTP] GET /api/status
2026-01-18 12:26:49.829 +09:00 [INF] [HTTP] GET /api/status
2026-01-18 12:27:49.830 +09:00 [INF] [HTTP] GET /api/status
2026-01-18 12:28:49.825 +09:00 [INF] [HTTP] GET /api/status
2026-01-18 12:29:49.824 +09:00 [INF] [HTTP] GET /api/status
2026-01-18 12:30:49.818 +09:00 [INF] [HTTP] GET /api/status
2026-01-18 12:31:49.822 +09:00 [INF] [HTTP] GET /api/status
2026-01-18 12:32:49.820 +09:00 [INF] [HTTP] GET /api/status
2026-01-18 12:33:49.828 +09:00 [INF] [HTTP] GET /api/status
2026-01-18 12:34:49.827 +09:00 [INF] [HTTP] GET /api/status
2026-01-18 12:35:49.817 +09:00 [INF] [HTTP] GET /api/status
2026-01-18 12:36:49.830 +09:00 [INF] [HTTP] GET /api/status
2026-01-18 12:37:49.826 +09:00 [INF] [HTTP] GET /api/status
2026-01-18 12:38:49.818 +09:00 [INF] [HTTP] GET /api/status
2026-01-18 12:39:49.824 +09:00 [INF] [HTTP] GET /api/status
2026-01-18 12:40:49.825 +09:00 [INF] [HTTP] GET /api/status
2026-01-18 12:41:49.826 +09:00 [INF] [HTTP] GET /api/status
2026-01-18 12:42:49.826 +09:00 [INF] [HTTP] GET /api/status
2026-01-18 12:43:49.819 +09:00 [INF] [HTTP] GET /api/status
2026-01-18 12:44:49.822 +09:00 [INF] [HTTP] GET /api/status
2026-01-18 12:45:49.831 +09:00 [INF] [HTTP] GET /api/status
2026-01-18 12:46:49.824 +09:00 [INF] [HTTP] GET /api/status
2026-01-18 12:47:49.824 +09:00 [INF] [HTTP] GET /api/status
2026-01-18 12:48:49.830 +09:00 [INF] [HTTP] GET /api/status
2026-01-18 12:49:49.821 +09:00 [INF] [HTTP] GET /api/status
2026-01-18 12:50:49.829 +09:00 [INF] [HTTP] GET /api/status
2026-01-18 12:51:49.818 +09:00 [INF] [HTTP] GET /api/status
2026-01-18 12:52:49.827 +09:00 [INF] [HTTP] GET /api/status
2026-01-18 12:53:49.831 +09:00 [INF] [HTTP] GET /api/status
2026-01-18 12:54:49.830 +09:00 [INF] [HTTP] GET /api/status
2026-01-18 12:55:49.824 +09:00 [INF] [HTTP] GET /api/status
2026-01-18 12:56:49.820 +09:00 [INF] [HTTP] GET /api/status
2026-01-18 12:57:49.828 +09:00 [INF] [HTTP] GET /api/status
2026-01-18 12:58:49.822 +09:00 [INF] [HTTP] GET /api/status
2026-01-18 12:59:49.821 +09:00 [INF] [HTTP] GET /api/status
2026-01-18 13:00:49.820 +09:00 [INF] [HTTP] GET /api/status
2026-01-18 13:01:49.817 +09:00 [INF] [HTTP] GET /api/status
2026-01-18 13:02:49.818 +09:00 [INF] [HTTP] GET /api/status
2026-01-18 13:03:49.825 +09:00 [INF] [HTTP] GET /api/status
2026-01-18 13:04:49.822 +09:00 [INF] [HTTP] GET /api/status
2026-01-18 13:05:49.824 +09:00 [INF] [HTTP] GET /api/status
2026-01-18 13:06:49.822 +09:00 [INF] [HTTP] GET /api/status
2026-01-18 13:07:49.831 +09:00 [INF] [HTTP] GET /api/status
2026-01-18 13:08:49.822 +09:00 [INF] [HTTP] GET /api/status
2026-01-18 13:09:49.828 +09:00 [INF] [HTTP] GET /api/status
2026-01-18 13:10:49.829 +09:00 [INF] [HTTP] GET /api/status
2026-01-18 13:11:49.819 +09:00 [INF] [HTTP] GET /api/status
2026-01-18 13:12:49.830 +09:00 [INF] [HTTP] GET /api/status
2026-01-18 13:13:49.821 +09:00 [INF] [HTTP] GET /api/status
2026-01-18 13:14:49.821 +09:00 [INF] [HTTP] GET /api/status
2026-01-18 13:15:49.819 +09:00 [INF] [HTTP] GET /api/status
2026-01-18 13:16:49.818 +09:00 [INF] [HTTP] GET /api/status
2026-01-18 13:17:49.820 +09:00 [INF] [HTTP] GET /api/status
2026-01-18 13:18:49.827 +09:00 [INF] [HTTP] GET /api/status
2026-01-18 13:19:49.830 +09:00 [INF] [HTTP] GET /api/status
2026-01-18 13:20:49.824 +09:00 [INF] [HTTP] GET /api/status
2026-01-18 13:21:49.822 +09:00 [INF] [HTTP] GET /api/status
2026-01-18 13:22:49.828 +09:00 [INF] [HTTP] GET /api/status
2026-01-18 13:23:49.822 +09:00 [INF] [HTTP] GET /api/status
2026-01-18 13:24:49.825 +09:00 [INF] [HTTP] GET /api/status
2026-01-18 13:25:49.831 +09:00 [INF] [HTTP] GET /api/status
2026-01-18 13:26:49.826 +09:00 [INF] [HTTP] GET /api/status
2026-01-18 13:27:49.828 +09:00 [INF] [HTTP] GET /api/status
2026-01-18 13:28:49.831 +09:00 [INF] [HTTP] GET /api/status
2026-01-18 13:29:49.818 +09:00 [INF] [HTTP] GET /api/status
2026-01-18 13:30:49.826 +09:00 [INF] [HTTP] GET /api/status
2026-01-18 13:31:49.820 +09:00 [INF] [HTTP] GET /api/status
2026-01-18 13:32:49.818 +09:00 [INF] [HTTP] GET /api/status
2026-01-18 13:33:49.826 +09:00 [INF] [HTTP] GET /api/status
2026-01-18 13:34:49.826 +09:00 [INF] [HTTP] GET /api/status
2026-01-18 13:35:49.831 +09:00 [INF] [HTTP] GET /api/status
2026-01-18 13:36:49.821 +09:00 [INF] [HTTP] GET /api/status
2026-01-18 13:37:49.822 +09:00 [INF] [HTTP] GET /api/status
2026-01-18 13:38:49.823 +09:00 [INF] [HTTP] GET /api/status
2026-01-18 13:39:49.825 +09:00 [INF] [HTTP] GET /api/status
2026-01-18 13:40:49.823 +09:00 [INF] [HTTP] GET /api/status
2026-01-18 13:41:49.831 +09:00 [INF] [HTTP] GET /api/status
2026-01-18 13:42:49.819 +09:00 [INF] [HTTP] GET /api/status
2026-01-18 13:43:49.817 +09:00 [INF] [HTTP] GET /api/status
2026-01-18 13:44:49.827 +09:00 [INF] [HTTP] GET /api/status
2026-01-18 13:45:49.825 +09:00 [INF] [HTTP] GET /api/status
2026-01-18 13:46:49.825 +09:00 [INF] [HTTP] GET /api/status
2026-01-18 13:47:49.831 +09:00 [INF] [HTTP] GET /api/status
2026-01-18 13:48:49.818 +09:00 [INF] [HTTP] GET /api/status
2026-01-18 13:49:49.822 +09:00 [INF] [HTTP] GET /api/status
2026-01-18 13:50:49.818 +09:00 [INF] [HTTP] GET /api/status
2026-01-18 13:51:49.826 +09:00 [INF] [HTTP] GET /api/status
2026-01-18 13:52:49.828 +09:00 [INF] [HTTP] GET /api/status
2026-01-18 13:53:49.817 +09:00 [INF] [HTTP] GET /api/status
2026-01-18 13:54:49.822 +09:00 [INF] [HTTP] GET /api/status
2026-01-18 13:55:49.826 +09:00 [INF] [HTTP] GET /api/status
2026-01-18 13:56:49.827 +09:00 [INF] [HTTP] GET /api/status
2026-01-18 13:57:49.821 +09:00 [INF] [HTTP] GET /api/status
2026-01-18 13:58:49.821 +09:00 [INF] [HTTP] GET /api/status
2026-01-18 13:59:49.825 +09:00 [INF] [HTTP] GET /api/status
2026-01-18 14:00:49.819 +09:00 [INF] [HTTP] GET /api/status
2026-01-18 14:01:49.820 +09:00 [INF] [HTTP] GET /api/status
2026-01-18 14:02:49.827 +09:00 [INF] [HTTP] GET /api/status
2026-01-18 14:03:49.819 +09:00 [INF] [HTTP] GET /api/status
2026-01-18 14:04:49.823 +09:00 [INF] [HTTP] GET /api/status
2026-01-18 14:05:49.829 +09:00 [INF] [HTTP] GET /api/status
2026-01-18 14:06:49.819 +09:00 [INF] [HTTP] GET /api/status
2026-01-18 14:07:49.822 +09:00 [INF] [HTTP] GET /api/status
2026-01-18 14:08:49.821 +09:00 [INF] [HTTP] GET /api/status
2026-01-18 14:09:49.823 +09:00 [INF] [HTTP] GET /api/status
2026-01-18 14:10:49.828 +09:00 [INF] [HTTP] GET /api/status
2026-01-18 14:11:49.829 +09:00 [INF] [HTTP] GET /api/status
2026-01-18 14:12:49.827 +09:00 [INF] [HTTP] GET /api/status
2026-01-18 14:13:49.819 +09:00 [INF] [HTTP] GET /api/status
2026-01-18 14:14:49.818 +09:00 [INF] [HTTP] GET /api/status
2026-01-18 14:15:49.824 +09:00 [INF] [HTTP] GET /api/status
2026-01-18 14:16:49.817 +09:00 [INF] [HTTP] GET /api/status
2026-01-18 14:17:49.818 +09:00 [INF] [HTTP] GET /api/status
2026-01-18 14:18:49.821 +09:00 [INF] [HTTP] GET /api/status
2026-01-18 14:19:49.817 +09:00 [INF] [HTTP] GET /api/status
2026-01-18 14:20:49.823 +09:00 [INF] [HTTP] GET /api/status
2026-01-18 14:21:49.823 +09:00 [INF] [HTTP] GET /api/status
2026-01-18 14:22:49.821 +09:00 [INF] [HTTP] GET /api/status
2026-01-18 14:23:49.831 +09:00 [INF] [HTTP] GET /api/status
2026-01-18 14:24:49.818 +09:00 [INF] [HTTP] GET /api/status
2026-01-18 14:25:49.821 +09:00 [INF] [HTTP] GET /api/status
2026-01-18 14:26:49.823 +09:00 [INF] [HTTP] GET /api/status
2026-01-18 14:27:49.824 +09:00 [INF] [HTTP] GET /api/status
2026-01-18 14:28:49.823 +09:00 [INF] [HTTP] GET /api/status
2026-01-18 14:29:49.825 +09:00 [INF] [HTTP] GET /api/status
2026-01-18 14:30:49.821 +09:00 [INF] [HTTP] GET /api/status
2026-01-18 14:31:49.819 +09:00 [INF] [HTTP] GET /api/status
2026-01-18 14:32:49.826 +09:00 [INF] [HTTP] GET /api/status
2026-01-18 14:33:49.821 +09:00 [INF] [HTTP] GET /api/status
2026-01-18 14:34:49.823 +09:00 [INF] [HTTP] GET /api/status
2026-01-18 14:35:49.830 +09:00 [INF] [HTTP] GET /api/status
2026-01-18 14:36:49.831 +09:00 [INF] [HTTP] GET /api/status
2026-01-18 14:37:49.824 +09:00 [INF] [HTTP] GET /api/status
2026-01-18 14:38:49.818 +09:00 [INF] [HTTP] GET /api/status
2026-01-18 14:39:49.831 +09:00 [INF] [HTTP] GET /api/status
2026-01-18 14:40:49.828 +09:00 [INF] [HTTP] GET /api/status
2026-01-18 14:41:49.829 +09:00 [INF] [HTTP] GET /api/status
2026-01-18 14:42:49.831 +09:00 [INF] [HTTP] GET /api/status
2026-01-18 14:43:49.817 +09:00 [INF] [HTTP] GET /api/status
2026-01-18 14:44:49.823 +09:00 [INF] [HTTP] GET /api/status
2026-01-18 14:45:49.823 +09:00 [INF] [HTTP] GET /api/status
2026-01-18 14:46:49.823 +09:00 [INF] [HTTP] GET /api/status
2026-01-18 14:47:49.821 +09:00 [INF] [HTTP] GET /api/status
2026-01-18 14:48:49.820 +09:00 [INF] [HTTP] GET /api/status
2026-01-18 14:49:49.828 +09:00 [INF] [HTTP] GET /api/status
2026-01-18 14:50:49.820 +09:00 [INF] [HTTP] GET /api/status
2026-01-18 14:51:49.820 +09:00 [INF] [HTTP] GET /api/status
2026-01-18 14:52:49.829 +09:00 [INF] [HTTP] GET /api/status
2026-01-18 14:53:49.820 +09:00 [INF] [HTTP] GET /api/status
2026-01-18 14:54:49.820 +09:00 [INF] [HTTP] GET /api/status
2026-01-18 14:55:49.823 +09:00 [INF] [HTTP] GET /api/status
2026-01-18 14:56:49.825 +09:00 [INF] [HTTP] GET /api/status
2026-01-18 14:57:49.823 +09:00 [INF] [HTTP] GET /api/status
2026-01-18 14:58:49.826 +09:00 [INF] [HTTP] GET /api/status
2026-01-18 14:59:49.819 +09:00 [INF] [HTTP] GET /api/status
2026-01-18 15:00:49.818 +09:00 [INF] [HTTP] GET /api/status
2026-01-18 15:01:49.819 +09:00 [INF] [HTTP] GET /api/status
2026-01-18 15:02:49.826 +09:00 [INF] [HTTP] GET /api/status
2026-01-18 15:03:49.827 +09:00 [INF] [HTTP] GET /api/status
2026-01-18 15:04:49.828 +09:00 [INF] [HTTP] GET /api/status
2026-01-18 15:05:49.818 +09:00 [INF] [HTTP] GET /api/status
2026-01-18 15:06:49.820 +09:00 [INF] [HTTP] GET /api/status
2026-01-18 15:07:49.820 +09:00 [INF] [HTTP] GET /api/status
2026-01-18 15:08:49.827 +09:00 [INF] [HTTP] GET /api/status
2026-01-18 15:09:49.827 +09:00 [INF] [HTTP] GET /api/status
2026-01-18 15:10:49.830 +09:00 [INF] [HTTP] GET /api/status
2026-01-18 15:11:49.821 +09:00 [INF] [HTTP] GET /api/status
2026-01-18 15:12:49.831 +09:00 [INF] [HTTP] GET /api/status
2026-01-18 15:13:49.820 +09:00 [INF] [HTTP] GET /api/status
2026-01-18 15:14:49.820 +09:00 [INF] [HTTP] GET /api/status
2026-01-18 15:15:49.825 +09:00 [INF] [HTTP] GET /api/status
2026-01-18 15:16:49.828 +09:00 [INF] [HTTP] GET /api/status
2026-01-18 15:17:49.818 +09:00 [INF] [HTTP] GET /api/status
2026-01-18 15:18:49.825 +09:00 [INF] [HTTP] GET /api/status
2026-01-18 15:19:49.824 +09:00 [INF] [HTTP] GET /api/status
2026-01-18 15:20:49.824 +09:00 [INF] [HTTP] GET /api/status
2026-01-18 15:21:49.820 +09:00 [INF] [HTTP] GET /api/status
2026-01-18 15:22:49.831 +09:00 [INF] [HTTP] GET /api/status
2026-01-18 15:23:49.820 +09:00 [INF] [HTTP] GET /api/status
2026-01-18 15:24:49.824 +09:00 [INF] [HTTP] GET /api/status
2026-01-18 15:25:49.825 +09:00 [INF] [HTTP] GET /api/status
2026-01-18 15:26:49.819 +09:00 [INF] [HTTP] GET /api/status
2026-01-18 15:27:49.829 +09:00 [INF] [HTTP] GET /api/status
2026-01-18 15:28:49.825 +09:00 [INF] [HTTP] GET /api/status
2026-01-18 15:29:49.819 +09:00 [INF] [HTTP] GET /api/status
2026-01-18 15:30:49.824 +09:00 [INF] [HTTP] GET /api/status
2026-01-18 15:31:49.823 +09:00 [INF] [HTTP] GET /api/status
2026-01-18 15:32:49.821 +09:00 [INF] [HTTP] GET /api/status
2026-01-18 15:33:49.826 +09:00 [INF] [HTTP] GET /api/status
2026-01-18 15:34:49.824 +09:00 [INF] [HTTP] GET /api/status
2026-01-18 15:35:49.820 +09:00 [INF] [HTTP] GET /api/status
2026-01-18 15:36:49.820 +09:00 [INF] [HTTP] GET /api/status
2026-01-18 15:37:49.824 +09:00 [INF] [HTTP] GET /api/status
2026-01-18 15:38:49.820 +09:00 [INF] [HTTP] GET /api/status
2026-01-18 15:39:49.819 +09:00 [INF] [HTTP] GET /api/status
2026-01-18 15:40:49.820 +09:00 [INF] [HTTP] GET /api/status
2026-01-18 15:41:49.830 +09:00 [INF] [HTTP] GET /api/status
2026-01-18 15:42:49.828 +09:00 [INF] [HTTP] GET /api/status
2026-01-18 15:43:49.819 +09:00 [INF] [HTTP] GET /api/status
2026-01-18 15:44:49.819 +09:00 [INF] [HTTP] GET /api/status
2026-01-18 15:45:49.831 +09:00 [INF] [HTTP] GET /api/status
2026-01-18 15:46:49.819 +09:00 [INF] [HTTP] GET /api/status
2026-01-18 15:47:49.822 +09:00 [INF] [HTTP] GET /api/status
2026-01-18 15:48:49.829 +09:00 [INF] [HTTP] GET /api/status
2026-01-18 15:49:49.830 +09:00 [INF] [HTTP] GET /api/status
2026-01-18 15:50:49.818 +09:00 [INF] [HTTP] GET /api/status
2026-01-18 15:51:49.817 +09:00 [INF] [HTTP] GET /api/status
2026-01-18 15:52:49.830 +09:00 [INF] [HTTP] GET /api/status
2026-01-18 15:53:49.824 +09:00 [INF] [HTTP] GET /api/status
2026-01-18 15:54:49.823 +09:00 [INF] [HTTP] GET /api/status
2026-01-18 15:55:49.831 +09:00 [INF] [HTTP] GET /api/status
2026-01-18 15:56:49.822 +09:00 [INF] [HTTP] GET /api/status
2026-01-18 15:57:49.824 +09:00 [INF] [HTTP] GET /api/status
2026-01-18 15:58:49.824 +09:00 [INF] [HTTP] GET /api/status
2026-01-18 15:59:49.819 +09:00 [INF] [HTTP] GET /api/status
2026-01-18 16:00:49.818 +09:00 [INF] [HTTP] GET /api/status
2026-01-18 16:01:49.819 +09:00 [INF] [HTTP] GET /api/status
2026-01-18 16:02:49.825 +09:00 [INF] [HTTP] GET /api/status
2026-01-18 16:03:49.830 +09:00 [INF] [HTTP] GET /api/status
2026-01-18 16:04:49.819 +09:00 [INF] [HTTP] GET /api/status
2026-01-18 16:05:49.830 +09:00 [INF] [HTTP] GET /api/status
2026-01-18 16:06:49.825 +09:00 [INF] [HTTP] GET /api/status
2026-01-18 16:07:49.831 +09:00 [INF] [HTTP] GET /api/status
2026-01-18 16:08:49.816 +09:00 [INF] [HTTP] GET /api/status
2026-01-18 16:09:49.830 +09:00 [INF] [HTTP] GET /api/status
2026-01-18 16:10:49.828 +09:00 [INF] [HTTP] GET /api/status
2026-01-18 16:11:49.828 +09:00 [INF] [HTTP] GET /api/status
2026-01-18 16:12:49.826 +09:00 [INF] [HTTP] GET /api/status
2026-01-18 16:13:49.822 +09:00 [INF] [HTTP] GET /api/status
2026-01-18 16:14:49.828 +09:00 [INF] [HTTP] GET /api/status
2026-01-18 16:15:49.822 +09:00 [INF] [HTTP] GET /api/status
2026-01-18 16:16:49.830 +09:00 [INF] [HTTP] GET /api/status
2026-01-18 16:17:49.819 +09:00 [INF] [HTTP] GET /api/status
2026-01-18 16:18:49.824 +09:00 [INF] [HTTP] GET /api/status
2026-01-18 16:19:49.819 +09:00 [INF] [HTTP] GET /api/status
2026-01-18 16:20:49.822 +09:00 [INF] [HTTP] GET /api/status
2026-01-18 16:21:49.825 +09:00 [INF] [HTTP] GET /api/status
2026-01-18 16:22:49.828 +09:00 [INF] [HTTP] GET /api/status
2026-01-18 16:23:49.829 +09:00 [INF] [HTTP] GET /api/status
2026-01-18 16:24:49.826 +09:00 [INF] [HTTP] GET /api/status
2026-01-18 16:25:49.818 +09:00 [INF] [HTTP] GET /api/status
2026-01-18 16:26:49.827 +09:00 [INF] [HTTP] GET /api/status
2026-01-18 16:27:49.817 +09:00 [INF] [HTTP] GET /api/status
2026-01-18 16:28:49.819 +09:00 [INF] [HTTP] GET /api/status
2026-01-18 16:29:49.822 +09:00 [INF] [HTTP] GET /api/status
2026-01-18 16:30:49.829 +09:00 [INF] [HTTP] GET /api/status
2026-01-18 16:31:49.829 +09:00 [INF] [HTTP] GET /api/status
2026-01-18 16:32:49.830 +09:00 [INF] [HTTP] GET /api/status
2026-01-18 16:33:49.828 +09:00 [INF] [HTTP] GET /api/status
2026-01-18 16:34:49.819 +09:00 [INF] [HTTP] GET /api/status
2026-01-18 16:35:49.827 +09:00 [INF] [HTTP] GET /api/status
2026-01-18 16:36:49.822 +09:00 [INF] [HTTP] GET /api/status
2026-01-18 16:37:49.822 +09:00 [INF] [HTTP] GET /api/status
2026-01-18 16:38:49.821 +09:00 [INF] [HTTP] GET /api/status
2026-01-18 16:39:49.820 +09:00 [INF] [HTTP] GET /api/status
2026-01-18 16:40:49.830 +09:00 [INF] [HTTP] GET /api/status
2026-01-18 16:41:49.822 +09:00 [INF] [HTTP] GET /api/status
2026-01-18 16:42:49.817 +09:00 [INF] [HTTP] GET /api/status
2026-01-18 16:43:49.823 +09:00 [INF] [HTTP] GET /api/status
2026-01-18 16:44:49.831 +09:00 [INF] [HTTP] GET /api/status
2026-01-18 16:45:49.819 +09:00 [INF] [HTTP] GET /api/status
2026-01-18 16:46:49.824 +09:00 [INF] [HTTP] GET /api/status
2026-01-18 16:47:49.827 +09:00 [INF] [HTTP] GET /api/status
2026-01-18 16:48:49.828 +09:00 [INF] [HTTP] GET /api/status
2026-01-18 16:49:49.829 +09:00 [INF] [HTTP] GET /api/status
2026-01-18 16:50:49.818 +09:00 [INF] [HTTP] GET /api/status
2026-01-18 16:51:49.827 +09:00 [INF] [HTTP] GET /api/status
2026-01-18 16:52:49.820 +09:00 [INF] [HTTP] GET /api/status
2026-01-18 16:53:49.817 +09:00 [INF] [HTTP] GET /api/status
2026-01-18 16:54:49.818 +09:00 [INF] [HTTP] GET /api/status
2026-01-18 16:55:49.819 +09:00 [INF] [HTTP] GET /api/status
2026-01-18 16:56:49.823 +09:00 [INF] [HTTP] GET /api/status
2026-01-18 16:57:49.828 +09:00 [INF] [HTTP] GET /api/status
2026-01-18 16:58:49.825 +09:00 [INF] [HTTP] GET /api/status
2026-01-18 16:59:49.830 +09:00 [INF] [HTTP] GET /api/status
2026-01-18 17:00:49.817 +09:00 [INF] [HTTP] GET /api/status
2026-01-18 17:01:49.824 +09:00 [INF] [HTTP] GET /api/status
2026-01-18 17:02:49.826 +09:00 [INF] [HTTP] GET /api/status
2026-01-18 17:03:49.818 +09:00 [INF] [HTTP] GET /api/status
2026-01-18 17:04:49.817 +09:00 [INF] [HTTP] GET /api/status
2026-01-18 17:05:49.829 +09:00 [INF] [HTTP] GET /api/status
2026-01-18 17:06:49.830 +09:00 [INF] [HTTP] GET /api/status
2026-01-18 17:07:49.817 +09:00 [INF] [HTTP] GET /api/status
2026-01-18 17:08:49.826 +09:00 [INF] [HTTP] GET /api/status
2026-01-18 17:09:49.824 +09:00 [INF] [HTTP] GET /api/status
2026-01-18 17:10:49.830 +09:00 [INF] [HTTP] GET /api/status
2026-01-18 17:11:49.823 +09:00 [INF] [HTTP] GET /api/status
2026-01-18 17:12:49.816 +09:00 [INF] [HTTP] GET /api/status
2026-01-18 17:13:49.818 +09:00 [INF] [HTTP] GET /api/status
2026-01-18 17:14:49.817 +09:00 [INF] [HTTP] GET /api/status
2026-01-18 17:15:49.824 +09:00 [INF] [HTTP] GET /api/status
2026-01-18 17:16:49.828 +09:00 [INF] [HTTP] GET /api/status
2026-01-18 17:17:49.825 +09:00 [INF] [HTTP] GET /api/status
2026-01-18 17:18:49.829 +09:00 [INF] [HTTP] GET /api/status
2026-01-18 17:19:49.824 +09:00 [INF] [HTTP] GET /api/status
2026-01-18 17:20:49.822 +09:00 [INF] [HTTP] GET /api/status
2026-01-18 17:21:49.820 +09:00 [INF] [HTTP] GET /api/status
2026-01-18 17:22:49.831 +09:00 [INF] [HTTP] GET /api/status
2026-01-18 17:23:49.822 +09:00 [INF] [HTTP] GET /api/status
2026-01-18 17:24:49.831 +09:00 [INF] [HTTP] GET /api/status
2026-01-18 17:25:49.829 +09:00 [INF] [HTTP] GET /api/status
2026-01-18 17:26:49.817 +09:00 [INF] [HTTP] GET /api/status
2026-01-18 17:27:49.818 +09:00 [INF] [HTTP] GET /api/status
2026-01-18 17:28:49.827 +09:00 [INF] [HTTP] GET /api/status
2026-01-18 17:29:49.821 +09:00 [INF] [HTTP] GET /api/status
2026-01-18 17:30:49.820 +09:00 [INF] [HTTP] GET /api/status
2026-01-18 17:31:49.823 +09:00 [INF] [HTTP] GET /api/status
2026-01-18 17:32:49.822 +09:00 [INF] [HTTP] GET /api/status
2026-01-18 17:33:49.831 +09:00 [INF] [HTTP] GET /api/status
2026-01-18 17:34:49.826 +09:00 [INF] [HTTP] GET /api/status
2026-01-18 17:35:49.824 +09:00 [INF] [HTTP] GET /api/status
2026-01-18 17:36:49.822 +09:00 [INF] [HTTP] GET /api/status
2026-01-18 17:37:49.820 +09:00 [INF] [HTTP] GET /api/status
2026-01-18 17:38:49.817 +09:00 [INF] [HTTP] GET /api/status
2026-01-18 17:39:49.821 +09:00 [INF] [HTTP] GET /api/status
2026-01-18 17:40:49.829 +09:00 [INF] [HTTP] GET /api/status
2026-01-18 17:41:49.828 +09:00 [INF] [HTTP] GET /api/status
2026-01-18 17:42:49.821 +09:00 [INF] [HTTP] GET /api/status
2026-01-18 17:43:49.823 +09:00 [INF] [HTTP] GET /api/status
2026-01-18 17:44:49.817 +09:00 [INF] [HTTP] GET /api/status
2026-01-18 17:45:49.831 +09:00 [INF] [HTTP] GET /api/status
2026-01-18 17:46:49.827 +09:00 [INF] [HTTP] GET /api/status
2026-01-18 17:47:49.823 +09:00 [INF] [HTTP] GET /api/status
2026-01-18 17:48:49.824 +09:00 [INF] [HTTP] GET /api/status
2026-01-18 17:49:49.822 +09:00 [INF] [HTTP] GET /api/status
2026-01-18 17:50:49.819 +09:00 [INF] [HTTP] GET /api/status
2026-01-18 17:51:49.832 +09:00 [INF] [HTTP] GET /api/status
2026-01-18 17:52:49.819 +09:00 [INF] [HTTP] GET /api/status
2026-01-18 17:53:49.822 +09:00 [INF] [HTTP] GET /api/status
2026-01-18 17:54:49.819 +09:00 [INF] [HTTP] GET /api/status
2026-01-18 17:55:49.826 +09:00 [INF] [HTTP] GET /api/status
2026-01-18 17:56:49.819 +09:00 [INF] [HTTP] GET /api/status
2026-01-18 17:57:49.819 +09:00 [INF] [HTTP] GET /api/status
2026-01-18 17:58:49.826 +09:00 [INF] [HTTP] GET /api/status
2026-01-18 17:59:49.826 +09:00 [INF] [HTTP] GET /api/status
2026-01-18 18:00:49.823 +09:00 [INF] [HTTP] GET /api/status
2026-01-18 18:01:49.825 +09:00 [INF] [HTTP] GET /api/status
2026-01-18 18:02:49.824 +09:00 [INF] [HTTP] GET /api/status
2026-01-18 18:03:49.819 +09:00 [INF] [HTTP] GET /api/status
2026-01-18 18:04:49.831 +09:00 [INF] [HTTP] GET /api/status
2026-01-18 18:05:49.821 +09:00 [INF] [HTTP] GET /api/status
2026-01-18 18:06:49.830 +09:00 [INF] [HTTP] GET /api/status
2026-01-18 18:07:49.820 +09:00 [INF] [HTTP] GET /api/status
2026-01-18 18:08:49.830 +09:00 [INF] [HTTP] GET /api/status
2026-01-18 18:09:49.829 +09:00 [INF] [HTTP] GET /api/status
2026-01-18 18:10:49.831 +09:00 [INF] [HTTP] GET /api/status
2026-01-18 18:11:49.818 +09:00 [INF] [HTTP] GET /api/status
2026-01-18 18:12:49.823 +09:00 [INF] [HTTP] GET /api/status
2026-01-18 18:13:49.816 +09:00 [INF] [HTTP] GET /api/status
2026-01-18 18:14:49.821 +09:00 [INF] [HTTP] GET /api/status
2026-01-18 18:15:49.831 +09:00 [INF] [HTTP] GET /api/status
2026-01-18 18:16:49.830 +09:00 [INF] [HTTP] GET /api/status
2026-01-18 18:17:49.828 +09:00 [INF] [HTTP] GET /api/status
2026-01-18 18:18:49.826 +09:00 [INF] [HTTP] GET /api/status
2026-01-18 18:19:49.819 +09:00 [INF] [HTTP] GET /api/status
2026-01-18 18:20:49.818 +09:00 [INF] [HTTP] GET /api/status
2026-01-18 18:21:49.823 +09:00 [INF] [HTTP] GET /api/status
2026-01-18 18:22:49.822 +09:00 [INF] [HTTP] GET /api/status
2026-01-18 18:23:49.827 +09:00 [INF] [HTTP] GET /api/status
2026-01-18 18:24:49.823 +09:00 [INF] [HTTP] GET /api/status
2026-01-18 18:25:49.829 +09:00 [INF] [HTTP] GET /api/status
2026-01-18 18:26:49.823 +09:00 [INF] [HTTP] GET /api/status
2026-01-18 18:27:49.829 +09:00 [INF] [HTTP] GET /api/status
2026-01-18 18:28:49.819 +09:00 [INF] [HTTP] GET /api/status
2026-01-18 18:29:49.827 +09:00 [INF] [HTTP] GET /api/status
2026-01-18 18:30:49.830 +09:00 [INF] [HTTP] GET /api/status
2026-01-18 18:31:49.826 +09:00 [INF] [HTTP] GET /api/status
2026-01-18 18:32:49.821 +09:00 [INF] [HTTP] GET /api/status
2026-01-18 18:33:49.828 +09:00 [INF] [HTTP] GET /api/status
2026-01-18 18:34:49.828 +09:00 [INF] [HTTP] GET /api/status
2026-01-18 18:35:49.823 +09:00 [INF] [HTTP] GET /api/status
2026-01-18 18:36:49.828 +09:00 [INF] [HTTP] GET /api/status
2026-01-18 18:37:49.823 +09:00 [INF] [HTTP] GET /api/status
2026-01-18 18:38:49.831 +09:00 [INF] [HTTP] GET /api/status
2026-01-18 18:39:49.822 +09:00 [INF] [HTTP] GET /api/status
2026-01-18 18:40:49.820 +09:00 [INF] [HTTP] GET /api/status
2026-01-18 18:41:49.822 +09:00 [INF] [HTTP] GET /api/status
2026-01-18 18:42:49.817 +09:00 [INF] [HTTP] GET /api/status
2026-01-18 18:43:49.830 +09:00 [INF] [HTTP] GET /api/status
2026-01-18 18:44:49.827 +09:00 [INF] [HTTP] GET /api/status
2026-01-18 18:45:49.819 +09:00 [INF] [HTTP] GET /api/status
2026-01-18 18:46:49.829 +09:00 [INF] [HTTP] GET /api/status
2026-01-18 18:47:49.816 +09:00 [INF] [HTTP] GET /api/status
2026-01-18 18:48:49.821 +09:00 [INF] [HTTP] GET /api/status
2026-01-18 18:49:49.830 +09:00 [INF] [HTTP] GET /api/status
2026-01-18 18:50:49.822 +09:00 [INF] [HTTP] GET /api/status
2026-01-18 18:51:49.824 +09:00 [INF] [HTTP] GET /api/status
2026-01-18 18:52:49.823 +09:00 [INF] [HTTP] GET /api/status
2026-01-18 18:53:49.824 +09:00 [INF] [HTTP] GET /api/status
2026-01-18 18:54:49.831 +09:00 [INF] [HTTP] GET /api/status
2026-01-18 18:55:49.819 +09:00 [INF] [HTTP] GET /api/status
2026-01-18 18:56:49.830 +09:00 [INF] [HTTP] GET /api/status
2026-01-18 18:57:49.828 +09:00 [INF] [HTTP] GET /api/status
2026-01-18 18:58:49.831 +09:00 [INF] [HTTP] GET /api/status
2026-01-18 18:59:49.827 +09:00 [INF] [HTTP] GET /api/status
2026-01-18 19:00:49.822 +09:00 [INF] [HTTP] GET /api/status
2026-01-18 19:01:49.818 +09:00 [INF] [HTTP] GET /api/status
2026-01-18 19:02:49.824 +09:00 [INF] [HTTP] GET /api/status
2026-01-18 19:03:49.822 +09:00 [INF] [HTTP] GET /api/status
2026-01-18 19:04:49.827 +09:00 [INF] [HTTP] GET /api/status
2026-01-18 19:05:49.831 +09:00 [INF] [HTTP] GET /api/status
2026-01-18 19:06:49.829 +09:00 [INF] [HTTP] GET /api/status
2026-01-18 19:07:49.820 +09:00 [INF] [HTTP] GET /api/status
2026-01-18 19:08:49.821 +09:00 [INF] [HTTP] GET /api/status
2026-01-18 19:09:49.823 +09:00 [INF] [HTTP] GET /api/status
2026-01-18 19:10:49.831 +09:00 [INF] [HTTP] GET /api/status
2026-01-18 19:11:49.818 +09:00 [INF] [HTTP] GET /api/status
2026-01-18 19:12:49.827 +09:00 [INF] [HTTP] GET /api/status
2026-01-18 19:13:49.830 +09:00 [INF] [HTTP] GET /api/status
2026-01-18 19:14:49.824 +09:00 [INF] [HTTP] GET /api/status
2026-01-18 19:15:49.818 +09:00 [INF] [HTTP] GET /api/status
2026-01-18 19:16:49.819 +09:00 [INF] [HTTP] GET /api/status
2026-01-18 19:17:49.826 +09:00 [INF] [HTTP] GET /api/status
2026-01-18 19:18:49.823 +09:00 [INF] [HTTP] GET /api/status
2026-01-18 19:19:49.818 +09:00 [INF] [HTTP] GET /api/status
2026-01-18 19:20:49.827 +09:00 [INF] [HTTP] GET /api/status
2026-01-18 19:21:49.830 +09:00 [INF] [HTTP] GET /api/status
2026-01-18 19:22:49.817 +09:00 [INF] [HTTP] GET /api/status
2026-01-18 19:23:49.824 +09:00 [INF] [HTTP] GET /api/status
2026-01-18 19:24:49.829 +09:00 [INF] [HTTP] GET /api/status
2026-01-18 19:25:49.830 +09:00 [INF] [HTTP] GET /api/status
2026-01-18 19:26:49.823 +09:00 [INF] [HTTP] GET /api/status
2026-01-18 19:27:49.817 +09:00 [INF] [HTTP] GET /api/status
2026-01-18 19:28:49.819 +09:00 [INF] [HTTP] GET /api/status
2026-01-18 19:29:49.828 +09:00 [INF] [HTTP] GET /api/status
2026-01-18 19:30:49.832 +09:00 [INF] [HTTP] GET /api/status
2026-01-18 19:31:49.820 +09:00 [INF] [HTTP] GET /api/status
2026-01-18 19:32:49.818 +09:00 [INF] [HTTP] GET /api/status
2026-01-18 19:33:49.832 +09:00 [INF] [HTTP] GET /api/status
2026-01-18 19:34:49.822 +09:00 [INF] [HTTP] GET /api/status
2026-01-18 19:35:49.819 +09:00 [INF] [HTTP] GET /api/status
2026-01-18 19:36:49.830 +09:00 [INF] [HTTP] GET /api/status
2026-01-18 19:37:49.821 +09:00 [INF] [HTTP] GET /api/status
2026-01-18 19:38:49.822 +09:00 [INF] [HTTP] GET /api/status
2026-01-18 19:39:49.819 +09:00 [INF] [HTTP] GET /api/status
2026-01-18 19:40:49.828 +09:00 [INF] [HTTP] GET /api/status
2026-01-18 19:41:49.830 +09:00 [INF] [HTTP] GET /api/status
2026-01-18 19:42:49.827 +09:00 [INF] [HTTP] GET /api/status
2026-01-18 19:43:49.822 +09:00 [INF] [HTTP] GET /api/status
2026-01-18 19:44:49.825 +09:00 [INF] [HTTP] GET /api/status
2026-01-18 19:45:49.829 +09:00 [INF] [HTTP] GET /api/status
2026-01-18 19:46:49.829 +09:00 [INF] [HTTP] GET /api/status
2026-01-18 19:47:49.816 +09:00 [INF] [HTTP] GET /api/status
2026-01-18 19:48:49.820 +09:00 [INF] [HTTP] GET /api/status
2026-01-18 19:49:49.828 +09:00 [INF] [HTTP] GET /api/status
2026-01-18 19:50:49.821 +09:00 [INF] [HTTP] GET /api/status
2026-01-18 19:51:49.829 +09:00 [INF] [HTTP] GET /api/status
2026-01-18 19:52:49.824 +09:00 [INF] [HTTP] GET /api/status
2026-01-18 19:53:49.819 +09:00 [INF] [HTTP] GET /api/status
2026-01-18 19:54:49.824 +09:00 [INF] [HTTP] GET /api/status
2026-01-18 19:55:49.824 +09:00 [INF] [HTTP] GET /api/status
2026-01-18 19:56:49.830 +09:00 [INF] [HTTP] GET /api/status
2026-01-18 19:57:49.817 +09:00 [INF] [HTTP] GET /api/status
2026-01-18 19:58:49.822 +09:00 [INF] [HTTP] GET /api/status
2026-01-18 19:59:49.818 +09:00 [INF] [HTTP] GET /api/status
2026-01-18 20:00:49.824 +09:00 [INF] [HTTP] GET /api/status
2026-01-18 20:01:49.825 +09:00 [INF] [HTTP] GET /api/status
2026-01-18 20:02:49.820 +09:00 [INF] [HTTP] GET /api/status
2026-01-18 20:03:49.822 +09:00 [INF] [HTTP] GET /api/status
2026-01-18 20:04:49.829 +09:00 [INF] [HTTP] GET /api/status
2026-01-18 20:05:49.821 +09:00 [INF] [HTTP] GET /api/status
2026-01-18 20:06:49.820 +09:00 [INF] [HTTP] GET /api/status
2026-01-18 20:07:49.817 +09:00 [INF] [HTTP] GET /api/status
2026-01-18 20:08:49.827 +09:00 [INF] [HTTP] GET /api/status
2026-01-18 20:09:49.821 +09:00 [INF] [HTTP] GET /api/status
2026-01-18 20:10:49.821 +09:00 [INF] [HTTP] GET /api/status
2026-01-18 20:11:49.820 +09:00 [INF] [HTTP] GET /api/status
2026-01-18 20:12:49.824 +09:00 [INF] [HTTP] GET /api/status
2026-01-18 20:13:49.830 +09:00 [INF] [HTTP] GET /api/status
2026-01-18 20:14:49.828 +09:00 [INF] [HTTP] GET /api/status
2026-01-18 20:15:49.828 +09:00 [INF] [HTTP] GET /api/status
2026-01-18 20:16:49.831 +09:00 [INF] [HTTP] GET /api/status
2026-01-18 20:17:49.818 +09:00 [INF] [HTTP] GET /api/status
2026-01-18 20:18:49.824 +09:00 [INF] [HTTP] GET /api/status
2026-01-18 20:19:49.821 +09:00 [INF] [HTTP] GET /api/status
2026-01-18 20:20:49.825 +09:00 [INF] [HTTP] GET /api/status
2026-01-18 20:21:49.822 +09:00 [INF] [HTTP] GET /api/status
2026-01-18 20:22:49.817 +09:00 [INF] [HTTP] GET /api/status
2026-01-18 20:23:49.826 +09:00 [INF] [HTTP] GET /api/status
2026-01-18 20:24:49.830 +09:00 [INF] [HTTP] GET /api/status
2026-01-18 20:25:49.826 +09:00 [INF] [HTTP] GET /api/status
2026-01-18 20:26:49.830 +09:00 [INF] [HTTP] GET /api/status
2026-01-18 20:27:49.824 +09:00 [INF] [HTTP] GET /api/status
2026-01-18 20:28:49.821 +09:00 [INF] [HTTP] GET /api/status
2026-01-18 20:29:49.827 +09:00 [INF] [HTTP] GET /api/status
2026-01-18 20:30:49.829 +09:00 [INF] [HTTP] GET /api/status
2026-01-18 20:31:49.824 +09:00 [INF] [HTTP] GET /api/status
2026-01-18 20:32:49.818 +09:00 [INF] [HTTP] GET /api/status
2026-01-18 20:33:49.816 +09:00 [INF] [HTTP] GET /api/status
2026-01-18 20:34:49.822 +09:00 [INF] [HTTP] GET /api/status
2026-01-18 20:35:49.819 +09:00 [INF] [HTTP] GET /api/status
2026-01-18 20:36:49.817 +09:00 [INF] [HTTP] GET /api/status
2026-01-18 20:37:49.819 +09:00 [INF] [HTTP] GET /api/status
2026-01-18 20:38:49.817 +09:00 [INF] [HTTP] GET /api/status
2026-01-18 20:39:49.817 +09:00 [INF] [HTTP] GET /api/status
2026-01-18 20:40:49.817 +09:00 [INF] [HTTP] GET /api/status
2026-01-18 20:41:49.818 +09:00 [INF] [HTTP] GET /api/status
2026-01-18 20:42:49.817 +09:00 [INF] [HTTP] GET /api/status
2026-01-18 20:43:49.822 +09:00 [INF] [HTTP] GET /api/status
2026-01-18 20:44:49.818 +09:00 [INF] [HTTP] GET /api/status
2026-01-18 20:45:49.822 +09:00 [INF] [HTTP] GET /api/status
2026-01-18 20:46:49.819 +09:00 [INF] [HTTP] GET /api/status
2026-01-18 20:47:49.823 +09:00 [INF] [HTTP] GET /api/status
2026-01-18 20:48:49.820 +09:00 [INF] [HTTP] GET /api/status
2026-01-18 20:49:49.818 +09:00 [INF] [HTTP] GET /api/status
2026-01-18 20:50:49.821 +09:00 [INF] [HTTP] GET /api/status
2026-01-18 20:51:49.819 +09:00 [INF] [HTTP] GET /api/status
2026-01-18 20:52:49.818 +09:00 [INF] [HTTP] GET /api/status
2026-01-18 20:53:49.818 +09:00 [INF] [HTTP] GET /api/status
2026-01-18 20:54:49.822 +09:00 [INF] [HTTP] GET /api/status
2026-01-18 20:55:49.825 +09:00 [INF] [HTTP] GET /api/status
2026-01-18 20:56:49.822 +09:00 [INF] [HTTP] GET /api/status
2026-01-18 20:57:49.818 +09:00 [INF] [HTTP] GET /api/status
2026-01-18 20:58:49.817 +09:00 [INF] [HTTP] GET /api/status
2026-01-18 20:59:49.830 +09:00 [INF] [HTTP] GET /api/status
2026-01-18 21:00:49.818 +09:00 [INF] [HTTP] GET /api/status
2026-01-18 21:01:49.821 +09:00 [INF] [HTTP] GET /api/status
2026-01-18 21:02:49.819 +09:00 [INF] [HTTP] GET /api/status
2026-01-18 21:03:49.816 +09:00 [INF] [HTTP] GET /api/status
2026-01-18 21:04:49.827 +09:00 [INF] [HTTP] GET /api/status
2026-01-18 21:05:49.827 +09:00 [INF] [HTTP] GET /api/status
2026-01-18 21:06:49.817 +09:00 [INF] [HTTP] GET /api/status
2026-01-18 21:07:49.825 +09:00 [INF] [HTTP] GET /api/status
2026-01-18 21:08:49.823 +09:00 [INF] [HTTP] GET /api/status
2026-01-18 21:09:49.830 +09:00 [INF] [HTTP] GET /api/status
2026-01-18 21:10:49.823 +09:00 [INF] [HTTP] GET /api/status
2026-01-18 21:11:49.824 +09:00 [INF] [HTTP] GET /api/status
2026-01-18 21:12:49.820 +09:00 [INF] [HTTP] GET /api/status
2026-01-18 21:13:49.830 +09:00 [INF] [HTTP] GET /api/status
2026-01-18 21:14:49.824 +09:00 [INF] [HTTP] GET /api/status
2026-01-18 21:15:49.824 +09:00 [INF] [HTTP] GET /api/status
2026-01-18 21:16:49.825 +09:00 [INF] [HTTP] GET /api/status
2026-01-18 21:17:49.827 +09:00 [INF] [HTTP] GET /api/status
2026-01-18 21:18:49.826 +09:00 [INF] [HTTP] GET /api/status
2026-01-18 21:19:49.824 +09:00 [INF] [HTTP] GET /api/status
2026-01-18 21:20:49.824 +09:00 [INF] [HTTP] GET /api/status
2026-01-18 21:21:49.822 +09:00 [INF] [HTTP] GET /api/status
2026-01-18 21:22:49.823 +09:00 [INF] [HTTP] GET /api/status
2026-01-18 21:23:43.410 +09:00 [INF] [HTTP] GET /api/status
2026-01-18 21:23:43.752 +09:00 [INF] [HTTP] GET /api/status
2026-01-18 21:23:48.831 +09:00 [INF] [HTTP] GET /api/status
2026-01-18 21:23:53.819 +09:00 [INF] [HTTP] GET /api/status
2026-01-18 21:23:58.830 +09:00 [INF] [HTTP] GET /api/status
2026-01-18 21:24:03.824 +09:00 [INF] [HTTP] GET /api/status
2026-01-18 21:24:08.825 +09:00 [INF] [HTTP] GET /api/status
2026-01-18 21:24:13.817 +09:00 [INF] [HTTP] GET /api/status
2026-01-18 21:24:18.821 +09:00 [INF] [HTTP] GET /api/status
2026-01-18 21:24:23.832 +09:00 [INF] [HTTP] GET /api/status
2026-01-18 21:24:28.830 +09:00 [INF] [HTTP] GET /api/status
2026-01-18 21:24:33.817 +09:00 [INF] [HTTP] GET /api/status
2026-01-18 21:24:38.830 +09:00 [INF] [HTTP] GET /api/status
2026-01-18 21:24:43.822 +09:00 [INF] [HTTP] GET /api/status
2026-01-18 21:24:49.830 +09:00 [INF] [HTTP] GET /api/status
2026-01-18 21:25:49.819 +09:00 [INF] [HTTP] GET /api/status
2026-01-18 21:26:49.824 +09:00 [INF] [HTTP] GET /api/status
2026-01-18 21:27:49.829 +09:00 [INF] [HTTP] GET /api/status
2026-01-18 21:28:35.852 +09:00 [INF] [HTTP] GET /api/status
2026-01-18 21:28:38.821 +09:00 [INF] [HTTP] GET /api/status
2026-01-18 21:28:43.825 +09:00 [INF] [HTTP] GET /api/status
2026-01-18 21:28:48.820 +09:00 [INF] [HTTP] GET /api/status
2026-01-18 21:28:53.820 +09:00 [INF] [HTTP] GET /api/status
2026-01-18 21:28:58.818 +09:00 [INF] [HTTP] GET /api/status
2026-01-18 21:29:03.829 +09:00 [INF] [HTTP] GET /api/status
2026-01-18 21:29:08.819 +09:00 [INF] [HTTP] GET /api/status
2026-01-18 21:29:13.827 +09:00 [INF] [HTTP] GET /api/status
2026-01-18 21:29:18.824 +09:00 [INF] [HTTP] GET /api/status
2026-01-18 21:29:23.819 +09:00 [INF] [HTTP] GET /api/status
2026-01-18 21:29:28.825 +09:00 [INF] [HTTP] GET /api/status
2026-01-18 21:29:33.821 +09:00 [INF] [HTTP] GET /api/status
2026-01-18 21:29:49.822 +09:00 [INF] [HTTP] GET /api/status
2026-01-18 21:30:49.830 +09:00 [INF] [HTTP] GET /api/status
2026-01-18 21:31:49.818 +09:00 [INF] [HTTP] GET /api/status
2026-01-18 21:32:49.827 +09:00 [INF] [HTTP] GET /api/status
2026-01-18 21:33:49.822 +09:00 [INF] [HTTP] GET /api/status
2026-01-18 21:34:49.819 +09:00 [INF] [HTTP] GET /api/status
2026-01-18 21:35:15.770 +09:00 [INF] [HTTP] GET /api/status
2026-01-18 21:35:18.821 +09:00 [INF] [HTTP] GET /api/status
2026-01-18 21:35:23.824 +09:00 [INF] [HTTP] GET /api/status
2026-01-18 21:35:28.824 +09:00 [INF] [HTTP] GET /api/status
2026-01-18 21:35:33.823 +09:00 [INF] [HTTP] GET /api/status
2026-01-18 21:35:38.820 +09:00 [INF] [HTTP] GET /api/status
2026-01-18 21:35:43.829 +09:00 [INF] [HTTP] GET /api/status
2026-01-18 21:35:48.830 +09:00 [INF] [HTTP] GET /api/status
2026-01-18 21:35:53.817 +09:00 [INF] [HTTP] GET /api/status
2026-01-18 21:35:58.821 +09:00 [INF] [HTTP] GET /api/status
2026-01-18 21:36:03.828 +09:00 [INF] [HTTP] GET /api/status
2026-01-18 21:36:08.825 +09:00 [INF] [HTTP] GET /api/status
2026-01-18 21:36:13.820 +09:00 [INF] [HTTP] GET /api/status
2026-01-18 21:36:49.560 +09:00 [INF] [HTTP] GET /api/status
2026-01-18 21:36:53.743 +09:00 [INF] [HTTP] GET /api/status
2026-01-18 21:36:58.752 +09:00 [INF] [HTTP] GET /api/status
2026-01-18 21:37:03.753 +09:00 [INF] [HTTP] GET /api/status
2026-01-18 21:37:08.755 +09:00 [INF] [HTTP] GET /api/status
2026-01-18 21:37:13.830 +09:00 [INF] [HTTP] GET /api/status
2026-01-18 21:37:18.822 +09:00 [INF] [HTTP] GET /api/status
2026-01-18 21:37:23.824 +09:00 [INF] [HTTP] GET /api/status
2026-01-18 21:37:28.823 +09:00 [INF] [HTTP] GET /api/status
2026-01-18 21:37:33.819 +09:00 [INF] [HTTP] GET /api/status
2026-01-18 21:37:38.819 +09:00 [INF] [HTTP] GET /api/status
2026-01-18 21:37:43.747 +09:00 [INF] [HTTP] GET /api/status
2026-01-18 21:37:48.747 +09:00 [INF] [HTTP] GET /api/status
2026-01-18 21:37:53.756 +09:00 [INF] [HTTP] GET /api/status
2026-01-18 21:37:58.754 +09:00 [INF] [HTTP] GET /api/status
2026-01-18 21:38:03.825 +09:00 [INF] [HTTP] GET /api/status
2026-01-18 21:38:08.830 +09:00 [INF] [HTTP] GET /api/status
2026-01-18 21:55:14.918 +09:00 [INF] CTI Bridge 서비스 종료 중...
2026-01-18 21:55:15.066 +09:00 [INF] HTTP 서버 종료됨
2026-01-18 21:55:15.094 +09:00 [INF] [SendWorker] 전송 워커 종료
2026-01-18 21:55:15.094 +09:00 [INF] CTI Bridge 서비스 종료됨
