2026-01-03 09:26:59.501 +09:00 [INF] CTI Bridge 서비스 시작 중...
2026-01-03 09:27:00.812 +09:00 [INF] CTI Bridge 서비스 시작 중...
2026-01-03 09:27:00.819 +09:00 [INF] 설정 파일에서 URL 로드: https://d-care-console.vercel.app
2026-01-03 09:27:00.826 +09:00 [INF] CTI Bridge 서비스 실행 시작
2026-01-03 09:27:00.829 +09:00 [INF] SK CTI API 초기화 중...
2026-01-03 09:27:01.137 +09:00 [INF] CTI 초기화 성공
2026-01-03 09:27:01.341 +09:00 [INF] [이벤트] Svc=30, Evt=0x101, Res=0x0, Dn1=, Dn2=, Ext=
2026-01-03 09:27:01.342 +09:00 [INF] 서버 연결됨
2026-01-03 09:28:01.430 +09:00 [INF] 로그인 2차 재시도...
2026-01-03 09:28:03.154 +09:00 [INF] [이벤트] Svc=30, Evt=0x104, Res=0x0, Dn1=, Dn2=, Ext=
2026-01-03 09:28:03.155 +09:00 [INF] 로그인 완료
2026-01-03 09:28:03.319 +09:00 [INF] [이벤트] Svc=22, Evt=0x1, Res=0x0, Dn1=, Dn2=, Ext=
2026-01-03 09:28:08.487 +09:00 [INF] CTI 로그인 성공
2026-01-03 09:32:27.481 +09:00 [INF] [이벤트] Svc=7, Evt=0x1, Res=0x0, Dn1=01049214259, Dn2=0315672278, Ext=
2026-01-03 09:32:27.481 +09:00 [INF] 📞 전화 수신: 01049214259 → 0315672278
2026-01-03 09:32:27.938 +09:00 [INF] [CallLog] ring 이벤트 전송: 01049214259
2026-01-03 09:32:30.410 +09:00 [INF] [CallLog] ring 전송 성공
2026-01-03 09:32:33.392 +09:00 [INF] [이벤트] Svc=8, Evt=0x304, Res=0x0, Dn1=01049214259, Dn2=0315672278, Ext=
2026-01-03 09:32:33.393 +09:00 [INF] ═══════════════════════════════════════════════════════
2026-01-03 09:32:33.393 +09:00 [INF] [녹취 이벤트] Service=8, EvtType=0x304, Result=0x0
2026-01-03 09:32:33.393 +09:00 [INF] [녹취 이벤트] Dn1=01049214259, Dn2=0315672278
2026-01-03 09:32:33.393 +09:00 [INF] [녹취 이벤트] ExtInfo=
2026-01-03 09:32:33.394 +09:00 [INF] ═══════════════════════════════════════════════════════
2026-01-03 09:32:33.394 +09:00 [INF] 🎙️ 착신녹취 준비: 01049214259 → 0315672278
2026-01-03 09:32:33.394 +09:00 [INF] 녹취 시작 요청 성공
2026-01-03 09:32:33.602 +09:00 [INF] [이벤트] Svc=15, Evt=0x304, Res=0x0, Dn1=0315672278, Dn2=01049214259, Ext=called
2026-01-03 09:32:34.101 +09:00 [INF] 📱 통화 연결: 01049214259
2026-01-03 09:32:34.101 +09:00 [INF] [CallLog] start 이벤트 전송: 01049214259
2026-01-03 09:32:34.305 +09:00 [INF] [이벤트] Svc=13, Evt=0x1, Res=0x0, Dn1=01049214259, Dn2=0315672278, Ext=20260103093231
2026-01-03 09:32:34.305 +09:00 [INF] 📱 통화 응답: 01049214259
2026-01-03 09:32:34.306 +09:00 [INF] [CallLog] start 이벤트 전송: 01049214259
2026-01-03 09:32:34.515 +09:00 [INF] [이벤트] Svc=8, Evt=0x307, Res=0x0, Dn1=, Dn2=, Ext=http://orec.skbroadband.com/nas_recording/ddz/bM/2
2026-01-03 09:32:34.515 +09:00 [INF] ═══════════════════════════════════════════════════════
2026-01-03 09:32:34.515 +09:00 [INF] [녹취 이벤트] Service=8, EvtType=0x307, Result=0x0
2026-01-03 09:32:34.515 +09:00 [INF] [녹취 이벤트] Dn1=, Dn2=
2026-01-03 09:32:34.515 +09:00 [INF] [녹취 이벤트] ExtInfo=http://orec.skbroadband.com/nas_recording/ddz/bM/2Pr/W3/E0m.wav
2026-01-03 09:32:34.515 +09:00 [INF] ═══════════════════════════════════════════════════════
2026-01-03 09:32:34.515 +09:00 [INF] 🔴 녹취 시작!
2026-01-03 09:32:34.515 +09:00 [INF]     ExtInfo(파일정보): http://orec.skbroadband.com/nas_recording/ddz/bM/2Pr/W3/E0m.wav
2026-01-03 09:32:34.515 +09:00 [INF]     ExtInfo 길이: 63
2026-01-03 09:32:34.515 +09:00 [INF]     http 포함여부: true
2026-01-03 09:32:36.397 +09:00 [INF] [CallLog] start 전송 성공
2026-01-03 09:32:36.468 +09:00 [INF] [CallLog] start 전송 성공
2026-01-03 09:34:15.997 +09:00 [INF] [이벤트] Svc=8, Evt=0x308, Res=0x0, Dn1=, Dn2=, Ext=http://orec.skbroadband.com/nas_recording/ddz/bM/2
2026-01-03 09:34:15.997 +09:00 [INF] ═══════════════════════════════════════════════════════
2026-01-03 09:34:15.997 +09:00 [INF] [녹취 이벤트] Service=8, EvtType=0x308, Result=0x0
2026-01-03 09:34:15.997 +09:00 [INF] [녹취 이벤트] Dn1=, Dn2=
2026-01-03 09:34:15.997 +09:00 [INF] [녹취 이벤트] ExtInfo=http://orec.skbroadband.com/nas_recording/ddz/bM/2Pr/W3/E0m.wav
2026-01-03 09:34:15.997 +09:00 [INF] ═══════════════════════════════════════════════════════
2026-01-03 09:34:15.997 +09:00 [INF] ⏹️ 녹취 완료!
2026-01-03 09:34:15.997 +09:00 [INF]     ExtInfo(파일정보): http://orec.skbroadband.com/nas_recording/ddz/bM/2Pr/W3/E0m.wav
2026-01-03 09:34:15.997 +09:00 [INF]     ExtInfo 길이: 63
2026-01-03 09:34:15.997 +09:00 [INF]     http:// 포함: true
2026-01-03 09:34:15.997 +09:00 [INF]     https:// 포함: false
2026-01-03 09:34:15.997 +09:00 [INF]     통화시간: 102초
2026-01-03 09:34:15.997 +09:00 [INF]     발신번호: 01049214259
2026-01-03 09:34:15.997 +09:00 [INF]     수신번호: 0315672278
2026-01-03 09:34:15.998 +09:00 [INF] ───────────────────────────────────────────────────────
2026-01-03 09:34:15.998 +09:00 [INF] [녹취 전송] SendRecordingComplete 시작
2026-01-03 09:34:15.998 +09:00 [INF]     recordingInfo 원본: http://orec.skbroadband.com/nas_recording/ddz/bM/2Pr/W3/E0m.wav
2026-01-03 09:34:15.998 +09:00 [INF]     녹취파일 다운로드 중...
2026-01-03 09:34:16.050 +09:00 [INF]     다운로드 완료: 818604 bytes (0.78 MB)
2026-01-03 09:34:16.083 +09:00 [INF]     base64 인코딩 완료: 1091472 chars
2026-01-03 09:34:16.100 +09:00 [INF]     전송 URL: https://d-care-console.vercel.app/api/call-analysis/recording
2026-01-03 09:34:16.100 +09:00 [INF]     JSON 크기: 1144486 bytes
2026-01-03 09:34:16.208 +09:00 [INF] [이벤트] Svc=8, Evt=0x303, Res=0x0, Dn1=, Dn2=, Ext=
2026-01-03 09:34:16.208 +09:00 [INF] ═══════════════════════════════════════════════════════
2026-01-03 09:34:16.208 +09:00 [INF] [녹취 이벤트] Service=8, EvtType=0x303, Result=0x0
2026-01-03 09:34:16.208 +09:00 [INF] [녹취 이벤트] Dn1=, Dn2=
2026-01-03 09:34:16.208 +09:00 [INF] [녹취 이벤트] ExtInfo=
2026-01-03 09:34:16.208 +09:00 [INF] ═══════════════════════════════════════════════════════
2026-01-03 09:34:16.208 +09:00 [INF] 녹취 서비스 종료
2026-01-03 09:34:16.417 +09:00 [INF] [이벤트] Svc=14, Evt=0x1, Res=0x0, Dn1=01049214259, Dn2=0315672278, Ext=20260103093414
2026-01-03 09:34:16.417 +09:00 [INF] 📴 통화 종료: 01049214259
2026-01-03 09:34:16.417 +09:00 [INF] [CallLog] end 이벤트 전송: 01049214259
2026-01-03 09:34:18.798 +09:00 [INF] [CallLog] end 전송 성공
2026-01-03 09:34:20.214 +09:00 [INF] ✅ 녹취 정보 전송 성공!
2026-01-03 09:34:20.214 +09:00 [INF]     응답: {"success":true,"message":"Recording received, analysis queued","analysisId":"69586409e49e9d263c1c4d35","v2CallLogId":"6958639ce49e9d263c1c4d33","data":{"callLogId":"6958639ce49e9d263c1c4d31","callerNumber":"010-4921-4259","calledNumber":"031-567-2278","recordingFileName":"E0m.wav","duration":102,"status":"pending","createdAt":"2026-01-03T09:34:16.083+09:00","updatedAt":"2026-01-03T00:34:15.960Z","_id":"69586409e49e9d263c1c4d35"}}
2026-01-03 09:34:20.214 +09:00 [INF] ───────────────────────────────────────────────────────
2026-01-03 09:35:30.819 +09:00 [INF] [이벤트] Svc=11, Evt=0x1, Res=0x0, Dn1=0315672278, Dn2=01094893497, Ext=20260103093529
2026-01-03 09:35:30.819 +09:00 [INF] 📴 통화 종료: 01094893497
2026-01-03 09:35:30.819 +09:00 [INF] [CallLog] end 이벤트 전송: 01094893497
2026-01-03 09:35:31.028 +09:00 [INF] [이벤트] Svc=15, Evt=0x304, Res=0x0, Dn1=0315672278, Dn2=01094893497, Ext=calling
2026-01-03 09:35:31.029 +09:00 [INF] 📱 발신 시작 (via status): 0315672278 → 01094893497
2026-01-03 09:35:31.029 +09:00 [INF] [발신] 환자 조회/등록 요청: 01094893497
2026-01-03 09:35:32.982 +09:00 [INF] [CallLog] end 전송 성공
2026-01-03 09:35:33.062 +09:00 [INF] [발신] 환자 조회/등록 성공: {"success":true,"message":"New customer (not registered)","patient":{"_id":null,"name":"발신_3497","phoneNumber":"010-9489-3497","id":null},"callLog":{"callId":"call-1767400530494-cctgf1nah","callDirection":"outbound","phoneNumber":"010-9489-3497","callerNumber":"0315672278","calledNumber":"01094893497","callStatus":"answered","callStartTime":"2026-01-03T09:35:31.029+09:00","patientId":null,"patientName":"발신_3497","isNewPatient":true,"createdAt":"2026-01-03T00:35:30.494Z","updatedAt":"2026-01-03T00:35:30.494Z","_id":"69586452e49e9d263c1c4d37"},"isNewPatient":true,"v2":{"patientId":null,"callLogId":"69586453e49e9d263c1c4d38","isRegistered":false}}
2026-01-03 09:37:00.091 +09:00 [INF] [이벤트] Svc=12, Evt=0x1, Res=0x0, Dn1=0315672278, Dn2=01094893497, Ext=20260103093658
2026-01-03 09:37:00.091 +09:00 [INF] ❌ 부재중: 0315672278
2026-01-03 09:37:00.091 +09:00 [INF] [CallLog] missed 이벤트 전송: 0315672278
2026-01-03 09:37:01.672 +09:00 [INF] [CallLog] missed 전송 성공
2026-01-03 09:38:02.124 +09:00 [INF] [이벤트] Svc=15, Evt=0x304, Res=0x0, Dn1=0315672278, Dn2=01063984711, Ext=calling
2026-01-03 09:38:02.124 +09:00 [INF] 📱 발신 시작 (via status): 0315672278 → 01063984711
2026-01-03 09:38:02.125 +09:00 [INF] [발신] 환자 조회/등록 요청: 01063984711
2026-01-03 09:38:02.334 +09:00 [INF] [이벤트] Svc=11, Evt=0x1, Res=0x0, Dn1=0315672278, Dn2=01063984711, Ext=20260103093800
2026-01-03 09:38:02.334 +09:00 [INF] 📴 통화 종료: 01063984711
2026-01-03 09:38:02.334 +09:00 [INF] [CallLog] end 이벤트 전송: 01063984711
2026-01-03 09:38:03.535 +09:00 [INF] [발신] 환자 조회/등록 성공: {"success":true,"message":"New customer (not registered)","patient":{"_id":null,"name":"발신_4711","phoneNumber":"010-6398-4711","id":null},"callLog":{"callId":"call-1767400681584-oroqpt9d8","callDirection":"outbound","phoneNumber":"010-6398-4711","callerNumber":"0315672278","calledNumber":"01063984711","callStatus":"answered","callStartTime":"2026-01-03T09:38:02.125+09:00","patientId":null,"patientName":"발신_4711","isNewPatient":true,"createdAt":"2026-01-03T00:38:01.584Z","updatedAt":"2026-01-03T00:38:01.584Z","_id":"695864e9d21d60ff47601141"},"isNewPatient":true,"v2":{"patientId":null,"callLogId":"695864e9d21d60ff47601142","isRegistered":false}}
2026-01-03 09:38:04.373 +09:00 [INF] [CallLog] end 전송 성공
2026-01-03 09:38:57.452 +09:00 [INF] [이벤트] Svc=12, Evt=0x1, Res=0x0, Dn1=0315672278, Dn2=01063984711, Ext=20260103093855
2026-01-03 09:38:57.452 +09:00 [INF] ❌ 부재중: 0315672278
2026-01-03 09:38:57.452 +09:00 [INF] [CallLog] missed 이벤트 전송: 0315672278
2026-01-03 09:38:58.892 +09:00 [INF] [CallLog] missed 전송 성공
2026-01-03 09:40:14.568 +09:00 [INF] [이벤트] Svc=15, Evt=0x304, Res=0x0, Dn1=0315672278, Dn2=01087400810, Ext=calling
2026-01-03 09:40:14.568 +09:00 [INF] 📱 발신 시작 (via status): 0315672278 → 01087400810
2026-01-03 09:40:14.568 +09:00 [INF] [발신] 환자 조회/등록 요청: 01087400810
2026-01-03 09:40:14.777 +09:00 [INF] [이벤트] Svc=11, Evt=0x1, Res=0x0, Dn1=0315672278, Dn2=01087400810, Ext=20260103094012
2026-01-03 09:40:14.777 +09:00 [INF] 📴 통화 종료: 01087400810
2026-01-03 09:40:14.777 +09:00 [INF] [CallLog] end 이벤트 전송: 01087400810
2026-01-03 09:40:16.129 +09:00 [INF] [발신] 환자 조회/등록 성공: {"success":true,"message":"New customer (not registered)","patient":{"_id":null,"name":"발신_0810","phoneNumber":"010-8740-0810","id":null},"callLog":{"callId":"call-1767400813962-9lsm8u75k","callDirection":"outbound","phoneNumber":"010-8740-0810","callerNumber":"0315672278","calledNumber":"01087400810","callStatus":"answered","callStartTime":"2026-01-03T09:40:14.568+09:00","patientId":null,"patientName":"발신_0810","isNewPatient":true,"createdAt":"2026-01-03T00:40:13.962Z","updatedAt":"2026-01-03T00:40:13.962Z","_id":"6958656da84f1efe01c463f1"},"isNewPatient":true,"v2":{"patientId":null,"callLogId":"6958656ea84f1efe01c463f2","isRegistered":false}}
2026-01-03 09:40:17.306 +09:00 [INF] [CallLog] end 전송 성공
2026-01-03 09:40:59.000 +09:00 [INF] [이벤트] Svc=12, Evt=0x1, Res=0x0, Dn1=0315672278, Dn2=01087400810, Ext=20260103094057
2026-01-03 09:40:59.001 +09:00 [INF] ❌ 부재중: 0315672278
2026-01-03 09:40:59.001 +09:00 [INF] [CallLog] missed 이벤트 전송: 0315672278
2026-01-03 09:41:00.387 +09:00 [INF] [CallLog] missed 전송 성공
2026-01-03 09:45:35.631 +09:00 [INF] [이벤트] Svc=11, Evt=0x1, Res=0x0, Dn1=0315672278, Dn2=01030487147, Ext=20260103094533
2026-01-03 09:45:35.631 +09:00 [INF] 📴 통화 종료: 01030487147
2026-01-03 09:45:35.631 +09:00 [INF] [CallLog] end 이벤트 전송: 01030487147
2026-01-03 09:45:35.841 +09:00 [INF] [이벤트] Svc=15, Evt=0x304, Res=0x0, Dn1=0315672278, Dn2=01030487147, Ext=calling
2026-01-03 09:45:35.841 +09:00 [INF] 📱 발신 시작 (via status): 0315672278 → 01030487147
2026-01-03 09:45:35.841 +09:00 [INF] [발신] 환자 조회/등록 요청: 01030487147
2026-01-03 09:45:37.204 +09:00 [INF] [발신] 환자 조회/등록 성공: {"success":true,"message":"New customer (not registered)","patient":{"_id":null,"name":"발신_7147","phoneNumber":"010-3048-7147","id":null},"callLog":{"callId":"call-1767401135247-wkkotc32s","callDirection":"outbound","phoneNumber":"010-3048-7147","callerNumber":"0315672278","calledNumber":"01030487147","callStatus":"answered","callStartTime":"2026-01-03T09:45:35.841+09:00","patientId":null,"patientName":"발신_7147","isNewPatient":true,"createdAt":"2026-01-03T00:45:35.248Z","updatedAt":"2026-01-03T00:45:35.248Z","_id":"695866afe29d59a878f971a9"},"isNewPatient":true,"v2":{"patientId":null,"callLogId":"695866afe29d59a878f971aa","isRegistered":false}}
2026-01-03 09:45:37.870 +09:00 [INF] [CallLog] end 전송 성공
2026-01-03 09:46:45.622 +09:00 [INF] [이벤트] Svc=12, Evt=0x1, Res=0x0, Dn1=0315672278, Dn2=01030487147, Ext=20260103094643
2026-01-03 09:46:45.622 +09:00 [INF] ❌ 부재중: 0315672278
2026-01-03 09:46:45.622 +09:00 [INF] [CallLog] missed 이벤트 전송: 0315672278
2026-01-03 09:46:47.000 +09:00 [INF] [CallLog] missed 전송 성공
2026-01-03 10:02:56.519 +09:00 [INF] [이벤트] Svc=11, Evt=0x1, Res=0x0, Dn1=0315672278, Dn2=01037766436, Ext=20260103100254
2026-01-03 10:02:56.527 +09:00 [INF] 📴 통화 종료: 01037766436
2026-01-03 10:02:56.527 +09:00 [INF] [CallLog] end 이벤트 전송: 01037766436
2026-01-03 10:02:56.728 +09:00 [INF] [이벤트] Svc=12, Evt=0x1, Res=0x0, Dn1=0315672278, Dn2=01037766436, Ext=20260103100254
2026-01-03 10:02:56.728 +09:00 [INF] ❌ 부재중: 0315672278
2026-01-03 10:02:56.728 +09:00 [INF] [CallLog] missed 이벤트 전송: 0315672278
2026-01-03 10:02:58.919 +09:00 [INF] [CallLog] end 전송 성공
2026-01-03 10:02:59.796 +09:00 [INF] [CallLog] missed 전송 성공
2026-01-03 10:03:32.143 +09:00 [INF] [이벤트] Svc=11, Evt=0x1, Res=0x0, Dn1=0315672278, Dn2=01040096226, Ext=20260103100330
2026-01-03 10:03:32.143 +09:00 [INF] 📴 통화 종료: 01040096226
2026-01-03 10:03:32.143 +09:00 [INF] [CallLog] end 이벤트 전송: 01040096226
2026-01-03 10:03:32.353 +09:00 [INF] [이벤트] Svc=12, Evt=0x1, Res=0x0, Dn1=0315672278, Dn2=01040096226, Ext=20260103100330
2026-01-03 10:03:32.353 +09:00 [INF] ❌ 부재중: 0315672278
2026-01-03 10:03:32.353 +09:00 [INF] [CallLog] missed 이벤트 전송: 0315672278
2026-01-03 10:03:34.415 +09:00 [INF] [CallLog] end 전송 성공
2026-01-03 10:03:34.586 +09:00 [INF] [CallLog] missed 전송 성공
2026-01-03 10:28:13.328 +09:00 [INF] [이벤트] Svc=7, Evt=0x1, Res=0x0, Dn1=01087177552, Dn2=0315672278, Ext=
2026-01-03 10:28:13.328 +09:00 [INF] 📞 전화 수신: 01087177552 → 0315672278
2026-01-03 10:28:13.329 +09:00 [INF] [CallLog] ring 이벤트 전송: 01087177552
2026-01-03 10:28:15.766 +09:00 [INF] [CallLog] ring 전송 성공
2026-01-03 10:28:15.840 +09:00 [INF] [이벤트] Svc=8, Evt=0x304, Res=0x0, Dn1=01087177552, Dn2=0315672278, Ext=
2026-01-03 10:28:15.841 +09:00 [INF] ═══════════════════════════════════════════════════════
2026-01-03 10:28:15.841 +09:00 [INF] [녹취 이벤트] Service=8, EvtType=0x304, Result=0x0
2026-01-03 10:28:15.841 +09:00 [INF] [녹취 이벤트] Dn1=01087177552, Dn2=0315672278
2026-01-03 10:28:15.841 +09:00 [INF] [녹취 이벤트] ExtInfo=
2026-01-03 10:28:15.841 +09:00 [INF] ═══════════════════════════════════════════════════════
2026-01-03 10:28:15.841 +09:00 [INF] 🎙️ 착신녹취 준비: 01087177552 → 0315672278
2026-01-03 10:28:15.841 +09:00 [INF] 녹취 시작 요청 성공
2026-01-03 10:28:16.050 +09:00 [INF] [이벤트] Svc=13, Evt=0x1, Res=0x0, Dn1=01087177552, Dn2=0315672278, Ext=20260103102813
2026-01-03 10:28:16.050 +09:00 [INF] 📱 통화 응답: 01087177552
2026-01-03 10:28:16.050 +09:00 [INF] [CallLog] start 이벤트 전송: 01087177552
2026-01-03 10:28:16.261 +09:00 [INF] [이벤트] Svc=15, Evt=0x304, Res=0x0, Dn1=0315672278, Dn2=01087177552, Ext=called
2026-01-03 10:28:16.261 +09:00 [INF] 📱 통화 연결: 01087177552
2026-01-03 10:28:16.261 +09:00 [INF] [CallLog] start 이벤트 전송: 01087177552
2026-01-03 10:28:16.470 +09:00 [INF] [이벤트] Svc=8, Evt=0x307, Res=0x0, Dn1=, Dn2=, Ext=http://orec.skbroadband.com/nas_recording/ddz/bM/2
2026-01-03 10:28:16.471 +09:00 [INF] ═══════════════════════════════════════════════════════
2026-01-03 10:28:16.471 +09:00 [INF] [녹취 이벤트] Service=8, EvtType=0x307, Result=0x0
2026-01-03 10:28:16.471 +09:00 [INF] [녹취 이벤트] Dn1=, Dn2=
2026-01-03 10:28:16.471 +09:00 [INF] [녹취 이벤트] ExtInfo=http://orec.skbroadband.com/nas_recording/ddz/bM/2Pr/22/x9s.wav
2026-01-03 10:28:16.471 +09:00 [INF] ═══════════════════════════════════════════════════════
2026-01-03 10:28:16.471 +09:00 [INF] 🔴 녹취 시작!
2026-01-03 10:28:16.471 +09:00 [INF]     ExtInfo(파일정보): http://orec.skbroadband.com/nas_recording/ddz/bM/2Pr/22/x9s.wav
2026-01-03 10:28:16.471 +09:00 [INF]     ExtInfo 길이: 63
2026-01-03 10:28:16.471 +09:00 [INF]     http 포함여부: true
2026-01-03 10:28:21.547 +09:00 [INF] [CallLog] start 전송 성공
2026-01-03 10:28:22.430 +09:00 [INF] [CallLog] start 전송 성공
2026-01-03 10:30:09.418 +09:00 [INF] [이벤트] Svc=8, Evt=0x308, Res=0x0, Dn1=, Dn2=, Ext=http://orec.skbroadband.com/nas_recording/ddz/bM/2
2026-01-03 10:30:09.418 +09:00 [INF] ═══════════════════════════════════════════════════════
2026-01-03 10:30:09.419 +09:00 [INF] [녹취 이벤트] Service=8, EvtType=0x308, Result=0x0
2026-01-03 10:30:09.419 +09:00 [INF] [녹취 이벤트] Dn1=, Dn2=
2026-01-03 10:30:09.419 +09:00 [INF] [녹취 이벤트] ExtInfo=http://orec.skbroadband.com/nas_recording/ddz/bM/2Pr/22/x9s.wav
2026-01-03 10:30:09.419 +09:00 [INF] ═══════════════════════════════════════════════════════
2026-01-03 10:30:09.419 +09:00 [INF] ⏹️ 녹취 완료!
2026-01-03 10:30:09.419 +09:00 [INF]     ExtInfo(파일정보): http://orec.skbroadband.com/nas_recording/ddz/bM/2Pr/22/x9s.wav
2026-01-03 10:30:09.419 +09:00 [INF]     ExtInfo 길이: 63
2026-01-03 10:30:09.419 +09:00 [INF]     http:// 포함: true
2026-01-03 10:30:09.419 +09:00 [INF]     https:// 포함: false
2026-01-03 10:30:09.419 +09:00 [INF]     통화시간: 113초
2026-01-03 10:30:09.419 +09:00 [INF]     발신번호: 01087177552
2026-01-03 10:30:09.419 +09:00 [INF]     수신번호: 0315672278
2026-01-03 10:30:09.419 +09:00 [INF] ───────────────────────────────────────────────────────
2026-01-03 10:30:09.419 +09:00 [INF] [녹취 전송] SendRecordingComplete 시작
2026-01-03 10:30:09.419 +09:00 [INF]     recordingInfo 원본: http://orec.skbroadband.com/nas_recording/ddz/bM/2Pr/22/x9s.wav
2026-01-03 10:30:09.419 +09:00 [INF]     녹취파일 다운로드 중...
2026-01-03 10:30:09.478 +09:00 [INF]     다운로드 완료: 905164 bytes (0.86 MB)
2026-01-03 10:30:09.479 +09:00 [INF]     base64 인코딩 완료: 1206888 chars
2026-01-03 10:30:09.488 +09:00 [INF]     전송 URL: https://d-care-console.vercel.app/api/call-analysis/recording
2026-01-03 10:30:09.488 +09:00 [INF]     JSON 크기: 1268532 bytes
2026-01-03 10:30:09.628 +09:00 [INF] [이벤트] Svc=8, Evt=0x303, Res=0x0, Dn1=, Dn2=, Ext=
2026-01-03 10:30:09.628 +09:00 [INF] ═══════════════════════════════════════════════════════
2026-01-03 10:30:09.628 +09:00 [INF] [녹취 이벤트] Service=8, EvtType=0x303, Result=0x0
2026-01-03 10:30:09.628 +09:00 [INF] [녹취 이벤트] Dn1=, Dn2=
2026-01-03 10:30:09.628 +09:00 [INF] [녹취 이벤트] ExtInfo=
2026-01-03 10:30:09.628 +09:00 [INF] ═══════════════════════════════════════════════════════
2026-01-03 10:30:09.628 +09:00 [INF] 녹취 서비스 종료
2026-01-03 10:30:09.840 +09:00 [INF] [이벤트] Svc=14, Evt=0x1, Res=0x0, Dn1=01087177552, Dn2=0315672278, Ext=20260103103007
2026-01-03 10:30:09.840 +09:00 [INF] 📴 통화 종료: 01087177552
2026-01-03 10:30:09.840 +09:00 [INF] [CallLog] end 이벤트 전송: 01087177552
2026-01-03 10:30:12.213 +09:00 [INF] ✅ 녹취 정보 전송 성공!
2026-01-03 10:30:12.213 +09:00 [INF]     응답: {"success":true,"message":"Recording received, analysis queued","analysisId":"69587122b6dfc13d7264e4ea","v2CallLogId":"695870ade9df3adfd1918164","data":{"callerNumber":"010-8717-7552","calledNumber":"031-567-2278","recordingFileName":"x9s.wav","duration":113,"status":"pending","createdAt":"2026-01-03T10:30:09.479+09:00","updatedAt":"2026-01-03T01:30:08.694Z","_id":"69587122b6dfc13d7264e4ea"}}
2026-01-03 10:30:12.213 +09:00 [INF] ───────────────────────────────────────────────────────
2026-01-03 10:30:12.594 +09:00 [INF] [CallLog] end 전송 성공
2026-01-03 10:53:34.933 +09:00 [INF] [이벤트] Svc=7, Evt=0x1, Res=0x0, Dn1=01025950731, Dn2=0315672278, Ext=
2026-01-03 10:53:34.933 +09:00 [INF] 📞 전화 수신: 01025950731 → 0315672278
2026-01-03 10:53:34.934 +09:00 [INF] [CallLog] ring 이벤트 전송: 01025950731
2026-01-03 10:53:36.389 +09:00 [INF] [CallLog] ring 전송 성공
2026-01-03 10:53:37.028 +09:00 [INF] [이벤트] Svc=8, Evt=0x304, Res=0x0, Dn1=01025950731, Dn2=0315672278, Ext=
2026-01-03 10:53:37.028 +09:00 [INF] ═══════════════════════════════════════════════════════
2026-01-03 10:53:37.028 +09:00 [INF] [녹취 이벤트] Service=8, EvtType=0x304, Result=0x0
2026-01-03 10:53:37.028 +09:00 [INF] [녹취 이벤트] Dn1=01025950731, Dn2=0315672278
2026-01-03 10:53:37.028 +09:00 [INF] [녹취 이벤트] ExtInfo=
2026-01-03 10:53:37.028 +09:00 [INF] ═══════════════════════════════════════════════════════
2026-01-03 10:53:37.028 +09:00 [INF] 🎙️ 착신녹취 준비: 01025950731 → 0315672278
2026-01-03 10:53:37.028 +09:00 [INF] 녹취 시작 요청 성공
2026-01-03 10:53:37.239 +09:00 [INF] [이벤트] Svc=15, Evt=0x304, Res=0x0, Dn1=0315672278, Dn2=01025950731, Ext=called
2026-01-03 10:53:37.239 +09:00 [INF] 📱 통화 연결: 01025950731
2026-01-03 10:53:37.239 +09:00 [INF] [CallLog] start 이벤트 전송: 01025950731
2026-01-03 10:53:37.449 +09:00 [INF] [이벤트] Svc=13, Evt=0x1, Res=0x0, Dn1=01025950731, Dn2=0315672278, Ext=20260103105335
2026-01-03 10:53:37.449 +09:00 [INF] 📱 통화 응답: 01025950731
2026-01-03 10:53:37.449 +09:00 [INF] [CallLog] start 이벤트 전송: 01025950731
2026-01-03 10:53:37.658 +09:00 [INF] [이벤트] Svc=8, Evt=0x307, Res=0x0, Dn1=, Dn2=, Ext=http://orec.skbroadband.com/nas_recording/ddz/bM/2
2026-01-03 10:53:37.658 +09:00 [INF] ═══════════════════════════════════════════════════════
2026-01-03 10:53:37.658 +09:00 [INF] [녹취 이벤트] Service=8, EvtType=0x307, Result=0x0
2026-01-03 10:53:37.658 +09:00 [INF] [녹취 이벤트] Dn1=, Dn2=
2026-01-03 10:53:37.658 +09:00 [INF] [녹취 이벤트] ExtInfo=http://orec.skbroadband.com/nas_recording/ddz/bM/2Pr/2f/1qe.wav
2026-01-03 10:53:37.658 +09:00 [INF] ═══════════════════════════════════════════════════════
2026-01-03 10:53:37.658 +09:00 [INF] 🔴 녹취 시작!
2026-01-03 10:53:37.658 +09:00 [INF]     ExtInfo(파일정보): http://orec.skbroadband.com/nas_recording/ddz/bM/2Pr/2f/1qe.wav
2026-01-03 10:53:37.658 +09:00 [INF]     ExtInfo 길이: 63
2026-01-03 10:53:37.658 +09:00 [INF]     http 포함여부: true
2026-01-03 10:53:39.084 +09:00 [INF] [CallLog] start 전송 성공
2026-01-03 10:53:39.279 +09:00 [INF] [CallLog] start 전송 성공
2026-01-03 10:54:34.239 +09:00 [INF] [이벤트] Svc=8, Evt=0x308, Res=0x0, Dn1=, Dn2=, Ext=http://orec.skbroadband.com/nas_recording/ddz/bM/2
2026-01-03 10:54:34.239 +09:00 [INF] ═══════════════════════════════════════════════════════
2026-01-03 10:54:34.239 +09:00 [INF] [녹취 이벤트] Service=8, EvtType=0x308, Result=0x0
2026-01-03 10:54:34.239 +09:00 [INF] [녹취 이벤트] Dn1=, Dn2=
2026-01-03 10:54:34.239 +09:00 [INF] [녹취 이벤트] ExtInfo=http://orec.skbroadband.com/nas_recording/ddz/bM/2Pr/2f/1qe.wav
2026-01-03 10:54:34.239 +09:00 [INF] ═══════════════════════════════════════════════════════
2026-01-03 10:54:34.239 +09:00 [INF] ⏹️ 녹취 완료!
2026-01-03 10:54:34.239 +09:00 [INF]     ExtInfo(파일정보): http://orec.skbroadband.com/nas_recording/ddz/bM/2Pr/2f/1qe.wav
2026-01-03 10:54:34.239 +09:00 [INF]     ExtInfo 길이: 63
2026-01-03 10:54:34.239 +09:00 [INF]     http:// 포함: true
2026-01-03 10:54:34.239 +09:00 [INF]     https:// 포함: false
2026-01-03 10:54:34.239 +09:00 [INF]     통화시간: 57초
2026-01-03 10:54:34.239 +09:00 [INF]     발신번호: 01025950731
2026-01-03 10:54:34.239 +09:00 [INF]     수신번호: 0315672278
2026-01-03 10:54:34.239 +09:00 [INF] ───────────────────────────────────────────────────────
2026-01-03 10:54:34.239 +09:00 [INF] [녹취 전송] SendRecordingComplete 시작
2026-01-03 10:54:34.239 +09:00 [INF]     recordingInfo 원본: http://orec.skbroadband.com/nas_recording/ddz/bM/2Pr/2f/1qe.wav
2026-01-03 10:54:34.239 +09:00 [INF]     녹취파일 다운로드 중...
2026-01-03 10:54:34.302 +09:00 [INF]     다운로드 완료: 454604 bytes (0.43 MB)
2026-01-03 10:54:34.309 +09:00 [INF]     base64 인코딩 완료: 606140 chars
2026-01-03 10:54:34.312 +09:00 [INF]     전송 URL: https://d-care-console.vercel.app/api/call-analysis/recording
2026-01-03 10:54:34.312 +09:00 [INF]     JSON 크기: 633533 bytes
2026-01-03 10:54:34.448 +09:00 [INF] [이벤트] Svc=8, Evt=0x303, Res=0x0, Dn1=, Dn2=, Ext=
2026-01-03 10:54:34.448 +09:00 [INF] ═══════════════════════════════════════════════════════
2026-01-03 10:54:34.448 +09:00 [INF] [녹취 이벤트] Service=8, EvtType=0x303, Result=0x0
2026-01-03 10:54:34.449 +09:00 [INF] [녹취 이벤트] Dn1=, Dn2=
2026-01-03 10:54:34.449 +09:00 [INF] [녹취 이벤트] ExtInfo=
2026-01-03 10:54:34.449 +09:00 [INF] ═══════════════════════════════════════════════════════
2026-01-03 10:54:34.449 +09:00 [INF] 녹취 서비스 종료
2026-01-03 10:54:34.658 +09:00 [INF] [이벤트] Svc=14, Evt=0x1, Res=0x0, Dn1=01025950731, Dn2=0315672278, Ext=20260103105432
2026-01-03 10:54:34.658 +09:00 [INF] 📴 통화 종료: 01025950731
2026-01-03 10:54:34.658 +09:00 [INF] [CallLog] end 이벤트 전송: 01025950731
2026-01-03 10:54:37.541 +09:00 [INF] [CallLog] end 전송 성공
2026-01-03 10:54:38.819 +09:00 [INF] ✅ 녹취 정보 전송 성공!
2026-01-03 10:54:38.819 +09:00 [INF]     응답: {"success":true,"message":"Recording received, analysis queued","analysisId":"695876dcc3303f3fd03c0c96","v2CallLogId":"695876a0c3303f3fd03c0c94","data":{"callLogId":"6958769eb6dfc13d7264e4ec","callerNumber":"010-2595-0731","calledNumber":"031-567-2278","recordingFileName":"1qe.wav","duration":57,"status":"pending","createdAt":"2026-01-03T10:54:34.309+09:00","updatedAt":"2026-01-03T01:54:33.807Z","_id":"695876dcc3303f3fd03c0c96"}}
2026-01-03 10:54:38.819 +09:00 [INF] ───────────────────────────────────────────────────────
2026-01-03 11:04:28.776 +09:00 [INF] [이벤트] Svc=7, Evt=0x1, Res=0x0, Dn1=01025950731, Dn2=0315672278, Ext=
2026-01-03 11:04:28.777 +09:00 [INF] 📞 전화 수신: 01025950731 → 0315672278
2026-01-03 11:04:28.778 +09:00 [INF] [CallLog] ring 이벤트 전송: 01025950731
2026-01-03 11:04:30.661 +09:00 [INF] [이벤트] Svc=9, Evt=0x1, Res=0x0, Dn1=01025950731, Dn2=0315672278, Ext=20260103110428
2026-01-03 11:04:30.661 +09:00 [INF] 📱 통화 연결: 01025950731
2026-01-03 11:04:30.661 +09:00 [INF] [CallLog] start 이벤트 전송: 01025950731
2026-01-03 11:04:31.876 +09:00 [INF] [CallLog] ring 전송 성공
2026-01-03 11:04:32.709 +09:00 [INF] [CallLog] start 전송 성공
2026-01-03 11:06:26.339 +09:00 [INF] [이벤트] Svc=11, Evt=0x1, Res=0x0, Dn1=0315672278, Dn2=01025950731, Ext=20260103110624
2026-01-03 11:06:26.339 +09:00 [INF] 📴 통화 종료: 01025950731
2026-01-03 11:06:26.339 +09:00 [INF] [CallLog] end 이벤트 전송: 01025950731
2026-01-03 11:06:26.548 +09:00 [INF] [이벤트] Svc=15, Evt=0x304, Res=0x0, Dn1=0315672278, Dn2=01025950731, Ext=calling
2026-01-03 11:06:26.548 +09:00 [INF] 📱 발신 시작 (via status): 0315672278 → 01025950731
2026-01-03 11:06:26.548 +09:00 [INF] [발신] 환자 조회/등록 요청: 01025950731
2026-01-03 11:06:27.863 +09:00 [INF] [발신] 환자 조회/등록 성공: {"success":true,"message":"New customer (not registered)","patient":{"_id":null,"name":"발신_0731","phoneNumber":"010-2595-0731","id":null},"callLog":{"callId":"call-1767405985873-i3v2b530c","callDirection":"outbound","phoneNumber":"010-2595-0731","callerNumber":"0315672278","calledNumber":"01025950731","callStatus":"answered","callStartTime":"2026-01-03T11:06:26.548+09:00","patientId":null,"patientName":"발신_0731","isNewPatient":true,"createdAt":"2026-01-03T02:06:25.873Z","updatedAt":"2026-01-03T02:06:25.873Z","_id":"695879a1c3303f3fd03c0c99"},"isNewPatient":true,"v2":{"patientId":null,"callLogId":"695879a1c3303f3fd03c0c9a","isRegistered":false}}
2026-01-03 11:06:28.572 +09:00 [INF] [CallLog] end 전송 성공
2026-01-03 11:06:35.979 +09:00 [INF] [이벤트] Svc=12, Evt=0x1, Res=0x0, Dn1=0315672278, Dn2=01025950731, Ext=20260103110634
2026-01-03 11:06:35.979 +09:00 [INF] ❌ 부재중: 0315672278
2026-01-03 11:06:35.979 +09:00 [INF] [CallLog] missed 이벤트 전송: 0315672278
2026-01-03 11:06:37.362 +09:00 [INF] [CallLog] missed 전송 성공
2026-01-03 11:06:47.923 +09:00 [INF] [이벤트] Svc=7, Evt=0x1, Res=0x0, Dn1=01025950731, Dn2=0315672278, Ext=
2026-01-03 11:06:47.923 +09:00 [INF] 📞 전화 수신: 01025950731 → 0315672278
2026-01-03 11:06:47.924 +09:00 [INF] [CallLog] ring 이벤트 전송: 01025950731
2026-01-03 11:06:49.464 +09:00 [INF] [CallLog] ring 전송 성공
2026-01-03 11:06:50.019 +09:00 [INF] [이벤트] Svc=13, Evt=0x1, Res=0x0, Dn1=01025950731, Dn2=0315672278, Ext=20260103110648
2026-01-03 11:06:50.019 +09:00 [INF] 📱 통화 응답: 01025950731
2026-01-03 11:06:50.019 +09:00 [INF] [CallLog] start 이벤트 전송: 01025950731
2026-01-03 11:06:50.229 +09:00 [INF] [이벤트] Svc=15, Evt=0x304, Res=0x0, Dn1=0315672278, Dn2=01025950731, Ext=called
2026-01-03 11:06:50.229 +09:00 [INF] 📱 통화 연결: 01025950731
2026-01-03 11:06:50.229 +09:00 [INF] [CallLog] start 이벤트 전송: 01025950731
2026-01-03 11:06:50.439 +09:00 [INF] [이벤트] Svc=8, Evt=0x304, Res=0x0, Dn1=01025950731, Dn2=0315672278, Ext=
2026-01-03 11:06:50.439 +09:00 [INF] ═══════════════════════════════════════════════════════
2026-01-03 11:06:50.439 +09:00 [INF] [녹취 이벤트] Service=8, EvtType=0x304, Result=0x0
2026-01-03 11:06:50.439 +09:00 [INF] [녹취 이벤트] Dn1=01025950731, Dn2=0315672278
2026-01-03 11:06:50.439 +09:00 [INF] [녹취 이벤트] ExtInfo=
2026-01-03 11:06:50.439 +09:00 [INF] ═══════════════════════════════════════════════════════
2026-01-03 11:06:50.439 +09:00 [INF] 🎙️ 착신녹취 준비: 01025950731 → 0315672278
2026-01-03 11:06:50.439 +09:00 [INF] 녹취 시작 요청 성공
2026-01-03 11:06:50.858 +09:00 [INF] [이벤트] Svc=8, Evt=0x307, Res=0x0, Dn1=, Dn2=, Ext=http://orec.skbroadband.com/nas_recording/ddz/bM/2
2026-01-03 11:06:50.858 +09:00 [INF] ═══════════════════════════════════════════════════════
2026-01-03 11:06:50.858 +09:00 [INF] [녹취 이벤트] Service=8, EvtType=0x307, Result=0x0
2026-01-03 11:06:50.858 +09:00 [INF] [녹취 이벤트] Dn1=, Dn2=
2026-01-03 11:06:50.858 +09:00 [INF] [녹취 이벤트] ExtInfo=http://orec.skbroadband.com/nas_recording/ddz/bM/2Pr/kH/E9V.wav
2026-01-03 11:06:50.858 +09:00 [INF] ═══════════════════════════════════════════════════════
2026-01-03 11:06:50.858 +09:00 [INF] 🔴 녹취 시작!
2026-01-03 11:06:50.858 +09:00 [INF]     ExtInfo(파일정보): http://orec.skbroadband.com/nas_recording/ddz/bM/2Pr/kH/E9V.wav
2026-01-03 11:06:50.858 +09:00 [INF]     ExtInfo 길이: 63
2026-01-03 11:06:50.858 +09:00 [INF]     http 포함여부: true
2026-01-03 11:06:51.290 +09:00 [INF] [CallLog] start 전송 성공
2026-01-03 11:06:51.443 +09:00 [INF] [CallLog] start 전송 성공
2026-01-03 11:07:35.912 +09:00 [INF] [이벤트] Svc=8, Evt=0x308, Res=0x0, Dn1=, Dn2=, Ext=http://orec.skbroadband.com/nas_recording/ddz/bM/2
2026-01-03 11:07:35.912 +09:00 [INF] ═══════════════════════════════════════════════════════
2026-01-03 11:07:35.912 +09:00 [INF] [녹취 이벤트] Service=8, EvtType=0x308, Result=0x0
2026-01-03 11:07:35.912 +09:00 [INF] [녹취 이벤트] Dn1=, Dn2=
2026-01-03 11:07:35.912 +09:00 [INF] [녹취 이벤트] ExtInfo=http://orec.skbroadband.com/nas_recording/ddz/bM/2Pr/kH/E9V.wav
2026-01-03 11:07:35.912 +09:00 [INF] ═══════════════════════════════════════════════════════
2026-01-03 11:07:35.912 +09:00 [INF] ⏹️ 녹취 완료!
2026-01-03 11:07:35.912 +09:00 [INF]     ExtInfo(파일정보): http://orec.skbroadband.com/nas_recording/ddz/bM/2Pr/kH/E9V.wav
2026-01-03 11:07:35.912 +09:00 [INF]     ExtInfo 길이: 63
2026-01-03 11:07:35.913 +09:00 [INF]     http:// 포함: true
2026-01-03 11:07:35.913 +09:00 [INF]     https:// 포함: false
2026-01-03 11:07:35.913 +09:00 [INF]     통화시간: 45초
2026-01-03 11:07:35.913 +09:00 [INF]     발신번호: 01025950731
2026-01-03 11:07:35.913 +09:00 [INF]     수신번호: 0315672278
2026-01-03 11:07:35.913 +09:00 [INF] ───────────────────────────────────────────────────────
2026-01-03 11:07:35.913 +09:00 [INF] [녹취 전송] SendRecordingComplete 시작
2026-01-03 11:07:35.913 +09:00 [INF]     recordingInfo 원본: http://orec.skbroadband.com/nas_recording/ddz/bM/2Pr/kH/E9V.wav
2026-01-03 11:07:35.913 +09:00 [INF]     녹취파일 다운로드 중...
2026-01-03 11:07:35.960 +09:00 [INF]     다운로드 완료: 361004 bytes (0.34 MB)
2026-01-03 11:07:35.961 +09:00 [INF]     base64 인코딩 완료: 481340 chars
2026-01-03 11:07:35.963 +09:00 [INF]     전송 URL: https://d-care-console.vercel.app/api/call-analysis/recording
2026-01-03 11:07:35.963 +09:00 [INF]     JSON 크기: 497998 bytes
2026-01-03 11:07:36.122 +09:00 [INF] [이벤트] Svc=14, Evt=0x1, Res=0x0, Dn1=01025950731, Dn2=0315672278, Ext=20260103110734
2026-01-03 11:07:36.122 +09:00 [INF] 📴 통화 종료: 01025950731
2026-01-03 11:07:36.122 +09:00 [INF] [CallLog] end 이벤트 전송: 01025950731
2026-01-03 11:07:36.331 +09:00 [INF] [이벤트] Svc=8, Evt=0x303, Res=0x0, Dn1=, Dn2=, Ext=
2026-01-03 11:07:36.331 +09:00 [INF] ═══════════════════════════════════════════════════════
2026-01-03 11:07:36.331 +09:00 [INF] [녹취 이벤트] Service=8, EvtType=0x303, Result=0x0
2026-01-03 11:07:36.331 +09:00 [INF] [녹취 이벤트] Dn1=, Dn2=
2026-01-03 11:07:36.331 +09:00 [INF] [녹취 이벤트] ExtInfo=
2026-01-03 11:07:36.331 +09:00 [INF] ═══════════════════════════════════════════════════════
2026-01-03 11:07:36.331 +09:00 [INF] 녹취 서비스 종료
2026-01-03 11:07:39.058 +09:00 [INF] [CallLog] end 전송 성공
2026-01-03 11:07:40.447 +09:00 [INF] ✅ 녹취 정보 전송 성공!
2026-01-03 11:07:40.447 +09:00 [INF]     응답: {"success":true,"message":"Recording received, analysis queued","analysisId":"695879e9c3303f3fd03c0c9e","v2CallLogId":"695879b7c3303f3fd03c0c9c","data":{"callLogId":"695879b7b6dfc13d7264e4ef","callerNumber":"010-2595-0731","calledNumber":"031-567-2278","recordingFileName":"E9V.wav","duration":45,"status":"pending","createdAt":"2026-01-03T11:07:35.961+09:00","updatedAt":"2026-01-03T02:07:35.409Z","_id":"695879e9c3303f3fd03c0c9e"}}
2026-01-03 11:07:40.447 +09:00 [INF] ───────────────────────────────────────────────────────
2026-01-03 12:03:24.647 +09:00 [INF] [이벤트] Svc=12, Evt=0x1, Res=0x0, Dn1=0315672278, Dn2=01033416667, Ext=20260103120322
2026-01-03 12:03:24.647 +09:00 [INF] ❌ 부재중: 0315672278
2026-01-03 12:03:24.647 +09:00 [INF] [CallLog] missed 이벤트 전송: 0315672278
2026-01-03 12:03:24.857 +09:00 [INF] [이벤트] Svc=11, Evt=0x1, Res=0x0, Dn1=0315672278, Dn2=01033416667, Ext=20260103120322
2026-01-03 12:03:24.857 +09:00 [INF] 📴 통화 종료: 01033416667
2026-01-03 12:03:24.857 +09:00 [INF] [CallLog] end 이벤트 전송: 01033416667
2026-01-03 12:03:26.730 +09:00 [INF] [CallLog] missed 전송 성공
2026-01-03 12:03:26.930 +09:00 [INF] [CallLog] end 전송 성공
2026-01-03 12:04:38.924 +09:00 [INF] [이벤트] Svc=11, Evt=0x1, Res=0x0, Dn1=0315672278, Dn2=01092771390, Ext=20260103120437
2026-01-03 12:04:38.924 +09:00 [INF] 📴 통화 종료: 01092771390
2026-01-03 12:04:38.924 +09:00 [INF] [CallLog] end 이벤트 전송: 01092771390
2026-01-03 12:04:39.134 +09:00 [INF] [이벤트] Svc=12, Evt=0x1, Res=0x0, Dn1=0315672278, Dn2=01092771390, Ext=20260103120437
2026-01-03 12:04:39.134 +09:00 [INF] ❌ 부재중: 0315672278
2026-01-03 12:04:39.134 +09:00 [INF] [CallLog] missed 이벤트 전송: 0315672278
2026-01-03 12:04:41.190 +09:00 [INF] [CallLog] end 전송 성공
2026-01-03 12:04:41.346 +09:00 [INF] [CallLog] missed 전송 성공
2026-01-03 12:20:12.044 +09:00 [INF] [이벤트] Svc=7, Evt=0x1, Res=0x0, Dn1=01099325784, Dn2=0315672278, Ext=
2026-01-03 12:20:12.044 +09:00 [INF] 📞 전화 수신: 01099325784 → 0315672278
2026-01-03 12:20:12.045 +09:00 [INF] [CallLog] ring 이벤트 전송: 01099325784
2026-01-03 12:20:14.419 +09:00 [INF] [CallLog] ring 전송 성공
2026-01-03 12:20:14.562 +09:00 [INF] [이벤트] Svc=9, Evt=0x1, Res=0x0, Dn1=01099325784, Dn2=0315672278, Ext=20260103122012
2026-01-03 12:20:14.562 +09:00 [INF] 📱 통화 연결: 01099325784
2026-01-03 12:20:14.562 +09:00 [INF] [CallLog] start 이벤트 전송: 01099325784
2026-01-03 12:20:16.420 +09:00 [INF] [CallLog] start 전송 성공
2026-01-03 12:40:23.725 +09:00 [INF] [이벤트] Svc=7, Evt=0x1, Res=0x0, Dn1=01033416667, Dn2=0315672278, Ext=
2026-01-03 12:40:23.725 +09:00 [INF] 📞 전화 수신: 01033416667 → 0315672278
2026-01-03 12:40:23.726 +09:00 [INF] [CallLog] ring 이벤트 전송: 01033416667
2026-01-03 12:40:25.399 +09:00 [INF] [CallLog] ring 전송 성공
2026-01-03 12:40:26.032 +09:00 [INF] [이벤트] Svc=8, Evt=0x304, Res=0x0, Dn1=01033416667, Dn2=0315672278, Ext=
2026-01-03 12:40:26.032 +09:00 [INF] ═══════════════════════════════════════════════════════
2026-01-03 12:40:26.032 +09:00 [INF] [녹취 이벤트] Service=8, EvtType=0x304, Result=0x0
2026-01-03 12:40:26.032 +09:00 [INF] [녹취 이벤트] Dn1=01033416667, Dn2=0315672278
2026-01-03 12:40:26.032 +09:00 [INF] [녹취 이벤트] ExtInfo=
2026-01-03 12:40:26.032 +09:00 [INF] ═══════════════════════════════════════════════════════
2026-01-03 12:40:26.032 +09:00 [INF] 🎙️ 착신녹취 준비: 01033416667 → 0315672278
2026-01-03 12:40:26.032 +09:00 [INF] 녹취 시작 요청 성공
2026-01-03 12:40:26.242 +09:00 [INF] [이벤트] Svc=13, Evt=0x1, Res=0x0, Dn1=01033416667, Dn2=0315672278, Ext=20260103124024
2026-01-03 12:40:26.242 +09:00 [INF] 📱 통화 응답: 01033416667
2026-01-03 12:40:26.242 +09:00 [INF] [CallLog] start 이벤트 전송: 01033416667
2026-01-03 12:40:26.452 +09:00 [INF] [이벤트] Svc=8, Evt=0x307, Res=0x0, Dn1=, Dn2=, Ext=http://orec.skbroadband.com/nas_recording/ddz/bM/2
2026-01-03 12:40:26.452 +09:00 [INF] ═══════════════════════════════════════════════════════
2026-01-03 12:40:26.452 +09:00 [INF] [녹취 이벤트] Service=8, EvtType=0x307, Result=0x0
2026-01-03 12:40:26.452 +09:00 [INF] [녹취 이벤트] Dn1=, Dn2=
2026-01-03 12:40:26.452 +09:00 [INF] [녹취 이벤트] ExtInfo=http://orec.skbroadband.com/nas_recording/ddz/bM/2Pr/Tf/1Zu.wav
2026-01-03 12:40:26.452 +09:00 [INF] ═══════════════════════════════════════════════════════
2026-01-03 12:40:26.452 +09:00 [INF] 🔴 녹취 시작!
2026-01-03 12:40:26.452 +09:00 [INF]     ExtInfo(파일정보): http://orec.skbroadband.com/nas_recording/ddz/bM/2Pr/Tf/1Zu.wav
2026-01-03 12:40:26.452 +09:00 [INF]     ExtInfo 길이: 63
2026-01-03 12:40:26.452 +09:00 [INF]     http 포함여부: true
2026-01-03 12:40:27.636 +09:00 [INF] [CallLog] start 전송 성공
2026-01-03 12:40:58.552 +09:00 [INF] [이벤트] Svc=8, Evt=0x308, Res=0x0, Dn1=, Dn2=, Ext=http://orec.skbroadband.com/nas_recording/ddz/bM/2
2026-01-03 12:40:58.553 +09:00 [INF] ═══════════════════════════════════════════════════════
2026-01-03 12:40:58.553 +09:00 [INF] [녹취 이벤트] Service=8, EvtType=0x308, Result=0x0
2026-01-03 12:40:58.553 +09:00 [INF] [녹취 이벤트] Dn1=, Dn2=
2026-01-03 12:40:58.553 +09:00 [INF] [녹취 이벤트] ExtInfo=http://orec.skbroadband.com/nas_recording/ddz/bM/2Pr/Tf/1Zu.wav
2026-01-03 12:40:58.553 +09:00 [INF] ═══════════════════════════════════════════════════════
2026-01-03 12:40:58.553 +09:00 [INF] ⏹️ 녹취 완료!
2026-01-03 12:40:58.553 +09:00 [INF]     ExtInfo(파일정보): http://orec.skbroadband.com/nas_recording/ddz/bM/2Pr/Tf/1Zu.wav
2026-01-03 12:40:58.553 +09:00 [INF]     ExtInfo 길이: 63
2026-01-03 12:40:58.553 +09:00 [INF]     http:// 포함: true
2026-01-03 12:40:58.553 +09:00 [INF]     https:// 포함: false
2026-01-03 12:40:58.553 +09:00 [INF]     통화시간: 32초
2026-01-03 12:40:58.553 +09:00 [INF]     발신번호: 01033416667
2026-01-03 12:40:58.553 +09:00 [INF]     수신번호: 0315672278
2026-01-03 12:40:58.553 +09:00 [INF] ───────────────────────────────────────────────────────
2026-01-03 12:40:58.553 +09:00 [INF] [녹취 전송] SendRecordingComplete 시작
2026-01-03 12:40:58.553 +09:00 [INF]     recordingInfo 원본: http://orec.skbroadband.com/nas_recording/ddz/bM/2Pr/Tf/1Zu.wav
2026-01-03 12:40:58.553 +09:00 [INF]     녹취파일 다운로드 중...
2026-01-03 12:40:58.590 +09:00 [INF]     다운로드 완료: 256684 bytes (0.24 MB)
2026-01-03 12:40:58.591 +09:00 [INF]     base64 인코딩 완료: 342248 chars
2026-01-03 12:40:58.593 +09:00 [INF]     전송 URL: https://d-care-console.vercel.app/api/call-analysis/recording
2026-01-03 12:40:58.593 +09:00 [INF]     JSON 크기: 357596 bytes
2026-01-03 12:40:58.763 +09:00 [INF] [이벤트] Svc=14, Evt=0x1, Res=0x0, Dn1=01033416667, Dn2=0315672278, Ext=20260103124056
2026-01-03 12:40:58.763 +09:00 [INF] 📴 통화 종료: 01033416667
2026-01-03 12:40:58.763 +09:00 [INF] [CallLog] end 이벤트 전송: 01033416667
2026-01-03 12:40:58.973 +09:00 [INF] [이벤트] Svc=8, Evt=0x303, Res=0x0, Dn1=, Dn2=, Ext=
2026-01-03 12:40:58.973 +09:00 [INF] ═══════════════════════════════════════════════════════
2026-01-03 12:40:58.973 +09:00 [INF] [녹취 이벤트] Service=8, EvtType=0x303, Result=0x0
2026-01-03 12:40:58.973 +09:00 [INF] [녹취 이벤트] Dn1=, Dn2=
2026-01-03 12:40:58.973 +09:00 [INF] [녹취 이벤트] ExtInfo=
2026-01-03 12:40:58.973 +09:00 [INF] ═══════════════════════════════════════════════════════
2026-01-03 12:40:58.973 +09:00 [INF] 녹취 서비스 종료
2026-01-03 12:41:01.103 +09:00 [INF] [CallLog] end 전송 성공
2026-01-03 12:41:03.029 +09:00 [INF] ✅ 녹취 정보 전송 성공!
2026-01-03 12:41:03.029 +09:00 [INF]     응답: {"success":true,"message":"Recording received, analysis queued","analysisId":"69588fcc02d06c8cadecbbd7","v2CallLogId":"69588fa902d06c8cadecbbd5","data":{"callLogId":"69588fa770f78e6d1b5e4d00","callerNumber":"010-3341-6667","calledNumber":"031-567-2278","recordingFileName":"1Zu.wav","duration":32,"status":"pending","createdAt":"2026-01-03T12:40:58.591+09:00","updatedAt":"2026-01-03T03:40:58.243Z","_id":"69588fcc02d06c8cadecbbd7"}}
2026-01-03 12:41:03.029 +09:00 [INF] ───────────────────────────────────────────────────────
2026-01-03 12:50:39.597 +09:00 [INF] [이벤트] Svc=7, Evt=0x1, Res=0x0, Dn1=07047414471, Dn2=0315672278, Ext=
2026-01-03 12:50:39.597 +09:00 [INF] 📞 전화 수신: 07047414471 → 0315672278
2026-01-03 12:50:39.598 +09:00 [INF] [CallLog] ring 이벤트 전송: 07047414471
2026-01-03 12:50:39.678 +09:00 [INF] [CallLog] ring 전송 성공
2026-01-03 12:50:41.274 +09:00 [INF] [이벤트] Svc=9, Evt=0x1, Res=0x0, Dn1=07047414471, Dn2=0315672278, Ext=20260103125039
2026-01-03 12:50:41.275 +09:00 [INF] 📱 통화 연결: 07047414471
2026-01-03 12:50:41.275 +09:00 [INF] [CallLog] start 이벤트 전송: 07047414471
2026-01-03 12:50:41.303 +09:00 [INF] [CallLog] start 전송 성공
2026-01-03 22:42:13.071 +09:00 [INF] CTI Bridge 서비스 종료 중...
2026-01-03 22:42:13.076 +09:00 [INF] CTI Bridge 서비스 종료됨
2026-01-03 22:45:32.834 +09:00 [INF] CTI Bridge 서비스 시작 중...
2026-01-03 22:45:33.052 +09:00 [INF] CTI Bridge 서비스 시작 중...
2026-01-03 22:45:33.060 +09:00 [INF] 설정 파일에서 URL 로드: https://d-care-console.vercel.app
2026-01-03 22:45:33.072 +09:00 [INF] CTI Bridge 서비스 실행 시작
2026-01-03 22:45:33.075 +09:00 [INF] SK CTI API 초기화 중...
2026-01-03 22:45:33.112 +09:00 [INF] CTI 초기화 성공
2026-01-03 22:45:33.323 +09:00 [INF] [이벤트] Svc=30, Evt=0x101, Res=0x0, Dn1=, Dn2=, Ext=
2026-01-03 22:45:33.324 +09:00 [INF] 서버 연결됨
2026-01-03 22:46:33.491 +09:00 [INF] 로그인 2차 재시도...
2026-01-03 22:46:35.212 +09:00 [INF] [이벤트] Svc=30, Evt=0x104, Res=0x0, Dn1=, Dn2=, Ext=
2026-01-03 22:46:35.212 +09:00 [INF] 로그인 완료
2026-01-03 22:46:35.213 +09:00 [INF] [이벤트] Svc=22, Evt=0x1, Res=0x0, Dn1=, Dn2=, Ext=
2026-01-03 22:46:40.437 +09:00 [INF] CTI 로그인 성공
2026-01-03 22:46:40.441 +09:00 [INF] [SendWorker] 전송 워커 시작
2026-01-03 22:46:52.910 +09:00 [INF] [이벤트] Svc=9, Evt=0x1, Res=0x0, Dn1=01030511241, Dn2=0315672278, Ext=20260103224650
2026-01-03 22:46:52.910 +09:00 [INF] 📱 통화 연결: 01030511241
2026-01-03 22:46:54.503 +09:00 [INF] [SendWorker] 전송 성공: "CallLog" 01030511241 (시도 1)
2026-01-03 22:52:09.037 +09:00 [INF] [이벤트] Svc=7, Evt=0x1, Res=0x0, Dn1=01030511241, Dn2=0315672278, Ext=
2026-01-03 22:52:09.038 +09:00 [INF] 📞 전화 수신: 01030511241 → 0315672278
2026-01-03 22:52:10.958 +09:00 [INF] [SendWorker] 전송 성공: "IncomingCall" 01030511241 (시도 1)
2026-01-03 22:52:12.149 +09:00 [INF] [SendWorker] 전송 성공: "CallLog" 01030511241 (시도 1)
2026-01-03 22:52:15.433 +09:00 [INF] [이벤트] Svc=9, Evt=0x1, Res=0x0, Dn1=01030511241, Dn2=0315672278, Ext=20260103225213
2026-01-03 22:52:15.433 +09:00 [INF] 📱 통화 연결: 01030511241
2026-01-03 22:52:16.617 +09:00 [INF] [SendWorker] 전송 성공: "CallLog" 01030511241 (시도 1)
2026-01-03 23:13:02.594 +09:00 [INF] CTI Bridge 서비스 종료 중...
2026-01-03 23:13:02.599 +09:00 [INF] [SendWorker] 전송 워커 종료
2026-01-03 23:13:02.599 +09:00 [INF] CTI Bridge 서비스 종료됨
