2026-02-01 00:00:17.998 +09:00 [INF] [HTTP] GET /api/status
2026-02-01 00:01:17.997 +09:00 [INF] [HTTP] GET /api/status
2026-02-01 00:02:17.996 +09:00 [INF] [HTTP] GET /api/status
2026-02-01 00:03:18.006 +09:00 [INF] [HTTP] GET /api/status
2026-02-01 00:04:18.004 +09:00 [INF] [HTTP] GET /api/status
2026-02-01 00:05:17.998 +09:00 [INF] [HTTP] GET /api/status
2026-02-01 00:06:18.003 +09:00 [INF] [HTTP] GET /api/status
2026-02-01 00:07:18.004 +09:00 [INF] [HTTP] GET /api/status
2026-02-01 00:08:18.007 +09:00 [INF] [HTTP] GET /api/status
2026-02-01 00:09:18.000 +09:00 [INF] [HTTP] GET /api/status
2026-02-01 00:10:18.005 +09:00 [INF] [HTTP] GET /api/status
2026-02-01 14:31:37.236 +09:00 [WRN] CTI 연결 끊김 감지
2026-02-01 14:31:37.830 +09:00 [WRN] CTI 재연결 시도...
2026-02-01 14:31:39.835 +09:00 [INF] SK CTI API 초기화 중...
2026-02-01 14:31:43.037 +09:00 [INF] CTI 초기화 성공
2026-02-01 14:31:43.388 +09:00 [INF] [이벤트] Svc=30, Evt=0x101, Res=0x0, Dn1=, Dn2=, Ext=
2026-02-01 14:31:43.388 +09:00 [INF] 서버 연결됨
2026-02-01 14:31:50.756 +09:00 [INF] [HTTP] GET /api/status
2026-02-01 14:32:20.855 +09:00 [INF] [HTTP] GET /api/status
2026-02-01 14:32:43.385 +09:00 [INF] 로그인 2차 재시도...
2026-02-01 14:32:45.110 +09:00 [INF] [이벤트] Svc=30, Evt=0x104, Res=0x0, Dn1=, Dn2=, Ext=
2026-02-01 14:32:45.110 +09:00 [INF] 로그인 완료
2026-02-01 14:32:45.110 +09:00 [INF] [이벤트] Svc=22, Evt=0x1, Res=0x0, Dn1=, Dn2=, Ext=
2026-02-01 14:32:50.449 +09:00 [INF] CTI 로그인 성공
2026-02-01 14:32:50.449 +09:00 [INF] ═══════════════════════════════════════════════════════
2026-02-01 14:32:50.449 +09:00 [INF] 📋 Sub DN 목록 조회 시작 (가입자 소속 전화번호 확인)
2026-02-01 14:32:50.450 +09:00 [INF] 📋 Sub DN 목록 조회 요청 성공 - EVT_SUBS_DN_QRY(0x0107) 응답 대기
2026-02-01 14:32:50.450 +09:00 [INF] ═══════════════════════════════════════════════════════
2026-02-01 14:32:50.961 +09:00 [INF] ═══════════════════════════════════════════════════════
2026-02-01 14:32:50.961 +09:00 [INF] 📞 070 모니터링 번호 등록 시작
2026-02-01 14:32:50.961 +09:00 [INF] ✅ 070 모니터링 등록 요청 성공! (07047414202)
2026-02-01 14:32:50.961 +09:00 [INF]    → 070의 기본 사용자가 로그아웃/부재중일 때 이벤트 수신 가능
2026-02-01 14:32:50.961 +09:00 [INF] 📋 모니터링 목록 조회 요청 성공
2026-02-01 14:32:50.961 +09:00 [INF] ═══════════════════════════════════════════════════════
2026-02-01 14:32:50.961 +09:00 [INF] CTI 재연결 성공
2026-02-01 14:32:51.073 +09:00 [INF] [이벤트] Svc=30, Evt=0x107, Res=0x0, Dn1=, Dn2=, Ext=07047414202
2026-02-01 14:32:51.073 +09:00 [INF] ═══════════════════════════════════════════════════════
2026-02-01 14:32:51.073 +09:00 [INF] 📋 [Sub DN 목록 응답] EVT_SUBS_DN_QRY (0x0107)
2026-02-01 14:32:51.073 +09:00 [INF] 📋 Result: 0x0
2026-02-01 14:32:51.073 +09:00 [INF] 📋 Dn1: 
2026-02-01 14:32:51.073 +09:00 [INF] 📋 Dn2: 
2026-02-01 14:32:51.073 +09:00 [INF] 📋 ExtInfo: 07047414202
2026-02-01 14:32:51.073 +09:00 [INF] ═══════════════════════════════════════════════════════
2026-02-01 14:32:51.074 +09:00 [INF] ✅ 070 번호가 Sub DN 목록에 포함되어 있습니다!
2026-02-01 14:32:51.074 +09:00 [INF] [이벤트] Svc=30, Evt=0x109, Res=0x7000, Dn1=, Dn2=, Ext=07047414202
2026-02-01 14:32:51.074 +09:00 [INF] [이벤트] Svc=30, Evt=0x108, Res=0x0, Dn1=, Dn2=, Ext=07047414202
2026-02-01 14:33:17.994 +09:00 [INF] [HTTP] GET /api/status
2026-02-01 14:34:17.996 +09:00 [INF] [HTTP] GET /api/status
2026-02-01 14:35:18.000 +09:00 [INF] [HTTP] GET /api/status
2026-02-01 14:36:17.986 +09:00 [INF] [HTTP] GET /api/status
2026-02-01 14:37:17.989 +09:00 [INF] [HTTP] GET /api/status
2026-02-01 14:38:17.994 +09:00 [INF] [HTTP] GET /api/status
2026-02-01 14:39:17.995 +09:00 [INF] [HTTP] GET /api/status
2026-02-01 14:40:17.987 +09:00 [INF] [HTTP] GET /api/status
2026-02-01 14:41:17.995 +09:00 [INF] [HTTP] GET /api/status
2026-02-01 14:42:17.994 +09:00 [INF] [HTTP] GET /api/status
2026-02-01 14:43:17.994 +09:00 [INF] [HTTP] GET /api/status
2026-02-01 14:44:17.986 +09:00 [INF] [HTTP] GET /api/status
2026-02-01 14:45:17.998 +09:00 [INF] [HTTP] GET /api/status
2026-02-01 14:46:17.993 +09:00 [INF] [HTTP] GET /api/status
2026-02-01 14:47:17.990 +09:00 [INF] [HTTP] GET /api/status
2026-02-01 14:48:17.990 +09:00 [INF] [HTTP] GET /api/status
2026-02-01 14:49:17.995 +09:00 [INF] [HTTP] GET /api/status
2026-02-01 14:50:17.997 +09:00 [INF] [HTTP] GET /api/status
2026-02-01 14:51:17.991 +09:00 [INF] [HTTP] GET /api/status
2026-02-01 14:52:18.000 +09:00 [INF] [HTTP] GET /api/status
2026-02-01 14:53:18.000 +09:00 [INF] [HTTP] GET /api/status
2026-02-01 14:54:17.999 +09:00 [INF] [HTTP] GET /api/status
2026-02-01 14:55:17.994 +09:00 [INF] [HTTP] GET /api/status
2026-02-01 14:56:18.000 +09:00 [INF] [HTTP] GET /api/status
2026-02-01 14:57:17.987 +09:00 [INF] [HTTP] GET /api/status
2026-02-01 14:58:17.991 +09:00 [INF] [HTTP] GET /api/status
2026-02-01 14:59:17.989 +09:00 [INF] [HTTP] GET /api/status
2026-02-01 15:00:17.998 +09:00 [INF] [HTTP] GET /api/status
2026-02-01 15:01:17.996 +09:00 [INF] [HTTP] GET /api/status
2026-02-01 15:02:17.995 +09:00 [INF] [HTTP] GET /api/status
2026-02-01 15:03:14.522 +09:00 [INF] [HTTP] GET /api/status
2026-02-01 15:04:14.513 +09:00 [INF] [HTTP] GET /api/status
2026-02-01 15:05:14.518 +09:00 [INF] [HTTP] GET /api/status
2026-02-01 15:06:14.523 +09:00 [INF] [HTTP] GET /api/status
2026-02-01 15:07:14.523 +09:00 [INF] [HTTP] GET /api/status
2026-02-01 15:08:14.518 +09:00 [INF] [HTTP] GET /api/status
2026-02-01 15:09:14.518 +09:00 [INF] [HTTP] GET /api/status
2026-02-01 15:10:14.516 +09:00 [INF] [HTTP] GET /api/status
2026-02-01 15:11:14.525 +09:00 [INF] [HTTP] GET /api/status
2026-02-01 15:12:14.517 +09:00 [INF] [HTTP] GET /api/status
2026-02-01 15:13:14.516 +09:00 [INF] [HTTP] GET /api/status
2026-02-01 15:14:14.514 +09:00 [INF] [HTTP] GET /api/status
2026-02-01 15:15:14.519 +09:00 [INF] [HTTP] GET /api/status
2026-02-01 15:16:14.525 +09:00 [INF] [HTTP] GET /api/status
2026-02-01 15:17:14.522 +09:00 [INF] [HTTP] GET /api/status
2026-02-01 15:18:14.528 +09:00 [INF] [HTTP] GET /api/status
2026-02-01 15:19:14.523 +09:00 [INF] [HTTP] GET /api/status
2026-02-01 15:20:14.523 +09:00 [INF] [HTTP] GET /api/status
2026-02-01 15:21:14.525 +09:00 [INF] [HTTP] GET /api/status
2026-02-01 15:22:14.519 +09:00 [INF] [HTTP] GET /api/status
2026-02-01 15:23:14.519 +09:00 [INF] [HTTP] GET /api/status
2026-02-01 15:24:14.527 +09:00 [INF] [HTTP] GET /api/status
2026-02-01 15:25:14.527 +09:00 [INF] [HTTP] GET /api/status
2026-02-01 15:26:14.518 +09:00 [INF] [HTTP] GET /api/status
2026-02-01 15:27:14.525 +09:00 [INF] [HTTP] GET /api/status
2026-02-01 15:28:14.525 +09:00 [INF] [HTTP] GET /api/status
2026-02-01 15:29:14.519 +09:00 [INF] [HTTP] GET /api/status
2026-02-01 15:30:14.528 +09:00 [INF] [HTTP] GET /api/status
2026-02-01 15:31:14.524 +09:00 [INF] [HTTP] GET /api/status
2026-02-01 15:32:14.519 +09:00 [INF] [HTTP] GET /api/status
2026-02-01 15:33:14.523 +09:00 [INF] [HTTP] GET /api/status
2026-02-01 15:34:14.525 +09:00 [INF] [HTTP] GET /api/status
2026-02-01 15:35:14.518 +09:00 [INF] [HTTP] GET /api/status
2026-02-01 15:36:14.520 +09:00 [INF] [HTTP] GET /api/status
2026-02-01 15:37:14.514 +09:00 [INF] [HTTP] GET /api/status
2026-02-01 15:38:14.520 +09:00 [INF] [HTTP] GET /api/status
2026-02-01 15:39:14.517 +09:00 [INF] [HTTP] GET /api/status
2026-02-01 15:40:14.528 +09:00 [INF] [HTTP] GET /api/status
2026-02-01 15:41:14.519 +09:00 [INF] [HTTP] GET /api/status
2026-02-01 15:42:14.527 +09:00 [INF] [HTTP] GET /api/status
2026-02-01 15:43:14.529 +09:00 [INF] [HTTP] GET /api/status
2026-02-01 15:44:14.517 +09:00 [INF] [HTTP] GET /api/status
2026-02-01 15:45:14.516 +09:00 [INF] [HTTP] GET /api/status
2026-02-01 15:46:14.524 +09:00 [INF] [HTTP] GET /api/status
2026-02-01 15:47:14.517 +09:00 [INF] [HTTP] GET /api/status
2026-02-01 15:48:14.517 +09:00 [INF] [HTTP] GET /api/status
2026-02-01 15:49:14.524 +09:00 [INF] [HTTP] GET /api/status
2026-02-01 15:50:14.525 +09:00 [INF] [HTTP] GET /api/status
2026-02-01 15:51:14.527 +09:00 [INF] [HTTP] GET /api/status
2026-02-01 15:52:14.524 +09:00 [INF] [HTTP] GET /api/status
2026-02-01 15:53:14.513 +09:00 [INF] [HTTP] GET /api/status
2026-02-01 15:54:14.523 +09:00 [INF] [HTTP] GET /api/status
2026-02-01 15:55:14.519 +09:00 [INF] [HTTP] GET /api/status
2026-02-01 15:56:14.520 +09:00 [INF] [HTTP] GET /api/status
2026-02-01 15:57:14.523 +09:00 [INF] [HTTP] GET /api/status
2026-02-01 15:58:14.515 +09:00 [INF] [HTTP] GET /api/status
2026-02-01 15:59:14.527 +09:00 [INF] [HTTP] GET /api/status
2026-02-01 16:00:14.517 +09:00 [INF] [HTTP] GET /api/status
2026-02-01 16:01:14.534 +09:00 [INF] [HTTP] GET /api/status
2026-02-01 16:02:14.519 +09:00 [INF] [HTTP] GET /api/status
2026-02-01 16:03:14.515 +09:00 [INF] [HTTP] GET /api/status
2026-02-01 16:04:14.539 +09:00 [INF] [HTTP] GET /api/status
2026-02-01 16:05:14.525 +09:00 [INF] [HTTP] GET /api/status
2026-02-01 16:06:14.543 +09:00 [INF] [HTTP] GET /api/status
2026-02-01 16:07:14.543 +09:00 [INF] [HTTP] GET /api/status
2026-02-01 16:08:14.513 +09:00 [INF] [HTTP] GET /api/status
2026-02-01 16:09:14.523 +09:00 [INF] [HTTP] GET /api/status
2026-02-01 16:10:14.523 +09:00 [INF] [HTTP] GET /api/status
2026-02-01 16:11:14.521 +09:00 [INF] [HTTP] GET /api/status
2026-02-01 16:12:14.524 +09:00 [INF] [HTTP] GET /api/status
2026-02-01 16:13:14.525 +09:00 [INF] [HTTP] GET /api/status
2026-02-01 16:14:14.675 +09:00 [INF] [HTTP] GET /api/status
2026-02-01 16:15:14.646 +09:00 [INF] [HTTP] GET /api/status
2026-02-01 16:16:14.784 +09:00 [INF] [HTTP] GET /api/status
2026-02-01 16:17:14.524 +09:00 [INF] [HTTP] GET /api/status
2026-02-01 16:18:14.514 +09:00 [INF] [HTTP] GET /api/status
2026-02-01 16:19:14.521 +09:00 [INF] [HTTP] GET /api/status
2026-02-01 16:20:14.527 +09:00 [INF] [HTTP] GET /api/status
2026-02-01 16:21:14.557 +09:00 [INF] [HTTP] GET /api/status
2026-02-01 16:22:14.523 +09:00 [INF] [HTTP] GET /api/status
2026-02-01 16:23:14.523 +09:00 [INF] [HTTP] GET /api/status
2026-02-01 16:24:14.528 +09:00 [INF] [HTTP] GET /api/status
2026-02-01 16:25:14.525 +09:00 [INF] [HTTP] GET /api/status
2026-02-01 16:26:14.515 +09:00 [INF] [HTTP] GET /api/status
2026-02-01 16:27:14.523 +09:00 [INF] [HTTP] GET /api/status
2026-02-01 16:28:14.515 +09:00 [INF] [HTTP] GET /api/status
2026-02-01 16:29:14.528 +09:00 [INF] [HTTP] GET /api/status
2026-02-01 16:30:14.557 +09:00 [INF] [HTTP] GET /api/status
2026-02-01 16:31:14.518 +09:00 [INF] [HTTP] GET /api/status
2026-02-01 16:32:14.521 +09:00 [INF] [HTTP] GET /api/status
2026-02-01 16:33:14.523 +09:00 [INF] [HTTP] GET /api/status
2026-02-01 16:34:14.523 +09:00 [INF] [HTTP] GET /api/status
2026-02-01 16:35:14.518 +09:00 [INF] [HTTP] GET /api/status
2026-02-01 16:36:14.526 +09:00 [INF] [HTTP] GET /api/status
2026-02-01 16:37:14.518 +09:00 [INF] [HTTP] GET /api/status
2026-02-01 16:38:14.524 +09:00 [INF] [HTTP] GET /api/status
2026-02-01 16:39:14.532 +09:00 [INF] [HTTP] GET /api/status
2026-02-01 16:40:14.518 +09:00 [INF] [HTTP] GET /api/status
2026-02-01 16:41:14.523 +09:00 [INF] [HTTP] GET /api/status
2026-02-01 16:42:14.551 +09:00 [INF] [HTTP] GET /api/status
2026-02-01 16:43:14.518 +09:00 [INF] [HTTP] GET /api/status
2026-02-01 16:44:14.518 +09:00 [INF] [HTTP] GET /api/status
2026-02-01 16:45:14.534 +09:00 [INF] [HTTP] GET /api/status
2026-02-01 16:46:14.533 +09:00 [INF] [HTTP] GET /api/status
2026-02-01 16:47:14.520 +09:00 [INF] [HTTP] GET /api/status
2026-02-01 16:48:14.529 +09:00 [INF] [HTTP] GET /api/status
2026-02-01 16:49:14.520 +09:00 [INF] [HTTP] GET /api/status
2026-02-01 16:50:14.518 +09:00 [INF] [HTTP] GET /api/status
2026-02-01 16:51:14.539 +09:00 [INF] [HTTP] GET /api/status
2026-02-01 16:52:14.515 +09:00 [INF] [HTTP] GET /api/status
2026-02-01 16:53:14.536 +09:00 [INF] [HTTP] GET /api/status
2026-02-01 16:54:14.519 +09:00 [INF] [HTTP] GET /api/status
2026-02-01 16:55:14.514 +09:00 [INF] [HTTP] GET /api/status
2026-02-01 16:56:14.524 +09:00 [INF] [HTTP] GET /api/status
2026-02-01 16:57:14.520 +09:00 [INF] [HTTP] GET /api/status
2026-02-01 16:58:14.528 +09:00 [INF] [HTTP] GET /api/status
2026-02-01 16:59:14.528 +09:00 [INF] [HTTP] GET /api/status
2026-02-01 17:00:14.521 +09:00 [INF] [HTTP] GET /api/status
2026-02-01 17:01:14.523 +09:00 [INF] [HTTP] GET /api/status
2026-02-01 17:02:14.525 +09:00 [INF] [HTTP] GET /api/status
2026-02-01 17:03:14.521 +09:00 [INF] [HTTP] GET /api/status
2026-02-01 17:04:14.522 +09:00 [INF] [HTTP] GET /api/status
2026-02-01 17:05:14.528 +09:00 [INF] [HTTP] GET /api/status
2026-02-01 17:06:14.518 +09:00 [INF] [HTTP] GET /api/status
2026-02-01 17:07:14.518 +09:00 [INF] [HTTP] GET /api/status
2026-02-01 17:08:14.516 +09:00 [INF] [HTTP] GET /api/status
2026-02-01 17:09:14.514 +09:00 [INF] [HTTP] GET /api/status
2026-02-01 17:10:14.524 +09:00 [INF] [HTTP] GET /api/status
2026-02-01 17:11:14.524 +09:00 [INF] [HTTP] GET /api/status
2026-02-01 17:12:14.528 +09:00 [INF] [HTTP] GET /api/status
2026-02-01 17:13:14.522 +09:00 [INF] [HTTP] GET /api/status
2026-02-01 17:14:14.524 +09:00 [INF] [HTTP] GET /api/status
2026-02-01 17:15:14.514 +09:00 [INF] [HTTP] GET /api/status
2026-02-01 17:16:14.522 +09:00 [INF] [HTTP] GET /api/status
2026-02-01 17:17:14.518 +09:00 [INF] [HTTP] GET /api/status
2026-02-01 17:18:14.522 +09:00 [INF] [HTTP] GET /api/status
2026-02-01 17:19:14.528 +09:00 [INF] [HTTP] GET /api/status
2026-02-01 17:20:14.523 +09:00 [INF] [HTTP] GET /api/status
2026-02-01 17:21:14.519 +09:00 [INF] [HTTP] GET /api/status
2026-02-01 17:22:14.528 +09:00 [INF] [HTTP] GET /api/status
2026-02-01 17:23:14.520 +09:00 [INF] [HTTP] GET /api/status
2026-02-01 17:24:14.523 +09:00 [INF] [HTTP] GET /api/status
2026-02-01 17:25:14.517 +09:00 [INF] [HTTP] GET /api/status
2026-02-01 17:26:14.514 +09:00 [INF] [HTTP] GET /api/status
2026-02-01 17:27:14.518 +09:00 [INF] [HTTP] GET /api/status
2026-02-01 17:28:14.517 +09:00 [INF] [HTTP] GET /api/status
2026-02-01 17:29:14.521 +09:00 [INF] [HTTP] GET /api/status
2026-02-01 17:30:14.525 +09:00 [INF] [HTTP] GET /api/status
2026-02-01 17:31:14.516 +09:00 [INF] [HTTP] GET /api/status
2026-02-01 17:32:14.520 +09:00 [INF] [HTTP] GET /api/status
2026-02-01 17:33:14.520 +09:00 [INF] [HTTP] GET /api/status
2026-02-01 17:34:14.528 +09:00 [INF] [HTTP] GET /api/status
2026-02-01 17:35:14.517 +09:00 [INF] [HTTP] GET /api/status
2026-02-01 17:36:14.523 +09:00 [INF] [HTTP] GET /api/status
2026-02-01 17:37:14.525 +09:00 [INF] [HTTP] GET /api/status
2026-02-01 17:38:14.515 +09:00 [INF] [HTTP] GET /api/status
2026-02-01 17:39:14.519 +09:00 [INF] [HTTP] GET /api/status
2026-02-01 17:40:14.518 +09:00 [INF] [HTTP] GET /api/status
2026-02-01 17:41:14.523 +09:00 [INF] [HTTP] GET /api/status
2026-02-01 17:42:14.522 +09:00 [INF] [HTTP] GET /api/status
2026-02-01 17:43:14.528 +09:00 [INF] [HTTP] GET /api/status
2026-02-01 17:44:14.524 +09:00 [INF] [HTTP] GET /api/status
2026-02-01 17:45:14.525 +09:00 [INF] [HTTP] GET /api/status
2026-02-01 17:46:14.521 +09:00 [INF] [HTTP] GET /api/status
2026-02-01 17:47:14.527 +09:00 [INF] [HTTP] GET /api/status
2026-02-01 17:48:14.513 +09:00 [INF] [HTTP] GET /api/status
2026-02-01 17:49:14.521 +09:00 [INF] [HTTP] GET /api/status
2026-02-01 17:50:14.526 +09:00 [INF] [HTTP] GET /api/status
2026-02-01 17:51:14.521 +09:00 [INF] [HTTP] GET /api/status
2026-02-01 17:52:14.526 +09:00 [INF] [HTTP] GET /api/status
2026-02-01 17:53:14.528 +09:00 [INF] [HTTP] GET /api/status
2026-02-01 17:54:14.514 +09:00 [INF] [HTTP] GET /api/status
2026-02-01 17:55:14.523 +09:00 [INF] [HTTP] GET /api/status
2026-02-01 17:56:14.522 +09:00 [INF] [HTTP] GET /api/status
2026-02-01 17:57:14.514 +09:00 [INF] [HTTP] GET /api/status
2026-02-01 17:58:14.527 +09:00 [INF] [HTTP] GET /api/status
2026-02-01 17:59:14.519 +09:00 [INF] [HTTP] GET /api/status
2026-02-01 18:00:14.523 +09:00 [INF] [HTTP] GET /api/status
2026-02-01 18:01:14.521 +09:00 [INF] [HTTP] GET /api/status
2026-02-01 18:02:14.523 +09:00 [INF] [HTTP] GET /api/status
2026-02-01 18:03:14.523 +09:00 [INF] [HTTP] GET /api/status
2026-02-01 18:04:14.513 +09:00 [INF] [HTTP] GET /api/status
2026-02-01 18:05:14.520 +09:00 [INF] [HTTP] GET /api/status
2026-02-01 18:06:14.523 +09:00 [INF] [HTTP] GET /api/status
2026-02-01 18:07:14.519 +09:00 [INF] [HTTP] GET /api/status
2026-02-01 18:08:14.517 +09:00 [INF] [HTTP] GET /api/status
2026-02-01 18:09:14.519 +09:00 [INF] [HTTP] GET /api/status
2026-02-01 18:10:14.516 +09:00 [INF] [HTTP] GET /api/status
2026-02-01 18:11:14.522 +09:00 [INF] [HTTP] GET /api/status
2026-02-01 18:12:14.519 +09:00 [INF] [HTTP] GET /api/status
2026-02-01 18:13:14.520 +09:00 [INF] [HTTP] GET /api/status
2026-02-01 18:14:14.527 +09:00 [INF] [HTTP] GET /api/status
2026-02-01 18:15:14.528 +09:00 [INF] [HTTP] GET /api/status
2026-02-01 18:16:14.518 +09:00 [INF] [HTTP] GET /api/status
2026-02-01 18:17:14.520 +09:00 [INF] [HTTP] GET /api/status
2026-02-01 18:18:14.517 +09:00 [INF] [HTTP] GET /api/status
2026-02-01 18:19:14.528 +09:00 [INF] [HTTP] GET /api/status
2026-02-01 18:20:14.513 +09:00 [INF] [HTTP] GET /api/status
2026-02-01 18:21:14.516 +09:00 [INF] [HTTP] GET /api/status
2026-02-01 18:22:14.521 +09:00 [INF] [HTTP] GET /api/status
2026-02-01 18:23:14.522 +09:00 [INF] [HTTP] GET /api/status
2026-02-01 18:24:14.524 +09:00 [INF] [HTTP] GET /api/status
2026-02-01 18:25:14.524 +09:00 [INF] [HTTP] GET /api/status
2026-02-01 18:26:14.513 +09:00 [INF] [HTTP] GET /api/status
2026-02-01 18:27:14.522 +09:00 [INF] [HTTP] GET /api/status
2026-02-01 18:28:14.518 +09:00 [INF] [HTTP] GET /api/status
2026-02-01 18:29:14.519 +09:00 [INF] [HTTP] GET /api/status
2026-02-01 18:30:14.524 +09:00 [INF] [HTTP] GET /api/status
2026-02-01 18:31:14.525 +09:00 [INF] [HTTP] GET /api/status
2026-02-01 18:32:14.519 +09:00 [INF] [HTTP] GET /api/status
2026-02-01 18:33:14.526 +09:00 [INF] [HTTP] GET /api/status
2026-02-01 18:34:14.527 +09:00 [INF] [HTTP] GET /api/status
2026-02-01 18:35:14.519 +09:00 [INF] [HTTP] GET /api/status
2026-02-01 18:36:14.527 +09:00 [INF] [HTTP] GET /api/status
2026-02-01 18:37:14.528 +09:00 [INF] [HTTP] GET /api/status
2026-02-01 18:38:14.518 +09:00 [INF] [HTTP] GET /api/status
2026-02-01 18:39:14.528 +09:00 [INF] [HTTP] GET /api/status
2026-02-01 18:40:14.515 +09:00 [INF] [HTTP] GET /api/status
2026-02-01 18:41:14.523 +09:00 [INF] [HTTP] GET /api/status
2026-02-01 18:42:14.528 +09:00 [INF] [HTTP] GET /api/status
2026-02-01 18:43:14.520 +09:00 [INF] [HTTP] GET /api/status
2026-02-01 18:44:14.513 +09:00 [INF] [HTTP] GET /api/status
2026-02-01 18:45:14.528 +09:00 [INF] [HTTP] GET /api/status
2026-02-01 18:46:14.517 +09:00 [INF] [HTTP] GET /api/status
2026-02-01 18:47:14.517 +09:00 [INF] [HTTP] GET /api/status
2026-02-01 18:48:14.514 +09:00 [INF] [HTTP] GET /api/status
2026-02-01 18:49:14.514 +09:00 [INF] [HTTP] GET /api/status
2026-02-01 18:50:14.522 +09:00 [INF] [HTTP] GET /api/status
2026-02-01 18:51:14.515 +09:00 [INF] [HTTP] GET /api/status
2026-02-01 18:52:14.524 +09:00 [INF] [HTTP] GET /api/status
2026-02-01 18:53:14.517 +09:00 [INF] [HTTP] GET /api/status
2026-02-01 18:54:14.524 +09:00 [INF] [HTTP] GET /api/status
2026-02-01 18:55:14.524 +09:00 [INF] [HTTP] GET /api/status
2026-02-01 18:56:14.513 +09:00 [INF] [HTTP] GET /api/status
2026-02-01 18:57:14.527 +09:00 [INF] [HTTP] GET /api/status
2026-02-01 18:58:14.520 +09:00 [INF] [HTTP] GET /api/status
2026-02-01 18:59:14.528 +09:00 [INF] [HTTP] GET /api/status
2026-02-01 19:00:14.519 +09:00 [INF] [HTTP] GET /api/status
2026-02-01 19:01:14.518 +09:00 [INF] [HTTP] GET /api/status
2026-02-01 19:02:14.528 +09:00 [INF] [HTTP] GET /api/status
2026-02-01 19:03:14.517 +09:00 [INF] [HTTP] GET /api/status
2026-02-01 19:04:14.516 +09:00 [INF] [HTTP] GET /api/status
2026-02-01 19:05:14.527 +09:00 [INF] [HTTP] GET /api/status
2026-02-01 19:06:14.522 +09:00 [INF] [HTTP] GET /api/status
2026-02-01 19:07:14.524 +09:00 [INF] [HTTP] GET /api/status
2026-02-01 19:08:14.519 +09:00 [INF] [HTTP] GET /api/status
2026-02-01 19:09:14.524 +09:00 [INF] [HTTP] GET /api/status
2026-02-01 19:10:14.523 +09:00 [INF] [HTTP] GET /api/status
2026-02-01 19:11:14.518 +09:00 [INF] [HTTP] GET /api/status
2026-02-01 19:12:14.524 +09:00 [INF] [HTTP] GET /api/status
2026-02-01 19:13:14.514 +09:00 [INF] [HTTP] GET /api/status
2026-02-01 19:14:14.525 +09:00 [INF] [HTTP] GET /api/status
2026-02-01 19:15:14.521 +09:00 [INF] [HTTP] GET /api/status
2026-02-01 19:16:14.521 +09:00 [INF] [HTTP] GET /api/status
2026-02-01 19:17:14.521 +09:00 [INF] [HTTP] GET /api/status
2026-02-01 19:18:14.518 +09:00 [INF] [HTTP] GET /api/status
2026-02-01 19:19:14.522 +09:00 [INF] [HTTP] GET /api/status
2026-02-01 19:20:14.517 +09:00 [INF] [HTTP] GET /api/status
2026-02-01 19:21:14.519 +09:00 [INF] [HTTP] GET /api/status
2026-02-01 19:22:14.522 +09:00 [INF] [HTTP] GET /api/status
2026-02-01 19:23:14.524 +09:00 [INF] [HTTP] GET /api/status
2026-02-01 19:24:14.515 +09:00 [INF] [HTTP] GET /api/status
2026-02-01 19:25:14.517 +09:00 [INF] [HTTP] GET /api/status
2026-02-01 19:26:14.516 +09:00 [INF] [HTTP] GET /api/status
2026-02-01 19:27:14.520 +09:00 [INF] [HTTP] GET /api/status
2026-02-01 19:28:14.522 +09:00 [INF] [HTTP] GET /api/status
2026-02-01 19:29:14.521 +09:00 [INF] [HTTP] GET /api/status
2026-02-01 19:30:14.528 +09:00 [INF] [HTTP] GET /api/status
2026-02-01 19:31:14.521 +09:00 [INF] [HTTP] GET /api/status
2026-02-01 19:32:14.529 +09:00 [INF] [HTTP] GET /api/status
2026-02-01 19:33:14.523 +09:00 [INF] [HTTP] GET /api/status
2026-02-01 19:34:14.527 +09:00 [INF] [HTTP] GET /api/status
2026-02-01 19:35:14.525 +09:00 [INF] [HTTP] GET /api/status
2026-02-01 19:36:14.524 +09:00 [INF] [HTTP] GET /api/status
2026-02-01 19:37:14.517 +09:00 [INF] [HTTP] GET /api/status
2026-02-01 19:38:14.522 +09:00 [INF] [HTTP] GET /api/status
2026-02-01 19:39:14.528 +09:00 [INF] [HTTP] GET /api/status
2026-02-01 19:40:14.518 +09:00 [INF] [HTTP] GET /api/status
2026-02-01 19:41:14.525 +09:00 [INF] [HTTP] GET /api/status
2026-02-01 19:42:14.525 +09:00 [INF] [HTTP] GET /api/status
2026-02-01 19:43:14.514 +09:00 [INF] [HTTP] GET /api/status
2026-02-01 19:44:14.520 +09:00 [INF] [HTTP] GET /api/status
2026-02-01 19:45:14.517 +09:00 [INF] [HTTP] GET /api/status
2026-02-01 19:46:14.525 +09:00 [INF] [HTTP] GET /api/status
2026-02-01 19:47:14.522 +09:00 [INF] [HTTP] GET /api/status
2026-02-01 19:48:14.521 +09:00 [INF] [HTTP] GET /api/status
2026-02-01 19:49:14.516 +09:00 [INF] [HTTP] GET /api/status
2026-02-01 19:50:14.519 +09:00 [INF] [HTTP] GET /api/status
2026-02-01 19:51:14.518 +09:00 [INF] [HTTP] GET /api/status
2026-02-01 19:52:14.513 +09:00 [INF] [HTTP] GET /api/status
2026-02-01 19:53:14.517 +09:00 [INF] [HTTP] GET /api/status
2026-02-01 19:54:14.523 +09:00 [INF] [HTTP] GET /api/status
2026-02-01 19:55:14.515 +09:00 [INF] [HTTP] GET /api/status
2026-02-01 19:56:14.527 +09:00 [INF] [HTTP] GET /api/status
2026-02-01 19:57:14.516 +09:00 [INF] [HTTP] GET /api/status
2026-02-01 19:58:14.524 +09:00 [INF] [HTTP] GET /api/status
2026-02-01 19:59:14.514 +09:00 [INF] [HTTP] GET /api/status
2026-02-01 20:00:14.526 +09:00 [INF] [HTTP] GET /api/status
2026-02-01 20:01:14.521 +09:00 [INF] [HTTP] GET /api/status
2026-02-01 20:02:14.516 +09:00 [INF] [HTTP] GET /api/status
2026-02-01 20:03:14.519 +09:00 [INF] [HTTP] GET /api/status
2026-02-01 20:04:14.526 +09:00 [INF] [HTTP] GET /api/status
2026-02-01 20:05:14.522 +09:00 [INF] [HTTP] GET /api/status
2026-02-01 20:06:14.526 +09:00 [INF] [HTTP] GET /api/status
2026-02-01 20:07:14.526 +09:00 [INF] [HTTP] GET /api/status
2026-02-01 20:08:14.521 +09:00 [INF] [HTTP] GET /api/status
2026-02-01 20:09:14.526 +09:00 [INF] [HTTP] GET /api/status
2026-02-01 20:10:14.515 +09:00 [INF] [HTTP] GET /api/status
2026-02-01 20:11:14.526 +09:00 [INF] [HTTP] GET /api/status
2026-02-01 20:12:14.527 +09:00 [INF] [HTTP] GET /api/status
2026-02-01 20:13:14.514 +09:00 [INF] [HTTP] GET /api/status
2026-02-01 20:14:14.515 +09:00 [INF] [HTTP] GET /api/status
2026-02-01 20:15:14.517 +09:00 [INF] [HTTP] GET /api/status
2026-02-01 20:16:14.517 +09:00 [INF] [HTTP] GET /api/status
2026-02-01 20:17:14.519 +09:00 [INF] [HTTP] GET /api/status
2026-02-01 20:18:14.527 +09:00 [INF] [HTTP] GET /api/status
2026-02-01 20:19:14.528 +09:00 [INF] [HTTP] GET /api/status
2026-02-01 20:20:14.515 +09:00 [INF] [HTTP] GET /api/status
2026-02-01 20:21:14.521 +09:00 [INF] [HTTP] GET /api/status
2026-02-01 20:22:14.517 +09:00 [INF] [HTTP] GET /api/status
2026-02-01 20:23:14.526 +09:00 [INF] [HTTP] GET /api/status
2026-02-01 20:24:14.515 +09:00 [INF] [HTTP] GET /api/status
2026-02-01 20:25:14.520 +09:00 [INF] [HTTP] GET /api/status
2026-02-01 20:26:14.515 +09:00 [INF] [HTTP] GET /api/status
2026-02-01 20:27:14.515 +09:00 [INF] [HTTP] GET /api/status
2026-02-01 20:28:14.514 +09:00 [INF] [HTTP] GET /api/status
2026-02-01 20:29:14.514 +09:00 [INF] [HTTP] GET /api/status
2026-02-01 20:30:14.518 +09:00 [INF] [HTTP] GET /api/status
2026-02-01 20:31:14.514 +09:00 [INF] [HTTP] GET /api/status
2026-02-01 20:32:14.517 +09:00 [INF] [HTTP] GET /api/status
2026-02-01 20:33:14.517 +09:00 [INF] [HTTP] GET /api/status
2026-02-01 20:34:14.526 +09:00 [INF] [HTTP] GET /api/status
2026-02-01 20:35:14.525 +09:00 [INF] [HTTP] GET /api/status
2026-02-01 20:36:14.525 +09:00 [INF] [HTTP] GET /api/status
2026-02-01 20:37:14.520 +09:00 [INF] [HTTP] GET /api/status
2026-02-01 20:38:14.525 +09:00 [INF] [HTTP] GET /api/status
2026-02-01 20:39:14.518 +09:00 [INF] [HTTP] GET /api/status
2026-02-01 20:40:14.515 +09:00 [INF] [HTTP] GET /api/status
2026-02-01 20:41:14.523 +09:00 [INF] [HTTP] GET /api/status
2026-02-01 20:42:14.525 +09:00 [INF] [HTTP] GET /api/status
2026-02-01 20:43:14.519 +09:00 [INF] [HTTP] GET /api/status
2026-02-01 20:44:14.520 +09:00 [INF] [HTTP] GET /api/status
2026-02-01 20:45:14.522 +09:00 [INF] [HTTP] GET /api/status
2026-02-01 20:46:14.524 +09:00 [INF] [HTTP] GET /api/status
2026-02-01 20:47:14.518 +09:00 [INF] [HTTP] GET /api/status
2026-02-01 20:48:14.522 +09:00 [INF] [HTTP] GET /api/status
2026-02-01 20:49:14.514 +09:00 [INF] [HTTP] GET /api/status
2026-02-01 20:50:14.527 +09:00 [INF] [HTTP] GET /api/status
2026-02-01 20:51:14.524 +09:00 [INF] [HTTP] GET /api/status
2026-02-01 20:52:14.516 +09:00 [INF] [HTTP] GET /api/status
2026-02-01 20:53:14.516 +09:00 [INF] [HTTP] GET /api/status
2026-02-01 20:54:14.526 +09:00 [INF] [HTTP] GET /api/status
2026-02-01 20:55:14.523 +09:00 [INF] [HTTP] GET /api/status
2026-02-01 20:56:14.523 +09:00 [INF] [HTTP] GET /api/status
2026-02-01 20:57:14.516 +09:00 [INF] [HTTP] GET /api/status
2026-02-01 20:58:14.519 +09:00 [INF] [HTTP] GET /api/status
2026-02-01 20:59:14.521 +09:00 [INF] [HTTP] GET /api/status
2026-02-01 21:00:14.526 +09:00 [INF] [HTTP] GET /api/status
2026-02-01 21:01:14.518 +09:00 [INF] [HTTP] GET /api/status
2026-02-01 21:02:14.520 +09:00 [INF] [HTTP] GET /api/status
2026-02-01 21:03:14.515 +09:00 [INF] [HTTP] GET /api/status
2026-02-01 21:04:14.513 +09:00 [INF] [HTTP] GET /api/status
2026-02-01 21:05:14.524 +09:00 [INF] [HTTP] GET /api/status
2026-02-01 21:06:14.528 +09:00 [INF] [HTTP] GET /api/status
2026-02-01 21:07:14.513 +09:00 [INF] [HTTP] GET /api/status
2026-02-01 21:08:14.525 +09:00 [INF] [HTTP] GET /api/status
2026-02-01 21:09:14.518 +09:00 [INF] [HTTP] GET /api/status
2026-02-01 21:10:14.520 +09:00 [INF] [HTTP] GET /api/status
2026-02-01 21:11:14.521 +09:00 [INF] [HTTP] GET /api/status
2026-02-01 21:12:14.527 +09:00 [INF] [HTTP] GET /api/status
2026-02-01 21:13:14.519 +09:00 [INF] [HTTP] GET /api/status
2026-02-01 21:14:14.519 +09:00 [INF] [HTTP] GET /api/status
2026-02-01 21:15:14.515 +09:00 [INF] [HTTP] GET /api/status
2026-02-01 21:16:14.521 +09:00 [INF] [HTTP] GET /api/status
2026-02-01 21:17:14.521 +09:00 [INF] [HTTP] GET /api/status
2026-02-01 21:18:14.518 +09:00 [INF] [HTTP] GET /api/status
2026-02-01 21:19:14.519 +09:00 [INF] [HTTP] GET /api/status
2026-02-01 21:20:14.518 +09:00 [INF] [HTTP] GET /api/status
2026-02-01 21:21:14.528 +09:00 [INF] [HTTP] GET /api/status
2026-02-01 21:22:14.526 +09:00 [INF] [HTTP] GET /api/status
2026-02-01 21:23:14.526 +09:00 [INF] [HTTP] GET /api/status
2026-02-01 21:24:14.518 +09:00 [INF] [HTTP] GET /api/status
2026-02-01 21:25:14.524 +09:00 [INF] [HTTP] GET /api/status
2026-02-01 21:26:14.526 +09:00 [INF] [HTTP] GET /api/status
2026-02-01 21:27:14.514 +09:00 [INF] [HTTP] GET /api/status
2026-02-01 21:28:14.519 +09:00 [INF] [HTTP] GET /api/status
2026-02-01 21:29:14.527 +09:00 [INF] [HTTP] GET /api/status
2026-02-01 21:30:14.522 +09:00 [INF] [HTTP] GET /api/status
2026-02-01 21:31:14.515 +09:00 [INF] [HTTP] GET /api/status
2026-02-01 21:32:14.525 +09:00 [INF] [HTTP] GET /api/status
2026-02-01 21:33:14.525 +09:00 [INF] [HTTP] GET /api/status
2026-02-01 21:34:14.516 +09:00 [INF] [HTTP] GET /api/status
2026-02-01 21:35:14.515 +09:00 [INF] [HTTP] GET /api/status
2026-02-01 21:36:14.524 +09:00 [INF] [HTTP] GET /api/status
2026-02-01 21:37:14.525 +09:00 [INF] [HTTP] GET /api/status
2026-02-01 21:38:14.524 +09:00 [INF] [HTTP] GET /api/status
2026-02-01 21:39:14.520 +09:00 [INF] [HTTP] GET /api/status
2026-02-01 21:40:14.519 +09:00 [INF] [HTTP] GET /api/status
2026-02-01 21:41:14.514 +09:00 [INF] [HTTP] GET /api/status
2026-02-01 21:42:14.526 +09:00 [INF] [HTTP] GET /api/status
2026-02-01 21:43:14.517 +09:00 [INF] [HTTP] GET /api/status
2026-02-01 21:44:14.525 +09:00 [INF] [HTTP] GET /api/status
2026-02-01 21:45:14.516 +09:00 [INF] [HTTP] GET /api/status
2026-02-01 21:46:14.526 +09:00 [INF] [HTTP] GET /api/status
2026-02-01 21:47:14.515 +09:00 [INF] [HTTP] GET /api/status
2026-02-01 21:48:14.518 +09:00 [INF] [HTTP] GET /api/status
2026-02-01 21:49:14.524 +09:00 [INF] [HTTP] GET /api/status
2026-02-01 21:50:14.521 +09:00 [INF] [HTTP] GET /api/status
2026-02-01 21:51:14.523 +09:00 [INF] [HTTP] GET /api/status
2026-02-01 21:52:14.524 +09:00 [INF] [HTTP] GET /api/status
2026-02-01 21:53:14.520 +09:00 [INF] [HTTP] GET /api/status
2026-02-01 21:54:14.528 +09:00 [INF] [HTTP] GET /api/status
2026-02-01 21:55:14.525 +09:00 [INF] [HTTP] GET /api/status
2026-02-01 21:56:14.517 +09:00 [INF] [HTTP] GET /api/status
2026-02-01 21:57:14.517 +09:00 [INF] [HTTP] GET /api/status
2026-02-01 21:58:14.525 +09:00 [INF] [HTTP] GET /api/status
2026-02-01 21:59:14.528 +09:00 [INF] [HTTP] GET /api/status
2026-02-01 22:00:14.523 +09:00 [INF] [HTTP] GET /api/status
2026-02-01 22:01:14.517 +09:00 [INF] [HTTP] GET /api/status
2026-02-01 22:02:14.516 +09:00 [INF] [HTTP] GET /api/status
2026-02-01 22:03:14.522 +09:00 [INF] [HTTP] GET /api/status
2026-02-01 22:04:14.527 +09:00 [INF] [HTTP] GET /api/status
2026-02-01 22:04:33.771 +09:00 [INF] [HTTP] GET /api/status
2026-02-01 22:04:38.745 +09:00 [INF] [HTTP] GET /api/status
2026-02-01 22:04:43.738 +09:00 [INF] [HTTP] GET /api/status
2026-02-01 22:04:48.743 +09:00 [INF] [HTTP] GET /api/status
2026-02-01 22:04:53.749 +09:00 [INF] [HTTP] GET /api/status
2026-02-01 22:04:58.748 +09:00 [INF] [HTTP] GET /api/status
2026-02-01 22:05:03.734 +09:00 [INF] [HTTP] GET /api/status
2026-02-01 22:05:08.748 +09:00 [INF] [HTTP] GET /api/status
2026-02-01 22:05:13.741 +09:00 [INF] [HTTP] GET /api/status
2026-02-01 22:05:14.525 +09:00 [INF] [HTTP] GET /api/status
2026-02-01 22:05:18.745 +09:00 [INF] [HTTP] GET /api/status
2026-02-01 22:05:23.741 +09:00 [INF] [HTTP] GET /api/status
2026-02-01 22:05:28.741 +09:00 [INF] [HTTP] GET /api/status
2026-02-01 22:05:33.735 +09:00 [INF] [HTTP] GET /api/status
2026-02-01 22:05:39.522 +09:00 [INF] [HTTP] GET /api/status
2026-02-01 22:05:43.745 +09:00 [INF] [HTTP] GET /api/status
2026-02-01 22:05:49.515 +09:00 [INF] [HTTP] GET /api/status
2026-02-01 22:05:54.526 +09:00 [INF] [HTTP] GET /api/status
2026-02-01 22:05:59.527 +09:00 [INF] [HTTP] GET /api/status
2026-02-01 22:06:04.522 +09:00 [INF] [HTTP] GET /api/status
2026-02-01 22:06:09.517 +09:00 [INF] [HTTP] GET /api/status
2026-02-01 22:06:14.519 +09:00 [INF] [HTTP] GET /api/status
2026-02-01 22:06:14.521 +09:00 [INF] [HTTP] GET /api/status
2026-02-01 22:06:19.513 +09:00 [INF] [HTTP] GET /api/status
2026-02-01 22:06:24.520 +09:00 [INF] [HTTP] GET /api/status
2026-02-01 22:06:29.513 +09:00 [INF] [HTTP] GET /api/status
2026-02-01 22:06:34.523 +09:00 [INF] [HTTP] GET /api/status
2026-02-01 22:06:39.521 +09:00 [INF] [HTTP] GET /api/status
2026-02-01 22:06:44.519 +09:00 [INF] [HTTP] GET /api/status
2026-02-01 22:07:14.517 +09:00 [INF] [HTTP] GET /api/status
2026-02-01 22:07:14.517 +09:00 [INF] [HTTP] GET /api/status
2026-02-01 22:08:14.519 +09:00 [INF] [HTTP] GET /api/status
2026-02-01 22:08:14.520 +09:00 [INF] [HTTP] GET /api/status
2026-02-01 22:09:14.518 +09:00 [INF] [HTTP] GET /api/status
2026-02-01 22:09:14.519 +09:00 [INF] [HTTP] GET /api/status
2026-02-01 22:09:48.703 +09:00 [INF] [HTTP] GET /api/status
2026-02-01 22:09:54.515 +09:00 [INF] [HTTP] GET /api/status
2026-02-01 22:09:59.522 +09:00 [INF] [HTTP] GET /api/status
2026-02-01 22:10:04.522 +09:00 [INF] [HTTP] GET /api/status
2026-02-01 22:10:09.516 +09:00 [INF] [HTTP] GET /api/status
2026-02-01 22:10:14.518 +09:00 [INF] [HTTP] GET /api/status
2026-02-01 22:10:14.518 +09:00 [INF] [HTTP] GET /api/status
2026-02-01 22:10:19.512 +09:00 [INF] [HTTP] GET /api/status
2026-02-01 22:10:24.520 +09:00 [INF] [HTTP] GET /api/status
2026-02-01 22:10:29.516 +09:00 [INF] [HTTP] GET /api/status
2026-02-01 22:10:34.519 +09:00 [INF] [HTTP] GET /api/status
2026-02-01 22:10:39.515 +09:00 [INF] [HTTP] GET /api/status
2026-02-01 22:10:44.522 +09:00 [INF] [HTTP] GET /api/status
2026-02-01 22:10:49.516 +09:00 [INF] [HTTP] GET /api/status
2026-02-01 22:11:14.519 +09:00 [INF] [HTTP] GET /api/status
2026-02-01 22:11:14.519 +09:00 [INF] [HTTP] GET /api/status
2026-02-01 22:12:14.521 +09:00 [INF] [HTTP] GET /api/status
2026-02-01 22:12:14.522 +09:00 [INF] [HTTP] GET /api/status
2026-02-01 22:13:14.517 +09:00 [INF] [HTTP] GET /api/status
2026-02-01 22:13:14.553 +09:00 [INF] [HTTP] GET /api/status
2026-02-01 22:14:03.151 +09:00 [INF] [HTTP] GET /api/status
2026-02-01 22:14:03.745 +09:00 [INF] [HTTP] GET /api/status
2026-02-01 22:14:07.019 +09:00 [INF] [HTTP] GET /api/status
2026-02-01 22:14:12.015 +09:00 [INF] [HTTP] GET /api/status
2026-02-01 22:14:14.526 +09:00 [INF] [HTTP] GET /api/status
2026-02-01 22:14:17.021 +09:00 [INF] [HTTP] GET /api/status
2026-02-01 22:14:22.022 +09:00 [INF] [HTTP] GET /api/status
2026-02-01 22:14:27.015 +09:00 [INF] [HTTP] GET /api/status
2026-02-01 22:14:32.021 +09:00 [INF] [HTTP] GET /api/status
2026-02-01 22:14:37.018 +09:00 [INF] [HTTP] GET /api/status
2026-02-01 22:14:42.023 +09:00 [INF] [HTTP] GET /api/status
2026-02-01 22:14:47.525 +09:00 [INF] [HTTP] GET /api/status
2026-02-01 22:14:52.520 +09:00 [INF] [HTTP] GET /api/status
2026-02-01 22:14:57.530 +09:00 [INF] [HTTP] GET /api/status
2026-02-01 22:15:02.525 +09:00 [INF] [HTTP] GET /api/status
2026-02-01 22:15:07.514 +09:00 [INF] [HTTP] GET /api/status
2026-02-01 22:15:12.524 +09:00 [INF] [HTTP] GET /api/status
2026-02-01 22:15:14.516 +09:00 [INF] [HTTP] GET /api/status
2026-02-01 22:15:17.523 +09:00 [INF] [HTTP] GET /api/status
2026-02-01 22:15:22.515 +09:00 [INF] [HTTP] GET /api/status
2026-02-01 22:15:27.525 +09:00 [INF] [HTTP] GET /api/status
2026-02-01 22:15:32.523 +09:00 [INF] [HTTP] GET /api/status
2026-02-01 22:15:37.516 +09:00 [INF] [HTTP] GET /api/status
2026-02-01 22:15:42.521 +09:00 [INF] [HTTP] GET /api/status
2026-02-01 22:16:13.786 +09:00 [INF] [HTTP] GET /api/status
2026-02-01 22:16:14.521 +09:00 [INF] [HTTP] GET /api/status
2026-02-01 22:16:17.026 +09:00 [INF] [HTTP] GET /api/status
2026-02-01 22:16:22.019 +09:00 [INF] [HTTP] GET /api/status
2026-02-01 22:16:27.019 +09:00 [INF] [HTTP] GET /api/status
2026-02-01 22:16:32.024 +09:00 [INF] [HTTP] GET /api/status
2026-02-01 22:16:37.022 +09:00 [INF] [HTTP] GET /api/status
2026-02-01 22:16:42.017 +09:00 [INF] [HTTP] GET /api/status
2026-02-01 22:16:47.015 +09:00 [INF] [HTTP] GET /api/status
2026-02-01 22:16:52.016 +09:00 [INF] [HTTP] GET /api/status
2026-02-01 22:16:57.017 +09:00 [INF] [HTTP] GET /api/status
2026-02-01 22:17:02.015 +09:00 [INF] [HTTP] GET /api/status
2026-02-01 22:17:07.027 +09:00 [INF] [HTTP] GET /api/status
2026-02-01 22:17:12.024 +09:00 [INF] [HTTP] GET /api/status
2026-02-01 22:17:14.518 +09:00 [INF] [HTTP] GET /api/status
2026-02-01 22:17:17.020 +09:00 [INF] [HTTP] GET /api/status
2026-02-01 22:17:22.028 +09:00 [INF] [HTTP] GET /api/status
2026-02-01 22:17:27.030 +09:00 [INF] [HTTP] GET /api/status
2026-02-01 22:17:32.028 +09:00 [INF] [HTTP] GET /api/status
2026-02-01 22:17:37.021 +09:00 [INF] [HTTP] GET /api/status
2026-02-01 22:17:42.018 +09:00 [INF] [HTTP] GET /api/status
2026-02-01 22:17:47.027 +09:00 [INF] [HTTP] GET /api/status
2026-02-01 22:17:52.017 +09:00 [INF] [HTTP] GET /api/status
2026-02-01 22:17:57.022 +09:00 [INF] [HTTP] GET /api/status
2026-02-01 22:18:02.030 +09:00 [INF] [HTTP] GET /api/status
2026-02-01 22:18:07.018 +09:00 [INF] [HTTP] GET /api/status
2026-02-01 22:18:12.028 +09:00 [INF] [HTTP] GET /api/status
2026-02-01 22:18:14.527 +09:00 [INF] [HTTP] GET /api/status
2026-02-01 22:18:17.020 +09:00 [INF] [HTTP] GET /api/status
2026-02-01 22:18:22.023 +09:00 [INF] [HTTP] GET /api/status
2026-02-01 22:18:27.022 +09:00 [INF] [HTTP] GET /api/status
2026-02-01 22:18:32.024 +09:00 [INF] [HTTP] GET /api/status
2026-02-01 22:18:37.020 +09:00 [INF] [HTTP] GET /api/status
2026-02-01 22:18:42.025 +09:00 [INF] [HTTP] GET /api/status
2026-02-01 22:18:47.020 +09:00 [INF] [HTTP] GET /api/status
2026-02-01 22:18:52.017 +09:00 [INF] [HTTP] GET /api/status
2026-02-01 22:18:57.020 +09:00 [INF] [HTTP] GET /api/status
2026-02-01 22:19:02.024 +09:00 [INF] [HTTP] GET /api/status
2026-02-01 22:19:07.015 +09:00 [INF] [HTTP] GET /api/status
2026-02-01 22:19:12.019 +09:00 [INF] [HTTP] GET /api/status
2026-02-01 22:19:14.521 +09:00 [INF] [HTTP] GET /api/status
2026-02-01 22:19:17.027 +09:00 [INF] [HTTP] GET /api/status
2026-02-01 22:19:22.018 +09:00 [INF] [HTTP] GET /api/status
2026-02-01 22:19:27.029 +09:00 [INF] [HTTP] GET /api/status
2026-02-01 22:19:32.019 +09:00 [INF] [HTTP] GET /api/status
2026-02-01 22:19:37.017 +09:00 [INF] [HTTP] GET /api/status
2026-02-01 22:19:42.017 +09:00 [INF] [HTTP] GET /api/status
2026-02-01 22:19:47.025 +09:00 [INF] [HTTP] GET /api/status
2026-02-01 22:19:52.023 +09:00 [INF] [HTTP] GET /api/status
2026-02-01 22:19:57.019 +09:00 [INF] [HTTP] GET /api/status
2026-02-01 22:20:02.028 +09:00 [INF] [HTTP] GET /api/status
2026-02-01 22:20:07.019 +09:00 [INF] [HTTP] GET /api/status
2026-02-01 22:20:12.021 +09:00 [INF] [HTTP] GET /api/status
2026-02-01 22:20:14.515 +09:00 [INF] [HTTP] GET /api/status
2026-02-01 22:20:17.022 +09:00 [INF] [HTTP] GET /api/status
2026-02-01 22:20:22.030 +09:00 [INF] [HTTP] GET /api/status
2026-02-01 22:20:27.023 +09:00 [INF] [HTTP] GET /api/status
2026-02-01 22:20:32.017 +09:00 [INF] [HTTP] GET /api/status
2026-02-01 22:20:37.015 +09:00 [INF] [HTTP] GET /api/status
2026-02-01 22:20:42.025 +09:00 [INF] [HTTP] GET /api/status
2026-02-01 22:20:47.015 +09:00 [INF] [HTTP] GET /api/status
2026-02-01 22:20:52.025 +09:00 [INF] [HTTP] GET /api/status
2026-02-01 22:20:57.016 +09:00 [INF] [HTTP] GET /api/status
2026-02-01 22:21:02.020 +09:00 [INF] [HTTP] GET /api/status
2026-02-01 22:21:07.028 +09:00 [INF] [HTTP] GET /api/status
2026-02-01 22:21:12.029 +09:00 [INF] [HTTP] GET /api/status
2026-02-01 22:21:14.526 +09:00 [INF] [HTTP] GET /api/status
2026-02-01 22:21:17.016 +09:00 [INF] [HTTP] GET /api/status
2026-02-01 22:21:22.029 +09:00 [INF] [HTTP] GET /api/status
2026-02-01 22:21:27.028 +09:00 [INF] [HTTP] GET /api/status
2026-02-01 22:21:32.030 +09:00 [INF] [HTTP] GET /api/status
2026-02-01 22:21:37.016 +09:00 [INF] [HTTP] GET /api/status
2026-02-01 22:21:42.018 +09:00 [INF] [HTTP] GET /api/status
2026-02-01 22:21:47.017 +09:00 [INF] [HTTP] GET /api/status
2026-02-01 22:21:52.028 +09:00 [INF] [HTTP] GET /api/status
2026-02-01 22:21:57.021 +09:00 [INF] [HTTP] GET /api/status
2026-02-01 22:22:02.020 +09:00 [INF] [HTTP] GET /api/status
2026-02-01 22:22:07.018 +09:00 [INF] [HTTP] GET /api/status
2026-02-01 22:22:12.023 +09:00 [INF] [HTTP] GET /api/status
2026-02-01 22:22:14.525 +09:00 [INF] [HTTP] GET /api/status
2026-02-01 22:22:17.019 +09:00 [INF] [HTTP] GET /api/status
2026-02-01 22:22:22.020 +09:00 [INF] [HTTP] GET /api/status
2026-02-01 22:22:27.023 +09:00 [INF] [HTTP] GET /api/status
2026-02-01 22:22:32.027 +09:00 [INF] [HTTP] GET /api/status
2026-02-01 22:22:37.023 +09:00 [INF] [HTTP] GET /api/status
2026-02-01 22:22:42.022 +09:00 [INF] [HTTP] GET /api/status
2026-02-01 22:22:47.020 +09:00 [INF] [HTTP] GET /api/status
2026-02-01 22:22:52.021 +09:00 [INF] [HTTP] GET /api/status
2026-02-01 22:22:57.023 +09:00 [INF] [HTTP] GET /api/status
2026-02-01 22:23:02.023 +09:00 [INF] [HTTP] GET /api/status
2026-02-01 22:23:07.021 +09:00 [INF] [HTTP] GET /api/status
2026-02-01 22:23:12.017 +09:00 [INF] [HTTP] GET /api/status
2026-02-01 22:23:14.515 +09:00 [INF] [HTTP] GET /api/status
2026-02-01 22:23:17.019 +09:00 [INF] [HTTP] GET /api/status
2026-02-01 22:23:22.015 +09:00 [INF] [HTTP] GET /api/status
2026-02-01 22:23:27.026 +09:00 [INF] [HTTP] GET /api/status
2026-02-01 22:23:32.020 +09:00 [INF] [HTTP] GET /api/status
2026-02-01 22:23:37.025 +09:00 [INF] [HTTP] GET /api/status
2026-02-01 22:23:42.018 +09:00 [INF] [HTTP] GET /api/status
2026-02-01 22:23:47.024 +09:00 [INF] [HTTP] GET /api/status
2026-02-01 22:23:52.019 +09:00 [INF] [HTTP] GET /api/status
2026-02-01 22:23:57.023 +09:00 [INF] [HTTP] GET /api/status
2026-02-01 22:24:02.018 +09:00 [INF] [HTTP] GET /api/status
2026-02-01 22:24:07.029 +09:00 [INF] [HTTP] GET /api/status
2026-02-01 22:24:12.017 +09:00 [INF] [HTTP] GET /api/status
2026-02-01 22:24:14.524 +09:00 [INF] [HTTP] GET /api/status
2026-02-01 22:24:17.018 +09:00 [INF] [HTTP] GET /api/status
2026-02-01 22:24:22.029 +09:00 [INF] [HTTP] GET /api/status
2026-02-01 22:24:27.025 +09:00 [INF] [HTTP] GET /api/status
2026-02-01 22:24:32.021 +09:00 [INF] [HTTP] GET /api/status
2026-02-01 22:24:37.021 +09:00 [INF] [HTTP] GET /api/status
2026-02-01 22:24:42.029 +09:00 [INF] [HTTP] GET /api/status
2026-02-01 22:24:47.026 +09:00 [INF] [HTTP] GET /api/status
2026-02-01 22:24:52.026 +09:00 [INF] [HTTP] GET /api/status
2026-02-01 22:24:57.018 +09:00 [INF] [HTTP] GET /api/status
2026-02-01 22:25:02.023 +09:00 [INF] [HTTP] GET /api/status
2026-02-01 22:25:07.023 +09:00 [INF] [HTTP] GET /api/status
2026-02-01 22:25:12.023 +09:00 [INF] [HTTP] GET /api/status
2026-02-01 22:25:14.524 +09:00 [INF] [HTTP] GET /api/status
2026-02-01 22:25:17.027 +09:00 [INF] [HTTP] GET /api/status
2026-02-01 22:25:22.030 +09:00 [INF] [HTTP] GET /api/status
2026-02-01 22:25:27.028 +09:00 [INF] [HTTP] GET /api/status
2026-02-01 22:25:32.028 +09:00 [INF] [HTTP] GET /api/status
2026-02-01 22:25:37.016 +09:00 [INF] [HTTP] GET /api/status
2026-02-01 22:25:42.018 +09:00 [INF] [HTTP] GET /api/status
2026-02-01 22:25:47.026 +09:00 [INF] [HTTP] GET /api/status
2026-02-01 22:25:52.018 +09:00 [INF] [HTTP] GET /api/status
2026-02-01 22:25:57.022 +09:00 [INF] [HTTP] GET /api/status
2026-02-01 22:26:02.030 +09:00 [INF] [HTTP] GET /api/status
2026-02-01 22:26:07.021 +09:00 [INF] [HTTP] GET /api/status
2026-02-01 22:26:12.024 +09:00 [INF] [HTTP] GET /api/status
2026-02-01 22:26:14.519 +09:00 [INF] [HTTP] GET /api/status
2026-02-01 22:26:17.025 +09:00 [INF] [HTTP] GET /api/status
2026-02-01 22:26:22.027 +09:00 [INF] [HTTP] GET /api/status
2026-02-01 22:26:27.022 +09:00 [INF] [HTTP] GET /api/status
2026-02-01 22:26:32.026 +09:00 [INF] [HTTP] GET /api/status
2026-02-01 22:26:37.026 +09:00 [INF] [HTTP] GET /api/status
2026-02-01 22:26:42.027 +09:00 [INF] [HTTP] GET /api/status
2026-02-01 22:26:47.015 +09:00 [INF] [HTTP] GET /api/status
2026-02-01 22:26:52.017 +09:00 [INF] [HTTP] GET /api/status
2026-02-01 22:26:57.023 +09:00 [INF] [HTTP] GET /api/status
2026-02-01 22:27:02.027 +09:00 [INF] [HTTP] GET /api/status
2026-02-01 22:27:07.017 +09:00 [INF] [HTTP] GET /api/status
2026-02-01 22:27:12.019 +09:00 [INF] [HTTP] GET /api/status
2026-02-01 22:27:14.520 +09:00 [INF] [HTTP] GET /api/status
2026-02-01 22:27:17.030 +09:00 [INF] [HTTP] GET /api/status
2026-02-01 22:27:22.030 +09:00 [INF] [HTTP] GET /api/status
2026-02-01 22:27:27.021 +09:00 [INF] [HTTP] GET /api/status
2026-02-01 22:27:32.017 +09:00 [INF] [HTTP] GET /api/status
2026-02-01 22:27:37.025 +09:00 [INF] [HTTP] GET /api/status
2026-02-01 22:27:42.028 +09:00 [INF] [HTTP] GET /api/status
2026-02-01 22:27:47.020 +09:00 [INF] [HTTP] GET /api/status
2026-02-01 22:27:52.029 +09:00 [INF] [HTTP] GET /api/status
2026-02-01 22:27:57.029 +09:00 [INF] [HTTP] GET /api/status
2026-02-01 22:28:02.016 +09:00 [INF] [HTTP] GET /api/status
2026-02-01 22:28:07.021 +09:00 [INF] [HTTP] GET /api/status
2026-02-01 22:28:12.022 +09:00 [INF] [HTTP] GET /api/status
2026-02-01 22:28:14.514 +09:00 [INF] [HTTP] GET /api/status
2026-02-01 22:28:17.030 +09:00 [INF] [HTTP] GET /api/status
2026-02-01 22:28:22.016 +09:00 [INF] [HTTP] GET /api/status
2026-02-01 22:28:27.020 +09:00 [INF] [HTTP] GET /api/status
2026-02-01 22:28:32.017 +09:00 [INF] [HTTP] GET /api/status
2026-02-01 22:28:37.015 +09:00 [INF] [HTTP] GET /api/status
2026-02-01 22:28:42.023 +09:00 [INF] [HTTP] GET /api/status
2026-02-01 22:28:47.017 +09:00 [INF] [HTTP] GET /api/status
2026-02-01 22:28:52.026 +09:00 [INF] [HTTP] GET /api/status
2026-02-01 22:28:57.017 +09:00 [INF] [HTTP] GET /api/status
2026-02-01 22:29:02.028 +09:00 [INF] [HTTP] GET /api/status
2026-02-01 22:29:07.015 +09:00 [INF] [HTTP] GET /api/status
2026-02-01 22:29:12.017 +09:00 [INF] [HTTP] GET /api/status
2026-02-01 22:29:14.526 +09:00 [INF] [HTTP] GET /api/status
2026-02-01 22:29:17.024 +09:00 [INF] [HTTP] GET /api/status
2026-02-01 22:29:22.017 +09:00 [INF] [HTTP] GET /api/status
2026-02-01 22:29:27.023 +09:00 [INF] [HTTP] GET /api/status
2026-02-01 22:29:32.021 +09:00 [INF] [HTTP] GET /api/status
2026-02-01 22:29:37.027 +09:00 [INF] [HTTP] GET /api/status
2026-02-01 22:29:42.020 +09:00 [INF] [HTTP] GET /api/status
2026-02-01 22:29:47.024 +09:00 [INF] [HTTP] GET /api/status
2026-02-01 22:29:52.015 +09:00 [INF] [HTTP] GET /api/status
2026-02-01 22:29:57.022 +09:00 [INF] [HTTP] GET /api/status
2026-02-01 22:30:02.017 +09:00 [INF] [HTTP] GET /api/status
2026-02-01 22:30:07.022 +09:00 [INF] [HTTP] GET /api/status
2026-02-01 22:30:12.016 +09:00 [INF] [HTTP] GET /api/status
2026-02-01 22:30:14.528 +09:00 [INF] [HTTP] GET /api/status
2026-02-01 22:30:17.021 +09:00 [INF] [HTTP] GET /api/status
2026-02-01 22:30:22.023 +09:00 [INF] [HTTP] GET /api/status
2026-02-01 22:30:27.020 +09:00 [INF] [HTTP] GET /api/status
2026-02-01 22:30:32.028 +09:00 [INF] [HTTP] GET /api/status
2026-02-01 22:30:37.030 +09:00 [INF] [HTTP] GET /api/status
2026-02-01 22:30:42.023 +09:00 [INF] [HTTP] GET /api/status
2026-02-01 22:30:47.015 +09:00 [INF] [HTTP] GET /api/status
2026-02-01 22:30:52.029 +09:00 [INF] [HTTP] GET /api/status
2026-02-01 22:30:57.019 +09:00 [INF] [HTTP] GET /api/status
2026-02-01 22:31:02.025 +09:00 [INF] [HTTP] GET /api/status
2026-02-01 22:31:07.030 +09:00 [INF] [HTTP] GET /api/status
2026-02-01 22:31:12.016 +09:00 [INF] [HTTP] GET /api/status
2026-02-01 22:31:14.527 +09:00 [INF] [HTTP] GET /api/status
2026-02-01 22:31:17.017 +09:00 [INF] [HTTP] GET /api/status
2026-02-01 22:31:22.030 +09:00 [INF] [HTTP] GET /api/status
2026-02-01 22:31:27.022 +09:00 [INF] [HTTP] GET /api/status
2026-02-01 22:31:32.016 +09:00 [INF] [HTTP] GET /api/status
2026-02-01 22:31:37.023 +09:00 [INF] [HTTP] GET /api/status
2026-02-01 22:31:42.031 +09:00 [INF] [HTTP] GET /api/status
2026-02-01 22:31:47.018 +09:00 [INF] [HTTP] GET /api/status
2026-02-01 22:31:52.024 +09:00 [INF] [HTTP] GET /api/status
2026-02-01 22:31:57.029 +09:00 [INF] [HTTP] GET /api/status
2026-02-01 22:32:02.026 +09:00 [INF] [HTTP] GET /api/status
2026-02-01 22:32:07.020 +09:00 [INF] [HTTP] GET /api/status
2026-02-01 22:32:12.021 +09:00 [INF] [HTTP] GET /api/status
2026-02-01 22:32:14.524 +09:00 [INF] [HTTP] GET /api/status
2026-02-01 22:32:17.016 +09:00 [INF] [HTTP] GET /api/status
2026-02-01 22:32:22.028 +09:00 [INF] [HTTP] GET /api/status
2026-02-01 22:32:27.029 +09:00 [INF] [HTTP] GET /api/status
2026-02-01 22:32:32.022 +09:00 [INF] [HTTP] GET /api/status
2026-02-01 22:32:37.016 +09:00 [INF] [HTTP] GET /api/status
2026-02-01 22:32:42.017 +09:00 [INF] [HTTP] GET /api/status
2026-02-01 22:32:47.024 +09:00 [INF] [HTTP] GET /api/status
2026-02-01 22:32:52.028 +09:00 [INF] [HTTP] GET /api/status
2026-02-01 22:32:57.021 +09:00 [INF] [HTTP] GET /api/status
2026-02-01 22:33:02.027 +09:00 [INF] [HTTP] GET /api/status
2026-02-01 22:33:07.018 +09:00 [INF] [HTTP] GET /api/status
2026-02-01 22:33:12.019 +09:00 [INF] [HTTP] GET /api/status
2026-02-01 22:33:14.517 +09:00 [INF] [HTTP] GET /api/status
2026-02-01 22:33:17.020 +09:00 [INF] [HTTP] GET /api/status
2026-02-01 22:33:22.016 +09:00 [INF] [HTTP] GET /api/status
2026-02-01 22:33:27.018 +09:00 [INF] [HTTP] GET /api/status
2026-02-01 22:33:32.021 +09:00 [INF] [HTTP] GET /api/status
2026-02-01 22:33:37.023 +09:00 [INF] [HTTP] GET /api/status
2026-02-01 22:33:42.026 +09:00 [INF] [HTTP] GET /api/status
2026-02-01 22:33:47.027 +09:00 [INF] [HTTP] GET /api/status
2026-02-01 22:33:52.020 +09:00 [INF] [HTTP] GET /api/status
2026-02-01 22:33:57.023 +09:00 [INF] [HTTP] GET /api/status
2026-02-01 22:34:02.026 +09:00 [INF] [HTTP] GET /api/status
2026-02-01 22:34:07.017 +09:00 [INF] [HTTP] GET /api/status
2026-02-01 22:34:12.017 +09:00 [INF] [HTTP] GET /api/status
2026-02-01 22:34:14.528 +09:00 [INF] [HTTP] GET /api/status
2026-02-01 22:34:17.020 +09:00 [INF] [HTTP] GET /api/status
2026-02-01 22:34:22.026 +09:00 [INF] [HTTP] GET /api/status
2026-02-01 22:34:27.023 +09:00 [INF] [HTTP] GET /api/status
2026-02-01 22:34:32.027 +09:00 [INF] [HTTP] GET /api/status
2026-02-01 22:34:37.023 +09:00 [INF] [HTTP] GET /api/status
2026-02-01 22:34:42.025 +09:00 [INF] [HTTP] GET /api/status
2026-02-01 22:34:47.021 +09:00 [INF] [HTTP] GET /api/status
2026-02-01 22:34:52.024 +09:00 [INF] [HTTP] GET /api/status
2026-02-01 22:34:57.021 +09:00 [INF] [HTTP] GET /api/status
2026-02-01 22:35:02.017 +09:00 [INF] [HTTP] GET /api/status
2026-02-01 22:35:07.025 +09:00 [INF] [HTTP] GET /api/status
2026-02-01 22:35:12.016 +09:00 [INF] [HTTP] GET /api/status
2026-02-01 22:35:14.527 +09:00 [INF] [HTTP] GET /api/status
2026-02-01 22:35:17.019 +09:00 [INF] [HTTP] GET /api/status
2026-02-01 22:35:22.028 +09:00 [INF] [HTTP] GET /api/status
2026-02-01 22:35:27.017 +09:00 [INF] [HTTP] GET /api/status
2026-02-01 22:35:32.015 +09:00 [INF] [HTTP] GET /api/status
2026-02-01 22:35:37.017 +09:00 [INF] [HTTP] GET /api/status
2026-02-01 22:35:42.019 +09:00 [INF] [HTTP] GET /api/status
2026-02-01 22:35:47.015 +09:00 [INF] [HTTP] GET /api/status
2026-02-01 22:35:52.025 +09:00 [INF] [HTTP] GET /api/status
2026-02-01 22:35:57.018 +09:00 [INF] [HTTP] GET /api/status
2026-02-01 22:36:02.026 +09:00 [INF] [HTTP] GET /api/status
2026-02-01 22:36:07.022 +09:00 [INF] [HTTP] GET /api/status
2026-02-01 22:36:12.022 +09:00 [INF] [HTTP] GET /api/status
2026-02-01 22:36:14.522 +09:00 [INF] [HTTP] GET /api/status
2026-02-01 22:36:17.029 +09:00 [INF] [HTTP] GET /api/status
2026-02-01 22:36:22.025 +09:00 [INF] [HTTP] GET /api/status
2026-02-01 22:36:27.026 +09:00 [INF] [HTTP] GET /api/status
2026-02-01 22:36:32.021 +09:00 [INF] [HTTP] GET /api/status
2026-02-01 22:36:37.029 +09:00 [INF] [HTTP] GET /api/status
2026-02-01 22:36:42.022 +09:00 [INF] [HTTP] GET /api/status
2026-02-01 22:36:47.016 +09:00 [INF] [HTTP] GET /api/status
2026-02-01 22:36:52.022 +09:00 [INF] [HTTP] GET /api/status
2026-02-01 22:36:57.026 +09:00 [INF] [HTTP] GET /api/status
2026-02-01 22:37:02.017 +09:00 [INF] [HTTP] GET /api/status
2026-02-01 22:37:07.022 +09:00 [INF] [HTTP] GET /api/status
2026-02-01 22:37:12.024 +09:00 [INF] [HTTP] GET /api/status
2026-02-01 22:37:14.517 +09:00 [INF] [HTTP] GET /api/status
2026-02-01 22:37:17.015 +09:00 [INF] [HTTP] GET /api/status
2026-02-01 22:37:22.017 +09:00 [INF] [HTTP] GET /api/status
2026-02-01 22:37:27.019 +09:00 [INF] [HTTP] GET /api/status
2026-02-01 22:37:32.025 +09:00 [INF] [HTTP] GET /api/status
2026-02-01 22:37:37.017 +09:00 [INF] [HTTP] GET /api/status
2026-02-01 22:37:42.017 +09:00 [INF] [HTTP] GET /api/status
2026-02-01 22:37:47.020 +09:00 [INF] [HTTP] GET /api/status
2026-02-01 22:37:52.017 +09:00 [INF] [HTTP] GET /api/status
2026-02-01 22:37:57.026 +09:00 [INF] [HTTP] GET /api/status
2026-02-01 22:38:02.021 +09:00 [INF] [HTTP] GET /api/status
2026-02-01 22:38:07.026 +09:00 [INF] [HTTP] GET /api/status
2026-02-01 22:38:12.027 +09:00 [INF] [HTTP] GET /api/status
2026-02-01 22:38:14.523 +09:00 [INF] [HTTP] GET /api/status
2026-02-01 22:38:17.018 +09:00 [INF] [HTTP] GET /api/status
2026-02-01 22:38:22.020 +09:00 [INF] [HTTP] GET /api/status
2026-02-01 22:38:27.027 +09:00 [INF] [HTTP] GET /api/status
2026-02-01 22:38:32.028 +09:00 [INF] [HTTP] GET /api/status
2026-02-01 22:38:37.023 +09:00 [INF] [HTTP] GET /api/status
2026-02-01 22:38:42.027 +09:00 [INF] [HTTP] GET /api/status
2026-02-01 22:38:47.023 +09:00 [INF] [HTTP] GET /api/status
2026-02-01 22:38:52.026 +09:00 [INF] [HTTP] GET /api/status
2026-02-01 22:38:57.016 +09:00 [INF] [HTTP] GET /api/status
2026-02-01 22:39:02.025 +09:00 [INF] [HTTP] GET /api/status
2026-02-01 22:39:07.022 +09:00 [INF] [HTTP] GET /api/status
2026-02-01 22:39:12.020 +09:00 [INF] [HTTP] GET /api/status
2026-02-01 22:39:14.527 +09:00 [INF] [HTTP] GET /api/status
2026-02-01 22:39:17.016 +09:00 [INF] [HTTP] GET /api/status
2026-02-01 22:39:22.020 +09:00 [INF] [HTTP] GET /api/status
2026-02-01 22:39:27.020 +09:00 [INF] [HTTP] GET /api/status
2026-02-01 22:39:32.028 +09:00 [INF] [HTTP] GET /api/status
2026-02-01 22:39:37.018 +09:00 [INF] [HTTP] GET /api/status
2026-02-01 22:39:42.023 +09:00 [INF] [HTTP] GET /api/status
2026-02-01 22:39:47.026 +09:00 [INF] [HTTP] GET /api/status
2026-02-01 22:39:52.026 +09:00 [INF] [HTTP] GET /api/status
2026-02-01 22:39:57.027 +09:00 [INF] [HTTP] GET /api/status
2026-02-01 22:40:02.016 +09:00 [INF] [HTTP] GET /api/status
2026-02-01 22:40:07.022 +09:00 [INF] [HTTP] GET /api/status
2026-02-01 22:40:12.024 +09:00 [INF] [HTTP] GET /api/status
2026-02-01 22:40:14.519 +09:00 [INF] [HTTP] GET /api/status
2026-02-01 22:40:17.030 +09:00 [INF] [HTTP] GET /api/status
2026-02-01 22:40:22.028 +09:00 [INF] [HTTP] GET /api/status
2026-02-01 22:40:27.023 +09:00 [INF] [HTTP] GET /api/status
2026-02-01 22:40:32.025 +09:00 [INF] [HTTP] GET /api/status
2026-02-01 22:40:37.026 +09:00 [INF] [HTTP] GET /api/status
2026-02-01 22:40:42.021 +09:00 [INF] [HTTP] GET /api/status
2026-02-01 22:40:47.020 +09:00 [INF] [HTTP] GET /api/status
2026-02-01 22:40:52.022 +09:00 [INF] [HTTP] GET /api/status
2026-02-01 22:40:57.027 +09:00 [INF] [HTTP] GET /api/status
2026-02-01 22:41:02.025 +09:00 [INF] [HTTP] GET /api/status
2026-02-01 22:41:07.028 +09:00 [INF] [HTTP] GET /api/status
2026-02-01 22:41:12.021 +09:00 [INF] [HTTP] GET /api/status
2026-02-01 22:41:14.516 +09:00 [INF] [HTTP] GET /api/status
2026-02-01 22:41:17.022 +09:00 [INF] [HTTP] GET /api/status
2026-02-01 22:41:22.021 +09:00 [INF] [HTTP] GET /api/status
2026-02-01 22:41:27.018 +09:00 [INF] [HTTP] GET /api/status
2026-02-01 22:41:32.027 +09:00 [INF] [HTTP] GET /api/status
2026-02-01 22:41:37.018 +09:00 [INF] [HTTP] GET /api/status
2026-02-01 22:41:42.027 +09:00 [INF] [HTTP] GET /api/status
2026-02-01 22:41:47.017 +09:00 [INF] [HTTP] GET /api/status
2026-02-01 22:41:52.028 +09:00 [INF] [HTTP] GET /api/status
2026-02-01 22:41:57.018 +09:00 [INF] [HTTP] GET /api/status
2026-02-01 22:42:02.017 +09:00 [INF] [HTTP] GET /api/status
2026-02-01 22:42:07.018 +09:00 [INF] [HTTP] GET /api/status
2026-02-01 22:42:12.025 +09:00 [INF] [HTTP] GET /api/status
2026-02-01 22:42:14.526 +09:00 [INF] [HTTP] GET /api/status
2026-02-01 22:42:17.026 +09:00 [INF] [HTTP] GET /api/status
2026-02-01 22:42:22.027 +09:00 [INF] [HTTP] GET /api/status
2026-02-01 22:42:27.019 +09:00 [INF] [HTTP] GET /api/status
2026-02-01 22:42:32.027 +09:00 [INF] [HTTP] GET /api/status
2026-02-01 22:42:37.024 +09:00 [INF] [HTTP] GET /api/status
2026-02-01 22:42:42.021 +09:00 [INF] [HTTP] GET /api/status
2026-02-01 22:42:47.016 +09:00 [INF] [HTTP] GET /api/status
2026-02-01 22:42:52.030 +09:00 [INF] [HTTP] GET /api/status
2026-02-01 22:42:57.027 +09:00 [INF] [HTTP] GET /api/status
2026-02-01 22:43:02.019 +09:00 [INF] [HTTP] GET /api/status
2026-02-01 22:43:07.017 +09:00 [INF] [HTTP] GET /api/status
2026-02-01 22:43:12.025 +09:00 [INF] [HTTP] GET /api/status
2026-02-01 22:43:14.521 +09:00 [INF] [HTTP] GET /api/status
2026-02-01 22:43:17.016 +09:00 [INF] [HTTP] GET /api/status
2026-02-01 22:43:22.024 +09:00 [INF] [HTTP] GET /api/status
2026-02-01 22:43:27.019 +09:00 [INF] [HTTP] GET /api/status
2026-02-01 22:43:32.020 +09:00 [INF] [HTTP] GET /api/status
2026-02-01 22:43:37.026 +09:00 [INF] [HTTP] GET /api/status
2026-02-01 22:43:42.019 +09:00 [INF] [HTTP] GET /api/status
2026-02-01 22:43:47.026 +09:00 [INF] [HTTP] GET /api/status
2026-02-01 22:43:52.019 +09:00 [INF] [HTTP] GET /api/status
2026-02-01 22:43:57.028 +09:00 [INF] [HTTP] GET /api/status
2026-02-01 22:44:02.027 +09:00 [INF] [HTTP] GET /api/status
2026-02-01 22:44:07.028 +09:00 [INF] [HTTP] GET /api/status
2026-02-01 22:44:12.015 +09:00 [INF] [HTTP] GET /api/status
2026-02-01 22:44:14.524 +09:00 [INF] [HTTP] GET /api/status
2026-02-01 22:44:17.017 +09:00 [INF] [HTTP] GET /api/status
2026-02-01 22:44:22.024 +09:00 [INF] [HTTP] GET /api/status
2026-02-01 22:44:27.018 +09:00 [INF] [HTTP] GET /api/status
2026-02-01 22:44:32.024 +09:00 [INF] [HTTP] GET /api/status
2026-02-01 22:44:37.029 +09:00 [INF] [HTTP] GET /api/status
2026-02-01 22:44:42.020 +09:00 [INF] [HTTP] GET /api/status
2026-02-01 22:44:47.020 +09:00 [INF] [HTTP] GET /api/status
2026-02-01 22:44:52.020 +09:00 [INF] [HTTP] GET /api/status
2026-02-01 22:44:57.028 +09:00 [INF] [HTTP] GET /api/status
2026-02-01 22:45:02.028 +09:00 [INF] [HTTP] GET /api/status
2026-02-01 22:45:07.021 +09:00 [INF] [HTTP] GET /api/status
2026-02-01 22:45:12.015 +09:00 [INF] [HTTP] GET /api/status
2026-02-01 22:45:14.519 +09:00 [INF] [HTTP] GET /api/status
2026-02-01 22:45:17.029 +09:00 [INF] [HTTP] GET /api/status
2026-02-01 22:45:22.028 +09:00 [INF] [HTTP] GET /api/status
2026-02-01 22:45:27.019 +09:00 [INF] [HTTP] GET /api/status
2026-02-01 22:45:32.023 +09:00 [INF] [HTTP] GET /api/status
2026-02-01 22:45:37.018 +09:00 [INF] [HTTP] GET /api/status
2026-02-01 22:45:42.024 +09:00 [INF] [HTTP] GET /api/status
2026-02-01 22:45:47.018 +09:00 [INF] [HTTP] GET /api/status
2026-02-01 22:45:52.023 +09:00 [INF] [HTTP] GET /api/status
2026-02-01 22:45:57.018 +09:00 [INF] [HTTP] GET /api/status
2026-02-01 22:46:02.028 +09:00 [INF] [HTTP] GET /api/status
2026-02-01 22:46:07.018 +09:00 [INF] [HTTP] GET /api/status
2026-02-01 22:46:12.019 +09:00 [INF] [HTTP] GET /api/status
2026-02-01 22:46:14.525 +09:00 [INF] [HTTP] GET /api/status
2026-02-01 22:46:17.019 +09:00 [INF] [HTTP] GET /api/status
2026-02-01 22:46:22.023 +09:00 [INF] [HTTP] GET /api/status
2026-02-01 22:46:27.027 +09:00 [INF] [HTTP] GET /api/status
2026-02-01 22:46:32.027 +09:00 [INF] [HTTP] GET /api/status
2026-02-01 22:46:37.025 +09:00 [INF] [HTTP] GET /api/status
2026-02-01 22:46:42.028 +09:00 [INF] [HTTP] GET /api/status
2026-02-01 22:46:47.017 +09:00 [INF] [HTTP] GET /api/status
2026-02-01 22:46:52.024 +09:00 [INF] [HTTP] GET /api/status
2026-02-01 22:46:57.028 +09:00 [INF] [HTTP] GET /api/status
2026-02-01 22:47:02.020 +09:00 [INF] [HTTP] GET /api/status
2026-02-01 22:47:07.023 +09:00 [INF] [HTTP] GET /api/status
2026-02-01 22:47:12.020 +09:00 [INF] [HTTP] GET /api/status
2026-02-01 22:47:14.515 +09:00 [INF] [HTTP] GET /api/status
2026-02-01 22:47:17.024 +09:00 [INF] [HTTP] GET /api/status
2026-02-01 22:47:22.020 +09:00 [INF] [HTTP] GET /api/status
2026-02-01 22:47:27.027 +09:00 [INF] [HTTP] GET /api/status
2026-02-01 22:47:32.024 +09:00 [INF] [HTTP] GET /api/status
2026-02-01 22:47:37.030 +09:00 [INF] [HTTP] GET /api/status
2026-02-01 22:47:42.024 +09:00 [INF] [HTTP] GET /api/status
2026-02-01 22:47:47.027 +09:00 [INF] [HTTP] GET /api/status
2026-02-01 22:47:52.028 +09:00 [INF] [HTTP] GET /api/status
2026-02-01 22:47:57.021 +09:00 [INF] [HTTP] GET /api/status
2026-02-01 22:48:02.024 +09:00 [INF] [HTTP] GET /api/status
2026-02-01 22:48:07.018 +09:00 [INF] [HTTP] GET /api/status
2026-02-01 22:48:12.023 +09:00 [INF] [HTTP] GET /api/status
2026-02-01 22:48:14.516 +09:00 [INF] [HTTP] GET /api/status
2026-02-01 22:48:17.026 +09:00 [INF] [HTTP] GET /api/status
2026-02-01 22:48:22.018 +09:00 [INF] [HTTP] GET /api/status
2026-02-01 22:48:27.017 +09:00 [INF] [HTTP] GET /api/status
2026-02-01 22:48:32.017 +09:00 [INF] [HTTP] GET /api/status
2026-02-01 22:48:37.019 +09:00 [INF] [HTTP] GET /api/status
2026-02-01 22:48:42.018 +09:00 [INF] [HTTP] GET /api/status
2026-02-01 22:48:47.028 +09:00 [INF] [HTTP] GET /api/status
2026-02-01 22:48:52.029 +09:00 [INF] [HTTP] GET /api/status
2026-02-01 22:48:57.028 +09:00 [INF] [HTTP] GET /api/status
2026-02-01 22:49:02.021 +09:00 [INF] [HTTP] GET /api/status
2026-02-01 22:49:07.020 +09:00 [INF] [HTTP] GET /api/status
2026-02-01 22:49:12.024 +09:00 [INF] [HTTP] GET /api/status
2026-02-01 22:49:14.519 +09:00 [INF] [HTTP] GET /api/status
2026-02-01 22:49:17.028 +09:00 [INF] [HTTP] GET /api/status
2026-02-01 22:49:22.018 +09:00 [INF] [HTTP] GET /api/status
2026-02-01 22:49:27.020 +09:00 [INF] [HTTP] GET /api/status
2026-02-01 22:49:32.021 +09:00 [INF] [HTTP] GET /api/status
2026-02-01 22:49:37.018 +09:00 [INF] [HTTP] GET /api/status
2026-02-01 22:49:42.017 +09:00 [INF] [HTTP] GET /api/status
2026-02-01 22:49:47.029 +09:00 [INF] [HTTP] GET /api/status
2026-02-01 22:49:52.015 +09:00 [INF] [HTTP] GET /api/status
2026-02-01 22:49:57.025 +09:00 [INF] [HTTP] GET /api/status
2026-02-01 22:50:02.024 +09:00 [INF] [HTTP] GET /api/status
2026-02-01 22:50:07.028 +09:00 [INF] [HTTP] GET /api/status
2026-02-01 22:50:12.026 +09:00 [INF] [HTTP] GET /api/status
2026-02-01 22:50:14.528 +09:00 [INF] [HTTP] GET /api/status
2026-02-01 22:50:17.020 +09:00 [INF] [HTTP] GET /api/status
2026-02-01 22:50:22.026 +09:00 [INF] [HTTP] GET /api/status
2026-02-01 22:50:27.017 +09:00 [INF] [HTTP] GET /api/status
2026-02-01 22:50:32.023 +09:00 [INF] [HTTP] GET /api/status
2026-02-01 22:50:37.016 +09:00 [INF] [HTTP] GET /api/status
2026-02-01 22:50:42.016 +09:00 [INF] [HTTP] GET /api/status
2026-02-01 22:50:47.017 +09:00 [INF] [HTTP] GET /api/status
2026-02-01 22:50:52.020 +09:00 [INF] [HTTP] GET /api/status
2026-02-01 22:50:57.019 +09:00 [INF] [HTTP] GET /api/status
2026-02-01 22:51:02.525 +09:00 [INF] [HTTP] GET /api/status
2026-02-01 22:51:07.521 +09:00 [INF] [HTTP] GET /api/status
2026-02-01 22:51:12.550 +09:00 [INF] [HTTP] GET /api/status
2026-02-01 22:51:14.519 +09:00 [INF] [HTTP] GET /api/status
2026-02-01 22:51:17.525 +09:00 [INF] [HTTP] GET /api/status
2026-02-01 22:51:22.518 +09:00 [INF] [HTTP] GET /api/status
2026-02-01 22:51:27.516 +09:00 [INF] [HTTP] GET /api/status
2026-02-01 22:51:32.523 +09:00 [INF] [HTTP] GET /api/status
2026-02-01 22:51:37.517 +09:00 [INF] [HTTP] GET /api/status
2026-02-01 22:51:42.568 +09:00 [INF] [HTTP] GET /api/status
2026-02-01 22:51:47.651 +09:00 [INF] [HTTP] GET /api/status
2026-02-01 22:51:52.518 +09:00 [INF] [HTTP] GET /api/status
2026-02-01 22:51:57.519 +09:00 [INF] [HTTP] GET /api/status
2026-02-01 22:52:14.521 +09:00 [INF] [HTTP] GET /api/status
2026-02-01 22:52:14.521 +09:00 [INF] [HTTP] GET /api/status
2026-02-01 22:53:14.524 +09:00 [INF] [HTTP] GET /api/status
2026-02-01 22:53:14.524 +09:00 [INF] [HTTP] GET /api/status
2026-02-01 22:54:14.523 +09:00 [INF] [HTTP] GET /api/status
2026-02-01 22:54:14.525 +09:00 [INF] [HTTP] GET /api/status
2026-02-01 22:55:14.515 +09:00 [INF] [HTTP] GET /api/status
2026-02-01 22:55:14.516 +09:00 [INF] [HTTP] GET /api/status
2026-02-01 22:56:14.519 +09:00 [INF] [HTTP] GET /api/status
2026-02-01 22:56:14.519 +09:00 [INF] [HTTP] GET /api/status
2026-02-01 22:57:14.517 +09:00 [INF] [HTTP] GET /api/status
2026-02-01 22:57:14.517 +09:00 [INF] [HTTP] GET /api/status
2026-02-01 22:57:19.871 +09:00 [INF] [HTTP] GET /api/status
2026-02-01 22:57:22.517 +09:00 [INF] [HTTP] GET /api/status
2026-02-01 22:57:27.526 +09:00 [INF] [HTTP] GET /api/status
2026-02-01 22:57:32.524 +09:00 [INF] [HTTP] GET /api/status
2026-02-01 22:57:37.525 +09:00 [INF] [HTTP] GET /api/status
2026-02-01 22:57:42.515 +09:00 [INF] [HTTP] GET /api/status
2026-02-01 22:57:47.516 +09:00 [INF] [HTTP] GET /api/status
2026-02-01 22:57:52.517 +09:00 [INF] [HTTP] GET /api/status
2026-02-01 22:57:57.512 +09:00 [INF] [HTTP] GET /api/status
2026-02-01 22:58:02.519 +09:00 [INF] [HTTP] GET /api/status
2026-02-01 22:58:07.525 +09:00 [INF] [HTTP] GET /api/status
2026-02-01 22:58:12.515 +09:00 [INF] [HTTP] GET /api/status
2026-02-01 22:58:14.518 +09:00 [INF] [HTTP] GET /api/status
2026-02-01 22:58:17.528 +09:00 [INF] [HTTP] GET /api/status
2026-02-01 22:59:14.519 +09:00 [INF] [HTTP] GET /api/status
2026-02-01 22:59:14.519 +09:00 [INF] [HTTP] GET /api/status
2026-02-01 23:00:14.520 +09:00 [INF] [HTTP] GET /api/status
2026-02-01 23:00:14.521 +09:00 [INF] [HTTP] GET /api/status
2026-02-01 23:01:14.524 +09:00 [INF] [HTTP] GET /api/status
2026-02-01 23:01:14.524 +09:00 [INF] [HTTP] GET /api/status
2026-02-01 23:02:14.522 +09:00 [INF] [HTTP] GET /api/status
2026-02-01 23:02:14.522 +09:00 [INF] [HTTP] GET /api/status
2026-02-01 23:03:14.527 +09:00 [INF] [HTTP] GET /api/status
2026-02-01 23:03:14.528 +09:00 [INF] [HTTP] GET /api/status
2026-02-01 23:04:14.516 +09:00 [INF] [HTTP] GET /api/status
2026-02-01 23:04:14.516 +09:00 [INF] [HTTP] GET /api/status
2026-02-01 23:05:14.519 +09:00 [INF] [HTTP] GET /api/status
2026-02-01 23:05:14.520 +09:00 [INF] [HTTP] GET /api/status
2026-02-01 23:06:14.526 +09:00 [INF] [HTTP] GET /api/status
2026-02-01 23:06:14.526 +09:00 [INF] [HTTP] GET /api/status
2026-02-01 23:07:14.516 +09:00 [INF] [HTTP] GET /api/status
2026-02-01 23:07:14.516 +09:00 [INF] [HTTP] GET /api/status
2026-02-01 23:08:14.518 +09:00 [INF] [HTTP] GET /api/status
2026-02-01 23:08:14.519 +09:00 [INF] [HTTP] GET /api/status
2026-02-01 23:09:14.523 +09:00 [INF] [HTTP] GET /api/status
2026-02-01 23:09:14.523 +09:00 [INF] [HTTP] GET /api/status
2026-02-01 23:10:14.527 +09:00 [INF] [HTTP] GET /api/status
2026-02-01 23:10:14.527 +09:00 [INF] [HTTP] GET /api/status
2026-02-01 23:11:14.524 +09:00 [INF] [HTTP] GET /api/status
2026-02-01 23:11:14.525 +09:00 [INF] [HTTP] GET /api/status
2026-02-01 23:12:14.518 +09:00 [INF] [HTTP] GET /api/status
2026-02-01 23:12:14.518 +09:00 [INF] [HTTP] GET /api/status
2026-02-01 23:13:14.520 +09:00 [INF] [HTTP] GET /api/status
2026-02-01 23:13:14.520 +09:00 [INF] [HTTP] GET /api/status
2026-02-01 23:14:14.523 +09:00 [INF] [HTTP] GET /api/status
2026-02-01 23:14:14.524 +09:00 [INF] [HTTP] GET /api/status
2026-02-01 23:15:14.516 +09:00 [INF] [HTTP] GET /api/status
2026-02-01 23:15:14.516 +09:00 [INF] [HTTP] GET /api/status
2026-02-01 23:16:14.524 +09:00 [INF] [HTTP] GET /api/status
2026-02-01 23:16:14.524 +09:00 [INF] [HTTP] GET /api/status
2026-02-01 23:17:14.525 +09:00 [INF] [HTTP] GET /api/status
2026-02-01 23:17:14.526 +09:00 [INF] [HTTP] GET /api/status
2026-02-01 23:18:14.525 +09:00 [INF] [HTTP] GET /api/status
2026-02-01 23:18:14.525 +09:00 [INF] [HTTP] GET /api/status
2026-02-01 23:19:14.515 +09:00 [INF] [HTTP] GET /api/status
2026-02-01 23:19:14.516 +09:00 [INF] [HTTP] GET /api/status
2026-02-01 23:20:14.527 +09:00 [INF] [HTTP] GET /api/status
2026-02-01 23:20:14.527 +09:00 [INF] [HTTP] GET /api/status
2026-02-01 23:21:14.524 +09:00 [INF] [HTTP] GET /api/status
2026-02-01 23:21:14.525 +09:00 [INF] [HTTP] GET /api/status
2026-02-01 23:22:14.523 +09:00 [INF] [HTTP] GET /api/status
2026-02-01 23:22:14.523 +09:00 [INF] [HTTP] GET /api/status
2026-02-01 23:22:27.268 +09:00 [INF] [HTTP] GET /api/status
2026-02-01 23:22:32.523 +09:00 [INF] [HTTP] GET /api/status
2026-02-01 23:22:37.523 +09:00 [INF] [HTTP] GET /api/status
2026-02-01 23:22:42.516 +09:00 [INF] [HTTP] GET /api/status
2026-02-01 23:22:47.520 +09:00 [INF] [HTTP] GET /api/status
2026-02-01 23:22:52.518 +09:00 [INF] [HTTP] GET /api/status
2026-02-01 23:22:57.525 +09:00 [INF] [HTTP] GET /api/status
2026-02-01 23:23:02.516 +09:00 [INF] [HTTP] GET /api/status
2026-02-01 23:23:07.513 +09:00 [INF] [HTTP] GET /api/status
2026-02-01 23:23:12.516 +09:00 [INF] [HTTP] GET /api/status
2026-02-01 23:23:14.520 +09:00 [INF] [HTTP] GET /api/status
2026-02-01 23:23:17.523 +09:00 [INF] [HTTP] GET /api/status
2026-02-01 23:23:22.522 +09:00 [INF] [HTTP] GET /api/status
2026-02-01 23:23:27.520 +09:00 [INF] [HTTP] GET /api/status
2026-02-01 23:24:14.520 +09:00 [INF] [HTTP] GET /api/status
2026-02-01 23:24:14.520 +09:00 [INF] [HTTP] GET /api/status
2026-02-01 23:25:14.516 +09:00 [INF] [HTTP] GET /api/status
2026-02-01 23:25:14.516 +09:00 [INF] [HTTP] GET /api/status
2026-02-01 23:26:14.528 +09:00 [INF] [HTTP] GET /api/status
2026-02-01 23:26:14.529 +09:00 [INF] [HTTP] GET /api/status
2026-02-01 23:27:14.528 +09:00 [INF] [HTTP] GET /api/status
2026-02-01 23:27:14.528 +09:00 [INF] [HTTP] GET /api/status
2026-02-01 23:28:14.514 +09:00 [INF] [HTTP] GET /api/status
2026-02-01 23:28:14.514 +09:00 [INF] [HTTP] GET /api/status
2026-02-01 23:29:14.525 +09:00 [INF] [HTTP] GET /api/status
2026-02-01 23:29:14.526 +09:00 [INF] [HTTP] GET /api/status
2026-02-01 23:30:14.527 +09:00 [INF] [HTTP] GET /api/status
2026-02-01 23:30:14.529 +09:00 [INF] [HTTP] GET /api/status
2026-02-01 23:31:14.527 +09:00 [INF] [HTTP] GET /api/status
2026-02-01 23:31:14.527 +09:00 [INF] [HTTP] GET /api/status
2026-02-01 23:32:14.528 +09:00 [INF] [HTTP] GET /api/status
2026-02-01 23:32:14.528 +09:00 [INF] [HTTP] GET /api/status
2026-02-01 23:33:14.526 +09:00 [INF] [HTTP] GET /api/status
2026-02-01 23:33:14.527 +09:00 [INF] [HTTP] GET /api/status
2026-02-01 23:34:14.524 +09:00 [INF] [HTTP] GET /api/status
2026-02-01 23:34:14.524 +09:00 [INF] [HTTP] GET /api/status
2026-02-01 23:35:14.522 +09:00 [INF] [HTTP] GET /api/status
2026-02-01 23:35:14.525 +09:00 [INF] [HTTP] GET /api/status
2026-02-01 23:36:14.523 +09:00 [INF] [HTTP] GET /api/status
2026-02-01 23:36:14.524 +09:00 [INF] [HTTP] GET /api/status
2026-02-01 23:37:14.527 +09:00 [INF] [HTTP] GET /api/status
2026-02-01 23:37:14.527 +09:00 [INF] [HTTP] GET /api/status
2026-02-01 23:38:14.514 +09:00 [INF] [HTTP] GET /api/status
2026-02-01 23:38:14.515 +09:00 [INF] [HTTP] GET /api/status
2026-02-01 23:39:14.518 +09:00 [INF] [HTTP] GET /api/status
2026-02-01 23:39:14.519 +09:00 [INF] [HTTP] GET /api/status
2026-02-01 23:40:14.525 +09:00 [INF] [HTTP] GET /api/status
2026-02-01 23:40:14.525 +09:00 [INF] [HTTP] GET /api/status
2026-02-01 23:41:14.523 +09:00 [INF] [HTTP] GET /api/status
2026-02-01 23:41:14.524 +09:00 [INF] [HTTP] GET /api/status
2026-02-01 23:42:14.524 +09:00 [INF] [HTTP] GET /api/status
2026-02-01 23:42:14.525 +09:00 [INF] [HTTP] GET /api/status
2026-02-01 23:43:14.524 +09:00 [INF] [HTTP] GET /api/status
2026-02-01 23:43:14.525 +09:00 [INF] [HTTP] GET /api/status
2026-02-01 23:44:14.521 +09:00 [INF] [HTTP] GET /api/status
2026-02-01 23:44:14.521 +09:00 [INF] [HTTP] GET /api/status
2026-02-01 23:45:14.522 +09:00 [INF] [HTTP] GET /api/status
2026-02-01 23:45:14.522 +09:00 [INF] [HTTP] GET /api/status
2026-02-01 23:46:14.515 +09:00 [INF] [HTTP] GET /api/status
2026-02-01 23:46:14.515 +09:00 [INF] [HTTP] GET /api/status
2026-02-01 23:47:14.531 +09:00 [INF] [HTTP] GET /api/status
2026-02-01 23:47:14.532 +09:00 [INF] [HTTP] GET /api/status
2026-02-01 23:48:14.521 +09:00 [INF] [HTTP] GET /api/status
2026-02-01 23:48:14.521 +09:00 [INF] [HTTP] GET /api/status
2026-02-01 23:49:14.518 +09:00 [INF] [HTTP] GET /api/status
2026-02-01 23:49:14.518 +09:00 [INF] [HTTP] GET /api/status
2026-02-01 23:50:14.527 +09:00 [INF] [HTTP] GET /api/status
2026-02-01 23:50:14.527 +09:00 [INF] [HTTP] GET /api/status
2026-02-01 23:51:14.520 +09:00 [INF] [HTTP] GET /api/status
2026-02-01 23:51:14.520 +09:00 [INF] [HTTP] GET /api/status
2026-02-01 23:52:14.521 +09:00 [INF] [HTTP] GET /api/status
2026-02-01 23:52:56.057 +09:00 [INF] [HTTP] GET /api/status
2026-02-01 23:53:01.064 +09:00 [INF] [HTTP] GET /api/status
2026-02-01 23:53:06.072 +09:00 [INF] [HTTP] GET /api/status
2026-02-01 23:53:11.065 +09:00 [INF] [HTTP] GET /api/status
2026-02-01 23:53:16.056 +09:00 [INF] [HTTP] GET /api/status
2026-02-01 23:53:21.515 +09:00 [INF] [HTTP] GET /api/status
2026-02-01 23:53:22.988 +09:00 [INF] [HTTP] GET /api/status
2026-02-01 23:53:26.525 +09:00 [INF] [HTTP] GET /api/status
2026-02-01 23:53:27.976 +09:00 [INF] [HTTP] GET /api/status
2026-02-01 23:53:31.518 +09:00 [INF] [HTTP] GET /api/status
2026-02-01 23:53:32.972 +09:00 [INF] [HTTP] GET /api/status
2026-02-01 23:53:36.520 +09:00 [INF] [HTTP] GET /api/status
2026-02-01 23:53:37.979 +09:00 [INF] [HTTP] GET /api/status
2026-02-01 23:53:41.521 +09:00 [INF] [HTTP] GET /api/status
2026-02-01 23:53:42.977 +09:00 [INF] [HTTP] GET /api/status
2026-02-01 23:53:46.063 +09:00 [INF] [HTTP] GET /api/status
2026-02-01 23:53:47.983 +09:00 [INF] [HTTP] GET /api/status
2026-02-01 23:53:51.517 +09:00 [INF] [HTTP] GET /api/status
2026-02-01 23:53:52.983 +09:00 [INF] [HTTP] GET /api/status
2026-02-01 23:53:56.525 +09:00 [INF] [HTTP] GET /api/status
