2026-01-19 08:49:18.445 +09:00 [INF] CTI Bridge 서비스 시작 중...
2026-01-19 08:49:19.822 +09:00 [INF] CTI Bridge 서비스 시작 중...
2026-01-19 08:49:19.830 +09:00 [INF] 설정 파일에서 URL 로드: https://d-care-console.vercel.app
2026-01-19 08:49:20.060 +09:00 [INF] ═══════════════════════════════════════════════════════
2026-01-19 08:49:20.060 +09:00 [INF] 📡 HTTP 서버 시작: http://localhost:5080/
2026-01-19 08:49:20.061 +09:00 [INF]    발신 요청: POST /api/click-call
2026-01-19 08:49:20.062 +09:00 [INF]    상태 조회: GET /api/status
2026-01-19 08:49:20.062 +09:00 [INF] ═══════════════════════════════════════════════════════
2026-01-19 08:49:20.068 +09:00 [INF] CTI Bridge 서비스 실행 시작
2026-01-19 08:49:20.072 +09:00 [INF] SK CTI API 초기화 중...
2026-01-19 08:49:20.202 +09:00 [INF] CTI 초기화 성공
2026-01-19 08:49:20.421 +09:00 [INF] [이벤트] Svc=30, Evt=0x101, Res=0x0, Dn1=, Dn2=, Ext=
2026-01-19 08:49:20.421 +09:00 [INF] 서버 연결됨
2026-01-19 08:50:20.440 +09:00 [INF] 로그인 2차 재시도...
2026-01-19 08:50:22.163 +09:00 [INF] [이벤트] Svc=30, Evt=0x104, Res=0x4202, Dn1=, Dn2=, Ext=
2026-01-19 08:50:22.164 +09:00 [INF] 로그인 완료
2026-01-19 08:50:27.366 +09:00 [INF] CTI 로그인 성공
2026-01-19 08:50:27.367 +09:00 [INF] ═══════════════════════════════════════════════════════
2026-01-19 08:50:27.367 +09:00 [INF] 📋 Sub DN 목록 조회 시작 (가입자 소속 전화번호 확인)
2026-01-19 08:50:27.367 +09:00 [WRN] 📋 Sub DN 목록 조회 요청 실패 (코드: 0x800B)
2026-01-19 08:50:27.373 +09:00 [INF] ═══════════════════════════════════════════════════════
2026-01-19 08:50:27.880 +09:00 [INF] ═══════════════════════════════════════════════════════
2026-01-19 08:50:27.880 +09:00 [INF] 📞 070 모니터링 번호 등록 시작
2026-01-19 08:50:27.880 +09:00 [WRN] ❌ 070 모니터링 등록 실패 (코드: 0x800B)
2026-01-19 08:50:27.881 +09:00 [WRN]    → SK브로드밴드에 모니터링 권한 문의 필요
2026-01-19 08:50:27.881 +09:00 [INF] ═══════════════════════════════════════════════════════
2026-01-19 08:50:27.888 +09:00 [INF] [SendWorker] 전송 워커 시작
2026-01-19 09:08:16.586 +09:00 [INF] [HTTP] GET /api/status
2026-01-19 09:08:21.086 +09:00 [INF] [HTTP] GET /api/status
2026-01-19 09:08:22.793 +09:00 [INF] [HTTP] POST /api/click-call
2026-01-19 09:08:22.798 +09:00 [INF] [ClickCall] 발신 요청: {"phoneNumber":"01030511241"}
2026-01-19 09:08:22.813 +09:00 [INF] ═══════════════════════════════════════════════════════
2026-01-19 09:08:22.813 +09:00 [INF] 📞 [ClickCall] 발신 시작
2026-01-19 09:08:22.813 +09:00 [INF]    발신자 (치과): 로그인 계정 기본번호 사용
2026-01-19 09:08:22.813 +09:00 [INF]    착신자 (환자): 01030511241
2026-01-19 09:08:22.813 +09:00 [INF] ═══════════════════════════════════════════════════════
2026-01-19 09:08:22.822 +09:00 [ERR] ❌ [ClickCall] 시작 실패 (코드: 0x800B)
2026-01-19 09:08:26.081 +09:00 [INF] [HTTP] GET /api/status
2026-01-19 09:08:31.070 +09:00 [INF] [HTTP] GET /api/status
2026-01-19 09:08:36.077 +09:00 [INF] [HTTP] GET /api/status
2026-01-19 09:08:41.074 +09:00 [INF] [HTTP] GET /api/status
2026-01-19 09:08:45.170 +09:00 [INF] CTI Bridge 서비스 종료 중...
2026-01-19 09:08:45.297 +09:00 [INF] HTTP 서버 종료됨
2026-01-19 09:08:45.384 +09:00 [INF] [SendWorker] 전송 워커 종료
2026-01-19 09:08:45.384 +09:00 [INF] CTI Bridge 서비스 종료됨
2026-01-19 09:09:13.798 +09:00 [INF] CTI Bridge 서비스 시작 중...
2026-01-19 09:09:14.397 +09:00 [INF] CTI Bridge 서비스 시작 중...
2026-01-19 09:09:14.405 +09:00 [INF] 설정 파일에서 URL 로드: https://d-care-console.vercel.app
2026-01-19 09:09:14.470 +09:00 [INF] ═══════════════════════════════════════════════════════
2026-01-19 09:09:14.470 +09:00 [INF] 📡 HTTP 서버 시작: http://localhost:5080/
2026-01-19 09:09:14.471 +09:00 [INF]    발신 요청: POST /api/click-call
2026-01-19 09:09:14.471 +09:00 [INF]    상태 조회: GET /api/status
2026-01-19 09:09:14.471 +09:00 [INF] ═══════════════════════════════════════════════════════
2026-01-19 09:09:14.477 +09:00 [INF] CTI Bridge 서비스 실행 시작
2026-01-19 09:09:14.480 +09:00 [INF] SK CTI API 초기화 중...
2026-01-19 09:09:14.508 +09:00 [INF] CTI 초기화 성공
2026-01-19 09:09:14.715 +09:00 [INF] [이벤트] Svc=30, Evt=0x101, Res=0x0, Dn1=, Dn2=, Ext=
2026-01-19 09:09:14.715 +09:00 [INF] 서버 연결됨
2026-01-19 09:09:16.087 +09:00 [INF] [HTTP] GET /api/status
2026-01-19 09:09:21.583 +09:00 [INF] [HTTP] GET /api/status
2026-01-19 09:09:26.585 +09:00 [INF] [HTTP] GET /api/status
2026-01-19 09:09:31.591 +09:00 [INF] [HTTP] GET /api/status
2026-01-19 09:09:36.584 +09:00 [INF] [HTTP] GET /api/status
2026-01-19 09:09:41.578 +09:00 [INF] [HTTP] GET /api/status
2026-01-19 09:09:46.587 +09:00 [INF] [HTTP] GET /api/status
2026-01-19 09:09:51.590 +09:00 [INF] [HTTP] GET /api/status
2026-01-19 09:09:56.592 +09:00 [INF] [HTTP] GET /api/status
2026-01-19 09:10:01.585 +09:00 [INF] [HTTP] GET /api/status
2026-01-19 09:10:06.588 +09:00 [INF] [HTTP] GET /api/status
2026-01-19 09:10:11.585 +09:00 [INF] [HTTP] GET /api/status
2026-01-19 09:10:14.875 +09:00 [INF] 로그인 2차 재시도...
2026-01-19 09:10:16.581 +09:00 [INF] [HTTP] GET /api/status
2026-01-19 09:10:16.593 +09:00 [INF] [이벤트] Svc=30, Evt=0x104, Res=0x4202, Dn1=, Dn2=, Ext=
2026-01-19 09:10:16.594 +09:00 [INF] 로그인 완료
2026-01-19 09:10:21.772 +09:00 [INF] CTI 로그인 성공
2026-01-19 09:10:21.773 +09:00 [INF] ═══════════════════════════════════════════════════════
2026-01-19 09:10:21.773 +09:00 [INF] 📋 Sub DN 목록 조회 시작 (가입자 소속 전화번호 확인)
2026-01-19 09:10:21.773 +09:00 [WRN] 📋 Sub DN 목록 조회 요청 실패 (코드: 0x800B)
2026-01-19 09:10:21.778 +09:00 [INF] ═══════════════════════════════════════════════════════
2026-01-19 09:10:22.286 +09:00 [INF] ═══════════════════════════════════════════════════════
2026-01-19 09:10:22.286 +09:00 [INF] 📞 070 모니터링 번호 등록 시작
2026-01-19 09:10:22.286 +09:00 [WRN] ❌ 070 모니터링 등록 실패 (코드: 0x800B)
2026-01-19 09:10:22.286 +09:00 [WRN]    → SK브로드밴드에 모니터링 권한 문의 필요
2026-01-19 09:10:22.287 +09:00 [INF] ═══════════════════════════════════════════════════════
2026-01-19 09:10:22.290 +09:00 [INF] [SendWorker] 전송 워커 시작
2026-01-19 09:10:58.590 +09:00 [INF] [HTTP] GET /api/status
2026-01-19 09:11:58.582 +09:00 [INF] [HTTP] GET /api/status
2026-01-19 09:12:58.589 +09:00 [INF] [HTTP] GET /api/status
2026-01-19 09:13:58.582 +09:00 [INF] [HTTP] GET /api/status
2026-01-19 09:14:58.591 +09:00 [INF] [HTTP] GET /api/status
2026-01-19 09:15:58.589 +09:00 [INF] [HTTP] GET /api/status
2026-01-19 09:16:58.581 +09:00 [INF] [HTTP] GET /api/status
2026-01-19 09:17:58.582 +09:00 [INF] [HTTP] GET /api/status
2026-01-19 09:18:58.581 +09:00 [INF] [HTTP] GET /api/status
2026-01-19 09:19:58.584 +09:00 [INF] [HTTP] GET /api/status
2026-01-19 09:20:58.592 +09:00 [INF] [HTTP] GET /api/status
2026-01-19 09:21:58.582 +09:00 [INF] [HTTP] GET /api/status
2026-01-19 09:22:58.591 +09:00 [INF] [HTTP] GET /api/status
2026-01-19 09:23:58.590 +09:00 [INF] [HTTP] GET /api/status
2026-01-19 09:24:58.584 +09:00 [INF] [HTTP] GET /api/status
2026-01-19 09:25:58.580 +09:00 [INF] [HTTP] GET /api/status
2026-01-19 09:26:58.580 +09:00 [INF] [HTTP] GET /api/status
2026-01-19 09:27:58.583 +09:00 [INF] [HTTP] GET /api/status
2026-01-19 09:28:58.585 +09:00 [INF] [HTTP] GET /api/status
2026-01-19 09:29:58.586 +09:00 [INF] [HTTP] GET /api/status
2026-01-19 09:30:58.585 +09:00 [INF] [HTTP] GET /api/status
2026-01-19 09:31:58.587 +09:00 [INF] [HTTP] GET /api/status
2026-01-19 09:32:58.583 +09:00 [INF] [HTTP] GET /api/status
2026-01-19 09:33:58.590 +09:00 [INF] [HTTP] GET /api/status
2026-01-19 09:34:58.586 +09:00 [INF] [HTTP] GET /api/status
2026-01-19 09:35:58.590 +09:00 [INF] [HTTP] GET /api/status
2026-01-19 09:36:58.579 +09:00 [INF] [HTTP] GET /api/status
2026-01-19 09:37:58.585 +09:00 [INF] [HTTP] GET /api/status
2026-01-19 09:38:58.583 +09:00 [INF] [HTTP] GET /api/status
2026-01-19 09:39:58.581 +09:00 [INF] [HTTP] GET /api/status
2026-01-19 09:40:58.592 +09:00 [INF] [HTTP] GET /api/status
2026-01-19 09:41:58.584 +09:00 [INF] [HTTP] GET /api/status
2026-01-19 09:42:58.582 +09:00 [INF] [HTTP] GET /api/status
2026-01-19 09:43:58.584 +09:00 [INF] [HTTP] GET /api/status
2026-01-19 09:44:58.590 +09:00 [INF] [HTTP] GET /api/status
2026-01-19 09:45:58.590 +09:00 [INF] [HTTP] GET /api/status
2026-01-19 09:46:58.591 +09:00 [INF] [HTTP] GET /api/status
2026-01-19 09:47:58.585 +09:00 [INF] [HTTP] GET /api/status
2026-01-19 09:48:58.581 +09:00 [INF] [HTTP] GET /api/status
2026-01-19 09:49:58.578 +09:00 [INF] [HTTP] GET /api/status
2026-01-19 09:50:58.586 +09:00 [INF] [HTTP] GET /api/status
2026-01-19 09:51:58.587 +09:00 [INF] [HTTP] GET /api/status
2026-01-19 09:52:58.588 +09:00 [INF] [HTTP] GET /api/status
2026-01-19 09:53:58.589 +09:00 [INF] [HTTP] GET /api/status
2026-01-19 09:54:58.589 +09:00 [INF] [HTTP] GET /api/status
2026-01-19 09:55:58.586 +09:00 [INF] [HTTP] GET /api/status
2026-01-19 09:56:58.583 +09:00 [INF] [HTTP] GET /api/status
2026-01-19 09:57:58.587 +09:00 [INF] [HTTP] GET /api/status
2026-01-19 09:58:58.591 +09:00 [INF] [HTTP] GET /api/status
2026-01-19 09:59:58.579 +09:00 [INF] [HTTP] GET /api/status
2026-01-19 10:00:58.588 +09:00 [INF] [HTTP] GET /api/status
2026-01-19 10:01:58.592 +09:00 [INF] [HTTP] GET /api/status
2026-01-19 10:02:58.583 +09:00 [INF] [HTTP] GET /api/status
2026-01-19 10:03:58.592 +09:00 [INF] [HTTP] GET /api/status
2026-01-19 10:04:58.591 +09:00 [INF] [HTTP] GET /api/status
2026-01-19 10:05:58.581 +09:00 [INF] [HTTP] GET /api/status
2026-01-19 10:06:58.579 +09:00 [INF] [HTTP] GET /api/status
2026-01-19 10:07:58.585 +09:00 [INF] [HTTP] GET /api/status
2026-01-19 10:08:58.581 +09:00 [INF] [HTTP] GET /api/status
2026-01-19 10:09:58.590 +09:00 [INF] [HTTP] GET /api/status
2026-01-19 10:10:58.583 +09:00 [INF] [HTTP] GET /api/status
2026-01-19 10:11:58.580 +09:00 [INF] [HTTP] GET /api/status
2026-01-19 10:12:58.591 +09:00 [INF] [HTTP] GET /api/status
2026-01-19 10:13:58.591 +09:00 [INF] [HTTP] GET /api/status
2026-01-19 10:14:58.593 +09:00 [INF] [HTTP] GET /api/status
2026-01-19 10:15:58.593 +09:00 [INF] [HTTP] GET /api/status
2026-01-19 10:16:58.580 +09:00 [INF] [HTTP] GET /api/status
2026-01-19 10:17:58.583 +09:00 [INF] [HTTP] GET /api/status
2026-01-19 10:18:58.587 +09:00 [INF] [HTTP] GET /api/status
2026-01-19 10:19:58.579 +09:00 [INF] [HTTP] GET /api/status
2026-01-19 10:20:58.581 +09:00 [INF] [HTTP] GET /api/status
2026-01-19 10:21:58.581 +09:00 [INF] [HTTP] GET /api/status
2026-01-19 10:22:58.579 +09:00 [INF] [HTTP] GET /api/status
2026-01-19 10:23:58.592 +09:00 [INF] [HTTP] GET /api/status
2026-01-19 10:24:58.585 +09:00 [INF] [HTTP] GET /api/status
2026-01-19 10:25:58.584 +09:00 [INF] [HTTP] GET /api/status
2026-01-19 10:26:58.592 +09:00 [INF] [HTTP] GET /api/status
2026-01-19 10:27:58.588 +09:00 [INF] [HTTP] GET /api/status
2026-01-19 10:28:58.582 +09:00 [INF] [HTTP] GET /api/status
2026-01-19 10:29:58.586 +09:00 [INF] [HTTP] GET /api/status
2026-01-19 10:30:58.585 +09:00 [INF] [HTTP] GET /api/status
2026-01-19 10:31:58.582 +09:00 [INF] [HTTP] GET /api/status
2026-01-19 10:32:58.593 +09:00 [INF] [HTTP] GET /api/status
2026-01-19 10:33:58.591 +09:00 [INF] [HTTP] GET /api/status
2026-01-19 10:34:58.584 +09:00 [INF] [HTTP] GET /api/status
2026-01-19 10:35:58.582 +09:00 [INF] [HTTP] GET /api/status
2026-01-19 10:36:58.588 +09:00 [INF] [HTTP] GET /api/status
2026-01-19 10:37:58.589 +09:00 [INF] [HTTP] GET /api/status
2026-01-19 10:38:58.591 +09:00 [INF] [HTTP] GET /api/status
2026-01-19 10:39:58.584 +09:00 [INF] [HTTP] GET /api/status
2026-01-19 10:40:58.591 +09:00 [INF] [HTTP] GET /api/status
2026-01-19 10:41:58.589 +09:00 [INF] [HTTP] GET /api/status
2026-01-19 10:42:58.583 +09:00 [INF] [HTTP] GET /api/status
2026-01-19 10:43:58.593 +09:00 [INF] [HTTP] GET /api/status
2026-01-19 10:44:58.585 +09:00 [INF] [HTTP] GET /api/status
2026-01-19 10:45:58.587 +09:00 [INF] [HTTP] GET /api/status
2026-01-19 10:46:58.583 +09:00 [INF] [HTTP] GET /api/status
2026-01-19 10:47:58.590 +09:00 [INF] [HTTP] GET /api/status
2026-01-19 10:48:58.585 +09:00 [INF] [HTTP] GET /api/status
2026-01-19 10:49:58.581 +09:00 [INF] [HTTP] GET /api/status
2026-01-19 10:50:58.591 +09:00 [INF] [HTTP] GET /api/status
2026-01-19 10:51:58.584 +09:00 [INF] [HTTP] GET /api/status
2026-01-19 10:52:58.594 +09:00 [INF] [HTTP] GET /api/status
2026-01-19 10:53:58.586 +09:00 [INF] [HTTP] GET /api/status
2026-01-19 10:54:58.580 +09:00 [INF] [HTTP] GET /api/status
2026-01-19 10:55:58.580 +09:00 [INF] [HTTP] GET /api/status
2026-01-19 10:56:58.580 +09:00 [INF] [HTTP] GET /api/status
2026-01-19 10:57:58.587 +09:00 [INF] [HTTP] GET /api/status
2026-01-19 10:58:58.583 +09:00 [INF] [HTTP] GET /api/status
2026-01-19 10:59:58.581 +09:00 [INF] [HTTP] GET /api/status
2026-01-19 11:00:58.586 +09:00 [INF] [HTTP] GET /api/status
2026-01-19 11:01:58.586 +09:00 [INF] [HTTP] GET /api/status
2026-01-19 11:02:58.579 +09:00 [INF] [HTTP] GET /api/status
2026-01-19 11:03:58.593 +09:00 [INF] [HTTP] GET /api/status
2026-01-19 11:04:58.580 +09:00 [INF] [HTTP] GET /api/status
2026-01-19 11:05:58.583 +09:00 [INF] [HTTP] GET /api/status
2026-01-19 11:06:58.589 +09:00 [INF] [HTTP] GET /api/status
2026-01-19 11:07:58.586 +09:00 [INF] [HTTP] GET /api/status
2026-01-19 11:08:58.591 +09:00 [INF] [HTTP] GET /api/status
2026-01-19 11:09:58.586 +09:00 [INF] [HTTP] GET /api/status
2026-01-19 11:10:58.581 +09:00 [INF] [HTTP] GET /api/status
2026-01-19 11:11:58.593 +09:00 [INF] [HTTP] GET /api/status
2026-01-19 11:12:58.592 +09:00 [INF] [HTTP] GET /api/status
2026-01-19 11:13:58.591 +09:00 [INF] [HTTP] GET /api/status
2026-01-19 11:14:58.586 +09:00 [INF] [HTTP] GET /api/status
2026-01-19 11:15:58.588 +09:00 [INF] [HTTP] GET /api/status
2026-01-19 11:16:58.580 +09:00 [INF] [HTTP] GET /api/status
2026-01-19 11:17:58.581 +09:00 [INF] [HTTP] GET /api/status
2026-01-19 11:18:58.578 +09:00 [INF] [HTTP] GET /api/status
2026-01-19 11:19:58.587 +09:00 [INF] [HTTP] GET /api/status
2026-01-19 11:20:58.588 +09:00 [INF] [HTTP] GET /api/status
2026-01-19 11:21:58.583 +09:00 [INF] [HTTP] GET /api/status
2026-01-19 11:22:58.591 +09:00 [INF] [HTTP] GET /api/status
2026-01-19 11:23:58.585 +09:00 [INF] [HTTP] GET /api/status
2026-01-19 11:24:58.588 +09:00 [INF] [HTTP] GET /api/status
2026-01-19 11:25:58.581 +09:00 [INF] [HTTP] GET /api/status
2026-01-19 11:26:58.580 +09:00 [INF] [HTTP] GET /api/status
2026-01-19 11:27:58.580 +09:00 [INF] [HTTP] GET /api/status
2026-01-19 11:28:58.586 +09:00 [INF] [HTTP] GET /api/status
2026-01-19 11:29:58.582 +09:00 [INF] [HTTP] GET /api/status
2026-01-19 11:30:58.584 +09:00 [INF] [HTTP] GET /api/status
2026-01-19 11:31:58.589 +09:00 [INF] [HTTP] GET /api/status
2026-01-19 11:32:58.591 +09:00 [INF] [HTTP] GET /api/status
2026-01-19 11:33:58.592 +09:00 [INF] [HTTP] GET /api/status
2026-01-19 11:34:58.587 +09:00 [INF] [HTTP] GET /api/status
2026-01-19 11:35:58.582 +09:00 [INF] [HTTP] GET /api/status
2026-01-19 11:36:58.593 +09:00 [INF] [HTTP] GET /api/status
2026-01-19 11:37:58.582 +09:00 [INF] [HTTP] GET /api/status
2026-01-19 11:38:58.584 +09:00 [INF] [HTTP] GET /api/status
2026-01-19 11:39:58.584 +09:00 [INF] [HTTP] GET /api/status
2026-01-19 11:40:58.591 +09:00 [INF] [HTTP] GET /api/status
2026-01-19 11:41:58.591 +09:00 [INF] [HTTP] GET /api/status
2026-01-19 11:42:58.589 +09:00 [INF] [HTTP] GET /api/status
2026-01-19 11:43:58.593 +09:00 [INF] [HTTP] GET /api/status
2026-01-19 11:44:58.590 +09:00 [INF] [HTTP] GET /api/status
2026-01-19 11:45:58.582 +09:00 [INF] [HTTP] GET /api/status
2026-01-19 11:46:58.582 +09:00 [INF] [HTTP] GET /api/status
2026-01-19 11:47:58.581 +09:00 [INF] [HTTP] GET /api/status
2026-01-19 11:48:58.589 +09:00 [INF] [HTTP] GET /api/status
2026-01-19 11:49:58.587 +09:00 [INF] [HTTP] GET /api/status
2026-01-19 11:50:58.588 +09:00 [INF] [HTTP] GET /api/status
2026-01-19 11:51:58.591 +09:00 [INF] [HTTP] GET /api/status
2026-01-19 11:52:58.585 +09:00 [INF] [HTTP] GET /api/status
2026-01-19 11:53:58.589 +09:00 [INF] [HTTP] GET /api/status
2026-01-19 11:54:58.580 +09:00 [INF] [HTTP] GET /api/status
2026-01-19 11:55:58.584 +09:00 [INF] [HTTP] GET /api/status
2026-01-19 11:56:58.587 +09:00 [INF] [HTTP] GET /api/status
2026-01-19 11:57:58.593 +09:00 [INF] [HTTP] GET /api/status
2026-01-19 11:58:58.590 +09:00 [INF] [HTTP] GET /api/status
2026-01-19 11:59:58.580 +09:00 [INF] [HTTP] GET /api/status
2026-01-19 12:00:58.592 +09:00 [INF] [HTTP] GET /api/status
2026-01-19 12:01:58.584 +09:00 [INF] [HTTP] GET /api/status
2026-01-19 12:02:58.580 +09:00 [INF] [HTTP] GET /api/status
2026-01-19 12:03:58.580 +09:00 [INF] [HTTP] GET /api/status
2026-01-19 12:04:58.584 +09:00 [INF] [HTTP] GET /api/status
2026-01-19 12:05:58.585 +09:00 [INF] [HTTP] GET /api/status
2026-01-19 12:06:58.592 +09:00 [INF] [HTTP] GET /api/status
2026-01-19 12:07:58.584 +09:00 [INF] [HTTP] GET /api/status
2026-01-19 12:08:58.588 +09:00 [INF] [HTTP] GET /api/status
2026-01-19 12:09:58.589 +09:00 [INF] [HTTP] GET /api/status
2026-01-19 12:10:58.587 +09:00 [INF] [HTTP] GET /api/status
2026-01-19 12:11:58.581 +09:00 [INF] [HTTP] GET /api/status
2026-01-19 12:12:58.580 +09:00 [INF] [HTTP] GET /api/status
2026-01-19 12:13:58.591 +09:00 [INF] [HTTP] GET /api/status
2026-01-19 12:14:58.588 +09:00 [INF] [HTTP] GET /api/status
2026-01-19 12:15:58.579 +09:00 [INF] [HTTP] GET /api/status
2026-01-19 12:16:58.586 +09:00 [INF] [HTTP] GET /api/status
2026-01-19 12:17:58.591 +09:00 [INF] [HTTP] GET /api/status
2026-01-19 12:18:58.582 +09:00 [INF] [HTTP] GET /api/status
2026-01-19 12:19:58.592 +09:00 [INF] [HTTP] GET /api/status
2026-01-19 12:20:58.584 +09:00 [INF] [HTTP] GET /api/status
2026-01-19 12:21:58.579 +09:00 [INF] [HTTP] GET /api/status
2026-01-19 12:22:58.581 +09:00 [INF] [HTTP] GET /api/status
2026-01-19 12:23:58.583 +09:00 [INF] [HTTP] GET /api/status
2026-01-19 12:24:58.585 +09:00 [INF] [HTTP] GET /api/status
2026-01-19 12:25:58.590 +09:00 [INF] [HTTP] GET /api/status
2026-01-19 12:26:58.582 +09:00 [INF] [HTTP] GET /api/status
2026-01-19 12:27:58.583 +09:00 [INF] [HTTP] GET /api/status
2026-01-19 12:28:58.590 +09:00 [INF] [HTTP] GET /api/status
2026-01-19 12:29:58.588 +09:00 [INF] [HTTP] GET /api/status
2026-01-19 12:30:58.587 +09:00 [INF] [HTTP] GET /api/status
2026-01-19 12:31:58.589 +09:00 [INF] [HTTP] GET /api/status
2026-01-19 12:32:58.589 +09:00 [INF] [HTTP] GET /api/status
2026-01-19 12:33:58.584 +09:00 [INF] [HTTP] GET /api/status
2026-01-19 12:34:58.588 +09:00 [INF] [HTTP] GET /api/status
2026-01-19 12:35:58.587 +09:00 [INF] [HTTP] GET /api/status
2026-01-19 12:36:58.579 +09:00 [INF] [HTTP] GET /api/status
2026-01-19 12:37:58.584 +09:00 [INF] [HTTP] GET /api/status
2026-01-19 12:38:58.586 +09:00 [INF] [HTTP] GET /api/status
2026-01-19 12:39:58.589 +09:00 [INF] [HTTP] GET /api/status
2026-01-19 12:40:58.584 +09:00 [INF] [HTTP] GET /api/status
2026-01-19 12:41:58.580 +09:00 [INF] [HTTP] GET /api/status
2026-01-19 12:42:58.580 +09:00 [INF] [HTTP] GET /api/status
2026-01-19 12:43:58.585 +09:00 [INF] [HTTP] GET /api/status
2026-01-19 12:44:58.588 +09:00 [INF] [HTTP] GET /api/status
2026-01-19 12:45:58.591 +09:00 [INF] [HTTP] GET /api/status
2026-01-19 12:46:58.593 +09:00 [INF] [HTTP] GET /api/status
2026-01-19 12:47:58.580 +09:00 [INF] [HTTP] GET /api/status
2026-01-19 12:48:58.586 +09:00 [INF] [HTTP] GET /api/status
2026-01-19 12:49:58.589 +09:00 [INF] [HTTP] GET /api/status
2026-01-19 12:50:58.584 +09:00 [INF] [HTTP] GET /api/status
2026-01-19 12:51:58.579 +09:00 [INF] [HTTP] GET /api/status
2026-01-19 12:52:58.586 +09:00 [INF] [HTTP] GET /api/status
2026-01-19 12:53:58.591 +09:00 [INF] [HTTP] GET /api/status
2026-01-19 12:54:58.584 +09:00 [INF] [HTTP] GET /api/status
2026-01-19 12:55:58.583 +09:00 [INF] [HTTP] GET /api/status
2026-01-19 12:56:58.586 +09:00 [INF] [HTTP] GET /api/status
2026-01-19 12:57:58.590 +09:00 [INF] [HTTP] GET /api/status
2026-01-19 12:58:58.589 +09:00 [INF] [HTTP] GET /api/status
2026-01-19 12:59:58.586 +09:00 [INF] [HTTP] GET /api/status
2026-01-19 13:00:58.593 +09:00 [INF] [HTTP] GET /api/status
2026-01-19 13:01:58.592 +09:00 [INF] [HTTP] GET /api/status
2026-01-19 13:02:58.594 +09:00 [INF] [HTTP] GET /api/status
2026-01-19 13:03:58.586 +09:00 [INF] [HTTP] GET /api/status
2026-01-19 13:04:58.581 +09:00 [INF] [HTTP] GET /api/status
2026-01-19 13:05:58.589 +09:00 [INF] [HTTP] GET /api/status
2026-01-19 13:06:58.580 +09:00 [INF] [HTTP] GET /api/status
2026-01-19 13:07:58.581 +09:00 [INF] [HTTP] GET /api/status
2026-01-19 13:08:58.583 +09:00 [INF] [HTTP] GET /api/status
2026-01-19 13:09:58.587 +09:00 [INF] [HTTP] GET /api/status
2026-01-19 13:10:58.588 +09:00 [INF] [HTTP] GET /api/status
2026-01-19 13:11:58.592 +09:00 [INF] [HTTP] GET /api/status
2026-01-19 13:12:58.579 +09:00 [INF] [HTTP] GET /api/status
2026-01-19 13:13:58.593 +09:00 [INF] [HTTP] GET /api/status
2026-01-19 13:14:58.592 +09:00 [INF] [HTTP] GET /api/status
2026-01-19 13:15:58.579 +09:00 [INF] [HTTP] GET /api/status
2026-01-19 13:16:58.591 +09:00 [INF] [HTTP] GET /api/status
2026-01-19 13:17:58.586 +09:00 [INF] [HTTP] GET /api/status
2026-01-19 13:18:58.587 +09:00 [INF] [HTTP] GET /api/status
2026-01-19 13:19:58.579 +09:00 [INF] [HTTP] GET /api/status
2026-01-19 13:20:58.589 +09:00 [INF] [HTTP] GET /api/status
2026-01-19 13:21:58.586 +09:00 [INF] [HTTP] GET /api/status
2026-01-19 13:22:58.586 +09:00 [INF] [HTTP] GET /api/status
2026-01-19 13:23:58.590 +09:00 [INF] [HTTP] GET /api/status
2026-01-19 13:24:58.582 +09:00 [INF] [HTTP] GET /api/status
2026-01-19 13:25:58.587 +09:00 [INF] [HTTP] GET /api/status
2026-01-19 13:26:58.589 +09:00 [INF] [HTTP] GET /api/status
2026-01-19 13:27:58.586 +09:00 [INF] [HTTP] GET /api/status
2026-01-19 13:28:58.590 +09:00 [INF] [HTTP] GET /api/status
2026-01-19 13:29:58.585 +09:00 [INF] [HTTP] GET /api/status
2026-01-19 13:30:58.580 +09:00 [INF] [HTTP] GET /api/status
2026-01-19 13:31:58.592 +09:00 [INF] [HTTP] GET /api/status
2026-01-19 13:32:58.589 +09:00 [INF] [HTTP] GET /api/status
2026-01-19 13:33:58.580 +09:00 [INF] [HTTP] GET /api/status
2026-01-19 13:34:58.590 +09:00 [INF] [HTTP] GET /api/status
2026-01-19 13:35:58.584 +09:00 [INF] [HTTP] GET /api/status
2026-01-19 13:36:58.585 +09:00 [INF] [HTTP] GET /api/status
2026-01-19 13:37:58.588 +09:00 [INF] [HTTP] GET /api/status
2026-01-19 13:38:58.587 +09:00 [INF] [HTTP] GET /api/status
2026-01-19 13:39:58.586 +09:00 [INF] [HTTP] GET /api/status
2026-01-19 13:40:58.587 +09:00 [INF] [HTTP] GET /api/status
2026-01-19 13:41:58.583 +09:00 [INF] [HTTP] GET /api/status
2026-01-19 13:42:58.590 +09:00 [INF] [HTTP] GET /api/status
2026-01-19 13:43:58.592 +09:00 [INF] [HTTP] GET /api/status
2026-01-19 13:44:58.592 +09:00 [INF] [HTTP] GET /api/status
2026-01-19 13:45:58.581 +09:00 [INF] [HTTP] GET /api/status
2026-01-19 13:46:58.584 +09:00 [INF] [HTTP] GET /api/status
2026-01-19 13:47:58.591 +09:00 [INF] [HTTP] GET /api/status
2026-01-19 13:48:58.587 +09:00 [INF] [HTTP] GET /api/status
2026-01-19 13:49:58.582 +09:00 [INF] [HTTP] GET /api/status
2026-01-19 13:50:58.591 +09:00 [INF] [HTTP] GET /api/status
2026-01-19 13:51:58.591 +09:00 [INF] [HTTP] GET /api/status
2026-01-19 13:52:58.579 +09:00 [INF] [HTTP] GET /api/status
2026-01-19 13:53:58.580 +09:00 [INF] [HTTP] GET /api/status
2026-01-19 13:54:58.585 +09:00 [INF] [HTTP] GET /api/status
2026-01-19 13:55:58.582 +09:00 [INF] [HTTP] GET /api/status
2026-01-19 13:56:58.588 +09:00 [INF] [HTTP] GET /api/status
2026-01-19 13:57:58.582 +09:00 [INF] [HTTP] GET /api/status
2026-01-19 13:58:58.579 +09:00 [INF] [HTTP] GET /api/status
2026-01-19 13:59:58.581 +09:00 [INF] [HTTP] GET /api/status
2026-01-19 14:00:58.581 +09:00 [INF] [HTTP] GET /api/status
2026-01-19 14:01:58.583 +09:00 [INF] [HTTP] GET /api/status
2026-01-19 14:02:58.585 +09:00 [INF] [HTTP] GET /api/status
2026-01-19 14:03:58.585 +09:00 [INF] [HTTP] GET /api/status
2026-01-19 14:04:58.589 +09:00 [INF] [HTTP] GET /api/status
2026-01-19 14:05:58.589 +09:00 [INF] [HTTP] GET /api/status
2026-01-19 14:06:58.589 +09:00 [INF] [HTTP] GET /api/status
2026-01-19 14:07:58.584 +09:00 [INF] [HTTP] GET /api/status
2026-01-19 14:08:58.588 +09:00 [INF] [HTTP] GET /api/status
2026-01-19 14:09:58.591 +09:00 [INF] [HTTP] GET /api/status
2026-01-19 14:10:58.589 +09:00 [INF] [HTTP] GET /api/status
2026-01-19 14:11:58.582 +09:00 [INF] [HTTP] GET /api/status
2026-01-19 14:12:58.592 +09:00 [INF] [HTTP] GET /api/status
2026-01-19 14:13:58.582 +09:00 [INF] [HTTP] GET /api/status
2026-01-19 14:14:58.582 +09:00 [INF] [HTTP] GET /api/status
2026-01-19 14:15:58.594 +09:00 [INF] [HTTP] GET /api/status
2026-01-19 14:16:58.586 +09:00 [INF] [HTTP] GET /api/status
2026-01-19 14:17:58.588 +09:00 [INF] [HTTP] GET /api/status
2026-01-19 14:18:58.583 +09:00 [INF] [HTTP] GET /api/status
2026-01-19 14:19:58.583 +09:00 [INF] [HTTP] GET /api/status
2026-01-19 14:20:58.590 +09:00 [INF] [HTTP] GET /api/status
2026-01-19 14:21:58.590 +09:00 [INF] [HTTP] GET /api/status
2026-01-19 14:22:58.579 +09:00 [INF] [HTTP] GET /api/status
2026-01-19 14:23:58.579 +09:00 [INF] [HTTP] GET /api/status
2026-01-19 14:24:58.582 +09:00 [INF] [HTTP] GET /api/status
2026-01-19 14:25:58.581 +09:00 [INF] [HTTP] GET /api/status
2026-01-19 14:26:58.587 +09:00 [INF] [HTTP] GET /api/status
2026-01-19 14:27:58.584 +09:00 [INF] [HTTP] GET /api/status
2026-01-19 14:28:58.585 +09:00 [INF] [HTTP] GET /api/status
2026-01-19 14:29:58.593 +09:00 [INF] [HTTP] GET /api/status
2026-01-19 14:30:58.584 +09:00 [INF] [HTTP] GET /api/status
2026-01-19 14:31:58.585 +09:00 [INF] [HTTP] GET /api/status
2026-01-19 14:32:58.581 +09:00 [INF] [HTTP] GET /api/status
2026-01-19 14:33:58.580 +09:00 [INF] [HTTP] GET /api/status
2026-01-19 14:34:58.581 +09:00 [INF] [HTTP] GET /api/status
2026-01-19 14:35:58.585 +09:00 [INF] [HTTP] GET /api/status
2026-01-19 14:36:58.589 +09:00 [INF] [HTTP] GET /api/status
2026-01-19 14:37:58.580 +09:00 [INF] [HTTP] GET /api/status
2026-01-19 14:38:58.581 +09:00 [INF] [HTTP] GET /api/status
2026-01-19 14:39:58.583 +09:00 [INF] [HTTP] GET /api/status
2026-01-19 14:40:58.590 +09:00 [INF] [HTTP] GET /api/status
2026-01-19 14:41:58.587 +09:00 [INF] [HTTP] GET /api/status
2026-01-19 14:42:58.580 +09:00 [INF] [HTTP] GET /api/status
2026-01-19 14:43:58.588 +09:00 [INF] [HTTP] GET /api/status
2026-01-19 14:44:58.587 +09:00 [INF] [HTTP] GET /api/status
2026-01-19 14:45:58.592 +09:00 [INF] [HTTP] GET /api/status
2026-01-19 14:46:58.589 +09:00 [INF] [HTTP] GET /api/status
2026-01-19 14:47:58.592 +09:00 [INF] [HTTP] GET /api/status
2026-01-19 14:48:58.581 +09:00 [INF] [HTTP] GET /api/status
2026-01-19 14:49:58.580 +09:00 [INF] [HTTP] GET /api/status
2026-01-19 14:50:58.590 +09:00 [INF] [HTTP] GET /api/status
2026-01-19 14:51:58.584 +09:00 [INF] [HTTP] GET /api/status
2026-01-19 14:52:58.588 +09:00 [INF] [HTTP] GET /api/status
2026-01-19 14:53:58.585 +09:00 [INF] [HTTP] GET /api/status
2026-01-19 14:54:58.584 +09:00 [INF] [HTTP] GET /api/status
2026-01-19 14:55:58.586 +09:00 [INF] [HTTP] GET /api/status
2026-01-19 14:56:58.585 +09:00 [INF] [HTTP] GET /api/status
2026-01-19 14:57:58.592 +09:00 [INF] [HTTP] GET /api/status
2026-01-19 14:58:58.584 +09:00 [INF] [HTTP] GET /api/status
2026-01-19 14:59:58.590 +09:00 [INF] [HTTP] GET /api/status
2026-01-19 15:00:58.592 +09:00 [INF] [HTTP] GET /api/status
2026-01-19 15:01:58.583 +09:00 [INF] [HTTP] GET /api/status
2026-01-19 15:02:58.592 +09:00 [INF] [HTTP] GET /api/status
2026-01-19 15:03:58.582 +09:00 [INF] [HTTP] GET /api/status
2026-01-19 15:04:58.585 +09:00 [INF] [HTTP] GET /api/status
2026-01-19 15:05:58.587 +09:00 [INF] [HTTP] GET /api/status
2026-01-19 15:06:58.586 +09:00 [INF] [HTTP] GET /api/status
2026-01-19 15:07:58.583 +09:00 [INF] [HTTP] GET /api/status
2026-01-19 15:08:58.589 +09:00 [INF] [HTTP] GET /api/status
2026-01-19 15:09:58.586 +09:00 [INF] [HTTP] GET /api/status
2026-01-19 15:10:58.589 +09:00 [INF] [HTTP] GET /api/status
2026-01-19 15:11:58.579 +09:00 [INF] [HTTP] GET /api/status
2026-01-19 15:12:58.582 +09:00 [INF] [HTTP] GET /api/status
2026-01-19 15:13:58.589 +09:00 [INF] [HTTP] GET /api/status
2026-01-19 15:14:58.582 +09:00 [INF] [HTTP] GET /api/status
2026-01-19 15:15:58.588 +09:00 [INF] [HTTP] GET /api/status
2026-01-19 15:16:58.593 +09:00 [INF] [HTTP] GET /api/status
2026-01-19 15:17:58.593 +09:00 [INF] [HTTP] GET /api/status
2026-01-19 15:18:58.582 +09:00 [INF] [HTTP] GET /api/status
2026-01-19 15:19:58.590 +09:00 [INF] [HTTP] GET /api/status
2026-01-19 15:20:58.582 +09:00 [INF] [HTTP] GET /api/status
2026-01-19 15:21:58.589 +09:00 [INF] [HTTP] GET /api/status
2026-01-19 15:22:58.585 +09:00 [INF] [HTTP] GET /api/status
2026-01-19 15:23:58.591 +09:00 [INF] [HTTP] GET /api/status
2026-01-19 15:24:58.579 +09:00 [INF] [HTTP] GET /api/status
2026-01-19 15:25:58.585 +09:00 [INF] [HTTP] GET /api/status
2026-01-19 15:26:58.589 +09:00 [INF] [HTTP] GET /api/status
2026-01-19 15:27:58.589 +09:00 [INF] [HTTP] GET /api/status
2026-01-19 15:28:58.587 +09:00 [INF] [HTTP] GET /api/status
2026-01-19 15:29:58.579 +09:00 [INF] [HTTP] GET /api/status
2026-01-19 15:30:58.590 +09:00 [INF] [HTTP] GET /api/status
2026-01-19 15:31:58.581 +09:00 [INF] [HTTP] GET /api/status
2026-01-19 15:32:58.587 +09:00 [INF] [HTTP] GET /api/status
2026-01-19 15:33:58.593 +09:00 [INF] [HTTP] GET /api/status
2026-01-19 15:34:58.581 +09:00 [INF] [HTTP] GET /api/status
2026-01-19 15:35:58.589 +09:00 [INF] [HTTP] GET /api/status
2026-01-19 15:36:58.582 +09:00 [INF] [HTTP] GET /api/status
2026-01-19 15:37:58.593 +09:00 [INF] [HTTP] GET /api/status
2026-01-19 15:38:58.587 +09:00 [INF] [HTTP] GET /api/status
2026-01-19 15:39:58.580 +09:00 [INF] [HTTP] GET /api/status
2026-01-19 15:40:58.579 +09:00 [INF] [HTTP] GET /api/status
2026-01-19 15:41:58.589 +09:00 [INF] [HTTP] GET /api/status
2026-01-19 15:42:58.584 +09:00 [INF] [HTTP] GET /api/status
2026-01-19 15:43:58.590 +09:00 [INF] [HTTP] GET /api/status
2026-01-19 15:44:58.582 +09:00 [INF] [HTTP] GET /api/status
2026-01-19 15:45:58.593 +09:00 [INF] [HTTP] GET /api/status
2026-01-19 15:46:58.588 +09:00 [INF] [HTTP] GET /api/status
2026-01-19 15:47:58.592 +09:00 [INF] [HTTP] GET /api/status
2026-01-19 15:48:58.580 +09:00 [INF] [HTTP] GET /api/status
2026-01-19 15:49:58.580 +09:00 [INF] [HTTP] GET /api/status
2026-01-19 15:50:58.579 +09:00 [INF] [HTTP] GET /api/status
2026-01-19 15:51:58.585 +09:00 [INF] [HTTP] GET /api/status
2026-01-19 15:52:58.586 +09:00 [INF] [HTTP] GET /api/status
2026-01-19 15:53:58.577 +09:00 [INF] [HTTP] GET /api/status
2026-01-19 15:54:58.590 +09:00 [INF] [HTTP] GET /api/status
2026-01-19 15:55:58.584 +09:00 [INF] [HTTP] GET /api/status
2026-01-19 15:56:58.587 +09:00 [INF] [HTTP] GET /api/status
2026-01-19 15:57:58.586 +09:00 [INF] [HTTP] GET /api/status
2026-01-19 15:58:58.589 +09:00 [INF] [HTTP] GET /api/status
2026-01-19 15:59:58.590 +09:00 [INF] [HTTP] GET /api/status
2026-01-19 16:00:58.580 +09:00 [INF] [HTTP] GET /api/status
2026-01-19 16:01:58.588 +09:00 [INF] [HTTP] GET /api/status
2026-01-19 16:02:58.584 +09:00 [INF] [HTTP] GET /api/status
2026-01-19 16:03:58.585 +09:00 [INF] [HTTP] GET /api/status
2026-01-19 16:04:58.584 +09:00 [INF] [HTTP] GET /api/status
2026-01-19 16:05:58.585 +09:00 [INF] [HTTP] GET /api/status
2026-01-19 16:06:58.590 +09:00 [INF] [HTTP] GET /api/status
2026-01-19 16:07:58.592 +09:00 [INF] [HTTP] GET /api/status
2026-01-19 16:08:58.589 +09:00 [INF] [HTTP] GET /api/status
2026-01-19 16:09:58.583 +09:00 [INF] [HTTP] GET /api/status
2026-01-19 16:10:58.585 +09:00 [INF] [HTTP] GET /api/status
2026-01-19 16:11:58.585 +09:00 [INF] [HTTP] GET /api/status
2026-01-19 16:12:58.584 +09:00 [INF] [HTTP] GET /api/status
2026-01-19 16:13:58.583 +09:00 [INF] [HTTP] GET /api/status
2026-01-19 16:14:58.584 +09:00 [INF] [HTTP] GET /api/status
2026-01-19 16:15:58.589 +09:00 [INF] [HTTP] GET /api/status
2026-01-19 16:16:58.580 +09:00 [INF] [HTTP] GET /api/status
2026-01-19 16:17:58.582 +09:00 [INF] [HTTP] GET /api/status
2026-01-19 16:18:58.584 +09:00 [INF] [HTTP] GET /api/status
2026-01-19 16:19:58.592 +09:00 [INF] [HTTP] GET /api/status
2026-01-19 16:20:58.586 +09:00 [INF] [HTTP] GET /api/status
2026-01-19 16:21:58.590 +09:00 [INF] [HTTP] GET /api/status
2026-01-19 16:22:58.578 +09:00 [INF] [HTTP] GET /api/status
2026-01-19 16:23:58.590 +09:00 [INF] [HTTP] GET /api/status
2026-01-19 16:24:58.592 +09:00 [INF] [HTTP] GET /api/status
2026-01-19 16:25:58.580 +09:00 [INF] [HTTP] GET /api/status
2026-01-19 16:26:58.584 +09:00 [INF] [HTTP] GET /api/status
2026-01-19 16:27:58.586 +09:00 [INF] [HTTP] GET /api/status
2026-01-19 16:28:58.590 +09:00 [INF] [HTTP] GET /api/status
2026-01-19 16:29:58.590 +09:00 [INF] [HTTP] GET /api/status
2026-01-19 16:30:58.594 +09:00 [INF] [HTTP] GET /api/status
2026-01-19 16:31:58.585 +09:00 [INF] [HTTP] GET /api/status
2026-01-19 16:32:58.590 +09:00 [INF] [HTTP] GET /api/status
2026-01-19 16:33:58.581 +09:00 [INF] [HTTP] GET /api/status
2026-01-19 16:34:58.588 +09:00 [INF] [HTTP] GET /api/status
2026-01-19 16:35:58.592 +09:00 [INF] [HTTP] GET /api/status
2026-01-19 16:36:58.590 +09:00 [INF] [HTTP] GET /api/status
2026-01-19 16:37:58.582 +09:00 [INF] [HTTP] GET /api/status
2026-01-19 16:38:58.582 +09:00 [INF] [HTTP] GET /api/status
2026-01-19 16:39:58.593 +09:00 [INF] [HTTP] GET /api/status
2026-01-19 16:40:58.588 +09:00 [INF] [HTTP] GET /api/status
2026-01-19 16:41:58.586 +09:00 [INF] [HTTP] GET /api/status
2026-01-19 16:42:58.592 +09:00 [INF] [HTTP] GET /api/status
2026-01-19 16:43:58.588 +09:00 [INF] [HTTP] GET /api/status
2026-01-19 16:44:58.585 +09:00 [INF] [HTTP] GET /api/status
2026-01-19 16:45:58.583 +09:00 [INF] [HTTP] GET /api/status
2026-01-19 16:46:58.580 +09:00 [INF] [HTTP] GET /api/status
2026-01-19 16:47:58.579 +09:00 [INF] [HTTP] GET /api/status
2026-01-19 16:48:58.592 +09:00 [INF] [HTTP] GET /api/status
2026-01-19 16:49:58.580 +09:00 [INF] [HTTP] GET /api/status
2026-01-19 16:50:58.586 +09:00 [INF] [HTTP] GET /api/status
2026-01-19 16:51:58.581 +09:00 [INF] [HTTP] GET /api/status
2026-01-19 16:52:58.586 +09:00 [INF] [HTTP] GET /api/status
2026-01-19 16:53:58.586 +09:00 [INF] [HTTP] GET /api/status
2026-01-19 16:54:58.586 +09:00 [INF] [HTTP] GET /api/status
2026-01-19 16:55:58.582 +09:00 [INF] [HTTP] GET /api/status
2026-01-19 16:56:58.591 +09:00 [INF] [HTTP] GET /api/status
2026-01-19 16:57:58.581 +09:00 [INF] [HTTP] GET /api/status
2026-01-19 16:58:58.592 +09:00 [INF] [HTTP] GET /api/status
2026-01-19 16:59:58.592 +09:00 [INF] [HTTP] GET /api/status
2026-01-19 17:00:50.951 +09:00 [INF] [HTTP] GET /api/status
2026-01-19 17:00:56.073 +09:00 [INF] [HTTP] GET /api/status
2026-01-19 17:01:01.070 +09:00 [INF] [HTTP] GET /api/status
2026-01-19 17:01:06.079 +09:00 [INF] [HTTP] GET /api/status
2026-01-19 17:01:11.079 +09:00 [INF] [HTTP] GET /api/status
2026-01-19 17:01:16.577 +09:00 [INF] [HTTP] GET /api/status
2026-01-19 17:01:21.581 +09:00 [INF] [HTTP] GET /api/status
2026-01-19 17:01:26.581 +09:00 [INF] [HTTP] GET /api/status
2026-01-19 17:01:31.588 +09:00 [INF] [HTTP] GET /api/status
2026-01-19 17:01:36.586 +09:00 [INF] [HTTP] GET /api/status
2026-01-19 17:01:41.582 +09:00 [INF] [HTTP] GET /api/status
2026-01-19 17:01:46.578 +09:00 [INF] [HTTP] GET /api/status
2026-01-19 17:01:51.584 +09:00 [INF] [HTTP] GET /api/status
2026-01-19 17:01:56.583 +09:00 [INF] [HTTP] GET /api/status
2026-01-19 17:02:01.587 +09:00 [INF] [HTTP] GET /api/status
2026-01-19 17:02:06.580 +09:00 [INF] [HTTP] GET /api/status
2026-01-19 17:02:11.579 +09:00 [INF] [HTTP] GET /api/status
2026-01-19 17:02:58.586 +09:00 [INF] [HTTP] GET /api/status
2026-01-19 17:03:58.582 +09:00 [INF] [HTTP] GET /api/status
2026-01-19 17:04:44.908 +09:00 [INF] [HTTP] GET /api/status
2026-01-19 17:04:46.071 +09:00 [INF] [HTTP] GET /api/status
2026-01-19 17:04:51.584 +09:00 [INF] [HTTP] GET /api/status
2026-01-19 17:04:56.589 +09:00 [INF] [HTTP] GET /api/status
2026-01-19 17:05:01.590 +09:00 [INF] [HTTP] GET /api/status
2026-01-19 17:05:06.586 +09:00 [INF] [HTTP] GET /api/status
2026-01-19 17:05:11.584 +09:00 [INF] [HTTP] GET /api/status
2026-01-19 17:05:16.585 +09:00 [INF] [HTTP] GET /api/status
2026-01-19 17:05:21.584 +09:00 [INF] [HTTP] GET /api/status
2026-01-19 17:05:26.580 +09:00 [INF] [HTTP] GET /api/status
2026-01-19 17:05:31.586 +09:00 [INF] [HTTP] GET /api/status
2026-01-19 17:05:36.587 +09:00 [INF] [HTTP] GET /api/status
2026-01-19 17:05:41.582 +09:00 [INF] [HTTP] GET /api/status
2026-01-19 17:05:46.589 +09:00 [INF] [HTTP] GET /api/status
2026-01-19 17:05:51.576 +09:00 [INF] [HTTP] GET /api/status
2026-01-19 17:05:56.579 +09:00 [INF] [HTTP] GET /api/status
2026-01-19 17:06:01.588 +09:00 [INF] [HTTP] GET /api/status
2026-01-19 17:06:06.589 +09:00 [INF] [HTTP] GET /api/status
2026-01-19 17:06:11.579 +09:00 [INF] [HTTP] GET /api/status
2026-01-19 17:06:16.577 +09:00 [INF] [HTTP] GET /api/status
2026-01-19 17:06:58.589 +09:00 [INF] [HTTP] GET /api/status
2026-01-19 17:07:58.588 +09:00 [INF] [HTTP] GET /api/status
2026-01-19 17:08:58.588 +09:00 [INF] [HTTP] GET /api/status
2026-01-19 17:09:58.591 +09:00 [INF] [HTTP] GET /api/status
2026-01-19 17:10:58.582 +09:00 [INF] [HTTP] GET /api/status
2026-01-19 17:11:58.577 +09:00 [INF] [HTTP] GET /api/status
2026-01-19 17:12:58.581 +09:00 [INF] [HTTP] GET /api/status
2026-01-19 17:13:58.592 +09:00 [INF] [HTTP] GET /api/status
2026-01-19 17:14:58.588 +09:00 [INF] [HTTP] GET /api/status
2026-01-19 17:15:58.588 +09:00 [INF] [HTTP] GET /api/status
2026-01-19 17:16:58.590 +09:00 [INF] [HTTP] GET /api/status
2026-01-19 17:17:58.582 +09:00 [INF] [HTTP] GET /api/status
2026-01-19 17:18:58.579 +09:00 [INF] [HTTP] GET /api/status
2026-01-19 17:19:58.580 +09:00 [INF] [HTTP] GET /api/status
2026-01-19 17:20:58.591 +09:00 [INF] [HTTP] GET /api/status
2026-01-19 17:21:58.592 +09:00 [INF] [HTTP] GET /api/status
2026-01-19 17:22:58.588 +09:00 [INF] [HTTP] GET /api/status
2026-01-19 17:23:58.586 +09:00 [INF] [HTTP] GET /api/status
2026-01-19 17:24:58.589 +09:00 [INF] [HTTP] GET /api/status
2026-01-19 17:25:58.586 +09:00 [INF] [HTTP] GET /api/status
2026-01-19 17:26:58.581 +09:00 [INF] [HTTP] GET /api/status
2026-01-19 17:27:58.582 +09:00 [INF] [HTTP] GET /api/status
2026-01-19 17:28:58.589 +09:00 [INF] [HTTP] GET /api/status
2026-01-19 17:29:58.592 +09:00 [INF] [HTTP] GET /api/status
2026-01-19 17:30:58.586 +09:00 [INF] [HTTP] GET /api/status
2026-01-19 17:31:58.584 +09:00 [INF] [HTTP] GET /api/status
2026-01-19 17:32:58.587 +09:00 [INF] [HTTP] GET /api/status
2026-01-19 17:33:58.584 +09:00 [INF] [HTTP] GET /api/status
2026-01-19 17:34:58.590 +09:00 [INF] [HTTP] GET /api/status
2026-01-19 17:35:58.588 +09:00 [INF] [HTTP] GET /api/status
2026-01-19 17:36:58.579 +09:00 [INF] [HTTP] GET /api/status
2026-01-19 17:37:58.577 +09:00 [INF] [HTTP] GET /api/status
2026-01-19 17:38:58.591 +09:00 [INF] [HTTP] GET /api/status
2026-01-19 17:39:58.580 +09:00 [INF] [HTTP] GET /api/status
2026-01-19 17:40:58.586 +09:00 [INF] [HTTP] GET /api/status
2026-01-19 17:41:58.586 +09:00 [INF] [HTTP] GET /api/status
2026-01-19 17:42:58.584 +09:00 [INF] [HTTP] GET /api/status
2026-01-19 17:43:58.580 +09:00 [INF] [HTTP] GET /api/status
2026-01-19 17:44:58.589 +09:00 [INF] [HTTP] GET /api/status
2026-01-19 17:45:58.583 +09:00 [INF] [HTTP] GET /api/status
2026-01-19 17:46:58.584 +09:00 [INF] [HTTP] GET /api/status
2026-01-19 17:47:58.581 +09:00 [INF] [HTTP] GET /api/status
2026-01-19 17:48:58.579 +09:00 [INF] [HTTP] GET /api/status
2026-01-19 17:49:58.585 +09:00 [INF] [HTTP] GET /api/status
2026-01-19 17:50:58.577 +09:00 [INF] [HTTP] GET /api/status
2026-01-19 17:51:58.585 +09:00 [INF] [HTTP] GET /api/status
2026-01-19 17:52:58.586 +09:00 [INF] [HTTP] GET /api/status
2026-01-19 17:53:58.584 +09:00 [INF] [HTTP] GET /api/status
2026-01-19 17:54:58.582 +09:00 [INF] [HTTP] GET /api/status
2026-01-19 17:55:58.585 +09:00 [INF] [HTTP] GET /api/status
2026-01-19 17:56:58.583 +09:00 [INF] [HTTP] GET /api/status
2026-01-19 17:57:58.587 +09:00 [INF] [HTTP] GET /api/status
2026-01-19 17:58:58.586 +09:00 [INF] [HTTP] GET /api/status
2026-01-19 17:59:58.587 +09:00 [INF] [HTTP] GET /api/status
2026-01-19 18:00:58.578 +09:00 [INF] [HTTP] GET /api/status
2026-01-19 18:01:58.591 +09:00 [INF] [HTTP] GET /api/status
2026-01-19 18:02:58.584 +09:00 [INF] [HTTP] GET /api/status
2026-01-19 18:03:58.579 +09:00 [INF] [HTTP] GET /api/status
2026-01-19 18:04:58.588 +09:00 [INF] [HTTP] GET /api/status
2026-01-19 18:05:58.587 +09:00 [INF] [HTTP] GET /api/status
2026-01-19 18:06:58.592 +09:00 [INF] [HTTP] GET /api/status
2026-01-19 18:07:58.585 +09:00 [INF] [HTTP] GET /api/status
2026-01-19 18:08:58.589 +09:00 [INF] [HTTP] GET /api/status
2026-01-19 18:09:58.589 +09:00 [INF] [HTTP] GET /api/status
2026-01-19 18:10:58.589 +09:00 [INF] [HTTP] GET /api/status
2026-01-19 18:11:58.588 +09:00 [INF] [HTTP] GET /api/status
2026-01-19 18:12:58.584 +09:00 [INF] [HTTP] GET /api/status
2026-01-19 18:13:58.585 +09:00 [INF] [HTTP] GET /api/status
2026-01-19 18:14:58.579 +09:00 [INF] [HTTP] GET /api/status
2026-01-19 18:15:58.588 +09:00 [INF] [HTTP] GET /api/status
2026-01-19 18:16:58.579 +09:00 [INF] [HTTP] GET /api/status
2026-01-19 18:17:58.581 +09:00 [INF] [HTTP] GET /api/status
2026-01-19 18:18:58.580 +09:00 [INF] [HTTP] GET /api/status
2026-01-19 18:19:58.583 +09:00 [INF] [HTTP] GET /api/status
2026-01-19 18:20:58.589 +09:00 [INF] [HTTP] GET /api/status
2026-01-19 18:21:58.590 +09:00 [INF] [HTTP] GET /api/status
2026-01-19 18:22:58.593 +09:00 [INF] [HTTP] GET /api/status
2026-01-19 18:23:58.586 +09:00 [INF] [HTTP] GET /api/status
2026-01-19 18:24:58.585 +09:00 [INF] [HTTP] GET /api/status
2026-01-19 18:25:58.579 +09:00 [INF] [HTTP] GET /api/status
2026-01-19 18:26:58.589 +09:00 [INF] [HTTP] GET /api/status
2026-01-19 18:27:58.589 +09:00 [INF] [HTTP] GET /api/status
2026-01-19 18:28:58.587 +09:00 [INF] [HTTP] GET /api/status
2026-01-19 18:29:58.578 +09:00 [INF] [HTTP] GET /api/status
2026-01-19 18:30:58.589 +09:00 [INF] [HTTP] GET /api/status
2026-01-19 18:31:58.590 +09:00 [INF] [HTTP] GET /api/status
2026-01-19 18:32:58.584 +09:00 [INF] [HTTP] GET /api/status
2026-01-19 18:33:58.592 +09:00 [INF] [HTTP] GET /api/status
2026-01-19 18:34:58.592 +09:00 [INF] [HTTP] GET /api/status
2026-01-19 18:35:58.587 +09:00 [INF] [HTTP] GET /api/status
2026-01-19 18:36:58.580 +09:00 [INF] [HTTP] GET /api/status
2026-01-19 18:37:58.587 +09:00 [INF] [HTTP] GET /api/status
2026-01-19 18:38:58.592 +09:00 [INF] [HTTP] GET /api/status
2026-01-19 18:39:58.581 +09:00 [INF] [HTTP] GET /api/status
2026-01-19 18:40:58.589 +09:00 [INF] [HTTP] GET /api/status
2026-01-19 18:41:58.586 +09:00 [INF] [HTTP] GET /api/status
2026-01-19 18:42:58.584 +09:00 [INF] [HTTP] GET /api/status
2026-01-19 18:43:58.580 +09:00 [INF] [HTTP] GET /api/status
2026-01-19 18:44:58.592 +09:00 [INF] [HTTP] GET /api/status
2026-01-19 18:45:58.592 +09:00 [INF] [HTTP] GET /api/status
2026-01-19 18:46:58.580 +09:00 [INF] [HTTP] GET /api/status
2026-01-19 18:47:58.588 +09:00 [INF] [HTTP] GET /api/status
2026-01-19 18:48:58.581 +09:00 [INF] [HTTP] GET /api/status
2026-01-19 18:49:58.588 +09:00 [INF] [HTTP] GET /api/status
2026-01-19 18:50:58.591 +09:00 [INF] [HTTP] GET /api/status
2026-01-19 18:51:58.581 +09:00 [INF] [HTTP] GET /api/status
2026-01-19 18:52:58.592 +09:00 [INF] [HTTP] GET /api/status
2026-01-19 18:53:58.593 +09:00 [INF] [HTTP] GET /api/status
2026-01-19 18:54:58.587 +09:00 [INF] [HTTP] GET /api/status
2026-01-19 18:55:58.590 +09:00 [INF] [HTTP] GET /api/status
2026-01-19 18:56:58.579 +09:00 [INF] [HTTP] GET /api/status
2026-01-19 18:57:58.579 +09:00 [INF] [HTTP] GET /api/status
2026-01-19 18:58:58.588 +09:00 [INF] [HTTP] GET /api/status
2026-01-19 18:59:58.589 +09:00 [INF] [HTTP] GET /api/status
2026-01-19 19:00:58.587 +09:00 [INF] [HTTP] GET /api/status
2026-01-19 19:01:58.587 +09:00 [INF] [HTTP] GET /api/status
2026-01-19 19:02:58.578 +09:00 [INF] [HTTP] GET /api/status
2026-01-19 19:03:58.591 +09:00 [INF] [HTTP] GET /api/status
2026-01-19 19:04:58.592 +09:00 [INF] [HTTP] GET /api/status
2026-01-19 19:05:58.585 +09:00 [INF] [HTTP] GET /api/status
2026-01-19 19:06:58.592 +09:00 [INF] [HTTP] GET /api/status
2026-01-19 19:07:58.582 +09:00 [INF] [HTTP] GET /api/status
2026-01-19 19:08:58.586 +09:00 [INF] [HTTP] GET /api/status
2026-01-19 19:09:58.580 +09:00 [INF] [HTTP] GET /api/status
2026-01-19 19:10:58.590 +09:00 [INF] [HTTP] GET /api/status
2026-01-19 19:11:58.586 +09:00 [INF] [HTTP] GET /api/status
2026-01-19 19:12:58.590 +09:00 [INF] [HTTP] GET /api/status
2026-01-19 19:13:58.581 +09:00 [INF] [HTTP] GET /api/status
2026-01-19 19:14:58.580 +09:00 [INF] [HTTP] GET /api/status
2026-01-19 19:15:58.584 +09:00 [INF] [HTTP] GET /api/status
2026-01-19 19:16:58.589 +09:00 [INF] [HTTP] GET /api/status
2026-01-19 19:17:58.584 +09:00 [INF] [HTTP] GET /api/status
2026-01-19 19:18:58.585 +09:00 [INF] [HTTP] GET /api/status
2026-01-19 19:19:58.592 +09:00 [INF] [HTTP] GET /api/status
2026-01-19 19:20:58.584 +09:00 [INF] [HTTP] GET /api/status
2026-01-19 19:21:58.581 +09:00 [INF] [HTTP] GET /api/status
2026-01-19 19:22:58.589 +09:00 [INF] [HTTP] GET /api/status
2026-01-19 19:23:58.582 +09:00 [INF] [HTTP] GET /api/status
2026-01-19 19:24:58.584 +09:00 [INF] [HTTP] GET /api/status
2026-01-19 19:25:58.586 +09:00 [INF] [HTTP] GET /api/status
2026-01-19 19:26:58.582 +09:00 [INF] [HTTP] GET /api/status
2026-01-19 19:27:58.586 +09:00 [INF] [HTTP] GET /api/status
2026-01-19 19:28:58.586 +09:00 [INF] [HTTP] GET /api/status
2026-01-19 19:29:58.592 +09:00 [INF] [HTTP] GET /api/status
2026-01-19 19:30:58.582 +09:00 [INF] [HTTP] GET /api/status
2026-01-19 19:31:58.589 +09:00 [INF] [HTTP] GET /api/status
2026-01-19 19:32:58.582 +09:00 [INF] [HTTP] GET /api/status
2026-01-19 19:33:58.587 +09:00 [INF] [HTTP] GET /api/status
2026-01-19 19:34:58.591 +09:00 [INF] [HTTP] GET /api/status
2026-01-19 19:35:58.590 +09:00 [INF] [HTTP] GET /api/status
2026-01-19 19:36:58.588 +09:00 [INF] [HTTP] GET /api/status
2026-01-19 19:37:58.580 +09:00 [INF] [HTTP] GET /api/status
2026-01-19 19:38:58.586 +09:00 [INF] [HTTP] GET /api/status
2026-01-19 19:39:58.582 +09:00 [INF] [HTTP] GET /api/status
2026-01-19 19:40:58.588 +09:00 [INF] [HTTP] GET /api/status
2026-01-19 19:41:58.592 +09:00 [INF] [HTTP] GET /api/status
2026-01-19 19:42:58.590 +09:00 [INF] [HTTP] GET /api/status
2026-01-19 19:43:58.586 +09:00 [INF] [HTTP] GET /api/status
2026-01-19 19:44:58.580 +09:00 [INF] [HTTP] GET /api/status
2026-01-19 19:45:58.592 +09:00 [INF] [HTTP] GET /api/status
2026-01-19 19:46:58.587 +09:00 [INF] [HTTP] GET /api/status
2026-01-19 19:47:58.591 +09:00 [INF] [HTTP] GET /api/status
2026-01-19 19:48:58.587 +09:00 [INF] [HTTP] GET /api/status
2026-01-19 19:49:58.590 +09:00 [INF] [HTTP] GET /api/status
2026-01-19 19:50:58.588 +09:00 [INF] [HTTP] GET /api/status
2026-01-19 19:51:58.591 +09:00 [INF] [HTTP] GET /api/status
2026-01-19 19:52:58.581 +09:00 [INF] [HTTP] GET /api/status
2026-01-19 19:53:58.583 +09:00 [INF] [HTTP] GET /api/status
2026-01-19 19:54:58.584 +09:00 [INF] [HTTP] GET /api/status
2026-01-19 19:55:58.592 +09:00 [INF] [HTTP] GET /api/status
2026-01-19 19:56:58.580 +09:00 [INF] [HTTP] GET /api/status
2026-01-19 19:57:58.586 +09:00 [INF] [HTTP] GET /api/status
2026-01-19 19:58:58.585 +09:00 [INF] [HTTP] GET /api/status
2026-01-19 19:59:58.586 +09:00 [INF] [HTTP] GET /api/status
2026-01-19 20:00:58.582 +09:00 [INF] [HTTP] GET /api/status
2026-01-19 20:01:58.588 +09:00 [INF] [HTTP] GET /api/status
2026-01-19 20:02:58.584 +09:00 [INF] [HTTP] GET /api/status
2026-01-19 20:03:58.580 +09:00 [INF] [HTTP] GET /api/status
2026-01-19 20:04:58.587 +09:00 [INF] [HTTP] GET /api/status
2026-01-19 20:05:58.577 +09:00 [INF] [HTTP] GET /api/status
2026-01-19 20:06:58.590 +09:00 [INF] [HTTP] GET /api/status
2026-01-19 20:07:58.593 +09:00 [INF] [HTTP] GET /api/status
2026-01-19 20:08:58.585 +09:00 [INF] [HTTP] GET /api/status
2026-01-19 20:09:58.592 +09:00 [INF] [HTTP] GET /api/status
2026-01-19 20:10:58.583 +09:00 [INF] [HTTP] GET /api/status
2026-01-19 20:11:58.585 +09:00 [INF] [HTTP] GET /api/status
2026-01-19 20:12:58.589 +09:00 [INF] [HTTP] GET /api/status
2026-01-19 20:13:58.586 +09:00 [INF] [HTTP] GET /api/status
2026-01-19 20:14:58.589 +09:00 [INF] [HTTP] GET /api/status
2026-01-19 20:15:58.582 +09:00 [INF] [HTTP] GET /api/status
2026-01-19 20:16:58.580 +09:00 [INF] [HTTP] GET /api/status
2026-01-19 20:17:58.580 +09:00 [INF] [HTTP] GET /api/status
2026-01-19 20:18:58.586 +09:00 [INF] [HTTP] GET /api/status
2026-01-19 20:19:58.578 +09:00 [INF] [HTTP] GET /api/status
2026-01-19 20:20:58.593 +09:00 [INF] [HTTP] GET /api/status
2026-01-19 20:21:58.583 +09:00 [INF] [HTTP] GET /api/status
2026-01-19 20:22:58.591 +09:00 [INF] [HTTP] GET /api/status
2026-01-19 20:23:58.581 +09:00 [INF] [HTTP] GET /api/status
2026-01-19 20:24:58.582 +09:00 [INF] [HTTP] GET /api/status
2026-01-19 20:25:58.580 +09:00 [INF] [HTTP] GET /api/status
2026-01-19 20:26:58.580 +09:00 [INF] [HTTP] GET /api/status
2026-01-19 20:27:58.584 +09:00 [INF] [HTTP] GET /api/status
2026-01-19 20:28:58.585 +09:00 [INF] [HTTP] GET /api/status
2026-01-19 20:29:58.590 +09:00 [INF] [HTTP] GET /api/status
2026-01-19 20:30:58.585 +09:00 [INF] [HTTP] GET /api/status
2026-01-19 20:31:58.583 +09:00 [INF] [HTTP] GET /api/status
2026-01-19 20:32:58.592 +09:00 [INF] [HTTP] GET /api/status
2026-01-19 20:33:58.582 +09:00 [INF] [HTTP] GET /api/status
2026-01-19 20:34:58.589 +09:00 [INF] [HTTP] GET /api/status
2026-01-19 20:35:58.592 +09:00 [INF] [HTTP] GET /api/status
2026-01-19 20:36:58.591 +09:00 [INF] [HTTP] GET /api/status
2026-01-19 20:37:58.585 +09:00 [INF] [HTTP] GET /api/status
2026-01-19 20:38:58.587 +09:00 [INF] [HTTP] GET /api/status
2026-01-19 20:39:58.581 +09:00 [INF] [HTTP] GET /api/status
2026-01-19 20:40:58.592 +09:00 [INF] [HTTP] GET /api/status
2026-01-19 20:41:58.585 +09:00 [INF] [HTTP] GET /api/status
2026-01-19 20:42:58.579 +09:00 [INF] [HTTP] GET /api/status
2026-01-19 20:43:58.589 +09:00 [INF] [HTTP] GET /api/status
2026-01-19 20:44:58.579 +09:00 [INF] [HTTP] GET /api/status
2026-01-19 20:45:58.581 +09:00 [INF] [HTTP] GET /api/status
2026-01-19 20:46:58.581 +09:00 [INF] [HTTP] GET /api/status
2026-01-19 20:47:58.591 +09:00 [INF] [HTTP] GET /api/status
2026-01-19 20:48:58.586 +09:00 [INF] [HTTP] GET /api/status
2026-01-19 20:49:58.580 +09:00 [INF] [HTTP] GET /api/status
2026-01-19 20:50:58.585 +09:00 [INF] [HTTP] GET /api/status
2026-01-19 20:51:58.580 +09:00 [INF] [HTTP] GET /api/status
2026-01-19 20:52:58.580 +09:00 [INF] [HTTP] GET /api/status
2026-01-19 20:53:58.585 +09:00 [INF] [HTTP] GET /api/status
2026-01-19 20:54:58.591 +09:00 [INF] [HTTP] GET /api/status
2026-01-19 20:55:58.590 +09:00 [INF] [HTTP] GET /api/status
2026-01-19 20:56:58.591 +09:00 [INF] [HTTP] GET /api/status
2026-01-19 20:57:58.579 +09:00 [INF] [HTTP] GET /api/status
2026-01-19 20:58:58.580 +09:00 [INF] [HTTP] GET /api/status
2026-01-19 20:59:58.585 +09:00 [INF] [HTTP] GET /api/status
2026-01-19 21:00:58.581 +09:00 [INF] [HTTP] GET /api/status
2026-01-19 21:01:58.577 +09:00 [INF] [HTTP] GET /api/status
2026-01-19 21:02:58.586 +09:00 [INF] [HTTP] GET /api/status
2026-01-19 21:03:58.589 +09:00 [INF] [HTTP] GET /api/status
2026-01-19 21:04:58.588 +09:00 [INF] [HTTP] GET /api/status
2026-01-19 21:05:58.587 +09:00 [INF] [HTTP] GET /api/status
2026-01-19 21:06:58.588 +09:00 [INF] [HTTP] GET /api/status
2026-01-19 21:07:58.587 +09:00 [INF] [HTTP] GET /api/status
2026-01-19 21:08:58.585 +09:00 [INF] [HTTP] GET /api/status
2026-01-19 21:09:42.062 +09:00 [INF] [HTTP] GET /api/status
2026-01-19 21:09:46.075 +09:00 [INF] [HTTP] GET /api/status
2026-01-19 21:09:51.077 +09:00 [INF] [HTTP] GET /api/status
2026-01-19 21:09:53.004 +09:00 [INF] [HTTP] GET /api/status
2026-01-19 21:09:58.002 +09:00 [INF] [HTTP] GET /api/status
2026-01-19 21:10:03.008 +09:00 [INF] [HTTP] GET /api/status
2026-01-19 21:10:08.015 +09:00 [INF] [HTTP] GET /api/status
2026-01-19 21:10:13.008 +09:00 [INF] [HTTP] GET /api/status
2026-01-19 21:10:18.007 +09:00 [INF] [HTTP] GET /api/status
2026-01-19 21:10:23.004 +09:00 [INF] [HTTP] GET /api/status
2026-01-19 21:10:28.006 +09:00 [INF] [HTTP] GET /api/status
2026-01-19 21:10:33.012 +09:00 [INF] [HTTP] GET /api/status
2026-01-19 21:10:38.003 +09:00 [INF] [HTTP] GET /api/status
2026-01-19 21:10:43.013 +09:00 [INF] [HTTP] GET /api/status
2026-01-19 21:10:48.013 +09:00 [INF] [HTTP] GET /api/status
2026-01-19 21:10:53.005 +09:00 [INF] [HTTP] GET /api/status
2026-01-19 21:10:58.014 +09:00 [INF] [HTTP] GET /api/status
2026-01-19 21:11:03.006 +09:00 [INF] [HTTP] GET /api/status
2026-01-19 21:11:08.034 +09:00 [INF] [HTTP] GET /api/status
2026-01-19 21:11:13.001 +09:00 [INF] [HTTP] GET /api/status
2026-01-19 21:11:18.001 +09:00 [INF] [HTTP] GET /api/status
2026-01-19 21:11:23.013 +09:00 [INF] [HTTP] GET /api/status
2026-01-19 21:11:28.015 +09:00 [INF] [HTTP] GET /api/status
2026-01-19 21:11:33.016 +09:00 [INF] [HTTP] GET /api/status
2026-01-19 21:11:38.004 +09:00 [INF] [HTTP] GET /api/status
2026-01-19 21:11:43.001 +09:00 [INF] [HTTP] GET /api/status
2026-01-19 21:11:48.007 +09:00 [INF] [HTTP] GET /api/status
2026-01-19 21:11:53.006 +09:00 [INF] [HTTP] GET /api/status
2026-01-19 21:11:58.001 +09:00 [INF] [HTTP] GET /api/status
2026-01-19 21:12:03.001 +09:00 [INF] [HTTP] GET /api/status
2026-01-19 21:12:08.002 +09:00 [INF] [HTTP] GET /api/status
2026-01-19 21:12:13.002 +09:00 [INF] [HTTP] GET /api/status
2026-01-19 21:12:18.002 +09:00 [INF] [HTTP] GET /api/status
2026-01-19 21:12:23.003 +09:00 [INF] [HTTP] GET /api/status
2026-01-19 21:12:28.003 +09:00 [INF] [HTTP] GET /api/status
2026-01-19 21:12:32.243 +09:00 [INF] CTI Bridge 서비스 종료 중...
2026-01-19 21:12:32.344 +09:00 [INF] HTTP 서버 종료됨
2026-01-19 21:12:32.414 +09:00 [INF] [SendWorker] 전송 워커 종료
2026-01-19 21:12:32.414 +09:00 [INF] CTI Bridge 서비스 종료됨
