2026-01-26 00:00:01.948 +09:00 [INF] [HTTP] GET /api/status
2026-01-26 00:01:01.948 +09:00 [INF] [HTTP] GET /api/status
2026-01-26 00:02:01.954 +09:00 [INF] [HTTP] GET /api/status
2026-01-26 00:03:01.946 +09:00 [INF] [HTTP] GET /api/status
2026-01-26 00:04:01.955 +09:00 [INF] [HTTP] GET /api/status
2026-01-26 00:05:01.958 +09:00 [INF] [HTTP] GET /api/status
2026-01-26 00:06:01.958 +09:00 [INF] [HTTP] GET /api/status
2026-01-26 00:06:55.857 +09:00 [INF] [HTTP] GET /api/status
2026-01-26 00:06:56.637 +09:00 [INF] [HTTP] GET /api/status
2026-01-26 00:07:01.958 +09:00 [INF] [HTTP] GET /api/status
2026-01-26 00:07:06.645 +09:00 [INF] [HTTP] GET /api/status
2026-01-26 00:07:11.643 +09:00 [INF] [HTTP] GET /api/status
2026-01-26 00:07:16.634 +09:00 [INF] [HTTP] GET /api/status
2026-01-26 00:07:21.642 +09:00 [INF] [HTTP] GET /api/status
2026-01-26 00:07:26.635 +09:00 [INF] [HTTP] GET /api/status
2026-01-26 00:07:31.638 +09:00 [INF] [HTTP] GET /api/status
2026-01-26 00:07:36.645 +09:00 [INF] [HTTP] GET /api/status
2026-01-26 00:07:41.635 +09:00 [INF] [HTTP] GET /api/status
2026-01-26 00:07:46.633 +09:00 [INF] [HTTP] GET /api/status
2026-01-26 00:07:51.948 +09:00 [INF] [HTTP] GET /api/status
2026-01-26 00:07:56.946 +09:00 [INF] [HTTP] GET /api/status
2026-01-26 00:08:01.950 +09:00 [INF] [HTTP] GET /api/status
2026-01-26 00:08:06.952 +09:00 [INF] [HTTP] GET /api/status
2026-01-26 00:08:11.955 +09:00 [INF] [HTTP] GET /api/status
2026-01-26 00:08:16.957 +09:00 [INF] [HTTP] GET /api/status
2026-01-26 00:08:21.957 +09:00 [INF] [HTTP] GET /api/status
2026-01-26 00:08:26.957 +09:00 [INF] [HTTP] GET /api/status
2026-01-26 00:08:31.946 +09:00 [INF] [HTTP] GET /api/status
2026-01-26 00:08:36.953 +09:00 [INF] [HTTP] GET /api/status
2026-01-26 00:08:41.945 +09:00 [INF] [HTTP] GET /api/status
2026-01-26 00:08:46.946 +09:00 [INF] [HTTP] GET /api/status
2026-01-26 00:09:01.947 +09:00 [INF] [HTTP] GET /api/status
2026-01-26 00:10:01.954 +09:00 [INF] [HTTP] GET /api/status
2026-01-26 00:11:01.954 +09:00 [INF] [HTTP] GET /api/status
2026-01-26 00:12:01.953 +09:00 [INF] [HTTP] GET /api/status
2026-01-26 00:13:01.944 +09:00 [INF] [HTTP] GET /api/status
2026-01-26 00:14:01.946 +09:00 [INF] [HTTP] GET /api/status
2026-01-26 00:15:01.953 +09:00 [INF] [HTTP] GET /api/status
2026-01-26 00:16:01.948 +09:00 [INF] [HTTP] GET /api/status
2026-01-26 00:16:33.353 +09:00 [INF] [HTTP] GET /api/status
2026-01-26 00:16:36.642 +09:00 [INF] [HTTP] GET /api/status
2026-01-26 00:16:40.122 +09:00 [INF] [HTTP] GET /api/status
2026-01-26 00:16:45.114 +09:00 [INF] [HTTP] GET /api/status
2026-01-26 00:16:50.114 +09:00 [INF] [HTTP] GET /api/status
2026-01-26 00:16:55.114 +09:00 [INF] [HTTP] GET /api/status
2026-01-26 00:17:07.002 +09:00 [INF] [HTTP] GET /api/status
2026-01-26 00:17:12.001 +09:00 [INF] [HTTP] GET /api/status
2026-01-26 00:17:16.995 +09:00 [INF] [HTTP] GET /api/status
2026-01-26 00:17:22.002 +09:00 [INF] [HTTP] GET /api/status
2026-01-26 00:17:27.002 +09:00 [INF] [HTTP] GET /api/status
2026-01-26 00:17:32.000 +09:00 [INF] [HTTP] GET /api/status
2026-01-26 00:17:37.000 +09:00 [INF] [HTTP] GET /api/status
2026-01-26 00:17:42.004 +09:00 [INF] [HTTP] GET /api/status
2026-01-26 00:17:47.000 +09:00 [INF] [HTTP] GET /api/status
2026-01-26 00:17:52.002 +09:00 [INF] [HTTP] GET /api/status
2026-01-26 00:17:56.999 +09:00 [INF] [HTTP] GET /api/status
2026-01-26 00:18:01.996 +09:00 [INF] [HTTP] GET /api/status
2026-01-26 00:18:07.001 +09:00 [INF] [HTTP] GET /api/status
2026-01-26 00:18:12.006 +09:00 [INF] [HTTP] GET /api/status
2026-01-26 00:18:16.996 +09:00 [INF] [HTTP] GET /api/status
2026-01-26 00:18:22.004 +09:00 [INF] [HTTP] GET /api/status
2026-01-26 00:18:26.998 +09:00 [INF] [HTTP] GET /api/status
2026-01-26 00:18:32.000 +09:00 [INF] [HTTP] GET /api/status
2026-01-26 00:18:37.003 +09:00 [INF] [HTTP] GET /api/status
2026-01-26 00:18:42.001 +09:00 [INF] [HTTP] GET /api/status
2026-01-26 00:18:47.001 +09:00 [INF] [HTTP] GET /api/status
2026-01-26 00:18:51.999 +09:00 [INF] [HTTP] GET /api/status
2026-01-26 00:18:57.003 +09:00 [INF] [HTTP] GET /api/status
2026-01-26 00:19:02.006 +09:00 [INF] [HTTP] GET /api/status
2026-01-26 00:19:06.998 +09:00 [INF] [HTTP] GET /api/status
2026-01-26 00:19:12.006 +09:00 [INF] [HTTP] GET /api/status
2026-01-26 00:19:16.998 +09:00 [INF] [HTTP] GET /api/status
2026-01-26 00:19:22.007 +09:00 [INF] [HTTP] GET /api/status
2026-01-26 00:19:27.004 +09:00 [INF] [HTTP] GET /api/status
2026-01-26 00:19:32.008 +09:00 [INF] [HTTP] GET /api/status
2026-01-26 00:19:37.006 +09:00 [INF] [HTTP] GET /api/status
2026-01-26 00:19:41.997 +09:00 [INF] [HTTP] GET /api/status
2026-01-26 00:19:47.007 +09:00 [INF] [HTTP] GET /api/status
2026-01-26 00:19:51.996 +09:00 [INF] [HTTP] GET /api/status
2026-01-26 00:19:57.003 +09:00 [INF] [HTTP] GET /api/status
2026-01-26 00:20:01.999 +09:00 [INF] [HTTP] GET /api/status
2026-01-26 00:20:07.009 +09:00 [INF] [HTTP] GET /api/status
2026-01-26 00:20:12.001 +09:00 [INF] [HTTP] GET /api/status
2026-01-26 00:20:16.998 +09:00 [INF] [HTTP] GET /api/status
2026-01-26 00:20:22.007 +09:00 [INF] [HTTP] GET /api/status
2026-01-26 00:20:26.999 +09:00 [INF] [HTTP] GET /api/status
2026-01-26 00:20:32.009 +09:00 [INF] [HTTP] GET /api/status
2026-01-26 00:20:37.000 +09:00 [INF] [HTTP] GET /api/status
2026-01-26 00:20:42.006 +09:00 [INF] [HTTP] GET /api/status
2026-01-26 00:20:47.001 +09:00 [INF] [HTTP] GET /api/status
2026-01-26 00:20:52.008 +09:00 [INF] [HTTP] GET /api/status
2026-01-26 00:20:57.002 +09:00 [INF] [HTTP] GET /api/status
2026-01-26 00:21:02.005 +09:00 [INF] [HTTP] GET /api/status
2026-01-26 00:21:06.998 +09:00 [INF] [HTTP] GET /api/status
2026-01-26 00:21:12.005 +09:00 [INF] [HTTP] GET /api/status
2026-01-26 00:21:17.003 +09:00 [INF] [HTTP] GET /api/status
2026-01-26 00:21:21.998 +09:00 [INF] [HTTP] GET /api/status
2026-01-26 00:21:27.009 +09:00 [INF] [HTTP] GET /api/status
2026-01-26 00:21:32.009 +09:00 [INF] [HTTP] GET /api/status
2026-01-26 00:21:36.998 +09:00 [INF] [HTTP] GET /api/status
2026-01-26 00:21:42.000 +09:00 [INF] [HTTP] GET /api/status
2026-01-26 00:21:47.007 +09:00 [INF] [HTTP] GET /api/status
2026-01-26 00:21:52.006 +09:00 [INF] [HTTP] GET /api/status
2026-01-26 00:21:56.995 +09:00 [INF] [HTTP] GET /api/status
2026-01-26 00:22:02.009 +09:00 [INF] [HTTP] GET /api/status
2026-01-26 00:22:07.002 +09:00 [INF] [HTTP] GET /api/status
2026-01-26 00:22:11.997 +09:00 [INF] [HTTP] GET /api/status
2026-01-26 00:22:17.006 +09:00 [INF] [HTTP] GET /api/status
2026-01-26 00:22:22.000 +09:00 [INF] [HTTP] GET /api/status
2026-01-26 00:22:27.002 +09:00 [INF] [HTTP] GET /api/status
2026-01-26 00:22:31.999 +09:00 [INF] [HTTP] GET /api/status
2026-01-26 00:22:37.003 +09:00 [INF] [HTTP] GET /api/status
2026-01-26 00:22:42.005 +09:00 [INF] [HTTP] GET /api/status
2026-01-26 00:22:47.001 +09:00 [INF] [HTTP] GET /api/status
2026-01-26 00:22:52.003 +09:00 [INF] [HTTP] GET /api/status
2026-01-26 00:22:57.001 +09:00 [INF] [HTTP] GET /api/status
2026-01-26 00:23:01.997 +09:00 [INF] [HTTP] GET /api/status
2026-01-26 00:23:06.997 +09:00 [INF] [HTTP] GET /api/status
2026-01-26 00:23:12.008 +09:00 [INF] [HTTP] GET /api/status
2026-01-26 00:23:17.026 +09:00 [INF] [HTTP] GET /api/status
2026-01-26 00:23:21.998 +09:00 [INF] [HTTP] GET /api/status
2026-01-26 00:23:26.999 +09:00 [INF] [HTTP] GET /api/status
2026-01-26 00:23:32.009 +09:00 [INF] [HTTP] GET /api/status
2026-01-26 00:23:36.997 +09:00 [INF] [HTTP] GET /api/status
2026-01-26 00:23:41.996 +09:00 [INF] [HTTP] GET /api/status
2026-01-26 00:23:47.009 +09:00 [INF] [HTTP] GET /api/status
2026-01-26 00:23:52.007 +09:00 [INF] [HTTP] GET /api/status
2026-01-26 00:23:57.004 +09:00 [INF] [HTTP] GET /api/status
2026-01-26 00:24:02.004 +09:00 [INF] [HTTP] GET /api/status
2026-01-26 00:24:07.008 +09:00 [INF] [HTTP] GET /api/status
2026-01-26 00:24:12.001 +09:00 [INF] [HTTP] GET /api/status
2026-01-26 00:24:17.008 +09:00 [INF] [HTTP] GET /api/status
2026-01-26 00:24:22.000 +09:00 [INF] [HTTP] GET /api/status
2026-01-26 00:24:26.995 +09:00 [INF] [HTTP] GET /api/status
2026-01-26 00:24:32.003 +09:00 [INF] [HTTP] GET /api/status
2026-01-26 00:24:36.998 +09:00 [INF] [HTTP] GET /api/status
2026-01-26 00:24:41.997 +09:00 [INF] [HTTP] GET /api/status
2026-01-26 00:24:47.004 +09:00 [INF] [HTTP] GET /api/status
2026-01-26 00:24:52.004 +09:00 [INF] [HTTP] GET /api/status
2026-01-26 00:24:57.011 +09:00 [INF] [HTTP] GET /api/status
2026-01-26 00:25:02.006 +09:00 [INF] [HTTP] GET /api/status
2026-01-26 00:25:06.996 +09:00 [INF] [HTTP] GET /api/status
2026-01-26 00:25:12.005 +09:00 [INF] [HTTP] GET /api/status
2026-01-26 00:25:16.997 +09:00 [INF] [HTTP] GET /api/status
2026-01-26 00:25:22.003 +09:00 [INF] [HTTP] GET /api/status
2026-01-26 00:25:26.999 +09:00 [INF] [HTTP] GET /api/status
2026-01-26 00:25:32.010 +09:00 [INF] [HTTP] GET /api/status
2026-01-26 00:25:37.602 +09:00 [INF] [HTTP] GET /api/status
2026-01-26 00:25:42.009 +09:00 [INF] [HTTP] GET /api/status
2026-01-26 00:25:46.998 +09:00 [INF] [HTTP] GET /api/status
2026-01-26 00:25:52.001 +09:00 [INF] [HTTP] GET /api/status
2026-01-26 00:25:57.010 +09:00 [INF] [HTTP] GET /api/status
2026-01-26 00:26:01.999 +09:00 [INF] [HTTP] GET /api/status
2026-01-26 00:26:06.997 +09:00 [INF] [HTTP] GET /api/status
2026-01-26 00:26:11.998 +09:00 [INF] [HTTP] GET /api/status
2026-01-26 00:26:16.998 +09:00 [INF] [HTTP] GET /api/status
2026-01-26 00:26:21.422 +09:00 [INF] [HTTP] GET /api/status
2026-01-26 00:26:26.418 +09:00 [INF] [HTTP] GET /api/status
2026-01-26 00:26:31.418 +09:00 [INF] [HTTP] GET /api/status
2026-01-26 00:26:36.418 +09:00 [INF] [HTTP] GET /api/status
2026-01-26 00:26:41.950 +09:00 [INF] [HTTP] GET /api/status
2026-01-26 00:26:46.945 +09:00 [INF] [HTTP] GET /api/status
2026-01-26 00:26:51.948 +09:00 [INF] [HTTP] GET /api/status
2026-01-26 00:26:56.954 +09:00 [INF] [HTTP] GET /api/status
2026-01-26 00:27:01.945 +09:00 [INF] [HTTP] GET /api/status
2026-01-26 00:27:06.951 +09:00 [INF] [HTTP] GET /api/status
2026-01-26 00:27:11.955 +09:00 [INF] [HTTP] GET /api/status
2026-01-26 00:27:16.944 +09:00 [INF] [HTTP] GET /api/status
2026-01-26 00:27:21.953 +09:00 [INF] [HTTP] GET /api/status
2026-01-26 00:27:26.956 +09:00 [INF] [HTTP] GET /api/status
2026-01-26 00:27:31.948 +09:00 [INF] [HTTP] GET /api/status
2026-01-26 00:27:36.950 +09:00 [INF] [HTTP] GET /api/status
2026-01-26 00:28:01.948 +09:00 [INF] [HTTP] GET /api/status
2026-01-26 00:29:01.957 +09:00 [INF] [HTTP] GET /api/status
2026-01-26 00:30:01.945 +09:00 [INF] [HTTP] GET /api/status
2026-01-26 00:31:01.947 +09:00 [INF] [HTTP] GET /api/status
2026-01-26 00:32:01.952 +09:00 [INF] [HTTP] GET /api/status
2026-01-26 00:33:01.945 +09:00 [INF] [HTTP] GET /api/status
2026-01-26 00:34:00.445 +09:00 [INF] [HTTP] GET /api/status
2026-01-26 00:34:01.952 +09:00 [INF] [HTTP] GET /api/status
2026-01-26 00:34:06.067 +09:00 [INF] [HTTP] GET /api/status
2026-01-26 00:34:11.064 +09:00 [INF] [HTTP] GET /api/status
2026-01-26 00:34:16.059 +09:00 [INF] [HTTP] GET /api/status
2026-01-26 00:34:21.060 +09:00 [INF] [HTTP] GET /api/status
2026-01-26 00:34:26.064 +09:00 [INF] [HTTP] GET /api/status
2026-01-26 00:34:31.061 +09:00 [INF] [HTTP] GET /api/status
2026-01-26 00:34:36.065 +09:00 [INF] [HTTP] GET /api/status
2026-01-26 00:34:41.066 +09:00 [INF] [HTTP] GET /api/status
2026-01-26 00:34:46.066 +09:00 [INF] [HTTP] GET /api/status
2026-01-26 00:34:51.061 +09:00 [INF] [HTTP] GET /api/status
2026-01-26 00:34:56.067 +09:00 [INF] [HTTP] GET /api/status
2026-01-26 00:35:01.067 +09:00 [INF] [HTTP] GET /api/status
2026-01-26 00:35:06.065 +09:00 [INF] [HTTP] GET /api/status
2026-01-26 00:35:11.070 +09:00 [INF] [HTTP] GET /api/status
2026-01-26 00:35:16.062 +09:00 [INF] [HTTP] GET /api/status
2026-01-26 00:35:21.072 +09:00 [INF] [HTTP] GET /api/status
2026-01-26 00:35:26.060 +09:00 [INF] [HTTP] GET /api/status
2026-01-26 00:35:31.072 +09:00 [INF] [HTTP] GET /api/status
2026-01-26 00:35:36.069 +09:00 [INF] [HTTP] GET /api/status
2026-01-26 00:35:41.060 +09:00 [INF] [HTTP] GET /api/status
2026-01-26 00:35:46.069 +09:00 [INF] [HTTP] GET /api/status
2026-01-26 00:35:51.070 +09:00 [INF] [HTTP] GET /api/status
2026-01-26 00:35:56.060 +09:00 [INF] [HTTP] GET /api/status
2026-01-26 00:36:01.068 +09:00 [INF] [HTTP] GET /api/status
2026-01-26 00:36:06.060 +09:00 [INF] [HTTP] GET /api/status
2026-01-26 00:36:11.074 +09:00 [INF] [HTTP] GET /api/status
2026-01-26 00:36:16.074 +09:00 [INF] [HTTP] GET /api/status
2026-01-26 00:36:21.068 +09:00 [INF] [HTTP] GET /api/status
2026-01-26 00:36:26.061 +09:00 [INF] [HTTP] GET /api/status
2026-01-26 00:36:31.061 +09:00 [INF] [HTTP] GET /api/status
2026-01-26 00:36:36.066 +09:00 [INF] [HTTP] GET /api/status
2026-01-26 00:36:41.071 +09:00 [INF] [HTTP] GET /api/status
2026-01-26 00:36:46.062 +09:00 [INF] [HTTP] GET /api/status
2026-01-26 00:36:51.065 +09:00 [INF] [HTTP] GET /api/status
2026-01-26 00:36:56.075 +09:00 [INF] [HTTP] GET /api/status
2026-01-26 00:37:01.060 +09:00 [INF] [HTTP] GET /api/status
2026-01-26 00:37:06.070 +09:00 [INF] [HTTP] GET /api/status
2026-01-26 00:37:11.061 +09:00 [INF] [HTTP] GET /api/status
2026-01-26 00:37:16.061 +09:00 [INF] [HTTP] GET /api/status
2026-01-26 00:37:21.060 +09:00 [INF] [HTTP] GET /api/status
2026-01-26 00:37:26.070 +09:00 [INF] [HTTP] GET /api/status
2026-01-26 00:37:31.062 +09:00 [INF] [HTTP] GET /api/status
2026-01-26 00:37:36.064 +09:00 [INF] [HTTP] GET /api/status
2026-01-26 00:37:41.073 +09:00 [INF] [HTTP] GET /api/status
2026-01-26 00:37:46.073 +09:00 [INF] [HTTP] GET /api/status
2026-01-26 00:37:51.064 +09:00 [INF] [HTTP] GET /api/status
2026-01-26 00:37:56.072 +09:00 [INF] [HTTP] GET /api/status
2026-01-26 00:38:01.067 +09:00 [INF] [HTTP] GET /api/status
2026-01-26 00:38:06.073 +09:00 [INF] [HTTP] GET /api/status
2026-01-26 00:38:11.072 +09:00 [INF] [HTTP] GET /api/status
2026-01-26 00:38:16.070 +09:00 [INF] [HTTP] GET /api/status
2026-01-26 00:38:21.074 +09:00 [INF] [HTTP] GET /api/status
2026-01-26 00:38:26.063 +09:00 [INF] [HTTP] GET /api/status
2026-01-26 00:38:31.072 +09:00 [INF] [HTTP] GET /api/status
2026-01-26 00:38:36.071 +09:00 [INF] [HTTP] GET /api/status
2026-01-26 00:38:41.065 +09:00 [INF] [HTTP] GET /api/status
2026-01-26 00:38:46.061 +09:00 [INF] [HTTP] GET /api/status
2026-01-26 00:38:51.071 +09:00 [INF] [HTTP] GET /api/status
2026-01-26 00:38:56.071 +09:00 [INF] [HTTP] GET /api/status
2026-01-26 00:39:01.064 +09:00 [INF] [HTTP] GET /api/status
2026-01-26 00:39:06.067 +09:00 [INF] [HTTP] GET /api/status
2026-01-26 00:39:11.067 +09:00 [INF] [HTTP] GET /api/status
2026-01-26 00:39:16.066 +09:00 [INF] [HTTP] GET /api/status
2026-01-26 00:39:21.059 +09:00 [INF] [HTTP] GET /api/status
2026-01-26 00:39:26.061 +09:00 [INF] [HTTP] GET /api/status
2026-01-26 00:39:31.069 +09:00 [INF] [HTTP] GET /api/status
2026-01-26 00:39:36.068 +09:00 [INF] [HTTP] GET /api/status
2026-01-26 00:39:41.064 +09:00 [INF] [HTTP] GET /api/status
2026-01-26 00:39:46.212 +09:00 [INF] [HTTP] GET /api/status
2026-01-26 00:39:51.061 +09:00 [INF] [HTTP] GET /api/status
2026-01-26 00:39:56.060 +09:00 [INF] [HTTP] GET /api/status
2026-01-26 00:40:01.065 +09:00 [INF] [HTTP] GET /api/status
2026-01-26 00:40:06.066 +09:00 [INF] [HTTP] GET /api/status
2026-01-26 00:40:11.070 +09:00 [INF] [HTTP] GET /api/status
2026-01-26 00:40:16.061 +09:00 [INF] [HTTP] GET /api/status
2026-01-26 00:40:21.063 +09:00 [INF] [HTTP] GET /api/status
2026-01-26 00:40:26.065 +09:00 [INF] [HTTP] GET /api/status
2026-01-26 00:40:31.071 +09:00 [INF] [HTTP] GET /api/status
2026-01-26 00:40:36.072 +09:00 [INF] [HTTP] GET /api/status
2026-01-26 00:40:41.072 +09:00 [INF] [HTTP] GET /api/status
2026-01-26 00:40:46.060 +09:00 [INF] [HTTP] GET /api/status
2026-01-26 00:40:51.063 +09:00 [INF] [HTTP] GET /api/status
2026-01-26 00:40:56.066 +09:00 [INF] [HTTP] GET /api/status
2026-01-26 00:41:01.073 +09:00 [INF] [HTTP] GET /api/status
2026-01-26 00:41:06.061 +09:00 [INF] [HTTP] GET /api/status
2026-01-26 00:41:11.074 +09:00 [INF] [HTTP] GET /api/status
2026-01-26 00:41:16.070 +09:00 [INF] [HTTP] GET /api/status
2026-01-26 00:41:21.069 +09:00 [INF] [HTTP] GET /api/status
2026-01-26 00:41:26.071 +09:00 [INF] [HTTP] GET /api/status
2026-01-26 00:41:31.064 +09:00 [INF] [HTTP] GET /api/status
2026-01-26 00:41:36.062 +09:00 [INF] [HTTP] GET /api/status
2026-01-26 00:41:41.071 +09:00 [INF] [HTTP] GET /api/status
2026-01-26 00:41:46.060 +09:00 [INF] [HTTP] GET /api/status
2026-01-26 00:41:51.061 +09:00 [INF] [HTTP] GET /api/status
2026-01-26 00:41:56.060 +09:00 [INF] [HTTP] GET /api/status
2026-01-26 00:42:01.070 +09:00 [INF] [HTTP] GET /api/status
2026-01-26 00:42:06.067 +09:00 [INF] [HTTP] GET /api/status
2026-01-26 00:42:11.059 +09:00 [INF] [HTTP] GET /api/status
2026-01-26 00:42:16.069 +09:00 [INF] [HTTP] GET /api/status
2026-01-26 00:42:21.070 +09:00 [INF] [HTTP] GET /api/status
2026-01-26 00:42:26.064 +09:00 [INF] [HTTP] GET /api/status
2026-01-26 00:42:31.072 +09:00 [INF] [HTTP] GET /api/status
2026-01-26 00:42:36.066 +09:00 [INF] [HTTP] GET /api/status
2026-01-26 00:42:41.073 +09:00 [INF] [HTTP] GET /api/status
2026-01-26 00:42:46.065 +09:00 [INF] [HTTP] GET /api/status
2026-01-26 00:42:51.070 +09:00 [INF] [HTTP] GET /api/status
2026-01-26 00:42:56.071 +09:00 [INF] [HTTP] GET /api/status
2026-01-26 00:43:01.070 +09:00 [INF] [HTTP] GET /api/status
2026-01-26 00:43:06.062 +09:00 [INF] [HTTP] GET /api/status
2026-01-26 00:43:11.065 +09:00 [INF] [HTTP] GET /api/status
2026-01-26 00:43:16.074 +09:00 [INF] [HTTP] GET /api/status
2026-01-26 00:43:21.063 +09:00 [INF] [HTTP] GET /api/status
2026-01-26 00:43:26.071 +09:00 [INF] [HTTP] GET /api/status
2026-01-26 00:43:31.071 +09:00 [INF] [HTTP] GET /api/status
2026-01-26 00:43:36.073 +09:00 [INF] [HTTP] GET /api/status
2026-01-26 00:43:41.074 +09:00 [INF] [HTTP] GET /api/status
2026-01-26 00:43:46.060 +09:00 [INF] [HTTP] GET /api/status
2026-01-26 00:43:51.060 +09:00 [INF] [HTTP] GET /api/status
2026-01-26 00:43:56.068 +09:00 [INF] [HTTP] GET /api/status
2026-01-26 00:44:01.067 +09:00 [INF] [HTTP] GET /api/status
2026-01-26 00:44:06.060 +09:00 [INF] [HTTP] GET /api/status
2026-01-26 00:44:11.065 +09:00 [INF] [HTTP] GET /api/status
2026-01-26 00:44:16.066 +09:00 [INF] [HTTP] GET /api/status
2026-01-26 00:44:21.069 +09:00 [INF] [HTTP] GET /api/status
2026-01-26 00:44:26.072 +09:00 [INF] [HTTP] GET /api/status
2026-01-26 00:44:31.065 +09:00 [INF] [HTTP] GET /api/status
2026-01-26 00:44:36.072 +09:00 [INF] [HTTP] GET /api/status
2026-01-26 00:44:41.074 +09:00 [INF] [HTTP] GET /api/status
2026-01-26 00:44:46.072 +09:00 [INF] [HTTP] GET /api/status
2026-01-26 00:44:51.072 +09:00 [INF] [HTTP] GET /api/status
2026-01-26 00:44:56.073 +09:00 [INF] [HTTP] GET /api/status
2026-01-26 00:45:01.064 +09:00 [INF] [HTTP] GET /api/status
2026-01-26 00:45:06.074 +09:00 [INF] [HTTP] GET /api/status
2026-01-26 00:45:11.068 +09:00 [INF] [HTTP] GET /api/status
2026-01-26 00:45:16.073 +09:00 [INF] [HTTP] GET /api/status
2026-01-26 00:45:21.060 +09:00 [INF] [HTTP] GET /api/status
2026-01-26 00:45:26.070 +09:00 [INF] [HTTP] GET /api/status
2026-01-26 00:45:31.946 +09:00 [INF] [HTTP] GET /api/status
2026-01-26 00:45:36.953 +09:00 [INF] [HTTP] GET /api/status
2026-01-26 00:45:41.946 +09:00 [INF] [HTTP] GET /api/status
2026-01-26 00:45:46.083 +09:00 [INF] [HTTP] GET /api/status
2026-01-26 00:45:51.074 +09:00 [INF] [HTTP] GET /api/status
2026-01-26 00:45:56.065 +09:00 [INF] [HTTP] GET /api/status
2026-01-26 00:46:01.069 +09:00 [INF] [HTTP] GET /api/status
2026-01-26 00:46:06.070 +09:00 [INF] [HTTP] GET /api/status
2026-01-26 00:46:11.072 +09:00 [INF] [HTTP] GET /api/status
2026-01-26 00:46:16.069 +09:00 [INF] [HTTP] GET /api/status
2026-01-26 00:46:21.063 +09:00 [INF] [HTTP] GET /api/status
2026-01-26 00:46:26.071 +09:00 [INF] [HTTP] GET /api/status
2026-01-26 00:46:31.068 +09:00 [INF] [HTTP] GET /api/status
2026-01-26 00:46:36.074 +09:00 [INF] [HTTP] GET /api/status
2026-01-26 00:46:41.068 +09:00 [INF] [HTTP] GET /api/status
2026-01-26 00:46:46.074 +09:00 [INF] [HTTP] GET /api/status
2026-01-26 00:46:51.070 +09:00 [INF] [HTTP] GET /api/status
2026-01-26 00:46:56.070 +09:00 [INF] [HTTP] GET /api/status
2026-01-26 00:47:00.255 +09:00 [INF] CTI Bridge 서비스 종료 중...
2026-01-26 00:47:00.323 +09:00 [INF] HTTP 서버 종료됨
2026-01-26 00:47:00.420 +09:00 [INF] [SendWorker] 전송 워커 종료
2026-01-26 00:47:00.421 +09:00 [INF] CTI Bridge 서비스 종료됨
